ERROR - 2023-11-16 01:04:05 --> mysqli_sql_exception: Column 'id_barang' cannot be null in E:\frede\system\Database\MySQLi\Connection.php:306
Stack trace:
#0 E:\frede\system\Database\MySQLi\Connection.php(306): mysqli->query('INSERT INTO `tb...', 0)
#1 E:\frede\system\Database\BaseConnection.php(692): CodeIgniter\Database\MySQLi\Connection->execute('INSERT INTO `tb...')
#2 E:\frede\system\Database\BaseConnection.php(606): CodeIgniter\Database\BaseConnection->simpleQuery('INSERT INTO `tb...')
#3 E:\frede\system\Database\BaseBuilder.php(2309): CodeIgniter\Database\BaseConnection->query('INSERT INTO `tb...', Array, false)
#4 E:\frede\app\Models\M_tiff.php(32): CodeIgniter\Database\BaseBuilder->insert(Array)
#5 E:\frede\app\Controllers\Home.php(245): App\Models\M_tiff->tambah('tb_lelang', Array)
#6 E:\frede\system\CodeIgniter.php(915): App\Controllers\Home->aksi_t_lelang()
#7 E:\frede\system\CodeIgniter.php(492): CodeIgniter\CodeIgniter->runController(Object(App\Controllers\Home))
#8 E:\frede\system\CodeIgniter.php(353): CodeIgniter\CodeIgniter->handleRequest(NULL, Object(Config\Cache), false)
#9 E:\frede\public\index.php(79): CodeIgniter\CodeIgniter->run()
#10 E:\frede\system\Commands\Server\rewrite.php(47): require_once('E:\\frede\\public...')
#11 {main}
CRITICAL - 2023-11-16 01:04:05 --> Column 'id_barang' cannot be null
in SYSTEMPATH\Database\BaseConnection.php on line 646.
 1 SYSTEMPATH\Database\BaseBuilder.php(2309): CodeIgniter\Database\BaseConnection->query('INSERT INTO `tb_lelang` (`id_barang`, `tgl_lelang`, `harga_akhir`, `id_user`, `id_petugas`, `status`) VALUES (:id_barang:, :tgl_lelang:, :harga_akhir:, :id_user:, :id_petugas:, :status:)', [...], false)
 2 APPPATH\Models\M_tiff.php(32): CodeIgniter\Database\BaseBuilder->insert([...])
 3 APPPATH\Controllers\Home.php(245): App\Models\M_tiff->tambah('tb_lelang', [...])
 4 SYSTEMPATH\CodeIgniter.php(915): App\Controllers\Home->aksi_t_lelang()
 5 SYSTEMPATH\CodeIgniter.php(492): CodeIgniter\CodeIgniter->runController(Object(App\Controllers\Home))
 6 SYSTEMPATH\CodeIgniter.php(353): CodeIgniter\CodeIgniter->handleRequest(null, Object(Config\Cache), false)
 7 FCPATH\index.php(79): CodeIgniter\CodeIgniter->run()
 8 SYSTEMPATH\Commands\Server\rewrite.php(47): require_once('E:\\frede\\public\\index.php')
ERROR - 2023-11-16 01:05:19 --> mysqli_sql_exception: Column 'id_barang' cannot be null in E:\frede\system\Database\MySQLi\Connection.php:306
Stack trace:
#0 E:\frede\system\Database\MySQLi\Connection.php(306): mysqli->query('INSERT INTO `tb...', 0)
#1 E:\frede\system\Database\BaseConnection.php(692): CodeIgniter\Database\MySQLi\Connection->execute('INSERT INTO `tb...')
#2 E:\frede\system\Database\BaseConnection.php(606): CodeIgniter\Database\BaseConnection->simpleQuery('INSERT INTO `tb...')
#3 E:\frede\system\Database\BaseBuilder.php(2309): CodeIgniter\Database\BaseConnection->query('INSERT INTO `tb...', Array, false)
#4 E:\frede\app\Models\M_tiff.php(32): CodeIgniter\Database\BaseBuilder->insert(Array)
#5 E:\frede\app\Controllers\Home.php(245): App\Models\M_tiff->tambah('tb_lelang', Array)
#6 E:\frede\system\CodeIgniter.php(915): App\Controllers\Home->aksi_t_lelang()
#7 E:\frede\system\CodeIgniter.php(492): CodeIgniter\CodeIgniter->runController(Object(App\Controllers\Home))
#8 E:\frede\system\CodeIgniter.php(353): CodeIgniter\CodeIgniter->handleRequest(NULL, Object(Config\Cache), false)
#9 E:\frede\public\index.php(79): CodeIgniter\CodeIgniter->run()
#10 E:\frede\system\Commands\Server\rewrite.php(47): require_once('E:\\frede\\public...')
#11 {main}
CRITICAL - 2023-11-16 01:05:19 --> Column 'id_barang' cannot be null
in SYSTEMPATH\Database\BaseConnection.php on line 646.
 1 SYSTEMPATH\Database\BaseBuilder.php(2309): CodeIgniter\Database\BaseConnection->query('INSERT INTO `tb_lelang` (`id_barang`, `tgl_lelang`, `harga_akhir`, `id_user`, `id_petugas`, `status`) VALUES (:id_barang:, :tgl_lelang:, :harga_akhir:, :id_user:, :id_petugas:, :status:)', [...], false)
 2 APPPATH\Models\M_tiff.php(32): CodeIgniter\Database\BaseBuilder->insert([...])
 3 APPPATH\Controllers\Home.php(245): App\Models\M_tiff->tambah('tb_lelang', [...])
 4 SYSTEMPATH\CodeIgniter.php(915): App\Controllers\Home->aksi_t_lelang()
 5 SYSTEMPATH\CodeIgniter.php(492): CodeIgniter\CodeIgniter->runController(Object(App\Controllers\Home))
 6 SYSTEMPATH\CodeIgniter.php(353): CodeIgniter\CodeIgniter->handleRequest(null, Object(Config\Cache), false)
 7 FCPATH\index.php(79): CodeIgniter\CodeIgniter->run()
 8 SYSTEMPATH\Commands\Server\rewrite.php(47): require_once('E:\\frede\\public\\index.php')
ERROR - 2023-11-16 01:07:58 --> mysqli_sql_exception: Column 'id_barang' cannot be null in E:\frede\system\Database\MySQLi\Connection.php:306
Stack trace:
#0 E:\frede\system\Database\MySQLi\Connection.php(306): mysqli->query('INSERT INTO `tb...', 0)
#1 E:\frede\system\Database\BaseConnection.php(692): CodeIgniter\Database\MySQLi\Connection->execute('INSERT INTO `tb...')
#2 E:\frede\system\Database\BaseConnection.php(606): CodeIgniter\Database\BaseConnection->simpleQuery('INSERT INTO `tb...')
#3 E:\frede\system\Database\BaseBuilder.php(2309): CodeIgniter\Database\BaseConnection->query('INSERT INTO `tb...', Array, false)
#4 E:\frede\app\Models\M_tiff.php(32): CodeIgniter\Database\BaseBuilder->insert(Array)
#5 E:\frede\app\Controllers\Home.php(245): App\Models\M_tiff->tambah('tb_lelang', Array)
#6 E:\frede\system\CodeIgniter.php(915): App\Controllers\Home->aksi_t_lelang()
#7 E:\frede\system\CodeIgniter.php(492): CodeIgniter\CodeIgniter->runController(Object(App\Controllers\Home))
#8 E:\frede\system\CodeIgniter.php(353): CodeIgniter\CodeIgniter->handleRequest(NULL, Object(Config\Cache), false)
#9 E:\frede\public\index.php(79): CodeIgniter\CodeIgniter->run()
#10 E:\frede\system\Commands\Server\rewrite.php(47): require_once('E:\\frede\\public...')
#11 {main}
CRITICAL - 2023-11-16 01:07:58 --> Column 'id_barang' cannot be null
in SYSTEMPATH\Database\BaseConnection.php on line 646.
 1 SYSTEMPATH\Database\BaseBuilder.php(2309): CodeIgniter\Database\BaseConnection->query('INSERT INTO `tb_lelang` (`id_barang`, `tgl_lelang`, `harga_akhir`, `id_user`, `id_petugas`, `status`) VALUES (:id_barang:, :tgl_lelang:, :harga_akhir:, :id_user:, :id_petugas:, :status:)', [...], false)
 2 APPPATH\Models\M_tiff.php(32): CodeIgniter\Database\BaseBuilder->insert([...])
 3 APPPATH\Controllers\Home.php(245): App\Models\M_tiff->tambah('tb_lelang', [...])
 4 SYSTEMPATH\CodeIgniter.php(915): App\Controllers\Home->aksi_t_lelang()
 5 SYSTEMPATH\CodeIgniter.php(492): CodeIgniter\CodeIgniter->runController(Object(App\Controllers\Home))
 6 SYSTEMPATH\CodeIgniter.php(353): CodeIgniter\CodeIgniter->handleRequest(null, Object(Config\Cache), false)
 7 FCPATH\index.php(79): CodeIgniter\CodeIgniter->run()
 8 SYSTEMPATH\Commands\Server\rewrite.php(47): require_once('E:\\frede\\public\\index.php')
ERROR - 2023-11-16 01:08:48 --> mysqli_sql_exception: Column 'id_barang' cannot be null in E:\frede\system\Database\MySQLi\Connection.php:306
Stack trace:
#0 E:\frede\system\Database\MySQLi\Connection.php(306): mysqli->query('INSERT INTO `tb...', 0)
#1 E:\frede\system\Database\BaseConnection.php(692): CodeIgniter\Database\MySQLi\Connection->execute('INSERT INTO `tb...')
#2 E:\frede\system\Database\BaseConnection.php(606): CodeIgniter\Database\BaseConnection->simpleQuery('INSERT INTO `tb...')
#3 E:\frede\system\Database\BaseBuilder.php(2309): CodeIgniter\Database\BaseConnection->query('INSERT INTO `tb...', Array, false)
#4 E:\frede\app\Models\M_tiff.php(32): CodeIgniter\Database\BaseBuilder->insert(Array)
#5 E:\frede\app\Controllers\Home.php(245): App\Models\M_tiff->tambah('tb_lelang', Array)
#6 E:\frede\system\CodeIgniter.php(915): App\Controllers\Home->aksi_t_lelang()
#7 E:\frede\system\CodeIgniter.php(492): CodeIgniter\CodeIgniter->runController(Object(App\Controllers\Home))
#8 E:\frede\system\CodeIgniter.php(353): CodeIgniter\CodeIgniter->handleRequest(NULL, Object(Config\Cache), false)
#9 E:\frede\public\index.php(79): CodeIgniter\CodeIgniter->run()
#10 E:\frede\system\Commands\Server\rewrite.php(47): require_once('E:\\frede\\public...')
#11 {main}
CRITICAL - 2023-11-16 01:08:48 --> Column 'id_barang' cannot be null
in SYSTEMPATH\Database\BaseConnection.php on line 646.
 1 SYSTEMPATH\Database\BaseBuilder.php(2309): CodeIgniter\Database\BaseConnection->query('INSERT INTO `tb_lelang` (`id_barang`, `tgl_lelang`, `harga_akhir`, `id_user`, `id_petugas`, `status`) VALUES (:id_barang:, :tgl_lelang:, :harga_akhir:, :id_user:, :id_petugas:, :status:)', [...], false)
 2 APPPATH\Models\M_tiff.php(32): CodeIgniter\Database\BaseBuilder->insert([...])
 3 APPPATH\Controllers\Home.php(245): App\Models\M_tiff->tambah('tb_lelang', [...])
 4 SYSTEMPATH\CodeIgniter.php(915): App\Controllers\Home->aksi_t_lelang()
 5 SYSTEMPATH\CodeIgniter.php(492): CodeIgniter\CodeIgniter->runController(Object(App\Controllers\Home))
 6 SYSTEMPATH\CodeIgniter.php(353): CodeIgniter\CodeIgniter->handleRequest(null, Object(Config\Cache), false)
 7 FCPATH\index.php(79): CodeIgniter\CodeIgniter->run()
 8 SYSTEMPATH\Commands\Server\rewrite.php(47): require_once('E:\\frede\\public\\index.php')
ERROR - 2023-11-16 01:13:01 --> mysqli_sql_exception: Column 'harga_akhir' cannot be null in E:\frede\system\Database\MySQLi\Connection.php:306
Stack trace:
#0 E:\frede\system\Database\MySQLi\Connection.php(306): mysqli->query('INSERT INTO `tb...', 0)
#1 E:\frede\system\Database\BaseConnection.php(692): CodeIgniter\Database\MySQLi\Connection->execute('INSERT INTO `tb...')
#2 E:\frede\system\Database\BaseConnection.php(606): CodeIgniter\Database\BaseConnection->simpleQuery('INSERT INTO `tb...')
#3 E:\frede\system\Database\BaseBuilder.php(2309): CodeIgniter\Database\BaseConnection->query('INSERT INTO `tb...', Array, false)
#4 E:\frede\app\Models\M_tiff.php(32): CodeIgniter\Database\BaseBuilder->insert(Array)
#5 E:\frede\app\Controllers\Home.php(245): App\Models\M_tiff->tambah('tb_lelang', Array)
#6 E:\frede\system\CodeIgniter.php(915): App\Controllers\Home->aksi_t_lelang()
#7 E:\frede\system\CodeIgniter.php(492): CodeIgniter\CodeIgniter->runController(Object(App\Controllers\Home))
#8 E:\frede\system\CodeIgniter.php(353): CodeIgniter\CodeIgniter->handleRequest(NULL, Object(Config\Cache), false)
#9 E:\frede\public\index.php(79): CodeIgniter\CodeIgniter->run()
#10 E:\frede\system\Commands\Server\rewrite.php(47): require_once('E:\\frede\\public...')
#11 {main}
CRITICAL - 2023-11-16 01:13:01 --> Column 'harga_akhir' cannot be null
in SYSTEMPATH\Database\BaseConnection.php on line 646.
 1 SYSTEMPATH\Database\BaseBuilder.php(2309): CodeIgniter\Database\BaseConnection->query('INSERT INTO `tb_lelang` (`tgl_lelang`, `harga_akhir`, `id_user`, `id_petugas`, `status`) VALUES (:tgl_lelang:, :harga_akhir:, :id_user:, :id_petugas:, :status:)', [...], false)
 2 APPPATH\Models\M_tiff.php(32): CodeIgniter\Database\BaseBuilder->insert([...])
 3 APPPATH\Controllers\Home.php(245): App\Models\M_tiff->tambah('tb_lelang', [...])
 4 SYSTEMPATH\CodeIgniter.php(915): App\Controllers\Home->aksi_t_lelang()
 5 SYSTEMPATH\CodeIgniter.php(492): CodeIgniter\CodeIgniter->runController(Object(App\Controllers\Home))
 6 SYSTEMPATH\CodeIgniter.php(353): CodeIgniter\CodeIgniter->handleRequest(null, Object(Config\Cache), false)
 7 FCPATH\index.php(79): CodeIgniter\CodeIgniter->run()
 8 SYSTEMPATH\Commands\Server\rewrite.php(47): require_once('E:\\frede\\public\\index.php')
ERROR - 2023-11-16 01:14:08 --> mysqli_sql_exception: Column 'harga_akhir' cannot be null in E:\frede\system\Database\MySQLi\Connection.php:306
Stack trace:
#0 E:\frede\system\Database\MySQLi\Connection.php(306): mysqli->query('INSERT INTO `tb...', 0)
#1 E:\frede\system\Database\BaseConnection.php(692): CodeIgniter\Database\MySQLi\Connection->execute('INSERT INTO `tb...')
#2 E:\frede\system\Database\BaseConnection.php(606): CodeIgniter\Database\BaseConnection->simpleQuery('INSERT INTO `tb...')
#3 E:\frede\system\Database\BaseBuilder.php(2309): CodeIgniter\Database\BaseConnection->query('INSERT INTO `tb...', Array, false)
#4 E:\frede\app\Models\M_tiff.php(32): CodeIgniter\Database\BaseBuilder->insert(Array)
#5 E:\frede\app\Controllers\Home.php(245): App\Models\M_tiff->tambah('tb_lelang', Array)
#6 E:\frede\system\CodeIgniter.php(915): App\Controllers\Home->aksi_t_lelang()
#7 E:\frede\system\CodeIgniter.php(492): CodeIgniter\CodeIgniter->runController(Object(App\Controllers\Home))
#8 E:\frede\system\CodeIgniter.php(353): CodeIgniter\CodeIgniter->handleRequest(NULL, Object(Config\Cache), false)
#9 E:\frede\public\index.php(79): CodeIgniter\CodeIgniter->run()
#10 E:\frede\system\Commands\Server\rewrite.php(47): require_once('E:\\frede\\public...')
#11 {main}
CRITICAL - 2023-11-16 01:14:08 --> Column 'harga_akhir' cannot be null
in SYSTEMPATH\Database\BaseConnection.php on line 646.
 1 SYSTEMPATH\Database\BaseBuilder.php(2309): CodeIgniter\Database\BaseConnection->query('INSERT INTO `tb_lelang` (`tgl_lelang`, `harga_akhir`, `id_user`, `id_petugas`, `status`) VALUES (:tgl_lelang:, :harga_akhir:, :id_user:, :id_petugas:, :status:)', [...], false)
 2 APPPATH\Models\M_tiff.php(32): CodeIgniter\Database\BaseBuilder->insert([...])
 3 APPPATH\Controllers\Home.php(245): App\Models\M_tiff->tambah('tb_lelang', [...])
 4 SYSTEMPATH\CodeIgniter.php(915): App\Controllers\Home->aksi_t_lelang()
 5 SYSTEMPATH\CodeIgniter.php(492): CodeIgniter\CodeIgniter->runController(Object(App\Controllers\Home))
 6 SYSTEMPATH\CodeIgniter.php(353): CodeIgniter\CodeIgniter->handleRequest(null, Object(Config\Cache), false)
 7 FCPATH\index.php(79): CodeIgniter\CodeIgniter->run()
 8 SYSTEMPATH\Commands\Server\rewrite.php(47): require_once('E:\\frede\\public\\index.php')
ERROR - 2023-11-16 01:14:12 --> mysqli_sql_exception: Column 'harga_akhir' cannot be null in E:\frede\system\Database\MySQLi\Connection.php:306
Stack trace:
#0 E:\frede\system\Database\MySQLi\Connection.php(306): mysqli->query('INSERT INTO `tb...', 0)
#1 E:\frede\system\Database\BaseConnection.php(692): CodeIgniter\Database\MySQLi\Connection->execute('INSERT INTO `tb...')
#2 E:\frede\system\Database\BaseConnection.php(606): CodeIgniter\Database\BaseConnection->simpleQuery('INSERT INTO `tb...')
#3 E:\frede\system\Database\BaseBuilder.php(2309): CodeIgniter\Database\BaseConnection->query('INSERT INTO `tb...', Array, false)
#4 E:\frede\app\Models\M_tiff.php(32): CodeIgniter\Database\BaseBuilder->insert(Array)
#5 E:\frede\app\Controllers\Home.php(245): App\Models\M_tiff->tambah('tb_lelang', Array)
#6 E:\frede\system\CodeIgniter.php(915): App\Controllers\Home->aksi_t_lelang()
#7 E:\frede\system\CodeIgniter.php(492): CodeIgniter\CodeIgniter->runController(Object(App\Controllers\Home))
#8 E:\frede\system\CodeIgniter.php(353): CodeIgniter\CodeIgniter->handleRequest(NULL, Object(Config\Cache), false)
#9 E:\frede\public\index.php(79): CodeIgniter\CodeIgniter->run()
#10 E:\frede\system\Commands\Server\rewrite.php(47): require_once('E:\\frede\\public...')
#11 {main}
CRITICAL - 2023-11-16 01:14:12 --> Column 'harga_akhir' cannot be null
in SYSTEMPATH\Database\BaseConnection.php on line 646.
 1 SYSTEMPATH\Database\BaseBuilder.php(2309): CodeIgniter\Database\BaseConnection->query('INSERT INTO `tb_lelang` (`tgl_lelang`, `harga_akhir`, `id_user`, `id_petugas`, `status`) VALUES (:tgl_lelang:, :harga_akhir:, :id_user:, :id_petugas:, :status:)', [...], false)
 2 APPPATH\Models\M_tiff.php(32): CodeIgniter\Database\BaseBuilder->insert([...])
 3 APPPATH\Controllers\Home.php(245): App\Models\M_tiff->tambah('tb_lelang', [...])
 4 SYSTEMPATH\CodeIgniter.php(915): App\Controllers\Home->aksi_t_lelang()
 5 SYSTEMPATH\CodeIgniter.php(492): CodeIgniter\CodeIgniter->runController(Object(App\Controllers\Home))
 6 SYSTEMPATH\CodeIgniter.php(353): CodeIgniter\CodeIgniter->handleRequest(null, Object(Config\Cache), false)
 7 FCPATH\index.php(79): CodeIgniter\CodeIgniter->run()
 8 SYSTEMPATH\Commands\Server\rewrite.php(47): require_once('E:\\frede\\public\\index.php')
ERROR - 2023-11-16 01:14:22 --> mysqli_sql_exception: Column 'id_barang' cannot be null in E:\frede\system\Database\MySQLi\Connection.php:306
Stack trace:
#0 E:\frede\system\Database\MySQLi\Connection.php(306): mysqli->query('INSERT INTO `tb...', 0)
#1 E:\frede\system\Database\BaseConnection.php(692): CodeIgniter\Database\MySQLi\Connection->execute('INSERT INTO `tb...')
#2 E:\frede\system\Database\BaseConnection.php(606): CodeIgniter\Database\BaseConnection->simpleQuery('INSERT INTO `tb...')
#3 E:\frede\system\Database\BaseBuilder.php(2309): CodeIgniter\Database\BaseConnection->query('INSERT INTO `tb...', Array, false)
#4 E:\frede\app\Models\M_tiff.php(32): CodeIgniter\Database\BaseBuilder->insert(Array)
#5 E:\frede\app\Controllers\Home.php(245): App\Models\M_tiff->tambah('tb_lelang', Array)
#6 E:\frede\system\CodeIgniter.php(915): App\Controllers\Home->aksi_t_lelang()
#7 E:\frede\system\CodeIgniter.php(492): CodeIgniter\CodeIgniter->runController(Object(App\Controllers\Home))
#8 E:\frede\system\CodeIgniter.php(353): CodeIgniter\CodeIgniter->handleRequest(NULL, Object(Config\Cache), false)
#9 E:\frede\public\index.php(79): CodeIgniter\CodeIgniter->run()
#10 E:\frede\system\Commands\Server\rewrite.php(47): require_once('E:\\frede\\public...')
#11 {main}
CRITICAL - 2023-11-16 01:14:22 --> Column 'id_barang' cannot be null
in SYSTEMPATH\Database\BaseConnection.php on line 646.
 1 SYSTEMPATH\Database\BaseBuilder.php(2309): CodeIgniter\Database\BaseConnection->query('INSERT INTO `tb_lelang` (`id_barang`, `tgl_lelang`, `harga_akhir`, `id_user`, `id_petugas`, `status`) VALUES (:id_barang:, :tgl_lelang:, :harga_akhir:, :id_user:, :id_petugas:, :status:)', [...], false)
 2 APPPATH\Models\M_tiff.php(32): CodeIgniter\Database\BaseBuilder->insert([...])
 3 APPPATH\Controllers\Home.php(245): App\Models\M_tiff->tambah('tb_lelang', [...])
 4 SYSTEMPATH\CodeIgniter.php(915): App\Controllers\Home->aksi_t_lelang()
 5 SYSTEMPATH\CodeIgniter.php(492): CodeIgniter\CodeIgniter->runController(Object(App\Controllers\Home))
 6 SYSTEMPATH\CodeIgniter.php(353): CodeIgniter\CodeIgniter->handleRequest(null, Object(Config\Cache), false)
 7 FCPATH\index.php(79): CodeIgniter\CodeIgniter->run()
 8 SYSTEMPATH\Commands\Server\rewrite.php(47): require_once('E:\\frede\\public\\index.php')
ERROR - 2023-11-16 01:15:19 --> mysqli_sql_exception: Column 'id_barang' cannot be null in E:\frede\system\Database\MySQLi\Connection.php:306
Stack trace:
#0 E:\frede\system\Database\MySQLi\Connection.php(306): mysqli->query('INSERT INTO `tb...', 0)
#1 E:\frede\system\Database\BaseConnection.php(692): CodeIgniter\Database\MySQLi\Connection->execute('INSERT INTO `tb...')
#2 E:\frede\system\Database\BaseConnection.php(606): CodeIgniter\Database\BaseConnection->simpleQuery('INSERT INTO `tb...')
#3 E:\frede\system\Database\BaseBuilder.php(2309): CodeIgniter\Database\BaseConnection->query('INSERT INTO `tb...', Array, false)
#4 E:\frede\app\Models\M_tiff.php(32): CodeIgniter\Database\BaseBuilder->insert(Array)
#5 E:\frede\app\Controllers\Home.php(245): App\Models\M_tiff->tambah('tb_lelang', Array)
#6 E:\frede\system\CodeIgniter.php(915): App\Controllers\Home->aksi_t_lelang()
#7 E:\frede\system\CodeIgniter.php(492): CodeIgniter\CodeIgniter->runController(Object(App\Controllers\Home))
#8 E:\frede\system\CodeIgniter.php(353): CodeIgniter\CodeIgniter->handleRequest(NULL, Object(Config\Cache), false)
#9 E:\frede\public\index.php(79): CodeIgniter\CodeIgniter->run()
#10 E:\frede\system\Commands\Server\rewrite.php(47): require_once('E:\\frede\\public...')
#11 {main}
CRITICAL - 2023-11-16 01:15:19 --> Column 'id_barang' cannot be null
in SYSTEMPATH\Database\BaseConnection.php on line 646.
 1 SYSTEMPATH\Database\BaseBuilder.php(2309): CodeIgniter\Database\BaseConnection->query('INSERT INTO `tb_lelang` (`id_barang`, `tgl_lelang`, `harga_akhir`, `id_user`, `id_petugas`, `status`) VALUES (:id_barang:, :tgl_lelang:, :harga_akhir:, :id_user:, :id_petugas:, :status:)', [...], false)
 2 APPPATH\Models\M_tiff.php(32): CodeIgniter\Database\BaseBuilder->insert([...])
 3 APPPATH\Controllers\Home.php(245): App\Models\M_tiff->tambah('tb_lelang', [...])
 4 SYSTEMPATH\CodeIgniter.php(915): App\Controllers\Home->aksi_t_lelang()
 5 SYSTEMPATH\CodeIgniter.php(492): CodeIgniter\CodeIgniter->runController(Object(App\Controllers\Home))
 6 SYSTEMPATH\CodeIgniter.php(353): CodeIgniter\CodeIgniter->handleRequest(null, Object(Config\Cache), false)
 7 FCPATH\index.php(79): CodeIgniter\CodeIgniter->run()
 8 SYSTEMPATH\Commands\Server\rewrite.php(47): require_once('E:\\frede\\public\\index.php')
ERROR - 2023-11-16 01:16:53 --> mysqli_sql_exception: Column 'id_brg' cannot be null in E:\frede\system\Database\MySQLi\Connection.php:306
Stack trace:
#0 E:\frede\system\Database\MySQLi\Connection.php(306): mysqli->query('INSERT INTO `tb...', 0)
#1 E:\frede\system\Database\BaseConnection.php(692): CodeIgniter\Database\MySQLi\Connection->execute('INSERT INTO `tb...')
#2 E:\frede\system\Database\BaseConnection.php(606): CodeIgniter\Database\BaseConnection->simpleQuery('INSERT INTO `tb...')
#3 E:\frede\system\Database\BaseBuilder.php(2309): CodeIgniter\Database\BaseConnection->query('INSERT INTO `tb...', Array, false)
#4 E:\frede\app\Models\M_tiff.php(32): CodeIgniter\Database\BaseBuilder->insert(Array)
#5 E:\frede\app\Controllers\Home.php(245): App\Models\M_tiff->tambah('tb_lelang', Array)
#6 E:\frede\system\CodeIgniter.php(915): App\Controllers\Home->aksi_t_lelang()
#7 E:\frede\system\CodeIgniter.php(492): CodeIgniter\CodeIgniter->runController(Object(App\Controllers\Home))
#8 E:\frede\system\CodeIgniter.php(353): CodeIgniter\CodeIgniter->handleRequest(NULL, Object(Config\Cache), false)
#9 E:\frede\public\index.php(79): CodeIgniter\CodeIgniter->run()
#10 E:\frede\system\Commands\Server\rewrite.php(47): require_once('E:\\frede\\public...')
#11 {main}
CRITICAL - 2023-11-16 01:16:53 --> Column 'id_brg' cannot be null
in SYSTEMPATH\Database\BaseConnection.php on line 646.
 1 SYSTEMPATH\Database\BaseBuilder.php(2309): CodeIgniter\Database\BaseConnection->query('INSERT INTO `tb_lelang` (`id_brg`, `tgl_lelang`, `harga_akhir`, `id_user`, `id_petugas`, `status`) VALUES (:id_brg:, :tgl_lelang:, :harga_akhir:, :id_user:, :id_petugas:, :status:)', [...], false)
 2 APPPATH\Models\M_tiff.php(32): CodeIgniter\Database\BaseBuilder->insert([...])
 3 APPPATH\Controllers\Home.php(245): App\Models\M_tiff->tambah('tb_lelang', [...])
 4 SYSTEMPATH\CodeIgniter.php(915): App\Controllers\Home->aksi_t_lelang()
 5 SYSTEMPATH\CodeIgniter.php(492): CodeIgniter\CodeIgniter->runController(Object(App\Controllers\Home))
 6 SYSTEMPATH\CodeIgniter.php(353): CodeIgniter\CodeIgniter->handleRequest(null, Object(Config\Cache), false)
 7 FCPATH\index.php(79): CodeIgniter\CodeIgniter->run()
 8 SYSTEMPATH\Commands\Server\rewrite.php(47): require_once('E:\\frede\\public\\index.php')
ERROR - 2023-11-16 01:17:13 --> mysqli_sql_exception: Unknown column 'id_barang' in 'field list' in E:\frede\system\Database\MySQLi\Connection.php:306
Stack trace:
#0 E:\frede\system\Database\MySQLi\Connection.php(306): mysqli->query('INSERT INTO `tb...', 0)
#1 E:\frede\system\Database\BaseConnection.php(692): CodeIgniter\Database\MySQLi\Connection->execute('INSERT INTO `tb...')
#2 E:\frede\system\Database\BaseConnection.php(606): CodeIgniter\Database\BaseConnection->simpleQuery('INSERT INTO `tb...')
#3 E:\frede\system\Database\BaseBuilder.php(2309): CodeIgniter\Database\BaseConnection->query('INSERT INTO `tb...', Array, false)
#4 E:\frede\app\Models\M_tiff.php(32): CodeIgniter\Database\BaseBuilder->insert(Array)
#5 E:\frede\app\Controllers\Home.php(245): App\Models\M_tiff->tambah('tb_lelang', Array)
#6 E:\frede\system\CodeIgniter.php(915): App\Controllers\Home->aksi_t_lelang()
#7 E:\frede\system\CodeIgniter.php(492): CodeIgniter\CodeIgniter->runController(Object(App\Controllers\Home))
#8 E:\frede\system\CodeIgniter.php(353): CodeIgniter\CodeIgniter->handleRequest(NULL, Object(Config\Cache), false)
#9 E:\frede\public\index.php(79): CodeIgniter\CodeIgniter->run()
#10 E:\frede\system\Commands\Server\rewrite.php(47): require_once('E:\\frede\\public...')
#11 {main}
CRITICAL - 2023-11-16 01:17:13 --> Unknown column 'id_barang' in 'field list'
in SYSTEMPATH\Database\BaseConnection.php on line 646.
 1 SYSTEMPATH\Database\BaseBuilder.php(2309): CodeIgniter\Database\BaseConnection->query('INSERT INTO `tb_lelang` (`id_barang`, `tgl_lelang`, `harga_akhir`, `id_user`, `id_petugas`, `status`) VALUES (:id_barang:, :tgl_lelang:, :harga_akhir:, :id_user:, :id_petugas:, :status:)', [...], false)
 2 APPPATH\Models\M_tiff.php(32): CodeIgniter\Database\BaseBuilder->insert([...])
 3 APPPATH\Controllers\Home.php(245): App\Models\M_tiff->tambah('tb_lelang', [...])
 4 SYSTEMPATH\CodeIgniter.php(915): App\Controllers\Home->aksi_t_lelang()
 5 SYSTEMPATH\CodeIgniter.php(492): CodeIgniter\CodeIgniter->runController(Object(App\Controllers\Home))
 6 SYSTEMPATH\CodeIgniter.php(353): CodeIgniter\CodeIgniter->handleRequest(null, Object(Config\Cache), false)
 7 FCPATH\index.php(79): CodeIgniter\CodeIgniter->run()
 8 SYSTEMPATH\Commands\Server\rewrite.php(47): require_once('E:\\frede\\public\\index.php')
ERROR - 2023-11-16 01:17:41 --> mysqli_sql_exception: Column 'id_barang' cannot be null in E:\frede\system\Database\MySQLi\Connection.php:306
Stack trace:
#0 E:\frede\system\Database\MySQLi\Connection.php(306): mysqli->query('INSERT INTO `tb...', 0)
#1 E:\frede\system\Database\BaseConnection.php(692): CodeIgniter\Database\MySQLi\Connection->execute('INSERT INTO `tb...')
#2 E:\frede\system\Database\BaseConnection.php(606): CodeIgniter\Database\BaseConnection->simpleQuery('INSERT INTO `tb...')
#3 E:\frede\system\Database\BaseBuilder.php(2309): CodeIgniter\Database\BaseConnection->query('INSERT INTO `tb...', Array, false)
#4 E:\frede\app\Models\M_tiff.php(32): CodeIgniter\Database\BaseBuilder->insert(Array)
#5 E:\frede\app\Controllers\Home.php(245): App\Models\M_tiff->tambah('tb_lelang', Array)
#6 E:\frede\system\CodeIgniter.php(915): App\Controllers\Home->aksi_t_lelang()
#7 E:\frede\system\CodeIgniter.php(492): CodeIgniter\CodeIgniter->runController(Object(App\Controllers\Home))
#8 E:\frede\system\CodeIgniter.php(353): CodeIgniter\CodeIgniter->handleRequest(NULL, Object(Config\Cache), false)
#9 E:\frede\public\index.php(79): CodeIgniter\CodeIgniter->run()
#10 E:\frede\system\Commands\Server\rewrite.php(47): require_once('E:\\frede\\public...')
#11 {main}
CRITICAL - 2023-11-16 01:17:41 --> Column 'id_barang' cannot be null
in SYSTEMPATH\Database\BaseConnection.php on line 646.
 1 SYSTEMPATH\Database\BaseBuilder.php(2309): CodeIgniter\Database\BaseConnection->query('INSERT INTO `tb_lelang` (`id_barang`, `tgl_lelang`, `harga_akhir`, `id_user`, `id_petugas`, `status`) VALUES (:id_barang:, :tgl_lelang:, :harga_akhir:, :id_user:, :id_petugas:, :status:)', [...], false)
 2 APPPATH\Models\M_tiff.php(32): CodeIgniter\Database\BaseBuilder->insert([...])
 3 APPPATH\Controllers\Home.php(245): App\Models\M_tiff->tambah('tb_lelang', [...])
 4 SYSTEMPATH\CodeIgniter.php(915): App\Controllers\Home->aksi_t_lelang()
 5 SYSTEMPATH\CodeIgniter.php(492): CodeIgniter\CodeIgniter->runController(Object(App\Controllers\Home))
 6 SYSTEMPATH\CodeIgniter.php(353): CodeIgniter\CodeIgniter->handleRequest(null, Object(Config\Cache), false)
 7 FCPATH\index.php(79): CodeIgniter\CodeIgniter->run()
 8 SYSTEMPATH\Commands\Server\rewrite.php(47): require_once('E:\\frede\\public\\index.php')
ERROR - 2023-11-16 01:23:37 --> mysqli_sql_exception: Column 'id_barang' cannot be null in E:\frede\system\Database\MySQLi\Connection.php:306
Stack trace:
#0 E:\frede\system\Database\MySQLi\Connection.php(306): mysqli->query('INSERT INTO `tb...', 0)
#1 E:\frede\system\Database\BaseConnection.php(692): CodeIgniter\Database\MySQLi\Connection->execute('INSERT INTO `tb...')
#2 E:\frede\system\Database\BaseConnection.php(606): CodeIgniter\Database\BaseConnection->simpleQuery('INSERT INTO `tb...')
#3 E:\frede\system\Database\BaseBuilder.php(2309): CodeIgniter\Database\BaseConnection->query('INSERT INTO `tb...', Array, false)
#4 E:\frede\app\Models\M_tiff.php(32): CodeIgniter\Database\BaseBuilder->insert(Array)
#5 E:\frede\app\Controllers\Home.php(247): App\Models\M_tiff->tambah('tb_lelang', Array)
#6 E:\frede\system\CodeIgniter.php(915): App\Controllers\Home->aksi_t_lelang()
#7 E:\frede\system\CodeIgniter.php(492): CodeIgniter\CodeIgniter->runController(Object(App\Controllers\Home))
#8 E:\frede\system\CodeIgniter.php(353): CodeIgniter\CodeIgniter->handleRequest(NULL, Object(Config\Cache), false)
#9 E:\frede\public\index.php(79): CodeIgniter\CodeIgniter->run()
#10 E:\frede\system\Commands\Server\rewrite.php(47): require_once('E:\\frede\\public...')
#11 {main}
CRITICAL - 2023-11-16 01:23:37 --> Column 'id_barang' cannot be null
in SYSTEMPATH\Database\BaseConnection.php on line 646.
 1 SYSTEMPATH\Database\BaseBuilder.php(2309): CodeIgniter\Database\BaseConnection->query('INSERT INTO `tb_lelang` (`id_lelang`, `id_barang`, `tgl_lelang`, `harga_akhir`, `id_user`, `id_petugas`, `status`) VALUES (:id_lelang:, :id_barang:, :tgl_lelang:, :harga_akhir:, :id_user:, :id_petugas:, :status:)', [...], false)
 2 APPPATH\Models\M_tiff.php(32): CodeIgniter\Database\BaseBuilder->insert([...])
 3 APPPATH\Controllers\Home.php(247): App\Models\M_tiff->tambah('tb_lelang', [...])
 4 SYSTEMPATH\CodeIgniter.php(915): App\Controllers\Home->aksi_t_lelang()
 5 SYSTEMPATH\CodeIgniter.php(492): CodeIgniter\CodeIgniter->runController(Object(App\Controllers\Home))
 6 SYSTEMPATH\CodeIgniter.php(353): CodeIgniter\CodeIgniter->handleRequest(null, Object(Config\Cache), false)
 7 FCPATH\index.php(79): CodeIgniter\CodeIgniter->run()
 8 SYSTEMPATH\Commands\Server\rewrite.php(47): require_once('E:\\frede\\public\\index.php')
ERROR - 2023-11-16 01:23:53 --> mysqli_sql_exception: Column 'id_barang' cannot be null in E:\frede\system\Database\MySQLi\Connection.php:306
Stack trace:
#0 E:\frede\system\Database\MySQLi\Connection.php(306): mysqli->query('INSERT INTO `tb...', 0)
#1 E:\frede\system\Database\BaseConnection.php(692): CodeIgniter\Database\MySQLi\Connection->execute('INSERT INTO `tb...')
#2 E:\frede\system\Database\BaseConnection.php(606): CodeIgniter\Database\BaseConnection->simpleQuery('INSERT INTO `tb...')
#3 E:\frede\system\Database\BaseBuilder.php(2309): CodeIgniter\Database\BaseConnection->query('INSERT INTO `tb...', Array, false)
#4 E:\frede\app\Models\M_tiff.php(32): CodeIgniter\Database\BaseBuilder->insert(Array)
#5 E:\frede\app\Controllers\Home.php(247): App\Models\M_tiff->tambah('tb_lelang', Array)
#6 E:\frede\system\CodeIgniter.php(915): App\Controllers\Home->aksi_t_lelang()
#7 E:\frede\system\CodeIgniter.php(492): CodeIgniter\CodeIgniter->runController(Object(App\Controllers\Home))
#8 E:\frede\system\CodeIgniter.php(353): CodeIgniter\CodeIgniter->handleRequest(NULL, Object(Config\Cache), false)
#9 E:\frede\public\index.php(79): CodeIgniter\CodeIgniter->run()
#10 E:\frede\system\Commands\Server\rewrite.php(47): require_once('E:\\frede\\public...')
#11 {main}
CRITICAL - 2023-11-16 01:23:53 --> Column 'id_barang' cannot be null
in SYSTEMPATH\Database\BaseConnection.php on line 646.
 1 SYSTEMPATH\Database\BaseBuilder.php(2309): CodeIgniter\Database\BaseConnection->query('INSERT INTO `tb_lelang` (`id_lelang`, `id_barang`, `tgl_lelang`, `harga_akhir`, `id_user`, `id_petugas`, `status`) VALUES (:id_lelang:, :id_barang:, :tgl_lelang:, :harga_akhir:, :id_user:, :id_petugas:, :status:)', [...], false)
 2 APPPATH\Models\M_tiff.php(32): CodeIgniter\Database\BaseBuilder->insert([...])
 3 APPPATH\Controllers\Home.php(247): App\Models\M_tiff->tambah('tb_lelang', [...])
 4 SYSTEMPATH\CodeIgniter.php(915): App\Controllers\Home->aksi_t_lelang()
 5 SYSTEMPATH\CodeIgniter.php(492): CodeIgniter\CodeIgniter->runController(Object(App\Controllers\Home))
 6 SYSTEMPATH\CodeIgniter.php(353): CodeIgniter\CodeIgniter->handleRequest(null, Object(Config\Cache), false)
 7 FCPATH\index.php(79): CodeIgniter\CodeIgniter->run()
 8 SYSTEMPATH\Commands\Server\rewrite.php(47): require_once('E:\\frede\\public\\index.php')
ERROR - 2023-11-16 01:24:50 --> mysqli_sql_exception: Column 'id_barang' cannot be null in E:\frede\system\Database\MySQLi\Connection.php:306
Stack trace:
#0 E:\frede\system\Database\MySQLi\Connection.php(306): mysqli->query('INSERT INTO `tb...', 0)
#1 E:\frede\system\Database\BaseConnection.php(692): CodeIgniter\Database\MySQLi\Connection->execute('INSERT INTO `tb...')
#2 E:\frede\system\Database\BaseConnection.php(606): CodeIgniter\Database\BaseConnection->simpleQuery('INSERT INTO `tb...')
#3 E:\frede\system\Database\BaseBuilder.php(2309): CodeIgniter\Database\BaseConnection->query('INSERT INTO `tb...', Array, false)
#4 E:\frede\app\Models\M_tiff.php(32): CodeIgniter\Database\BaseBuilder->insert(Array)
#5 E:\frede\app\Controllers\Home.php(247): App\Models\M_tiff->tambah('tb_lelang', Array)
#6 E:\frede\system\CodeIgniter.php(915): App\Controllers\Home->aksi_t_lelang()
#7 E:\frede\system\CodeIgniter.php(492): CodeIgniter\CodeIgniter->runController(Object(App\Controllers\Home))
#8 E:\frede\system\CodeIgniter.php(353): CodeIgniter\CodeIgniter->handleRequest(NULL, Object(Config\Cache), false)
#9 E:\frede\public\index.php(79): CodeIgniter\CodeIgniter->run()
#10 E:\frede\system\Commands\Server\rewrite.php(47): require_once('E:\\frede\\public...')
#11 {main}
CRITICAL - 2023-11-16 01:24:50 --> Column 'id_barang' cannot be null
in SYSTEMPATH\Database\BaseConnection.php on line 646.
 1 SYSTEMPATH\Database\BaseBuilder.php(2309): CodeIgniter\Database\BaseConnection->query('INSERT INTO `tb_lelang` (`id_lelang`, `id_barang`, `tgl_lelang`, `harga_akhir`, `id_user`, `id_petugas`, `status`) VALUES (:id_lelang:, :id_barang:, :tgl_lelang:, :harga_akhir:, :id_user:, :id_petugas:, :status:)', [...], false)
 2 APPPATH\Models\M_tiff.php(32): CodeIgniter\Database\BaseBuilder->insert([...])
 3 APPPATH\Controllers\Home.php(247): App\Models\M_tiff->tambah('tb_lelang', [...])
 4 SYSTEMPATH\CodeIgniter.php(915): App\Controllers\Home->aksi_t_lelang()
 5 SYSTEMPATH\CodeIgniter.php(492): CodeIgniter\CodeIgniter->runController(Object(App\Controllers\Home))
 6 SYSTEMPATH\CodeIgniter.php(353): CodeIgniter\CodeIgniter->handleRequest(null, Object(Config\Cache), false)
 7 FCPATH\index.php(79): CodeIgniter\CodeIgniter->run()
 8 SYSTEMPATH\Commands\Server\rewrite.php(47): require_once('E:\\frede\\public\\index.php')
ERROR - 2023-11-16 01:27:45 --> mysqli_sql_exception: Column 'id_barang' cannot be null in E:\frede\system\Database\MySQLi\Connection.php:306
Stack trace:
#0 E:\frede\system\Database\MySQLi\Connection.php(306): mysqli->query('INSERT INTO `tb...', 0)
#1 E:\frede\system\Database\BaseConnection.php(692): CodeIgniter\Database\MySQLi\Connection->execute('INSERT INTO `tb...')
#2 E:\frede\system\Database\BaseConnection.php(606): CodeIgniter\Database\BaseConnection->simpleQuery('INSERT INTO `tb...')
#3 E:\frede\system\Database\BaseBuilder.php(2309): CodeIgniter\Database\BaseConnection->query('INSERT INTO `tb...', Array, false)
#4 E:\frede\app\Models\M_tiff.php(32): CodeIgniter\Database\BaseBuilder->insert(Array)
#5 E:\frede\app\Controllers\Home.php(245): App\Models\M_tiff->tambah('tb_lelang', Array)
#6 E:\frede\system\CodeIgniter.php(915): App\Controllers\Home->aksi_t_lelang()
#7 E:\frede\system\CodeIgniter.php(492): CodeIgniter\CodeIgniter->runController(Object(App\Controllers\Home))
#8 E:\frede\system\CodeIgniter.php(353): CodeIgniter\CodeIgniter->handleRequest(NULL, Object(Config\Cache), false)
#9 E:\frede\public\index.php(79): CodeIgniter\CodeIgniter->run()
#10 E:\frede\system\Commands\Server\rewrite.php(47): require_once('E:\\frede\\public...')
#11 {main}
CRITICAL - 2023-11-16 01:27:45 --> Column 'id_barang' cannot be null
in SYSTEMPATH\Database\BaseConnection.php on line 646.
 1 SYSTEMPATH\Database\BaseBuilder.php(2309): CodeIgniter\Database\BaseConnection->query('INSERT INTO `tb_lelang` (`id_barang`, `tgl_lelang`, `harga_akhir`, `id_user`, `id_petugas`, `status`) VALUES (:id_barang:, :tgl_lelang:, :harga_akhir:, :id_user:, :id_petugas:, :status:)', [...], false)
 2 APPPATH\Models\M_tiff.php(32): CodeIgniter\Database\BaseBuilder->insert([...])
 3 APPPATH\Controllers\Home.php(245): App\Models\M_tiff->tambah('tb_lelang', [...])
 4 SYSTEMPATH\CodeIgniter.php(915): App\Controllers\Home->aksi_t_lelang()
 5 SYSTEMPATH\CodeIgniter.php(492): CodeIgniter\CodeIgniter->runController(Object(App\Controllers\Home))
 6 SYSTEMPATH\CodeIgniter.php(353): CodeIgniter\CodeIgniter->handleRequest(null, Object(Config\Cache), false)
 7 FCPATH\index.php(79): CodeIgniter\CodeIgniter->run()
 8 SYSTEMPATH\Commands\Server\rewrite.php(47): require_once('E:\\frede\\public\\index.php')
CRITICAL - 2023-11-16 02:14:08 --> syntax error, unexpected 'public' (T_PUBLIC), expecting end of file
in APPPATH\Controllers\Home.php on line 310.
 1 SYSTEMPATH\Autoloader\Autoloader.php(285): CodeIgniter\Autoloader\Autoloader->includeFile('E:\\frede\\app\\Controllers\\Home.php')
 2 SYSTEMPATH\Autoloader\Autoloader.php(263): CodeIgniter\Autoloader\Autoloader->loadInNamespace('App\\Controllers\\Home')
 3 [internal function]: CodeIgniter\Autoloader\Autoloader->loadClass('App\\Controllers\\Home')
 4 [internal function]: spl_autoload_call('App\\Controllers\\Home')
 5 SYSTEMPATH\CodeIgniter.php(873): class_exists('\\App\\Controllers\\Home', true)
 6 SYSTEMPATH\CodeIgniter.php(479): CodeIgniter\CodeIgniter->startController()
 7 SYSTEMPATH\CodeIgniter.php(353): CodeIgniter\CodeIgniter->handleRequest(null, Object(Config\Cache), false)
 8 FCPATH\index.php(79): CodeIgniter\CodeIgniter->run()
 9 SYSTEMPATH\Commands\Server\rewrite.php(47): require_once('E:\\frede\\public\\index.php')
CRITICAL - 2023-11-16 02:14:09 --> syntax error, unexpected 'public' (T_PUBLIC), expecting end of file
in APPPATH\Controllers\Home.php on line 310.
 1 SYSTEMPATH\Autoloader\Autoloader.php(285): CodeIgniter\Autoloader\Autoloader->includeFile('E:\\frede\\app\\Controllers\\Home.php')
 2 SYSTEMPATH\Autoloader\Autoloader.php(263): CodeIgniter\Autoloader\Autoloader->loadInNamespace('App\\Controllers\\Home')
 3 [internal function]: CodeIgniter\Autoloader\Autoloader->loadClass('App\\Controllers\\Home')
 4 [internal function]: spl_autoload_call('App\\Controllers\\Home')
 5 SYSTEMPATH\CodeIgniter.php(873): class_exists('\\App\\Controllers\\Home', true)
 6 SYSTEMPATH\CodeIgniter.php(479): CodeIgniter\CodeIgniter->startController()
 7 SYSTEMPATH\CodeIgniter.php(353): CodeIgniter\CodeIgniter->handleRequest(null, Object(Config\Cache), false)
 8 FCPATH\index.php(79): CodeIgniter\CodeIgniter->run()
 9 SYSTEMPATH\Commands\Server\rewrite.php(47): require_once('E:\\frede\\public\\index.php')
CRITICAL - 2023-11-16 02:14:22 --> syntax error, unexpected end of file, expecting function (T_FUNCTION) or const (T_CONST)
in APPPATH\Controllers\Home.php on line 341.
 1 SYSTEMPATH\Autoloader\Autoloader.php(285): CodeIgniter\Autoloader\Autoloader->includeFile('E:\\frede\\app\\Controllers\\Home.php')
 2 SYSTEMPATH\Autoloader\Autoloader.php(263): CodeIgniter\Autoloader\Autoloader->loadInNamespace('App\\Controllers\\Home')
 3 [internal function]: CodeIgniter\Autoloader\Autoloader->loadClass('App\\Controllers\\Home')
 4 [internal function]: spl_autoload_call('App\\Controllers\\Home')
 5 SYSTEMPATH\CodeIgniter.php(873): class_exists('\\App\\Controllers\\Home', true)
 6 SYSTEMPATH\CodeIgniter.php(479): CodeIgniter\CodeIgniter->startController()
 7 SYSTEMPATH\CodeIgniter.php(353): CodeIgniter\CodeIgniter->handleRequest(null, Object(Config\Cache), false)
 8 FCPATH\index.php(79): CodeIgniter\CodeIgniter->run()
 9 SYSTEMPATH\Commands\Server\rewrite.php(47): require_once('E:\\frede\\public\\index.php')
CRITICAL - 2023-11-16 02:14:22 --> syntax error, unexpected end of file, expecting function (T_FUNCTION) or const (T_CONST)
in APPPATH\Controllers\Home.php on line 341.
 1 SYSTEMPATH\Autoloader\Autoloader.php(285): CodeIgniter\Autoloader\Autoloader->includeFile('E:\\frede\\app\\Controllers\\Home.php')
 2 SYSTEMPATH\Autoloader\Autoloader.php(263): CodeIgniter\Autoloader\Autoloader->loadInNamespace('App\\Controllers\\Home')
 3 [internal function]: CodeIgniter\Autoloader\Autoloader->loadClass('App\\Controllers\\Home')
 4 [internal function]: spl_autoload_call('App\\Controllers\\Home')
 5 SYSTEMPATH\CodeIgniter.php(873): class_exists('\\App\\Controllers\\Home', true)
 6 SYSTEMPATH\CodeIgniter.php(479): CodeIgniter\CodeIgniter->startController()
 7 SYSTEMPATH\CodeIgniter.php(353): CodeIgniter\CodeIgniter->handleRequest(null, Object(Config\Cache), false)
 8 FCPATH\index.php(79): CodeIgniter\CodeIgniter->run()
 9 SYSTEMPATH\Commands\Server\rewrite.php(47): require_once('E:\\frede\\public\\index.php')
CRITICAL - 2023-11-16 02:14:23 --> syntax error, unexpected end of file, expecting function (T_FUNCTION) or const (T_CONST)
in APPPATH\Controllers\Home.php on line 341.
 1 SYSTEMPATH\Autoloader\Autoloader.php(285): CodeIgniter\Autoloader\Autoloader->includeFile('E:\\frede\\app\\Controllers\\Home.php')
 2 SYSTEMPATH\Autoloader\Autoloader.php(263): CodeIgniter\Autoloader\Autoloader->loadInNamespace('App\\Controllers\\Home')
 3 [internal function]: CodeIgniter\Autoloader\Autoloader->loadClass('App\\Controllers\\Home')
 4 [internal function]: spl_autoload_call('App\\Controllers\\Home')
 5 SYSTEMPATH\CodeIgniter.php(873): class_exists('\\App\\Controllers\\Home', true)
 6 SYSTEMPATH\CodeIgniter.php(479): CodeIgniter\CodeIgniter->startController()
 7 SYSTEMPATH\CodeIgniter.php(353): CodeIgniter\CodeIgniter->handleRequest(null, Object(Config\Cache), false)
 8 FCPATH\index.php(79): CodeIgniter\CodeIgniter->run()
 9 SYSTEMPATH\Commands\Server\rewrite.php(47): require_once('E:\\frede\\public\\index.php')
CRITICAL - 2023-11-16 02:17:05 --> syntax error, unexpected 'public' (T_PUBLIC)
in APPPATH\Controllers\Home.php on line 76.
 1 SYSTEMPATH\Autoloader\Autoloader.php(285): CodeIgniter\Autoloader\Autoloader->includeFile('E:\\frede\\app\\Controllers\\Home.php')
 2 SYSTEMPATH\Autoloader\Autoloader.php(263): CodeIgniter\Autoloader\Autoloader->loadInNamespace('App\\Controllers\\Home')
 3 [internal function]: CodeIgniter\Autoloader\Autoloader->loadClass('App\\Controllers\\Home')
 4 [internal function]: spl_autoload_call('App\\Controllers\\Home')
 5 SYSTEMPATH\CodeIgniter.php(873): class_exists('\\App\\Controllers\\Home', true)
 6 SYSTEMPATH\CodeIgniter.php(479): CodeIgniter\CodeIgniter->startController()
 7 SYSTEMPATH\CodeIgniter.php(353): CodeIgniter\CodeIgniter->handleRequest(null, Object(Config\Cache), false)
 8 FCPATH\index.php(79): CodeIgniter\CodeIgniter->run()
 9 SYSTEMPATH\Commands\Server\rewrite.php(47): require_once('E:\\frede\\public\\index.php')
CRITICAL - 2023-11-16 02:20:43 --> syntax error, unexpected 'public' (T_PUBLIC)
in APPPATH\Controllers\Home.php on line 146.
 1 SYSTEMPATH\Autoloader\Autoloader.php(285): CodeIgniter\Autoloader\Autoloader->includeFile('E:\\frede\\app\\Controllers\\Home.php')
 2 SYSTEMPATH\Autoloader\Autoloader.php(263): CodeIgniter\Autoloader\Autoloader->loadInNamespace('App\\Controllers\\Home')
 3 [internal function]: CodeIgniter\Autoloader\Autoloader->loadClass('App\\Controllers\\Home')
 4 [internal function]: spl_autoload_call('App\\Controllers\\Home')
 5 SYSTEMPATH\CodeIgniter.php(873): class_exists('\\App\\Controllers\\Home', true)
 6 SYSTEMPATH\CodeIgniter.php(479): CodeIgniter\CodeIgniter->startController()
 7 SYSTEMPATH\CodeIgniter.php(353): CodeIgniter\CodeIgniter->handleRequest(null, Object(Config\Cache), false)
 8 FCPATH\index.php(79): CodeIgniter\CodeIgniter->run()
 9 SYSTEMPATH\Commands\Server\rewrite.php(47): require_once('E:\\frede\\public\\index.php')
CRITICAL - 2023-11-16 02:20:59 --> syntax error, unexpected 'public' (T_PUBLIC)
in APPPATH\Controllers\Home.php on line 157.
 1 SYSTEMPATH\Autoloader\Autoloader.php(285): CodeIgniter\Autoloader\Autoloader->includeFile('E:\\frede\\app\\Controllers\\Home.php')
 2 SYSTEMPATH\Autoloader\Autoloader.php(263): CodeIgniter\Autoloader\Autoloader->loadInNamespace('App\\Controllers\\Home')
 3 [internal function]: CodeIgniter\Autoloader\Autoloader->loadClass('App\\Controllers\\Home')
 4 [internal function]: spl_autoload_call('App\\Controllers\\Home')
 5 SYSTEMPATH\CodeIgniter.php(873): class_exists('\\App\\Controllers\\Home', true)
 6 SYSTEMPATH\CodeIgniter.php(479): CodeIgniter\CodeIgniter->startController()
 7 SYSTEMPATH\CodeIgniter.php(353): CodeIgniter\CodeIgniter->handleRequest(null, Object(Config\Cache), false)
 8 FCPATH\index.php(79): CodeIgniter\CodeIgniter->run()
 9 SYSTEMPATH\Commands\Server\rewrite.php(47): require_once('E:\\frede\\public\\index.php')
