CRITICAL - 2023-12-24 07:52:07 --> Undefined property: App\Controllers\Home::$load
in APPPATH\Controllers\Home.php on line 708.
 1 APPPATH\Controllers\Home.php(708): CodeIgniter\Debug\Exceptions->errorHandler(2, 'Undefined property: App\\Controllers\\Home::$load', 'E:\\frede\\app\\Controllers\\Home.php', 708)
 2 SYSTEMPATH\CodeIgniter.php(915): App\Controllers\Home->Excel()
 3 SYSTEMPATH\CodeIgniter.php(492): CodeIgniter\CodeIgniter->runController(Object(App\Controllers\Home))
 4 SYSTEMPATH\CodeIgniter.php(353): CodeIgniter\CodeIgniter->handleRequest(null, Object(Config\Cache), false)
 5 FCPATH\index.php(79): CodeIgniter\CodeIgniter->run()
 6 SYSTEMPATH\Commands\Server\rewrite.php(47): require_once('E:\\frede\\public\\index.php')
CRITICAL - 2023-12-24 07:53:32 --> Unclosed '{' on line 8
in APPPATH\Controllers\Home.php on line 712.
 1 SYSTEMPATH\Autoloader\Autoloader.php(285): CodeIgniter\Autoloader\Autoloader->includeFile('E:\\frede\\app\\Controllers\\Home.php')
 2 SYSTEMPATH\Autoloader\Autoloader.php(263): CodeIgniter\Autoloader\Autoloader->loadInNamespace('App\\Controllers\\Home')
 3 [internal function]: CodeIgniter\Autoloader\Autoloader->loadClass('App\\Controllers\\Home')
 4 SYSTEMPATH\CodeIgniter.php(873): class_exists('\\App\\Controllers\\Home', true)
 5 SYSTEMPATH\CodeIgniter.php(479): CodeIgniter\CodeIgniter->startController()
 6 SYSTEMPATH\CodeIgniter.php(353): CodeIgniter\CodeIgniter->handleRequest(null, Object(Config\Cache), false)
 7 FCPATH\index.php(79): CodeIgniter\CodeIgniter->run()
 8 SYSTEMPATH\Commands\Server\rewrite.php(47): require_once('E:\\frede\\public\\index.php')
CRITICAL - 2023-12-24 07:53:41 --> Call to undefined method CodeIgniter\Database\MySQLi\Connection::get()
in APPPATH\Models\M_tiff.php on line 108.
 1 APPPATH\Controllers\Home.php(709): App\Models\M_tiff->getDataBarang()
 2 SYSTEMPATH\CodeIgniter.php(915): App\Controllers\Home->Excel()
 3 SYSTEMPATH\CodeIgniter.php(492): CodeIgniter\CodeIgniter->runController(Object(App\Controllers\Home))
 4 SYSTEMPATH\CodeIgniter.php(353): CodeIgniter\CodeIgniter->handleRequest(null, Object(Config\Cache), false)
 5 FCPATH\index.php(79): CodeIgniter\CodeIgniter->run()
 6 SYSTEMPATH\Commands\Server\rewrite.php(47): require_once('E:\\frede\\public\\index.php')
CRITICAL - 2023-12-24 07:54:02 --> Call to undefined method CodeIgniter\Database\MySQLi\Connection::get()
in APPPATH\Models\M_tiff.php on line 108.
 1 APPPATH\Controllers\Home.php(709): App\Models\M_tiff->getDataBarang()
 2 SYSTEMPATH\CodeIgniter.php(915): App\Controllers\Home->Excel()
 3 SYSTEMPATH\CodeIgniter.php(492): CodeIgniter\CodeIgniter->runController(Object(App\Controllers\Home))
 4 SYSTEMPATH\CodeIgniter.php(353): CodeIgniter\CodeIgniter->handleRequest(null, Object(Config\Cache), false)
 5 FCPATH\index.php(79): CodeIgniter\CodeIgniter->run()
 6 SYSTEMPATH\Commands\Server\rewrite.php(47): require_once('E:\\frede\\public\\index.php')
CRITICAL - 2023-12-24 07:54:03 --> Call to undefined method CodeIgniter\Database\MySQLi\Connection::get()
in APPPATH\Models\M_tiff.php on line 108.
 1 APPPATH\Controllers\Home.php(709): App\Models\M_tiff->getDataBarang()
 2 SYSTEMPATH\CodeIgniter.php(915): App\Controllers\Home->Excel()
 3 SYSTEMPATH\CodeIgniter.php(492): CodeIgniter\CodeIgniter->runController(Object(App\Controllers\Home))
 4 SYSTEMPATH\CodeIgniter.php(353): CodeIgniter\CodeIgniter->handleRequest(null, Object(Config\Cache), false)
 5 FCPATH\index.php(79): CodeIgniter\CodeIgniter->run()
 6 SYSTEMPATH\Commands\Server\rewrite.php(47): require_once('E:\\frede\\public\\index.php')
CRITICAL - 2023-12-24 07:55:26 --> require_once(E:\frede\app\vendor/autoload.php): Failed to open stream: No such file or directory
in APPPATH\Views\excel.php on line 2.
 1 APPPATH\Views\excel.php(2): CodeIgniter\Debug\Exceptions->errorHandler(2, 'require_once(E:\\frede\\app\\vendor/autoload.php): Failed to open stream: No such file or directory', 'E:\\frede\\app\\Views\\excel.php', 2)
 2 APPPATH\Views\excel.php(2): require_once()
 3 SYSTEMPATH\View\View.php(226): include('E:\\frede\\app\\Views\\excel.php')
 4 SYSTEMPATH\View\View.php(229): CodeIgniter\View\View->CodeIgniter\View\{closure}()
 5 SYSTEMPATH\Common.php(1178): CodeIgniter\View\View->render('excel', [], true)
 6 APPPATH\Controllers\Home.php(710): view('excel', [...])
 7 SYSTEMPATH\CodeIgniter.php(915): App\Controllers\Home->Excel()
 8 SYSTEMPATH\CodeIgniter.php(492): CodeIgniter\CodeIgniter->runController(Object(App\Controllers\Home))
 9 SYSTEMPATH\CodeIgniter.php(353): CodeIgniter\CodeIgniter->handleRequest(null, Object(Config\Cache), false)
10 FCPATH\index.php(79): CodeIgniter\CodeIgniter->run()
11 SYSTEMPATH\Commands\Server\rewrite.php(47): require_once('E:\\frede\\public\\index.php')
CRITICAL - 2023-12-24 07:56:08 --> Call to undefined method CodeIgniter\Database\MySQLi\Connection::get()
in APPPATH\Models\M_tiff.php on line 108.
 1 APPPATH\Controllers\Home.php(709): App\Models\M_tiff->getDataBarang()
 2 SYSTEMPATH\CodeIgniter.php(915): App\Controllers\Home->Excel()
 3 SYSTEMPATH\CodeIgniter.php(492): CodeIgniter\CodeIgniter->runController(Object(App\Controllers\Home))
 4 SYSTEMPATH\CodeIgniter.php(353): CodeIgniter\CodeIgniter->handleRequest(null, Object(Config\Cache), false)
 5 FCPATH\index.php(79): CodeIgniter\CodeIgniter->run()
 6 SYSTEMPATH\Commands\Server\rewrite.php(47): require_once('E:\\frede\\public\\index.php')
CRITICAL - 2023-12-24 07:57:20 --> Call to undefined method CodeIgniter\Database\MySQLi\Connection::get()
in APPPATH\Models\M_tiff.php on line 108.
 1 APPPATH\Controllers\Home.php(709): App\Models\M_tiff->getDataBarang()
 2 SYSTEMPATH\CodeIgniter.php(915): App\Controllers\Home->Excel()
 3 SYSTEMPATH\CodeIgniter.php(492): CodeIgniter\CodeIgniter->runController(Object(App\Controllers\Home))
 4 SYSTEMPATH\CodeIgniter.php(353): CodeIgniter\CodeIgniter->handleRequest(null, Object(Config\Cache), false)
 5 FCPATH\index.php(79): CodeIgniter\CodeIgniter->run()
 6 SYSTEMPATH\Commands\Server\rewrite.php(47): require_once('E:\\frede\\public\\index.php')
CRITICAL - 2023-12-24 07:59:13 --> require_once(E:\frede\app\vendor/autoload.php): Failed to open stream: No such file or directory
in APPPATH\Views\excel.php on line 2.
 1 APPPATH\Views\excel.php(2): CodeIgniter\Debug\Exceptions->errorHandler(2, 'require_once(E:\\frede\\app\\vendor/autoload.php): Failed to open stream: No such file or directory', 'E:\\frede\\app\\Views\\excel.php', 2)
 2 APPPATH\Views\excel.php(2): require_once()
 3 SYSTEMPATH\View\View.php(226): include('E:\\frede\\app\\Views\\excel.php')
 4 SYSTEMPATH\View\View.php(229): CodeIgniter\View\View->CodeIgniter\View\{closure}()
 5 SYSTEMPATH\Common.php(1178): CodeIgniter\View\View->render('excel', [], true)
 6 APPPATH\Controllers\Home.php(710): view('excel', [...])
 7 SYSTEMPATH\CodeIgniter.php(915): App\Controllers\Home->Excel()
 8 SYSTEMPATH\CodeIgniter.php(492): CodeIgniter\CodeIgniter->runController(Object(App\Controllers\Home))
 9 SYSTEMPATH\CodeIgniter.php(353): CodeIgniter\CodeIgniter->handleRequest(null, Object(Config\Cache), false)
10 FCPATH\index.php(79): CodeIgniter\CodeIgniter->run()
11 SYSTEMPATH\Commands\Server\rewrite.php(47): require_once('E:\\frede\\public\\index.php')
CRITICAL - 2023-12-24 08:18:58 --> require_once(E:\frede\vendor/autoload.php): Failed to open stream: No such file or directory
in APPPATH\Views\priintpdf.php on line 3.
 1 APPPATH\Views\priintpdf.php(3): CodeIgniter\Debug\Exceptions->errorHandler(2, 'require_once(E:\\frede\\vendor/autoload.php): Failed to open stream: No such file or directory', 'E:\\frede\\app\\Views\\priintpdf.php', 3)
 2 APPPATH\Views\priintpdf.php(3): require_once()
 3 SYSTEMPATH\View\View.php(226): include('E:\\frede\\app\\Views\\priintpdf.php')
 4 SYSTEMPATH\View\View.php(229): CodeIgniter\View\View->CodeIgniter\View\{closure}()
 5 SYSTEMPATH\Common.php(1178): CodeIgniter\View\View->render('priintpdf', [], true)
 6 APPPATH\Controllers\Home.php(624): view('priintpdf', [...])
 7 SYSTEMPATH\CodeIgniter.php(915): App\Controllers\Home->pdf()
 8 SYSTEMPATH\CodeIgniter.php(492): CodeIgniter\CodeIgniter->runController(Object(App\Controllers\Home))
 9 SYSTEMPATH\CodeIgniter.php(353): CodeIgniter\CodeIgniter->handleRequest(null, Object(Config\Cache), false)
10 FCPATH\index.php(79): CodeIgniter\CodeIgniter->run()
11 SYSTEMPATH\Commands\Server\rewrite.php(47): require_once('E:\\frede\\public\\index.php')
