CRITICAL - 2024-01-07 11:53:23 --> Undefined property: stdClass::$nama_barang
in APPPATH\Views\lelang.php on line 65.
 1 APPPATH\Views\lelang.php(65): CodeIgniter\Debug\Exceptions->errorHandler(2, 'Undefined property: stdClass::$nama_barang', 'E:\\frede\\app\\Views\\lelang.php', 65)
 2 SYSTEMPATH\View\View.php(226): include('E:\\frede\\app\\Views\\lelang.php')
 3 SYSTEMPATH\View\View.php(229): CodeIgniter\View\View->CodeIgniter\View\{closure}()
 4 SYSTEMPATH\Common.php(1178): CodeIgniter\View\View->render('lelang', [], true)
 5 APPPATH\Controllers\Home.php(152): view('lelang', [...])
 6 SYSTEMPATH\CodeIgniter.php(915): App\Controllers\Home->lelang()
 7 SYSTEMPATH\CodeIgniter.php(492): CodeIgniter\CodeIgniter->runController(Object(App\Controllers\Home))
 8 SYSTEMPATH\CodeIgniter.php(353): CodeIgniter\CodeIgniter->handleRequest(null, Object(Config\Cache), false)
 9 FCPATH\index.php(79): CodeIgniter\CodeIgniter->run()
10 SYSTEMPATH\Commands\Server\rewrite.php(47): require_once('E:\\frede\\public\\index.php')
CRITICAL - 2024-01-07 11:54:39 --> Undefined property: stdClass::$nama_barang
in APPPATH\Views\lelang.php on line 65.
 1 APPPATH\Views\lelang.php(65): CodeIgniter\Debug\Exceptions->errorHandler(2, 'Undefined property: stdClass::$nama_barang', 'E:\\frede\\app\\Views\\lelang.php', 65)
 2 SYSTEMPATH\View\View.php(226): include('E:\\frede\\app\\Views\\lelang.php')
 3 SYSTEMPATH\View\View.php(229): CodeIgniter\View\View->CodeIgniter\View\{closure}()
 4 SYSTEMPATH\Common.php(1178): CodeIgniter\View\View->render('lelang', [], true)
 5 APPPATH\Controllers\Home.php(152): view('lelang', [...])
 6 SYSTEMPATH\CodeIgniter.php(915): App\Controllers\Home->lelang()
 7 SYSTEMPATH\CodeIgniter.php(492): CodeIgniter\CodeIgniter->runController(Object(App\Controllers\Home))
 8 SYSTEMPATH\CodeIgniter.php(353): CodeIgniter\CodeIgniter->handleRequest(null, Object(Config\Cache), false)
 9 FCPATH\index.php(79): CodeIgniter\CodeIgniter->run()
10 SYSTEMPATH\Commands\Server\rewrite.php(47): require_once('E:\\frede\\public\\index.php')
CRITICAL - 2024-01-07 11:54:49 --> Undefined property: stdClass::$nama_barang
in APPPATH\Views\lelang.php on line 65.
 1 APPPATH\Views\lelang.php(65): CodeIgniter\Debug\Exceptions->errorHandler(2, 'Undefined property: stdClass::$nama_barang', 'E:\\frede\\app\\Views\\lelang.php', 65)
 2 SYSTEMPATH\View\View.php(226): include('E:\\frede\\app\\Views\\lelang.php')
 3 SYSTEMPATH\View\View.php(229): CodeIgniter\View\View->CodeIgniter\View\{closure}()
 4 SYSTEMPATH\Common.php(1178): CodeIgniter\View\View->render('lelang', [], true)
 5 APPPATH\Controllers\Home.php(152): view('lelang', [...])
 6 SYSTEMPATH\CodeIgniter.php(915): App\Controllers\Home->lelang()
 7 SYSTEMPATH\CodeIgniter.php(492): CodeIgniter\CodeIgniter->runController(Object(App\Controllers\Home))
 8 SYSTEMPATH\CodeIgniter.php(353): CodeIgniter\CodeIgniter->handleRequest(null, Object(Config\Cache), false)
 9 FCPATH\index.php(79): CodeIgniter\CodeIgniter->run()
10 SYSTEMPATH\Commands\Server\rewrite.php(47): require_once('E:\\frede\\public\\index.php')
CRITICAL - 2024-01-07 11:55:49 --> Undefined property: stdClass::$nama_barang
in APPPATH\Views\lelang.php on line 65.
 1 APPPATH\Views\lelang.php(65): CodeIgniter\Debug\Exceptions->errorHandler(2, 'Undefined property: stdClass::$nama_barang', 'E:\\frede\\app\\Views\\lelang.php', 65)
 2 SYSTEMPATH\View\View.php(226): include('E:\\frede\\app\\Views\\lelang.php')
 3 SYSTEMPATH\View\View.php(229): CodeIgniter\View\View->CodeIgniter\View\{closure}()
 4 SYSTEMPATH\Common.php(1178): CodeIgniter\View\View->render('lelang', [], true)
 5 APPPATH\Controllers\Home.php(152): view('lelang', [...])
 6 SYSTEMPATH\CodeIgniter.php(915): App\Controllers\Home->lelang()
 7 SYSTEMPATH\CodeIgniter.php(492): CodeIgniter\CodeIgniter->runController(Object(App\Controllers\Home))
 8 SYSTEMPATH\CodeIgniter.php(353): CodeIgniter\CodeIgniter->handleRequest(null, Object(Config\Cache), false)
 9 FCPATH\index.php(79): CodeIgniter\CodeIgniter->run()
10 SYSTEMPATH\Commands\Server\rewrite.php(47): require_once('E:\\frede\\public\\index.php')
CRITICAL - 2024-01-07 11:55:52 --> Undefined property: stdClass::$nama_barang
in APPPATH\Views\lelang.php on line 65.
 1 APPPATH\Views\lelang.php(65): CodeIgniter\Debug\Exceptions->errorHandler(2, 'Undefined property: stdClass::$nama_barang', 'E:\\frede\\app\\Views\\lelang.php', 65)
 2 SYSTEMPATH\View\View.php(226): include('E:\\frede\\app\\Views\\lelang.php')
 3 SYSTEMPATH\View\View.php(229): CodeIgniter\View\View->CodeIgniter\View\{closure}()
 4 SYSTEMPATH\Common.php(1178): CodeIgniter\View\View->render('lelang', [], true)
 5 APPPATH\Controllers\Home.php(152): view('lelang', [...])
 6 SYSTEMPATH\CodeIgniter.php(915): App\Controllers\Home->lelang()
 7 SYSTEMPATH\CodeIgniter.php(492): CodeIgniter\CodeIgniter->runController(Object(App\Controllers\Home))
 8 SYSTEMPATH\CodeIgniter.php(353): CodeIgniter\CodeIgniter->handleRequest(null, Object(Config\Cache), false)
 9 FCPATH\index.php(79): CodeIgniter\CodeIgniter->run()
10 SYSTEMPATH\Commands\Server\rewrite.php(47): require_once('E:\\frede\\public\\index.php')
CRITICAL - 2024-01-07 11:55:53 --> Undefined property: stdClass::$nama_barang
in APPPATH\Views\lelang.php on line 65.
 1 APPPATH\Views\lelang.php(65): CodeIgniter\Debug\Exceptions->errorHandler(2, 'Undefined property: stdClass::$nama_barang', 'E:\\frede\\app\\Views\\lelang.php', 65)
 2 SYSTEMPATH\View\View.php(226): include('E:\\frede\\app\\Views\\lelang.php')
 3 SYSTEMPATH\View\View.php(229): CodeIgniter\View\View->CodeIgniter\View\{closure}()
 4 SYSTEMPATH\Common.php(1178): CodeIgniter\View\View->render('lelang', [], true)
 5 APPPATH\Controllers\Home.php(152): view('lelang', [...])
 6 SYSTEMPATH\CodeIgniter.php(915): App\Controllers\Home->lelang()
 7 SYSTEMPATH\CodeIgniter.php(492): CodeIgniter\CodeIgniter->runController(Object(App\Controllers\Home))
 8 SYSTEMPATH\CodeIgniter.php(353): CodeIgniter\CodeIgniter->handleRequest(null, Object(Config\Cache), false)
 9 FCPATH\index.php(79): CodeIgniter\CodeIgniter->run()
10 SYSTEMPATH\Commands\Server\rewrite.php(47): require_once('E:\\frede\\public\\index.php')
CRITICAL - 2024-01-07 12:00:19 --> Undefined property: stdClass::$nama_barang
in APPPATH\Views\lelang.php on line 65.
 1 APPPATH\Views\lelang.php(65): CodeIgniter\Debug\Exceptions->errorHandler(2, 'Undefined property: stdClass::$nama_barang', 'E:\\frede\\app\\Views\\lelang.php', 65)
 2 SYSTEMPATH\View\View.php(226): include('E:\\frede\\app\\Views\\lelang.php')
 3 SYSTEMPATH\View\View.php(229): CodeIgniter\View\View->CodeIgniter\View\{closure}()
 4 SYSTEMPATH\Common.php(1178): CodeIgniter\View\View->render('lelang', [], true)
 5 APPPATH\Controllers\Home.php(152): view('lelang', [...])
 6 SYSTEMPATH\CodeIgniter.php(915): App\Controllers\Home->lelang()
 7 SYSTEMPATH\CodeIgniter.php(492): CodeIgniter\CodeIgniter->runController(Object(App\Controllers\Home))
 8 SYSTEMPATH\CodeIgniter.php(353): CodeIgniter\CodeIgniter->handleRequest(null, Object(Config\Cache), false)
 9 FCPATH\index.php(79): CodeIgniter\CodeIgniter->run()
10 SYSTEMPATH\Commands\Server\rewrite.php(47): require_once('E:\\frede\\public\\index.php')
CRITICAL - 2024-01-07 12:00:57 --> Undefined property: stdClass::$nama_barang
in APPPATH\Views\lelang.php on line 65.
 1 APPPATH\Views\lelang.php(65): CodeIgniter\Debug\Exceptions->errorHandler(2, 'Undefined property: stdClass::$nama_barang', 'E:\\frede\\app\\Views\\lelang.php', 65)
 2 SYSTEMPATH\View\View.php(226): include('E:\\frede\\app\\Views\\lelang.php')
 3 SYSTEMPATH\View\View.php(229): CodeIgniter\View\View->CodeIgniter\View\{closure}()
 4 SYSTEMPATH\Common.php(1178): CodeIgniter\View\View->render('lelang', [], true)
 5 APPPATH\Controllers\Home.php(152): view('lelang', [...])
 6 SYSTEMPATH\CodeIgniter.php(915): App\Controllers\Home->lelang()
 7 SYSTEMPATH\CodeIgniter.php(492): CodeIgniter\CodeIgniter->runController(Object(App\Controllers\Home))
 8 SYSTEMPATH\CodeIgniter.php(353): CodeIgniter\CodeIgniter->handleRequest(null, Object(Config\Cache), false)
 9 FCPATH\index.php(79): CodeIgniter\CodeIgniter->run()
10 SYSTEMPATH\Commands\Server\rewrite.php(47): require_once('E:\\frede\\public\\index.php')
CRITICAL - 2024-01-07 12:02:01 --> Undefined property: stdClass::$nama_barang
in APPPATH\Views\lelang.php on line 65.
 1 APPPATH\Views\lelang.php(65): CodeIgniter\Debug\Exceptions->errorHandler(2, 'Undefined property: stdClass::$nama_barang', 'E:\\frede\\app\\Views\\lelang.php', 65)
 2 SYSTEMPATH\View\View.php(226): include('E:\\frede\\app\\Views\\lelang.php')
 3 SYSTEMPATH\View\View.php(229): CodeIgniter\View\View->CodeIgniter\View\{closure}()
 4 SYSTEMPATH\Common.php(1178): CodeIgniter\View\View->render('lelang', [], true)
 5 APPPATH\Controllers\Home.php(152): view('lelang', [...])
 6 SYSTEMPATH\CodeIgniter.php(915): App\Controllers\Home->lelang()
 7 SYSTEMPATH\CodeIgniter.php(492): CodeIgniter\CodeIgniter->runController(Object(App\Controllers\Home))
 8 SYSTEMPATH\CodeIgniter.php(353): CodeIgniter\CodeIgniter->handleRequest(null, Object(Config\Cache), false)
 9 FCPATH\index.php(79): CodeIgniter\CodeIgniter->run()
10 SYSTEMPATH\Commands\Server\rewrite.php(47): require_once('E:\\frede\\public\\index.php')
CRITICAL - 2024-01-07 12:02:03 --> Undefined property: stdClass::$nama_barang
in APPPATH\Views\lelang.php on line 65.
 1 APPPATH\Views\lelang.php(65): CodeIgniter\Debug\Exceptions->errorHandler(2, 'Undefined property: stdClass::$nama_barang', 'E:\\frede\\app\\Views\\lelang.php', 65)
 2 SYSTEMPATH\View\View.php(226): include('E:\\frede\\app\\Views\\lelang.php')
 3 SYSTEMPATH\View\View.php(229): CodeIgniter\View\View->CodeIgniter\View\{closure}()
 4 SYSTEMPATH\Common.php(1178): CodeIgniter\View\View->render('lelang', [], true)
 5 APPPATH\Controllers\Home.php(152): view('lelang', [...])
 6 SYSTEMPATH\CodeIgniter.php(915): App\Controllers\Home->lelang()
 7 SYSTEMPATH\CodeIgniter.php(492): CodeIgniter\CodeIgniter->runController(Object(App\Controllers\Home))
 8 SYSTEMPATH\CodeIgniter.php(353): CodeIgniter\CodeIgniter->handleRequest(null, Object(Config\Cache), false)
 9 FCPATH\index.php(79): CodeIgniter\CodeIgniter->run()
10 SYSTEMPATH\Commands\Server\rewrite.php(47): require_once('E:\\frede\\public\\index.php')
CRITICAL - 2024-01-07 12:02:04 --> Undefined property: stdClass::$nama_barang
in APPPATH\Views\lelang.php on line 65.
 1 APPPATH\Views\lelang.php(65): CodeIgniter\Debug\Exceptions->errorHandler(2, 'Undefined property: stdClass::$nama_barang', 'E:\\frede\\app\\Views\\lelang.php', 65)
 2 SYSTEMPATH\View\View.php(226): include('E:\\frede\\app\\Views\\lelang.php')
 3 SYSTEMPATH\View\View.php(229): CodeIgniter\View\View->CodeIgniter\View\{closure}()
 4 SYSTEMPATH\Common.php(1178): CodeIgniter\View\View->render('lelang', [], true)
 5 APPPATH\Controllers\Home.php(152): view('lelang', [...])
 6 SYSTEMPATH\CodeIgniter.php(915): App\Controllers\Home->lelang()
 7 SYSTEMPATH\CodeIgniter.php(492): CodeIgniter\CodeIgniter->runController(Object(App\Controllers\Home))
 8 SYSTEMPATH\CodeIgniter.php(353): CodeIgniter\CodeIgniter->handleRequest(null, Object(Config\Cache), false)
 9 FCPATH\index.php(79): CodeIgniter\CodeIgniter->run()
10 SYSTEMPATH\Commands\Server\rewrite.php(47): require_once('E:\\frede\\public\\index.php')
CRITICAL - 2024-01-07 12:02:38 --> Undefined property: stdClass::$nama_barang
in APPPATH\Views\lelang.php on line 65.
 1 APPPATH\Views\lelang.php(65): CodeIgniter\Debug\Exceptions->errorHandler(2, 'Undefined property: stdClass::$nama_barang', 'E:\\frede\\app\\Views\\lelang.php', 65)
 2 SYSTEMPATH\View\View.php(226): include('E:\\frede\\app\\Views\\lelang.php')
 3 SYSTEMPATH\View\View.php(229): CodeIgniter\View\View->CodeIgniter\View\{closure}()
 4 SYSTEMPATH\Common.php(1178): CodeIgniter\View\View->render('lelang', [], true)
 5 APPPATH\Controllers\Home.php(152): view('lelang', [...])
 6 SYSTEMPATH\CodeIgniter.php(915): App\Controllers\Home->lelang()
 7 SYSTEMPATH\CodeIgniter.php(492): CodeIgniter\CodeIgniter->runController(Object(App\Controllers\Home))
 8 SYSTEMPATH\CodeIgniter.php(353): CodeIgniter\CodeIgniter->handleRequest(null, Object(Config\Cache), false)
 9 FCPATH\index.php(79): CodeIgniter\CodeIgniter->run()
10 SYSTEMPATH\Commands\Server\rewrite.php(47): require_once('E:\\frede\\public\\index.php')
CRITICAL - 2024-01-07 12:04:11 --> Undefined property: stdClass::$nama_barang
in APPPATH\Views\lelang.php on line 65.
 1 APPPATH\Views\lelang.php(65): CodeIgniter\Debug\Exceptions->errorHandler(2, 'Undefined property: stdClass::$nama_barang', 'E:\\frede\\app\\Views\\lelang.php', 65)
 2 SYSTEMPATH\View\View.php(226): include('E:\\frede\\app\\Views\\lelang.php')
 3 SYSTEMPATH\View\View.php(229): CodeIgniter\View\View->CodeIgniter\View\{closure}()
 4 SYSTEMPATH\Common.php(1178): CodeIgniter\View\View->render('lelang', [], true)
 5 APPPATH\Controllers\Home.php(152): view('lelang', [...])
 6 SYSTEMPATH\CodeIgniter.php(915): App\Controllers\Home->lelang()
 7 SYSTEMPATH\CodeIgniter.php(492): CodeIgniter\CodeIgniter->runController(Object(App\Controllers\Home))
 8 SYSTEMPATH\CodeIgniter.php(353): CodeIgniter\CodeIgniter->handleRequest(null, Object(Config\Cache), false)
 9 FCPATH\index.php(79): CodeIgniter\CodeIgniter->run()
10 SYSTEMPATH\Commands\Server\rewrite.php(47): require_once('E:\\frede\\public\\index.php')
CRITICAL - 2024-01-07 12:04:12 --> Undefined property: stdClass::$nama_barang
in APPPATH\Views\lelang.php on line 65.
 1 APPPATH\Views\lelang.php(65): CodeIgniter\Debug\Exceptions->errorHandler(2, 'Undefined property: stdClass::$nama_barang', 'E:\\frede\\app\\Views\\lelang.php', 65)
 2 SYSTEMPATH\View\View.php(226): include('E:\\frede\\app\\Views\\lelang.php')
 3 SYSTEMPATH\View\View.php(229): CodeIgniter\View\View->CodeIgniter\View\{closure}()
 4 SYSTEMPATH\Common.php(1178): CodeIgniter\View\View->render('lelang', [], true)
 5 APPPATH\Controllers\Home.php(152): view('lelang', [...])
 6 SYSTEMPATH\CodeIgniter.php(915): App\Controllers\Home->lelang()
 7 SYSTEMPATH\CodeIgniter.php(492): CodeIgniter\CodeIgniter->runController(Object(App\Controllers\Home))
 8 SYSTEMPATH\CodeIgniter.php(353): CodeIgniter\CodeIgniter->handleRequest(null, Object(Config\Cache), false)
 9 FCPATH\index.php(79): CodeIgniter\CodeIgniter->run()
10 SYSTEMPATH\Commands\Server\rewrite.php(47): require_once('E:\\frede\\public\\index.php')
ERROR - 2024-01-07 12:08:21 --> mysqli_sql_exception: Unknown column 'nama_barang' in 'field list' in E:\frede\system\Database\MySQLi\Connection.php:306
Stack trace:
#0 E:\frede\system\Database\MySQLi\Connection.php(306): mysqli->query('INSERT INTO `tb...', 0)
#1 E:\frede\system\Database\BaseConnection.php(692): CodeIgniter\Database\MySQLi\Connection->execute('INSERT INTO `tb...')
#2 E:\frede\system\Database\BaseConnection.php(606): CodeIgniter\Database\BaseConnection->simpleQuery('INSERT INTO `tb...')
#3 E:\frede\system\Database\BaseBuilder.php(2309): CodeIgniter\Database\BaseConnection->query('INSERT INTO `tb...', Array, false)
#4 E:\frede\app\Models\M_tiff.php(50): CodeIgniter\Database\BaseBuilder->insert(Array)
#5 E:\frede\app\Controllers\Home.php(387): App\Models\M_tiff->tambah('tb_lelang', Array)
#6 E:\frede\system\CodeIgniter.php(915): App\Controllers\Home->aksi_t_lelang()
#7 E:\frede\system\CodeIgniter.php(492): CodeIgniter\CodeIgniter->runController(Object(App\Controllers\Home))
#8 E:\frede\system\CodeIgniter.php(353): CodeIgniter\CodeIgniter->handleRequest(NULL, Object(Config\Cache), false)
#9 E:\frede\public\index.php(79): CodeIgniter\CodeIgniter->run()
#10 E:\frede\system\Commands\Server\rewrite.php(47): require_once('E:\\frede\\public...')
#11 {main}
CRITICAL - 2024-01-07 12:08:22 --> Unknown column 'nama_barang' in 'field list'
in SYSTEMPATH\Database\BaseConnection.php on line 646.
 1 SYSTEMPATH\Database\BaseBuilder.php(2309): CodeIgniter\Database\BaseConnection->query('INSERT INTO `tb_lelang` (`nama_barang`, `tgl_lelang`, `harga_akhir`, `id_user`, `id_petugas`, `status`) VALUES (:nama_barang:, :tgl_lelang:, :harga_akhir:, :id_user:, :id_petugas:, :status:)', [...], false)
 2 APPPATH\Models\M_tiff.php(50): CodeIgniter\Database\BaseBuilder->insert([...])
 3 APPPATH\Controllers\Home.php(387): App\Models\M_tiff->tambah('tb_lelang', [...])
 4 SYSTEMPATH\CodeIgniter.php(915): App\Controllers\Home->aksi_t_lelang()
 5 SYSTEMPATH\CodeIgniter.php(492): CodeIgniter\CodeIgniter->runController(Object(App\Controllers\Home))
 6 SYSTEMPATH\CodeIgniter.php(353): CodeIgniter\CodeIgniter->handleRequest(null, Object(Config\Cache), false)
 7 FCPATH\index.php(79): CodeIgniter\CodeIgniter->run()
 8 SYSTEMPATH\Commands\Server\rewrite.php(47): require_once('E:\\frede\\public\\index.php')
CRITICAL - 2024-01-07 12:09:43 --> Undefined property: stdClass::$nama_barang
in APPPATH\Views\lelang.php on line 65.
 1 APPPATH\Views\lelang.php(65): CodeIgniter\Debug\Exceptions->errorHandler(2, 'Undefined property: stdClass::$nama_barang', 'E:\\frede\\app\\Views\\lelang.php', 65)
 2 SYSTEMPATH\View\View.php(226): include('E:\\frede\\app\\Views\\lelang.php')
 3 SYSTEMPATH\View\View.php(229): CodeIgniter\View\View->CodeIgniter\View\{closure}()
 4 SYSTEMPATH\Common.php(1178): CodeIgniter\View\View->render('lelang', [], true)
 5 APPPATH\Controllers\Home.php(152): view('lelang', [...])
 6 SYSTEMPATH\CodeIgniter.php(915): App\Controllers\Home->lelang()
 7 SYSTEMPATH\CodeIgniter.php(492): CodeIgniter\CodeIgniter->runController(Object(App\Controllers\Home))
 8 SYSTEMPATH\CodeIgniter.php(353): CodeIgniter\CodeIgniter->handleRequest(null, Object(Config\Cache), false)
 9 FCPATH\index.php(79): CodeIgniter\CodeIgniter->run()
10 SYSTEMPATH\Commands\Server\rewrite.php(47): require_once('E:\\frede\\public\\index.php')
