CRITICAL - 2024-01-08 03:36:05 --> Undefined property: stdClass::$nama_barang
in APPPATH\Views\lelang.php on line 65.
 1 APPPATH\Views\lelang.php(65): CodeIgniter\Debug\Exceptions->errorHandler(2, 'Undefined property: stdClass::$nama_barang', 'E:\\frede\\app\\Views\\lelang.php', 65)
 2 SYSTEMPATH\View\View.php(226): include('E:\\frede\\app\\Views\\lelang.php')
 3 SYSTEMPATH\View\View.php(229): CodeIgniter\View\View->CodeIgniter\View\{closure}()
 4 SYSTEMPATH\Common.php(1178): CodeIgniter\View\View->render('lelang', [], true)
 5 APPPATH\Controllers\Home.php(152): view('lelang', [...])
 6 SYSTEMPATH\CodeIgniter.php(915): App\Controllers\Home->lelang()
 7 SYSTEMPATH\CodeIgniter.php(492): CodeIgniter\CodeIgniter->runController(Object(App\Controllers\Home))
 8 SYSTEMPATH\CodeIgniter.php(353): CodeIgniter\CodeIgniter->handleRequest(null, Object(Config\Cache), false)
 9 FCPATH\index.php(79): CodeIgniter\CodeIgniter->run()
10 SYSTEMPATH\Commands\Server\rewrite.php(47): require_once('E:\\frede\\public\\index.php')
CRITICAL - 2024-01-08 03:36:54 --> Undefined property: stdClass::$nama_barang
in APPPATH\Views\lelang.php on line 65.
 1 APPPATH\Views\lelang.php(65): CodeIgniter\Debug\Exceptions->errorHandler(2, 'Undefined property: stdClass::$nama_barang', 'E:\\frede\\app\\Views\\lelang.php', 65)
 2 SYSTEMPATH\View\View.php(226): include('E:\\frede\\app\\Views\\lelang.php')
 3 SYSTEMPATH\View\View.php(229): CodeIgniter\View\View->CodeIgniter\View\{closure}()
 4 SYSTEMPATH\Common.php(1178): CodeIgniter\View\View->render('lelang', [], true)
 5 APPPATH\Controllers\Home.php(152): view('lelang', [...])
 6 SYSTEMPATH\CodeIgniter.php(915): App\Controllers\Home->lelang()
 7 SYSTEMPATH\CodeIgniter.php(492): CodeIgniter\CodeIgniter->runController(Object(App\Controllers\Home))
 8 SYSTEMPATH\CodeIgniter.php(353): CodeIgniter\CodeIgniter->handleRequest(null, Object(Config\Cache), false)
 9 FCPATH\index.php(79): CodeIgniter\CodeIgniter->run()
10 SYSTEMPATH\Commands\Server\rewrite.php(47): require_once('E:\\frede\\public\\index.php')
CRITICAL - 2024-01-08 03:42:40 --> Undefined property: stdClass::$nama_barang
in APPPATH\Views\lelang.php on line 65.
 1 APPPATH\Views\lelang.php(65): CodeIgniter\Debug\Exceptions->errorHandler(2, 'Undefined property: stdClass::$nama_barang', 'E:\\frede\\app\\Views\\lelang.php', 65)
 2 SYSTEMPATH\View\View.php(226): include('E:\\frede\\app\\Views\\lelang.php')
 3 SYSTEMPATH\View\View.php(229): CodeIgniter\View\View->CodeIgniter\View\{closure}()
 4 SYSTEMPATH\Common.php(1178): CodeIgniter\View\View->render('lelang', [], true)
 5 APPPATH\Controllers\Home.php(152): view('lelang', [...])
 6 SYSTEMPATH\CodeIgniter.php(915): App\Controllers\Home->lelang()
 7 SYSTEMPATH\CodeIgniter.php(492): CodeIgniter\CodeIgniter->runController(Object(App\Controllers\Home))
 8 SYSTEMPATH\CodeIgniter.php(353): CodeIgniter\CodeIgniter->handleRequest(null, Object(Config\Cache), false)
 9 FCPATH\index.php(79): CodeIgniter\CodeIgniter->run()
10 SYSTEMPATH\Commands\Server\rewrite.php(47): require_once('E:\\frede\\public\\index.php')
CRITICAL - 2024-01-08 03:42:41 --> Undefined property: stdClass::$nama_barang
in APPPATH\Views\lelang.php on line 65.
 1 APPPATH\Views\lelang.php(65): CodeIgniter\Debug\Exceptions->errorHandler(2, 'Undefined property: stdClass::$nama_barang', 'E:\\frede\\app\\Views\\lelang.php', 65)
 2 SYSTEMPATH\View\View.php(226): include('E:\\frede\\app\\Views\\lelang.php')
 3 SYSTEMPATH\View\View.php(229): CodeIgniter\View\View->CodeIgniter\View\{closure}()
 4 SYSTEMPATH\Common.php(1178): CodeIgniter\View\View->render('lelang', [], true)
 5 APPPATH\Controllers\Home.php(152): view('lelang', [...])
 6 SYSTEMPATH\CodeIgniter.php(915): App\Controllers\Home->lelang()
 7 SYSTEMPATH\CodeIgniter.php(492): CodeIgniter\CodeIgniter->runController(Object(App\Controllers\Home))
 8 SYSTEMPATH\CodeIgniter.php(353): CodeIgniter\CodeIgniter->handleRequest(null, Object(Config\Cache), false)
 9 FCPATH\index.php(79): CodeIgniter\CodeIgniter->run()
10 SYSTEMPATH\Commands\Server\rewrite.php(47): require_once('E:\\frede\\public\\index.php')
CRITICAL - 2024-01-08 03:59:40 --> Undefined variable $manda
in APPPATH\Views\e_lelang.php on line 13.
 1 APPPATH\Views\e_lelang.php(13): CodeIgniter\Debug\Exceptions->errorHandler(2, 'Undefined variable $manda', 'E:\\frede\\app\\Views\\e_lelang.php', 13)
 2 SYSTEMPATH\View\View.php(226): include('E:\\frede\\app\\Views\\e_lelang.php')
 3 SYSTEMPATH\View\View.php(229): CodeIgniter\View\View->CodeIgniter\View\{closure}()
 4 SYSTEMPATH\Common.php(1178): CodeIgniter\View\View->render('e_lelang', [], true)
 5 APPPATH\Controllers\Home.php(227): view('e_lelang', [...])
 6 SYSTEMPATH\CodeIgniter.php(915): App\Controllers\Home->edit_lelang('74')
 7 SYSTEMPATH\CodeIgniter.php(492): CodeIgniter\CodeIgniter->runController(Object(App\Controllers\Home))
 8 SYSTEMPATH\CodeIgniter.php(353): CodeIgniter\CodeIgniter->handleRequest(null, Object(Config\Cache), false)
 9 FCPATH\index.php(79): CodeIgniter\CodeIgniter->run()
10 SYSTEMPATH\Commands\Server\rewrite.php(47): require_once('E:\\frede\\public\\index.php')
CRITICAL - 2024-01-08 04:04:10 --> Undefined property: stdClass::$nama_petugas
in APPPATH\Views\e_lelang.php on line 29.
 1 APPPATH\Views\e_lelang.php(29): CodeIgniter\Debug\Exceptions->errorHandler(2, 'Undefined property: stdClass::$nama_petugas', 'E:\\frede\\app\\Views\\e_lelang.php', 29)
 2 SYSTEMPATH\View\View.php(226): include('E:\\frede\\app\\Views\\e_lelang.php')
 3 SYSTEMPATH\View\View.php(229): CodeIgniter\View\View->CodeIgniter\View\{closure}()
 4 SYSTEMPATH\Common.php(1178): CodeIgniter\View\View->render('e_lelang', [], true)
 5 APPPATH\Controllers\Home.php(227): view('e_lelang', [...])
 6 SYSTEMPATH\CodeIgniter.php(915): App\Controllers\Home->edit_lelang('74')
 7 SYSTEMPATH\CodeIgniter.php(492): CodeIgniter\CodeIgniter->runController(Object(App\Controllers\Home))
 8 SYSTEMPATH\CodeIgniter.php(353): CodeIgniter\CodeIgniter->handleRequest(null, Object(Config\Cache), false)
 9 FCPATH\index.php(79): CodeIgniter\CodeIgniter->run()
10 SYSTEMPATH\Commands\Server\rewrite.php(47): require_once('E:\\frede\\public\\index.php')
CRITICAL - 2024-01-08 12:15:48 --> Attempt to read property "nama_petugas" on null
in APPPATH\Views\e_petugas.php on line 9.
 1 APPPATH\Views\e_petugas.php(9): CodeIgniter\Debug\Exceptions->errorHandler(2, 'Attempt to read property "nama_petugas" on null', 'E:\\frede\\app\\Views\\e_petugas.php', 9)
 2 SYSTEMPATH\View\View.php(226): include('E:\\frede\\app\\Views\\e_petugas.php')
 3 SYSTEMPATH\View\View.php(229): CodeIgniter\View\View->CodeIgniter\View\{closure}()
 4 SYSTEMPATH\Common.php(1178): CodeIgniter\View\View->render('e_petugas', [], true)
 5 APPPATH\Controllers\Home.php(271): view('e_petugas', [...])
 6 SYSTEMPATH\CodeIgniter.php(915): App\Controllers\Home->edit_petugas('55')
 7 SYSTEMPATH\CodeIgniter.php(492): CodeIgniter\CodeIgniter->runController(Object(App\Controllers\Home))
 8 SYSTEMPATH\CodeIgniter.php(353): CodeIgniter\CodeIgniter->handleRequest(null, Object(Config\Cache), false)
 9 FCPATH\index.php(79): CodeIgniter\CodeIgniter->run()
10 SYSTEMPATH\Commands\Server\rewrite.php(47): require_once('E:\\frede\\public\\index.php')
