CRITICAL - 2023-12-25 07:32:17 --> Class "TCPDF" not found
in APPPATH\Views\priintpdf.php on line 11.
 1 SYSTEMPATH\View\View.php(226): include()
 2 SYSTEMPATH\View\View.php(229): CodeIgniter\View\View->CodeIgniter\View\{closure}()
 3 SYSTEMPATH\Common.php(1178): CodeIgniter\View\View->render('priintpdf', [], true)
 4 APPPATH\Controllers\Home.php(624): view('priintpdf', [...])
 5 SYSTEMPATH\CodeIgniter.php(915): App\Controllers\Home->pdf()
 6 SYSTEMPATH\CodeIgniter.php(492): CodeIgniter\CodeIgniter->runController(Object(App\Controllers\Home))
 7 SYSTEMPATH\CodeIgniter.php(353): CodeIgniter\CodeIgniter->handleRequest(null, Object(Config\Cache), false)
 8 FCPATH\index.php(79): CodeIgniter\CodeIgniter->run()
 9 SYSTEMPATH\Commands\Server\rewrite.php(47): require_once('E:\\frede\\public\\index.php')
CRITICAL - 2023-12-25 07:32:41 --> Class "TCPDF" not found
in APPPATH\Views\priintpdf.php on line 11.
 1 SYSTEMPATH\View\View.php(226): include()
 2 SYSTEMPATH\View\View.php(229): CodeIgniter\View\View->CodeIgniter\View\{closure}()
 3 SYSTEMPATH\Common.php(1178): CodeIgniter\View\View->render('priintpdf', [], true)
 4 APPPATH\Controllers\Home.php(624): view('priintpdf', [...])
 5 SYSTEMPATH\CodeIgniter.php(915): App\Controllers\Home->pdf()
 6 SYSTEMPATH\CodeIgniter.php(492): CodeIgniter\CodeIgniter->runController(Object(App\Controllers\Home))
 7 SYSTEMPATH\CodeIgniter.php(353): CodeIgniter\CodeIgniter->handleRequest(null, Object(Config\Cache), false)
 8 FCPATH\index.php(79): CodeIgniter\CodeIgniter->run()
 9 SYSTEMPATH\Commands\Server\rewrite.php(47): require_once('E:\\frede\\public\\index.php')
CRITICAL - 2023-12-25 07:43:28 --> require_once(E:\frede\app\vendor/autoload.php): Failed to open stream: No such file or directory
in APPPATH\Views\excel.php on line 2.
 1 APPPATH\Views\excel.php(2): CodeIgniter\Debug\Exceptions->errorHandler(2, 'require_once(E:\\frede\\app\\vendor/autoload.php): Failed to open stream: No such file or directory', 'E:\\frede\\app\\Views\\excel.php', 2)
 2 APPPATH\Views\excel.php(2): require_once()
 3 SYSTEMPATH\View\View.php(226): include('E:\\frede\\app\\Views\\excel.php')
 4 SYSTEMPATH\View\View.php(229): CodeIgniter\View\View->CodeIgniter\View\{closure}()
 5 SYSTEMPATH\Common.php(1178): CodeIgniter\View\View->render('excel', [], true)
 6 APPPATH\Controllers\Home.php(710): view('excel', [...])
 7 SYSTEMPATH\CodeIgniter.php(915): App\Controllers\Home->Excel()
 8 SYSTEMPATH\CodeIgniter.php(492): CodeIgniter\CodeIgniter->runController(Object(App\Controllers\Home))
 9 SYSTEMPATH\CodeIgniter.php(353): CodeIgniter\CodeIgniter->handleRequest(null, Object(Config\Cache), false)
10 FCPATH\index.php(79): CodeIgniter\CodeIgniter->run()
11 SYSTEMPATH\Commands\Server\rewrite.php(47): require_once('E:\\frede\\public\\index.php')
CRITICAL - 2023-12-25 07:49:44 --> require_once(E:\frede\app\vendor/autoload.php): Failed to open stream: No such file or directory
in APPPATH\Views\excel.php on line 2.
 1 APPPATH\Views\excel.php(2): CodeIgniter\Debug\Exceptions->errorHandler(2, 'require_once(E:\\frede\\app\\vendor/autoload.php): Failed to open stream: No such file or directory', 'E:\\frede\\app\\Views\\excel.php', 2)
 2 APPPATH\Views\excel.php(2): require_once()
 3 SYSTEMPATH\View\View.php(226): include('E:\\frede\\app\\Views\\excel.php')
 4 SYSTEMPATH\View\View.php(229): CodeIgniter\View\View->CodeIgniter\View\{closure}()
 5 SYSTEMPATH\Common.php(1178): CodeIgniter\View\View->render('excel', [], true)
 6 APPPATH\Controllers\Home.php(710): view('excel', [...])
 7 SYSTEMPATH\CodeIgniter.php(915): App\Controllers\Home->Excel()
 8 SYSTEMPATH\CodeIgniter.php(492): CodeIgniter\CodeIgniter->runController(Object(App\Controllers\Home))
 9 SYSTEMPATH\CodeIgniter.php(353): CodeIgniter\CodeIgniter->handleRequest(null, Object(Config\Cache), false)
10 FCPATH\index.php(79): CodeIgniter\CodeIgniter->run()
11 SYSTEMPATH\Commands\Server\rewrite.php(47): require_once('E:\\frede\\public\\index.php')
CRITICAL - 2023-12-25 07:49:46 --> require_once(E:\frede\app\vendor/autoload.php): Failed to open stream: No such file or directory
in APPPATH\Views\excel.php on line 2.
 1 APPPATH\Views\excel.php(2): CodeIgniter\Debug\Exceptions->errorHandler(2, 'require_once(E:\\frede\\app\\vendor/autoload.php): Failed to open stream: No such file or directory', 'E:\\frede\\app\\Views\\excel.php', 2)
 2 APPPATH\Views\excel.php(2): require_once()
 3 SYSTEMPATH\View\View.php(226): include('E:\\frede\\app\\Views\\excel.php')
 4 SYSTEMPATH\View\View.php(229): CodeIgniter\View\View->CodeIgniter\View\{closure}()
 5 SYSTEMPATH\Common.php(1178): CodeIgniter\View\View->render('excel', [], true)
 6 APPPATH\Controllers\Home.php(710): view('excel', [...])
 7 SYSTEMPATH\CodeIgniter.php(915): App\Controllers\Home->Excel()
 8 SYSTEMPATH\CodeIgniter.php(492): CodeIgniter\CodeIgniter->runController(Object(App\Controllers\Home))
 9 SYSTEMPATH\CodeIgniter.php(353): CodeIgniter\CodeIgniter->handleRequest(null, Object(Config\Cache), false)
10 FCPATH\index.php(79): CodeIgniter\CodeIgniter->run()
11 SYSTEMPATH\Commands\Server\rewrite.php(47): require_once('E:\\frede\\public\\index.php')
CRITICAL - 2023-12-25 07:49:47 --> require_once(E:\frede\app\vendor/autoload.php): Failed to open stream: No such file or directory
in APPPATH\Views\excel.php on line 2.
 1 APPPATH\Views\excel.php(2): CodeIgniter\Debug\Exceptions->errorHandler(2, 'require_once(E:\\frede\\app\\vendor/autoload.php): Failed to open stream: No such file or directory', 'E:\\frede\\app\\Views\\excel.php', 2)
 2 APPPATH\Views\excel.php(2): require_once()
 3 SYSTEMPATH\View\View.php(226): include('E:\\frede\\app\\Views\\excel.php')
 4 SYSTEMPATH\View\View.php(229): CodeIgniter\View\View->CodeIgniter\View\{closure}()
 5 SYSTEMPATH\Common.php(1178): CodeIgniter\View\View->render('excel', [], true)
 6 APPPATH\Controllers\Home.php(710): view('excel', [...])
 7 SYSTEMPATH\CodeIgniter.php(915): App\Controllers\Home->Excel()
 8 SYSTEMPATH\CodeIgniter.php(492): CodeIgniter\CodeIgniter->runController(Object(App\Controllers\Home))
 9 SYSTEMPATH\CodeIgniter.php(353): CodeIgniter\CodeIgniter->handleRequest(null, Object(Config\Cache), false)
10 FCPATH\index.php(79): CodeIgniter\CodeIgniter->run()
11 SYSTEMPATH\Commands\Server\rewrite.php(47): require_once('E:\\frede\\public\\index.php')
CRITICAL - 2023-12-25 07:55:39 --> require_once(E:\frede\app\vendor/autoload.php): Failed to open stream: No such file or directory
in APPPATH\Views\excel.php on line 2.
 1 APPPATH\Views\excel.php(2): CodeIgniter\Debug\Exceptions->errorHandler(2, 'require_once(E:\\frede\\app\\vendor/autoload.php): Failed to open stream: No such file or directory', 'E:\\frede\\app\\Views\\excel.php', 2)
 2 APPPATH\Views\excel.php(2): require_once()
 3 SYSTEMPATH\View\View.php(226): include('E:\\frede\\app\\Views\\excel.php')
 4 SYSTEMPATH\View\View.php(229): CodeIgniter\View\View->CodeIgniter\View\{closure}()
 5 SYSTEMPATH\Common.php(1178): CodeIgniter\View\View->render('excel', [], true)
 6 APPPATH\Controllers\Home.php(710): view('excel', [...])
 7 SYSTEMPATH\CodeIgniter.php(915): App\Controllers\Home->Excel()
 8 SYSTEMPATH\CodeIgniter.php(492): CodeIgniter\CodeIgniter->runController(Object(App\Controllers\Home))
 9 SYSTEMPATH\CodeIgniter.php(353): CodeIgniter\CodeIgniter->handleRequest(null, Object(Config\Cache), false)
10 FCPATH\index.php(79): CodeIgniter\CodeIgniter->run()
11 SYSTEMPATH\Commands\Server\rewrite.php(47): require_once('E:\\frede\\public\\index.php')
CRITICAL - 2023-12-25 07:56:05 --> require_once(E:\frede\app\vendor/autoload.php): Failed to open stream: No such file or directory
in APPPATH\Views\excel.php on line 2.
 1 APPPATH\Views\excel.php(2): CodeIgniter\Debug\Exceptions->errorHandler(2, 'require_once(E:\\frede\\app\\vendor/autoload.php): Failed to open stream: No such file or directory', 'E:\\frede\\app\\Views\\excel.php', 2)
 2 APPPATH\Views\excel.php(2): require_once()
 3 SYSTEMPATH\View\View.php(226): include('E:\\frede\\app\\Views\\excel.php')
 4 SYSTEMPATH\View\View.php(229): CodeIgniter\View\View->CodeIgniter\View\{closure}()
 5 SYSTEMPATH\Common.php(1178): CodeIgniter\View\View->render('excel', [], true)
 6 APPPATH\Controllers\Home.php(710): view('excel', [...])
 7 SYSTEMPATH\CodeIgniter.php(915): App\Controllers\Home->Excel()
 8 SYSTEMPATH\CodeIgniter.php(492): CodeIgniter\CodeIgniter->runController(Object(App\Controllers\Home))
 9 SYSTEMPATH\CodeIgniter.php(353): CodeIgniter\CodeIgniter->handleRequest(null, Object(Config\Cache), false)
10 FCPATH\index.php(79): CodeIgniter\CodeIgniter->run()
11 SYSTEMPATH\Commands\Server\rewrite.php(47): require_once('E:\\frede\\public\\index.php')
