ERROR - 2023-12-06 05:22:23 --> mysqli_sql_exception: Duplicate entry '1' for key 'PRIMARY' in E:\frede\system\Database\MySQLi\Connection.php:306
Stack trace:
#0 E:\frede\system\Database\MySQLi\Connection.php(306): mysqli->query('INSERT INTO `us...', 0)
#1 E:\frede\system\Database\BaseConnection.php(692): CodeIgniter\Database\MySQLi\Connection->execute('INSERT INTO `us...')
#2 E:\frede\system\Database\BaseConnection.php(606): CodeIgniter\Database\BaseConnection->simpleQuery('INSERT INTO `us...')
#3 E:\frede\system\Database\BaseBuilder.php(2309): CodeIgniter\Database\BaseConnection->query('INSERT INTO `us...', Array, false)
#4 E:\frede\app\Models\M_tiff.php(37): CodeIgniter\Database\BaseBuilder->insert(Array)
#5 E:\frede\app\Controllers\Home.php(634): App\Models\M_tiff->tambah('users', Array)
#6 E:\frede\system\CodeIgniter.php(915): App\Controllers\Home->aksi_register()
#7 E:\frede\system\CodeIgniter.php(492): CodeIgniter\CodeIgniter->runController(Object(App\Controllers\Home))
#8 E:\frede\system\CodeIgniter.php(353): CodeIgniter\CodeIgniter->handleRequest(NULL, Object(Config\Cache), false)
#9 E:\frede\public\index.php(79): CodeIgniter\CodeIgniter->run()
#10 E:\frede\system\Commands\Server\rewrite.php(47): require_once('E:\\frede\\public...')
#11 {main}
CRITICAL - 2023-12-06 05:22:24 --> Duplicate entry '1' for key 'PRIMARY'
in SYSTEMPATH\Database\BaseConnection.php on line 646.
 1 SYSTEMPATH\Database\BaseBuilder.php(2309): CodeIgniter\Database\BaseConnection->query('INSERT INTO `users` (`username`, `password`, `email`, `id`) VALUES (:username:, :password:, :email:, :id:)', [...], false)
 2 APPPATH\Models\M_tiff.php(37): CodeIgniter\Database\BaseBuilder->insert([...])
 3 APPPATH\Controllers\Home.php(634): App\Models\M_tiff->tambah('users', [...])
 4 SYSTEMPATH\CodeIgniter.php(915): App\Controllers\Home->aksi_register()
 5 SYSTEMPATH\CodeIgniter.php(492): CodeIgniter\CodeIgniter->runController(Object(App\Controllers\Home))
 6 SYSTEMPATH\CodeIgniter.php(353): CodeIgniter\CodeIgniter->handleRequest(null, Object(Config\Cache), false)
 7 FCPATH\index.php(79): CodeIgniter\CodeIgniter->run()
 8 SYSTEMPATH\Commands\Server\rewrite.php(47): require_once('E:\\frede\\public\\index.php')
ERROR - 2023-12-06 05:22:28 --> mysqli_sql_exception: Duplicate entry '1' for key 'PRIMARY' in E:\frede\system\Database\MySQLi\Connection.php:306
Stack trace:
#0 E:\frede\system\Database\MySQLi\Connection.php(306): mysqli->query('INSERT INTO `us...', 0)
#1 E:\frede\system\Database\BaseConnection.php(692): CodeIgniter\Database\MySQLi\Connection->execute('INSERT INTO `us...')
#2 E:\frede\system\Database\BaseConnection.php(606): CodeIgniter\Database\BaseConnection->simpleQuery('INSERT INTO `us...')
#3 E:\frede\system\Database\BaseBuilder.php(2309): CodeIgniter\Database\BaseConnection->query('INSERT INTO `us...', Array, false)
#4 E:\frede\app\Models\M_tiff.php(37): CodeIgniter\Database\BaseBuilder->insert(Array)
#5 E:\frede\app\Controllers\Home.php(634): App\Models\M_tiff->tambah('users', Array)
#6 E:\frede\system\CodeIgniter.php(915): App\Controllers\Home->aksi_register()
#7 E:\frede\system\CodeIgniter.php(492): CodeIgniter\CodeIgniter->runController(Object(App\Controllers\Home))
#8 E:\frede\system\CodeIgniter.php(353): CodeIgniter\CodeIgniter->handleRequest(NULL, Object(Config\Cache), false)
#9 E:\frede\public\index.php(79): CodeIgniter\CodeIgniter->run()
#10 E:\frede\system\Commands\Server\rewrite.php(47): require_once('E:\\frede\\public...')
#11 {main}
CRITICAL - 2023-12-06 05:22:28 --> Duplicate entry '1' for key 'PRIMARY'
in SYSTEMPATH\Database\BaseConnection.php on line 646.
 1 SYSTEMPATH\Database\BaseBuilder.php(2309): CodeIgniter\Database\BaseConnection->query('INSERT INTO `users` (`username`, `password`, `email`, `id`) VALUES (:username:, :password:, :email:, :id:)', [...], false)
 2 APPPATH\Models\M_tiff.php(37): CodeIgniter\Database\BaseBuilder->insert([...])
 3 APPPATH\Controllers\Home.php(634): App\Models\M_tiff->tambah('users', [...])
 4 SYSTEMPATH\CodeIgniter.php(915): App\Controllers\Home->aksi_register()
 5 SYSTEMPATH\CodeIgniter.php(492): CodeIgniter\CodeIgniter->runController(Object(App\Controllers\Home))
 6 SYSTEMPATH\CodeIgniter.php(353): CodeIgniter\CodeIgniter->handleRequest(null, Object(Config\Cache), false)
 7 FCPATH\index.php(79): CodeIgniter\CodeIgniter->run()
 8 SYSTEMPATH\Commands\Server\rewrite.php(47): require_once('E:\\frede\\public\\index.php')
ERROR - 2023-12-06 05:22:28 --> mysqli_sql_exception: Duplicate entry '1' for key 'PRIMARY' in E:\frede\system\Database\MySQLi\Connection.php:306
Stack trace:
#0 E:\frede\system\Database\MySQLi\Connection.php(306): mysqli->query('INSERT INTO `us...', 0)
#1 E:\frede\system\Database\BaseConnection.php(692): CodeIgniter\Database\MySQLi\Connection->execute('INSERT INTO `us...')
#2 E:\frede\system\Database\BaseConnection.php(606): CodeIgniter\Database\BaseConnection->simpleQuery('INSERT INTO `us...')
#3 E:\frede\system\Database\BaseBuilder.php(2309): CodeIgniter\Database\BaseConnection->query('INSERT INTO `us...', Array, false)
#4 E:\frede\app\Models\M_tiff.php(37): CodeIgniter\Database\BaseBuilder->insert(Array)
#5 E:\frede\app\Controllers\Home.php(634): App\Models\M_tiff->tambah('users', Array)
#6 E:\frede\system\CodeIgniter.php(915): App\Controllers\Home->aksi_register()
#7 E:\frede\system\CodeIgniter.php(492): CodeIgniter\CodeIgniter->runController(Object(App\Controllers\Home))
#8 E:\frede\system\CodeIgniter.php(353): CodeIgniter\CodeIgniter->handleRequest(NULL, Object(Config\Cache), false)
#9 E:\frede\public\index.php(79): CodeIgniter\CodeIgniter->run()
#10 E:\frede\system\Commands\Server\rewrite.php(47): require_once('E:\\frede\\public...')
#11 {main}
CRITICAL - 2023-12-06 05:22:28 --> Duplicate entry '1' for key 'PRIMARY'
in SYSTEMPATH\Database\BaseConnection.php on line 646.
 1 SYSTEMPATH\Database\BaseBuilder.php(2309): CodeIgniter\Database\BaseConnection->query('INSERT INTO `users` (`username`, `password`, `email`, `id`) VALUES (:username:, :password:, :email:, :id:)', [...], false)
 2 APPPATH\Models\M_tiff.php(37): CodeIgniter\Database\BaseBuilder->insert([...])
 3 APPPATH\Controllers\Home.php(634): App\Models\M_tiff->tambah('users', [...])
 4 SYSTEMPATH\CodeIgniter.php(915): App\Controllers\Home->aksi_register()
 5 SYSTEMPATH\CodeIgniter.php(492): CodeIgniter\CodeIgniter->runController(Object(App\Controllers\Home))
 6 SYSTEMPATH\CodeIgniter.php(353): CodeIgniter\CodeIgniter->handleRequest(null, Object(Config\Cache), false)
 7 FCPATH\index.php(79): CodeIgniter\CodeIgniter->run()
 8 SYSTEMPATH\Commands\Server\rewrite.php(47): require_once('E:\\frede\\public\\index.php')
ERROR - 2023-12-06 05:22:28 --> mysqli_sql_exception: Duplicate entry '1' for key 'PRIMARY' in E:\frede\system\Database\MySQLi\Connection.php:306
Stack trace:
#0 E:\frede\system\Database\MySQLi\Connection.php(306): mysqli->query('INSERT INTO `us...', 0)
#1 E:\frede\system\Database\BaseConnection.php(692): CodeIgniter\Database\MySQLi\Connection->execute('INSERT INTO `us...')
#2 E:\frede\system\Database\BaseConnection.php(606): CodeIgniter\Database\BaseConnection->simpleQuery('INSERT INTO `us...')
#3 E:\frede\system\Database\BaseBuilder.php(2309): CodeIgniter\Database\BaseConnection->query('INSERT INTO `us...', Array, false)
#4 E:\frede\app\Models\M_tiff.php(37): CodeIgniter\Database\BaseBuilder->insert(Array)
#5 E:\frede\app\Controllers\Home.php(634): App\Models\M_tiff->tambah('users', Array)
#6 E:\frede\system\CodeIgniter.php(915): App\Controllers\Home->aksi_register()
#7 E:\frede\system\CodeIgniter.php(492): CodeIgniter\CodeIgniter->runController(Object(App\Controllers\Home))
#8 E:\frede\system\CodeIgniter.php(353): CodeIgniter\CodeIgniter->handleRequest(NULL, Object(Config\Cache), false)
#9 E:\frede\public\index.php(79): CodeIgniter\CodeIgniter->run()
#10 E:\frede\system\Commands\Server\rewrite.php(47): require_once('E:\\frede\\public...')
#11 {main}
CRITICAL - 2023-12-06 05:22:28 --> Duplicate entry '1' for key 'PRIMARY'
in SYSTEMPATH\Database\BaseConnection.php on line 646.
 1 SYSTEMPATH\Database\BaseBuilder.php(2309): CodeIgniter\Database\BaseConnection->query('INSERT INTO `users` (`username`, `password`, `email`, `id`) VALUES (:username:, :password:, :email:, :id:)', [...], false)
 2 APPPATH\Models\M_tiff.php(37): CodeIgniter\Database\BaseBuilder->insert([...])
 3 APPPATH\Controllers\Home.php(634): App\Models\M_tiff->tambah('users', [...])
 4 SYSTEMPATH\CodeIgniter.php(915): App\Controllers\Home->aksi_register()
 5 SYSTEMPATH\CodeIgniter.php(492): CodeIgniter\CodeIgniter->runController(Object(App\Controllers\Home))
 6 SYSTEMPATH\CodeIgniter.php(353): CodeIgniter\CodeIgniter->handleRequest(null, Object(Config\Cache), false)
 7 FCPATH\index.php(79): CodeIgniter\CodeIgniter->run()
 8 SYSTEMPATH\Commands\Server\rewrite.php(47): require_once('E:\\frede\\public\\index.php')
ERROR - 2023-12-06 05:22:29 --> mysqli_sql_exception: Duplicate entry '1' for key 'PRIMARY' in E:\frede\system\Database\MySQLi\Connection.php:306
Stack trace:
#0 E:\frede\system\Database\MySQLi\Connection.php(306): mysqli->query('INSERT INTO `us...', 0)
#1 E:\frede\system\Database\BaseConnection.php(692): CodeIgniter\Database\MySQLi\Connection->execute('INSERT INTO `us...')
#2 E:\frede\system\Database\BaseConnection.php(606): CodeIgniter\Database\BaseConnection->simpleQuery('INSERT INTO `us...')
#3 E:\frede\system\Database\BaseBuilder.php(2309): CodeIgniter\Database\BaseConnection->query('INSERT INTO `us...', Array, false)
#4 E:\frede\app\Models\M_tiff.php(37): CodeIgniter\Database\BaseBuilder->insert(Array)
#5 E:\frede\app\Controllers\Home.php(634): App\Models\M_tiff->tambah('users', Array)
#6 E:\frede\system\CodeIgniter.php(915): App\Controllers\Home->aksi_register()
#7 E:\frede\system\CodeIgniter.php(492): CodeIgniter\CodeIgniter->runController(Object(App\Controllers\Home))
#8 E:\frede\system\CodeIgniter.php(353): CodeIgniter\CodeIgniter->handleRequest(NULL, Object(Config\Cache), false)
#9 E:\frede\public\index.php(79): CodeIgniter\CodeIgniter->run()
#10 E:\frede\system\Commands\Server\rewrite.php(47): require_once('E:\\frede\\public...')
#11 {main}
CRITICAL - 2023-12-06 05:22:29 --> Duplicate entry '1' for key 'PRIMARY'
in SYSTEMPATH\Database\BaseConnection.php on line 646.
 1 SYSTEMPATH\Database\BaseBuilder.php(2309): CodeIgniter\Database\BaseConnection->query('INSERT INTO `users` (`username`, `password`, `email`, `id`) VALUES (:username:, :password:, :email:, :id:)', [...], false)
 2 APPPATH\Models\M_tiff.php(37): CodeIgniter\Database\BaseBuilder->insert([...])
 3 APPPATH\Controllers\Home.php(634): App\Models\M_tiff->tambah('users', [...])
 4 SYSTEMPATH\CodeIgniter.php(915): App\Controllers\Home->aksi_register()
 5 SYSTEMPATH\CodeIgniter.php(492): CodeIgniter\CodeIgniter->runController(Object(App\Controllers\Home))
 6 SYSTEMPATH\CodeIgniter.php(353): CodeIgniter\CodeIgniter->handleRequest(null, Object(Config\Cache), false)
 7 FCPATH\index.php(79): CodeIgniter\CodeIgniter->run()
 8 SYSTEMPATH\Commands\Server\rewrite.php(47): require_once('E:\\frede\\public\\index.php')
ERROR - 2023-12-06 05:22:29 --> mysqli_sql_exception: Duplicate entry '1' for key 'PRIMARY' in E:\frede\system\Database\MySQLi\Connection.php:306
Stack trace:
#0 E:\frede\system\Database\MySQLi\Connection.php(306): mysqli->query('INSERT INTO `us...', 0)
#1 E:\frede\system\Database\BaseConnection.php(692): CodeIgniter\Database\MySQLi\Connection->execute('INSERT INTO `us...')
#2 E:\frede\system\Database\BaseConnection.php(606): CodeIgniter\Database\BaseConnection->simpleQuery('INSERT INTO `us...')
#3 E:\frede\system\Database\BaseBuilder.php(2309): CodeIgniter\Database\BaseConnection->query('INSERT INTO `us...', Array, false)
#4 E:\frede\app\Models\M_tiff.php(37): CodeIgniter\Database\BaseBuilder->insert(Array)
#5 E:\frede\app\Controllers\Home.php(634): App\Models\M_tiff->tambah('users', Array)
#6 E:\frede\system\CodeIgniter.php(915): App\Controllers\Home->aksi_register()
#7 E:\frede\system\CodeIgniter.php(492): CodeIgniter\CodeIgniter->runController(Object(App\Controllers\Home))
#8 E:\frede\system\CodeIgniter.php(353): CodeIgniter\CodeIgniter->handleRequest(NULL, Object(Config\Cache), false)
#9 E:\frede\public\index.php(79): CodeIgniter\CodeIgniter->run()
#10 E:\frede\system\Commands\Server\rewrite.php(47): require_once('E:\\frede\\public...')
#11 {main}
CRITICAL - 2023-12-06 05:22:29 --> Duplicate entry '1' for key 'PRIMARY'
in SYSTEMPATH\Database\BaseConnection.php on line 646.
 1 SYSTEMPATH\Database\BaseBuilder.php(2309): CodeIgniter\Database\BaseConnection->query('INSERT INTO `users` (`username`, `password`, `email`, `id`) VALUES (:username:, :password:, :email:, :id:)', [...], false)
 2 APPPATH\Models\M_tiff.php(37): CodeIgniter\Database\BaseBuilder->insert([...])
 3 APPPATH\Controllers\Home.php(634): App\Models\M_tiff->tambah('users', [...])
 4 SYSTEMPATH\CodeIgniter.php(915): App\Controllers\Home->aksi_register()
 5 SYSTEMPATH\CodeIgniter.php(492): CodeIgniter\CodeIgniter->runController(Object(App\Controllers\Home))
 6 SYSTEMPATH\CodeIgniter.php(353): CodeIgniter\CodeIgniter->handleRequest(null, Object(Config\Cache), false)
 7 FCPATH\index.php(79): CodeIgniter\CodeIgniter->run()
 8 SYSTEMPATH\Commands\Server\rewrite.php(47): require_once('E:\\frede\\public\\index.php')
ERROR - 2023-12-06 05:23:42 --> mysqli_sql_exception: Duplicate entry '1' for key 'PRIMARY' in E:\frede\system\Database\MySQLi\Connection.php:306
Stack trace:
#0 E:\frede\system\Database\MySQLi\Connection.php(306): mysqli->query('INSERT INTO `us...', 0)
#1 E:\frede\system\Database\BaseConnection.php(692): CodeIgniter\Database\MySQLi\Connection->execute('INSERT INTO `us...')
#2 E:\frede\system\Database\BaseConnection.php(606): CodeIgniter\Database\BaseConnection->simpleQuery('INSERT INTO `us...')
#3 E:\frede\system\Database\BaseBuilder.php(2309): CodeIgniter\Database\BaseConnection->query('INSERT INTO `us...', Array, false)
#4 E:\frede\app\Models\M_tiff.php(37): CodeIgniter\Database\BaseBuilder->insert(Array)
#5 E:\frede\app\Controllers\Home.php(634): App\Models\M_tiff->tambah('users', Array)
#6 E:\frede\system\CodeIgniter.php(915): App\Controllers\Home->aksi_register()
#7 E:\frede\system\CodeIgniter.php(492): CodeIgniter\CodeIgniter->runController(Object(App\Controllers\Home))
#8 E:\frede\system\CodeIgniter.php(353): CodeIgniter\CodeIgniter->handleRequest(NULL, Object(Config\Cache), false)
#9 E:\frede\public\index.php(79): CodeIgniter\CodeIgniter->run()
#10 E:\frede\system\Commands\Server\rewrite.php(47): require_once('E:\\frede\\public...')
#11 {main}
CRITICAL - 2023-12-06 05:23:42 --> Duplicate entry '1' for key 'PRIMARY'
in SYSTEMPATH\Database\BaseConnection.php on line 646.
 1 SYSTEMPATH\Database\BaseBuilder.php(2309): CodeIgniter\Database\BaseConnection->query('INSERT INTO `users` (`username`, `password`, `email`, `id`) VALUES (:username:, :password:, :email:, :id:)', [...], false)
 2 APPPATH\Models\M_tiff.php(37): CodeIgniter\Database\BaseBuilder->insert([...])
 3 APPPATH\Controllers\Home.php(634): App\Models\M_tiff->tambah('users', [...])
 4 SYSTEMPATH\CodeIgniter.php(915): App\Controllers\Home->aksi_register()
 5 SYSTEMPATH\CodeIgniter.php(492): CodeIgniter\CodeIgniter->runController(Object(App\Controllers\Home))
 6 SYSTEMPATH\CodeIgniter.php(353): CodeIgniter\CodeIgniter->handleRequest(null, Object(Config\Cache), false)
 7 FCPATH\index.php(79): CodeIgniter\CodeIgniter->run()
 8 SYSTEMPATH\Commands\Server\rewrite.php(47): require_once('E:\\frede\\public\\index.php')
ERROR - 2023-12-06 05:23:44 --> mysqli_sql_exception: Duplicate entry '1' for key 'PRIMARY' in E:\frede\system\Database\MySQLi\Connection.php:306
Stack trace:
#0 E:\frede\system\Database\MySQLi\Connection.php(306): mysqli->query('INSERT INTO `us...', 0)
#1 E:\frede\system\Database\BaseConnection.php(692): CodeIgniter\Database\MySQLi\Connection->execute('INSERT INTO `us...')
#2 E:\frede\system\Database\BaseConnection.php(606): CodeIgniter\Database\BaseConnection->simpleQuery('INSERT INTO `us...')
#3 E:\frede\system\Database\BaseBuilder.php(2309): CodeIgniter\Database\BaseConnection->query('INSERT INTO `us...', Array, false)
#4 E:\frede\app\Models\M_tiff.php(37): CodeIgniter\Database\BaseBuilder->insert(Array)
#5 E:\frede\app\Controllers\Home.php(634): App\Models\M_tiff->tambah('users', Array)
#6 E:\frede\system\CodeIgniter.php(915): App\Controllers\Home->aksi_register()
#7 E:\frede\system\CodeIgniter.php(492): CodeIgniter\CodeIgniter->runController(Object(App\Controllers\Home))
#8 E:\frede\system\CodeIgniter.php(353): CodeIgniter\CodeIgniter->handleRequest(NULL, Object(Config\Cache), false)
#9 E:\frede\public\index.php(79): CodeIgniter\CodeIgniter->run()
#10 E:\frede\system\Commands\Server\rewrite.php(47): require_once('E:\\frede\\public...')
#11 {main}
CRITICAL - 2023-12-06 05:23:44 --> Duplicate entry '1' for key 'PRIMARY'
in SYSTEMPATH\Database\BaseConnection.php on line 646.
 1 SYSTEMPATH\Database\BaseBuilder.php(2309): CodeIgniter\Database\BaseConnection->query('INSERT INTO `users` (`username`, `password`, `email`, `id`) VALUES (:username:, :password:, :email:, :id:)', [...], false)
 2 APPPATH\Models\M_tiff.php(37): CodeIgniter\Database\BaseBuilder->insert([...])
 3 APPPATH\Controllers\Home.php(634): App\Models\M_tiff->tambah('users', [...])
 4 SYSTEMPATH\CodeIgniter.php(915): App\Controllers\Home->aksi_register()
 5 SYSTEMPATH\CodeIgniter.php(492): CodeIgniter\CodeIgniter->runController(Object(App\Controllers\Home))
 6 SYSTEMPATH\CodeIgniter.php(353): CodeIgniter\CodeIgniter->handleRequest(null, Object(Config\Cache), false)
 7 FCPATH\index.php(79): CodeIgniter\CodeIgniter->run()
 8 SYSTEMPATH\Commands\Server\rewrite.php(47): require_once('E:\\frede\\public\\index.php')
ERROR - 2023-12-06 05:24:37 --> mysqli_sql_exception: Duplicate entry '1' for key 'PRIMARY' in E:\frede\system\Database\MySQLi\Connection.php:306
Stack trace:
#0 E:\frede\system\Database\MySQLi\Connection.php(306): mysqli->query('INSERT INTO `us...', 0)
#1 E:\frede\system\Database\BaseConnection.php(692): CodeIgniter\Database\MySQLi\Connection->execute('INSERT INTO `us...')
#2 E:\frede\system\Database\BaseConnection.php(606): CodeIgniter\Database\BaseConnection->simpleQuery('INSERT INTO `us...')
#3 E:\frede\system\Database\BaseBuilder.php(2309): CodeIgniter\Database\BaseConnection->query('INSERT INTO `us...', Array, false)
#4 E:\frede\app\Models\M_tiff.php(37): CodeIgniter\Database\BaseBuilder->insert(Array)
#5 E:\frede\app\Controllers\Home.php(634): App\Models\M_tiff->tambah('users', Array)
#6 E:\frede\system\CodeIgniter.php(915): App\Controllers\Home->aksi_register()
#7 E:\frede\system\CodeIgniter.php(492): CodeIgniter\CodeIgniter->runController(Object(App\Controllers\Home))
#8 E:\frede\system\CodeIgniter.php(353): CodeIgniter\CodeIgniter->handleRequest(NULL, Object(Config\Cache), false)
#9 E:\frede\public\index.php(79): CodeIgniter\CodeIgniter->run()
#10 E:\frede\system\Commands\Server\rewrite.php(47): require_once('E:\\frede\\public...')
#11 {main}
CRITICAL - 2023-12-06 05:24:37 --> Duplicate entry '1' for key 'PRIMARY'
in SYSTEMPATH\Database\BaseConnection.php on line 646.
 1 SYSTEMPATH\Database\BaseBuilder.php(2309): CodeIgniter\Database\BaseConnection->query('INSERT INTO `users` (`username`, `password`, `email`, `id`) VALUES (:username:, :password:, :email:, :id:)', [...], false)
 2 APPPATH\Models\M_tiff.php(37): CodeIgniter\Database\BaseBuilder->insert([...])
 3 APPPATH\Controllers\Home.php(634): App\Models\M_tiff->tambah('users', [...])
 4 SYSTEMPATH\CodeIgniter.php(915): App\Controllers\Home->aksi_register()
 5 SYSTEMPATH\CodeIgniter.php(492): CodeIgniter\CodeIgniter->runController(Object(App\Controllers\Home))
 6 SYSTEMPATH\CodeIgniter.php(353): CodeIgniter\CodeIgniter->handleRequest(null, Object(Config\Cache), false)
 7 FCPATH\index.php(79): CodeIgniter\CodeIgniter->run()
 8 SYSTEMPATH\Commands\Server\rewrite.php(47): require_once('E:\\frede\\public\\index.php')
ERROR - 2023-12-06 05:25:38 --> mysqli_sql_exception: Duplicate entry '1' for key 'PRIMARY' in E:\frede\system\Database\MySQLi\Connection.php:306
Stack trace:
#0 E:\frede\system\Database\MySQLi\Connection.php(306): mysqli->query('INSERT INTO `us...', 0)
#1 E:\frede\system\Database\BaseConnection.php(692): CodeIgniter\Database\MySQLi\Connection->execute('INSERT INTO `us...')
#2 E:\frede\system\Database\BaseConnection.php(606): CodeIgniter\Database\BaseConnection->simpleQuery('INSERT INTO `us...')
#3 E:\frede\system\Database\BaseBuilder.php(2309): CodeIgniter\Database\BaseConnection->query('INSERT INTO `us...', Array, false)
#4 E:\frede\app\Models\M_tiff.php(37): CodeIgniter\Database\BaseBuilder->insert(Array)
#5 E:\frede\app\Controllers\Home.php(634): App\Models\M_tiff->tambah('users', Array)
#6 E:\frede\system\CodeIgniter.php(915): App\Controllers\Home->aksi_register()
#7 E:\frede\system\CodeIgniter.php(492): CodeIgniter\CodeIgniter->runController(Object(App\Controllers\Home))
#8 E:\frede\system\CodeIgniter.php(353): CodeIgniter\CodeIgniter->handleRequest(NULL, Object(Config\Cache), false)
#9 E:\frede\public\index.php(79): CodeIgniter\CodeIgniter->run()
#10 E:\frede\system\Commands\Server\rewrite.php(47): require_once('E:\\frede\\public...')
#11 {main}
CRITICAL - 2023-12-06 05:25:38 --> Duplicate entry '1' for key 'PRIMARY'
in SYSTEMPATH\Database\BaseConnection.php on line 646.
 1 SYSTEMPATH\Database\BaseBuilder.php(2309): CodeIgniter\Database\BaseConnection->query('INSERT INTO `users` (`username`, `password`, `email`, `id`) VALUES (:username:, :password:, :email:, :id:)', [...], false)
 2 APPPATH\Models\M_tiff.php(37): CodeIgniter\Database\BaseBuilder->insert([...])
 3 APPPATH\Controllers\Home.php(634): App\Models\M_tiff->tambah('users', [...])
 4 SYSTEMPATH\CodeIgniter.php(915): App\Controllers\Home->aksi_register()
 5 SYSTEMPATH\CodeIgniter.php(492): CodeIgniter\CodeIgniter->runController(Object(App\Controllers\Home))
 6 SYSTEMPATH\CodeIgniter.php(353): CodeIgniter\CodeIgniter->handleRequest(null, Object(Config\Cache), false)
 7 FCPATH\index.php(79): CodeIgniter\CodeIgniter->run()
 8 SYSTEMPATH\Commands\Server\rewrite.php(47): require_once('E:\\frede\\public\\index.php')
ERROR - 2023-12-06 05:26:22 --> mysqli_sql_exception: Duplicate entry '1' for key 'PRIMARY' in E:\frede\system\Database\MySQLi\Connection.php:306
Stack trace:
#0 E:\frede\system\Database\MySQLi\Connection.php(306): mysqli->query('INSERT INTO `us...', 0)
#1 E:\frede\system\Database\BaseConnection.php(692): CodeIgniter\Database\MySQLi\Connection->execute('INSERT INTO `us...')
#2 E:\frede\system\Database\BaseConnection.php(606): CodeIgniter\Database\BaseConnection->simpleQuery('INSERT INTO `us...')
#3 E:\frede\system\Database\BaseBuilder.php(2309): CodeIgniter\Database\BaseConnection->query('INSERT INTO `us...', Array, false)
#4 E:\frede\app\Models\M_tiff.php(37): CodeIgniter\Database\BaseBuilder->insert(Array)
#5 E:\frede\app\Controllers\Home.php(634): App\Models\M_tiff->tambah('users', Array)
#6 E:\frede\system\CodeIgniter.php(915): App\Controllers\Home->aksi_register()
#7 E:\frede\system\CodeIgniter.php(492): CodeIgniter\CodeIgniter->runController(Object(App\Controllers\Home))
#8 E:\frede\system\CodeIgniter.php(353): CodeIgniter\CodeIgniter->handleRequest(NULL, Object(Config\Cache), false)
#9 E:\frede\public\index.php(79): CodeIgniter\CodeIgniter->run()
#10 E:\frede\system\Commands\Server\rewrite.php(47): require_once('E:\\frede\\public...')
#11 {main}
CRITICAL - 2023-12-06 05:26:22 --> Duplicate entry '1' for key 'PRIMARY'
in SYSTEMPATH\Database\BaseConnection.php on line 646.
 1 SYSTEMPATH\Database\BaseBuilder.php(2309): CodeIgniter\Database\BaseConnection->query('INSERT INTO `users` (`username`, `password`, `email`, `id`) VALUES (:username:, :password:, :email:, :id:)', [...], false)
 2 APPPATH\Models\M_tiff.php(37): CodeIgniter\Database\BaseBuilder->insert([...])
 3 APPPATH\Controllers\Home.php(634): App\Models\M_tiff->tambah('users', [...])
 4 SYSTEMPATH\CodeIgniter.php(915): App\Controllers\Home->aksi_register()
 5 SYSTEMPATH\CodeIgniter.php(492): CodeIgniter\CodeIgniter->runController(Object(App\Controllers\Home))
 6 SYSTEMPATH\CodeIgniter.php(353): CodeIgniter\CodeIgniter->handleRequest(null, Object(Config\Cache), false)
 7 FCPATH\index.php(79): CodeIgniter\CodeIgniter->run()
 8 SYSTEMPATH\Commands\Server\rewrite.php(47): require_once('E:\\frede\\public\\index.php')
ERROR - 2023-12-06 05:30:18 --> mysqli_sql_exception: Duplicate entry '1' for key 'PRIMARY' in E:\frede\system\Database\MySQLi\Connection.php:306
Stack trace:
#0 E:\frede\system\Database\MySQLi\Connection.php(306): mysqli->query('INSERT INTO `us...', 0)
#1 E:\frede\system\Database\BaseConnection.php(692): CodeIgniter\Database\MySQLi\Connection->execute('INSERT INTO `us...')
#2 E:\frede\system\Database\BaseConnection.php(606): CodeIgniter\Database\BaseConnection->simpleQuery('INSERT INTO `us...')
#3 E:\frede\system\Database\BaseBuilder.php(2309): CodeIgniter\Database\BaseConnection->query('INSERT INTO `us...', Array, false)
#4 E:\frede\app\Models\M_tiff.php(37): CodeIgniter\Database\BaseBuilder->insert(Array)
#5 E:\frede\app\Controllers\Home.php(634): App\Models\M_tiff->tambah('users', Array)
#6 E:\frede\system\CodeIgniter.php(915): App\Controllers\Home->aksi_register()
#7 E:\frede\system\CodeIgniter.php(492): CodeIgniter\CodeIgniter->runController(Object(App\Controllers\Home))
#8 E:\frede\system\CodeIgniter.php(353): CodeIgniter\CodeIgniter->handleRequest(NULL, Object(Config\Cache), false)
#9 E:\frede\public\index.php(79): CodeIgniter\CodeIgniter->run()
#10 E:\frede\system\Commands\Server\rewrite.php(47): require_once('E:\\frede\\public...')
#11 {main}
CRITICAL - 2023-12-06 05:30:18 --> Duplicate entry '1' for key 'PRIMARY'
in SYSTEMPATH\Database\BaseConnection.php on line 646.
 1 SYSTEMPATH\Database\BaseBuilder.php(2309): CodeIgniter\Database\BaseConnection->query('INSERT INTO `users` (`username`, `password`, `email`, `id`) VALUES (:username:, :password:, :email:, :id:)', [...], false)
 2 APPPATH\Models\M_tiff.php(37): CodeIgniter\Database\BaseBuilder->insert([...])
 3 APPPATH\Controllers\Home.php(634): App\Models\M_tiff->tambah('users', [...])
 4 SYSTEMPATH\CodeIgniter.php(915): App\Controllers\Home->aksi_register()
 5 SYSTEMPATH\CodeIgniter.php(492): CodeIgniter\CodeIgniter->runController(Object(App\Controllers\Home))
 6 SYSTEMPATH\CodeIgniter.php(353): CodeIgniter\CodeIgniter->handleRequest(null, Object(Config\Cache), false)
 7 FCPATH\index.php(79): CodeIgniter\CodeIgniter->run()
 8 SYSTEMPATH\Commands\Server\rewrite.php(47): require_once('E:\\frede\\public\\index.php')
ERROR - 2023-12-06 05:31:18 --> mysqli_sql_exception: Duplicate entry '1' for key 'PRIMARY' in E:\frede\system\Database\MySQLi\Connection.php:306
Stack trace:
#0 E:\frede\system\Database\MySQLi\Connection.php(306): mysqli->query('INSERT INTO `us...', 0)
#1 E:\frede\system\Database\BaseConnection.php(692): CodeIgniter\Database\MySQLi\Connection->execute('INSERT INTO `us...')
#2 E:\frede\system\Database\BaseConnection.php(606): CodeIgniter\Database\BaseConnection->simpleQuery('INSERT INTO `us...')
#3 E:\frede\system\Database\BaseBuilder.php(2309): CodeIgniter\Database\BaseConnection->query('INSERT INTO `us...', Array, false)
#4 E:\frede\app\Models\M_tiff.php(37): CodeIgniter\Database\BaseBuilder->insert(Array)
#5 E:\frede\app\Controllers\Home.php(634): App\Models\M_tiff->tambah('users', Array)
#6 E:\frede\system\CodeIgniter.php(915): App\Controllers\Home->aksi_register()
#7 E:\frede\system\CodeIgniter.php(492): CodeIgniter\CodeIgniter->runController(Object(App\Controllers\Home))
#8 E:\frede\system\CodeIgniter.php(353): CodeIgniter\CodeIgniter->handleRequest(NULL, Object(Config\Cache), false)
#9 E:\frede\public\index.php(79): CodeIgniter\CodeIgniter->run()
#10 E:\frede\system\Commands\Server\rewrite.php(47): require_once('E:\\frede\\public...')
#11 {main}
CRITICAL - 2023-12-06 05:31:18 --> Duplicate entry '1' for key 'PRIMARY'
in SYSTEMPATH\Database\BaseConnection.php on line 646.
 1 SYSTEMPATH\Database\BaseBuilder.php(2309): CodeIgniter\Database\BaseConnection->query('INSERT INTO `users` (`username`, `password`, `email`, `id`) VALUES (:username:, :password:, :email:, :id:)', [...], false)
 2 APPPATH\Models\M_tiff.php(37): CodeIgniter\Database\BaseBuilder->insert([...])
 3 APPPATH\Controllers\Home.php(634): App\Models\M_tiff->tambah('users', [...])
 4 SYSTEMPATH\CodeIgniter.php(915): App\Controllers\Home->aksi_register()
 5 SYSTEMPATH\CodeIgniter.php(492): CodeIgniter\CodeIgniter->runController(Object(App\Controllers\Home))
 6 SYSTEMPATH\CodeIgniter.php(353): CodeIgniter\CodeIgniter->handleRequest(null, Object(Config\Cache), false)
 7 FCPATH\index.php(79): CodeIgniter\CodeIgniter->run()
 8 SYSTEMPATH\Commands\Server\rewrite.php(47): require_once('E:\\frede\\public\\index.php')
CRITICAL - 2023-12-06 05:32:21 --> Invalid argument supplied for foreach()
in APPPATH\Views\laporan.php on line 49.
 1 APPPATH\Views\laporan.php(49): CodeIgniter\Debug\Exceptions->errorHandler(2, 'Invalid argument supplied for foreach()', 'E:\\frede\\app\\Views\\laporan.php', 49, [...])
 2 SYSTEMPATH\View\View.php(226): include('E:\\frede\\app\\Views\\laporan.php')
 3 SYSTEMPATH\View\View.php(229): CodeIgniter\View\View->CodeIgniter\View\{closure}()
 4 SYSTEMPATH\Common.php(1178): CodeIgniter\View\View->render('laporan', [], true)
 5 APPPATH\Controllers\Home.php(600): view('laporan', [...])
 6 SYSTEMPATH\CodeIgniter.php(915): App\Controllers\Home->pdf()
 7 SYSTEMPATH\CodeIgniter.php(492): CodeIgniter\CodeIgniter->runController(Object(App\Controllers\Home))
 8 SYSTEMPATH\CodeIgniter.php(353): CodeIgniter\CodeIgniter->handleRequest(null, Object(Config\Cache), false)
 9 FCPATH\index.php(79): CodeIgniter\CodeIgniter->run()
10 SYSTEMPATH\Commands\Server\rewrite.php(47): require_once('E:\\frede\\public\\index.php')
CRITICAL - 2023-12-06 05:32:26 --> Invalid file: "print_barang.php"
in SYSTEMPATH\Exceptions\FrameworkException.php on line 39.
 1 SYSTEMPATH\View\View.php(214): CodeIgniter\Exceptions\FrameworkException::forInvalidFile('print_barang.php')
 2 SYSTEMPATH\Common.php(1178): CodeIgniter\View\View->render('print_barang', [], true)
 3 APPPATH\Controllers\Home.php(586): view('print_barang', [...])
 4 SYSTEMPATH\CodeIgniter.php(915): App\Controllers\Home->print()
 5 SYSTEMPATH\CodeIgniter.php(492): CodeIgniter\CodeIgniter->runController(Object(App\Controllers\Home))
 6 SYSTEMPATH\CodeIgniter.php(353): CodeIgniter\CodeIgniter->handleRequest(null, Object(Config\Cache), false)
 7 FCPATH\index.php(79): CodeIgniter\CodeIgniter->run()
 8 SYSTEMPATH\Commands\Server\rewrite.php(47): require_once('E:\\frede\\public\\index.php')
ERROR - 2023-12-06 05:34:01 --> mysqli_sql_exception: Table 'lelangonline.tb_history' doesn't exist in E:\frede\system\Database\MySQLi\Connection.php:306
Stack trace:
#0 E:\frede\system\Database\MySQLi\Connection.php(306): mysqli->query('SELECT *\nFROM `...', 0)
#1 E:\frede\system\Database\BaseConnection.php(692): CodeIgniter\Database\MySQLi\Connection->execute('SELECT *\nFROM `...')
#2 E:\frede\system\Database\BaseConnection.php(606): CodeIgniter\Database\BaseConnection->simpleQuery('SELECT *\nFROM `...')
#3 E:\frede\system\Database\BaseBuilder.php(1616): CodeIgniter\Database\BaseConnection->query('SELECT *\nFROM `...', Array, false)
#4 E:\frede\app\Models\M_tiff.php(19): CodeIgniter\Database\BaseBuilder->get()
#5 E:\frede\app\Controllers\Home.php(597): App\Models\M_tiff->tampil('tb_history', 'id_history')
#6 E:\frede\system\CodeIgniter.php(915): App\Controllers\Home->pdf()
#7 E:\frede\system\CodeIgniter.php(492): CodeIgniter\CodeIgniter->runController(Object(App\Controllers\Home))
#8 E:\frede\system\CodeIgniter.php(353): CodeIgniter\CodeIgniter->handleRequest(NULL, Object(Config\Cache), false)
#9 E:\frede\public\index.php(79): CodeIgniter\CodeIgniter->run()
#10 E:\frede\system\Commands\Server\rewrite.php(47): require_once('E:\\frede\\public...')
#11 {main}
CRITICAL - 2023-12-06 05:34:01 --> Table 'lelangonline.tb_history' doesn't exist
in SYSTEMPATH\Database\BaseConnection.php on line 646.
 1 SYSTEMPATH\Database\BaseBuilder.php(1616): CodeIgniter\Database\BaseConnection->query('SELECT *
FROM `tb_history`
ORDER BY `id_history` DESC', [], false)
 2 APPPATH\Models\M_tiff.php(19): CodeIgniter\Database\BaseBuilder->get()
 3 APPPATH\Controllers\Home.php(597): App\Models\M_tiff->tampil('tb_history', 'id_history')
 4 SYSTEMPATH\CodeIgniter.php(915): App\Controllers\Home->pdf()
 5 SYSTEMPATH\CodeIgniter.php(492): CodeIgniter\CodeIgniter->runController(Object(App\Controllers\Home))
 6 SYSTEMPATH\CodeIgniter.php(353): CodeIgniter\CodeIgniter->handleRequest(null, Object(Config\Cache), false)
 7 FCPATH\index.php(79): CodeIgniter\CodeIgniter->run()
 8 SYSTEMPATH\Commands\Server\rewrite.php(47): require_once('E:\\frede\\public\\index.php')
CRITICAL - 2023-12-06 05:34:29 --> Invalid argument supplied for foreach()
in APPPATH\Views\laporan.php on line 49.
 1 APPPATH\Views\laporan.php(49): CodeIgniter\Debug\Exceptions->errorHandler(2, 'Invalid argument supplied for foreach()', 'E:\\frede\\app\\Views\\laporan.php', 49, [...])
 2 SYSTEMPATH\View\View.php(226): include('E:\\frede\\app\\Views\\laporan.php')
 3 SYSTEMPATH\View\View.php(229): CodeIgniter\View\View->CodeIgniter\View\{closure}()
 4 SYSTEMPATH\Common.php(1178): CodeIgniter\View\View->render('laporan', [], true)
 5 APPPATH\Controllers\Home.php(600): view('laporan', [...])
 6 SYSTEMPATH\CodeIgniter.php(915): App\Controllers\Home->pdf()
 7 SYSTEMPATH\CodeIgniter.php(492): CodeIgniter\CodeIgniter->runController(Object(App\Controllers\Home))
 8 SYSTEMPATH\CodeIgniter.php(353): CodeIgniter\CodeIgniter->handleRequest(null, Object(Config\Cache), false)
 9 FCPATH\index.php(79): CodeIgniter\CodeIgniter->run()
10 SYSTEMPATH\Commands\Server\rewrite.php(47): require_once('E:\\frede\\public\\index.php')
CRITICAL - 2023-12-06 05:34:41 --> Invalid argument supplied for foreach()
in APPPATH\Views\laporan.php on line 49.
 1 APPPATH\Views\laporan.php(49): CodeIgniter\Debug\Exceptions->errorHandler(2, 'Invalid argument supplied for foreach()', 'E:\\frede\\app\\Views\\laporan.php', 49, [...])
 2 SYSTEMPATH\View\View.php(226): include('E:\\frede\\app\\Views\\laporan.php')
 3 SYSTEMPATH\View\View.php(229): CodeIgniter\View\View->CodeIgniter\View\{closure}()
 4 SYSTEMPATH\Common.php(1178): CodeIgniter\View\View->render('laporan', [], true)
 5 APPPATH\Controllers\Home.php(600): view('laporan', [...])
 6 SYSTEMPATH\CodeIgniter.php(915): App\Controllers\Home->pdf()
 7 SYSTEMPATH\CodeIgniter.php(492): CodeIgniter\CodeIgniter->runController(Object(App\Controllers\Home))
 8 SYSTEMPATH\CodeIgniter.php(353): CodeIgniter\CodeIgniter->handleRequest(null, Object(Config\Cache), false)
 9 FCPATH\index.php(79): CodeIgniter\CodeIgniter->run()
10 SYSTEMPATH\Commands\Server\rewrite.php(47): require_once('E:\\frede\\public\\index.php')
CRITICAL - 2023-12-06 05:34:41 --> Invalid argument supplied for foreach()
in APPPATH\Views\laporan.php on line 49.
 1 APPPATH\Views\laporan.php(49): CodeIgniter\Debug\Exceptions->errorHandler(2, 'Invalid argument supplied for foreach()', 'E:\\frede\\app\\Views\\laporan.php', 49, [...])
 2 SYSTEMPATH\View\View.php(226): include('E:\\frede\\app\\Views\\laporan.php')
 3 SYSTEMPATH\View\View.php(229): CodeIgniter\View\View->CodeIgniter\View\{closure}()
 4 SYSTEMPATH\Common.php(1178): CodeIgniter\View\View->render('laporan', [], true)
 5 APPPATH\Controllers\Home.php(600): view('laporan', [...])
 6 SYSTEMPATH\CodeIgniter.php(915): App\Controllers\Home->pdf()
 7 SYSTEMPATH\CodeIgniter.php(492): CodeIgniter\CodeIgniter->runController(Object(App\Controllers\Home))
 8 SYSTEMPATH\CodeIgniter.php(353): CodeIgniter\CodeIgniter->handleRequest(null, Object(Config\Cache), false)
 9 FCPATH\index.php(79): CodeIgniter\CodeIgniter->run()
10 SYSTEMPATH\Commands\Server\rewrite.php(47): require_once('E:\\frede\\public\\index.php')
CRITICAL - 2023-12-06 05:34:42 --> Invalid argument supplied for foreach()
in APPPATH\Views\laporan.php on line 49.
 1 APPPATH\Views\laporan.php(49): CodeIgniter\Debug\Exceptions->errorHandler(2, 'Invalid argument supplied for foreach()', 'E:\\frede\\app\\Views\\laporan.php', 49, [...])
 2 SYSTEMPATH\View\View.php(226): include('E:\\frede\\app\\Views\\laporan.php')
 3 SYSTEMPATH\View\View.php(229): CodeIgniter\View\View->CodeIgniter\View\{closure}()
 4 SYSTEMPATH\Common.php(1178): CodeIgniter\View\View->render('laporan', [], true)
 5 APPPATH\Controllers\Home.php(600): view('laporan', [...])
 6 SYSTEMPATH\CodeIgniter.php(915): App\Controllers\Home->pdf()
 7 SYSTEMPATH\CodeIgniter.php(492): CodeIgniter\CodeIgniter->runController(Object(App\Controllers\Home))
 8 SYSTEMPATH\CodeIgniter.php(353): CodeIgniter\CodeIgniter->handleRequest(null, Object(Config\Cache), false)
 9 FCPATH\index.php(79): CodeIgniter\CodeIgniter->run()
10 SYSTEMPATH\Commands\Server\rewrite.php(47): require_once('E:\\frede\\public\\index.php')
CRITICAL - 2023-12-06 05:34:42 --> Invalid argument supplied for foreach()
in APPPATH\Views\laporan.php on line 49.
 1 APPPATH\Views\laporan.php(49): CodeIgniter\Debug\Exceptions->errorHandler(2, 'Invalid argument supplied for foreach()', 'E:\\frede\\app\\Views\\laporan.php', 49, [...])
 2 SYSTEMPATH\View\View.php(226): include('E:\\frede\\app\\Views\\laporan.php')
 3 SYSTEMPATH\View\View.php(229): CodeIgniter\View\View->CodeIgniter\View\{closure}()
 4 SYSTEMPATH\Common.php(1178): CodeIgniter\View\View->render('laporan', [], true)
 5 APPPATH\Controllers\Home.php(600): view('laporan', [...])
 6 SYSTEMPATH\CodeIgniter.php(915): App\Controllers\Home->pdf()
 7 SYSTEMPATH\CodeIgniter.php(492): CodeIgniter\CodeIgniter->runController(Object(App\Controllers\Home))
 8 SYSTEMPATH\CodeIgniter.php(353): CodeIgniter\CodeIgniter->handleRequest(null, Object(Config\Cache), false)
 9 FCPATH\index.php(79): CodeIgniter\CodeIgniter->run()
10 SYSTEMPATH\Commands\Server\rewrite.php(47): require_once('E:\\frede\\public\\index.php')
CRITICAL - 2023-12-06 05:34:43 --> Invalid argument supplied for foreach()
in APPPATH\Views\laporan.php on line 49.
 1 APPPATH\Views\laporan.php(49): CodeIgniter\Debug\Exceptions->errorHandler(2, 'Invalid argument supplied for foreach()', 'E:\\frede\\app\\Views\\laporan.php', 49, [...])
 2 SYSTEMPATH\View\View.php(226): include('E:\\frede\\app\\Views\\laporan.php')
 3 SYSTEMPATH\View\View.php(229): CodeIgniter\View\View->CodeIgniter\View\{closure}()
 4 SYSTEMPATH\Common.php(1178): CodeIgniter\View\View->render('laporan', [], true)
 5 APPPATH\Controllers\Home.php(600): view('laporan', [...])
 6 SYSTEMPATH\CodeIgniter.php(915): App\Controllers\Home->pdf()
 7 SYSTEMPATH\CodeIgniter.php(492): CodeIgniter\CodeIgniter->runController(Object(App\Controllers\Home))
 8 SYSTEMPATH\CodeIgniter.php(353): CodeIgniter\CodeIgniter->handleRequest(null, Object(Config\Cache), false)
 9 FCPATH\index.php(79): CodeIgniter\CodeIgniter->run()
10 SYSTEMPATH\Commands\Server\rewrite.php(47): require_once('E:\\frede\\public\\index.php')
CRITICAL - 2023-12-06 05:34:53 --> Invalid argument supplied for foreach()
in APPPATH\Views\laporan.php on line 49.
 1 APPPATH\Views\laporan.php(49): CodeIgniter\Debug\Exceptions->errorHandler(2, 'Invalid argument supplied for foreach()', 'E:\\frede\\app\\Views\\laporan.php', 49, [...])
 2 SYSTEMPATH\View\View.php(226): include('E:\\frede\\app\\Views\\laporan.php')
 3 SYSTEMPATH\View\View.php(229): CodeIgniter\View\View->CodeIgniter\View\{closure}()
 4 SYSTEMPATH\Common.php(1178): CodeIgniter\View\View->render('laporan', [], true)
 5 APPPATH\Controllers\Home.php(600): view('laporan', [...])
 6 SYSTEMPATH\CodeIgniter.php(915): App\Controllers\Home->pdf()
 7 SYSTEMPATH\CodeIgniter.php(492): CodeIgniter\CodeIgniter->runController(Object(App\Controllers\Home))
 8 SYSTEMPATH\CodeIgniter.php(353): CodeIgniter\CodeIgniter->handleRequest(null, Object(Config\Cache), false)
 9 FCPATH\index.php(79): CodeIgniter\CodeIgniter->run()
10 SYSTEMPATH\Commands\Server\rewrite.php(47): require_once('E:\\frede\\public\\index.php')
CRITICAL - 2023-12-06 05:34:54 --> Invalid argument supplied for foreach()
in APPPATH\Views\laporan.php on line 49.
 1 APPPATH\Views\laporan.php(49): CodeIgniter\Debug\Exceptions->errorHandler(2, 'Invalid argument supplied for foreach()', 'E:\\frede\\app\\Views\\laporan.php', 49, [...])
 2 SYSTEMPATH\View\View.php(226): include('E:\\frede\\app\\Views\\laporan.php')
 3 SYSTEMPATH\View\View.php(229): CodeIgniter\View\View->CodeIgniter\View\{closure}()
 4 SYSTEMPATH\Common.php(1178): CodeIgniter\View\View->render('laporan', [], true)
 5 APPPATH\Controllers\Home.php(600): view('laporan', [...])
 6 SYSTEMPATH\CodeIgniter.php(915): App\Controllers\Home->pdf()
 7 SYSTEMPATH\CodeIgniter.php(492): CodeIgniter\CodeIgniter->runController(Object(App\Controllers\Home))
 8 SYSTEMPATH\CodeIgniter.php(353): CodeIgniter\CodeIgniter->handleRequest(null, Object(Config\Cache), false)
 9 FCPATH\index.php(79): CodeIgniter\CodeIgniter->run()
10 SYSTEMPATH\Commands\Server\rewrite.php(47): require_once('E:\\frede\\public\\index.php')
CRITICAL - 2023-12-06 05:34:54 --> Invalid argument supplied for foreach()
in APPPATH\Views\laporan.php on line 49.
 1 APPPATH\Views\laporan.php(49): CodeIgniter\Debug\Exceptions->errorHandler(2, 'Invalid argument supplied for foreach()', 'E:\\frede\\app\\Views\\laporan.php', 49, [...])
 2 SYSTEMPATH\View\View.php(226): include('E:\\frede\\app\\Views\\laporan.php')
 3 SYSTEMPATH\View\View.php(229): CodeIgniter\View\View->CodeIgniter\View\{closure}()
 4 SYSTEMPATH\Common.php(1178): CodeIgniter\View\View->render('laporan', [], true)
 5 APPPATH\Controllers\Home.php(600): view('laporan', [...])
 6 SYSTEMPATH\CodeIgniter.php(915): App\Controllers\Home->pdf()
 7 SYSTEMPATH\CodeIgniter.php(492): CodeIgniter\CodeIgniter->runController(Object(App\Controllers\Home))
 8 SYSTEMPATH\CodeIgniter.php(353): CodeIgniter\CodeIgniter->handleRequest(null, Object(Config\Cache), false)
 9 FCPATH\index.php(79): CodeIgniter\CodeIgniter->run()
10 SYSTEMPATH\Commands\Server\rewrite.php(47): require_once('E:\\frede\\public\\index.php')
CRITICAL - 2023-12-06 05:35:53 --> Invalid argument supplied for foreach()
in APPPATH\Views\laporan.php on line 49.
 1 APPPATH\Views\laporan.php(49): CodeIgniter\Debug\Exceptions->errorHandler(2, 'Invalid argument supplied for foreach()', 'E:\\frede\\app\\Views\\laporan.php', 49, [...])
 2 SYSTEMPATH\View\View.php(226): include('E:\\frede\\app\\Views\\laporan.php')
 3 SYSTEMPATH\View\View.php(229): CodeIgniter\View\View->CodeIgniter\View\{closure}()
 4 SYSTEMPATH\Common.php(1178): CodeIgniter\View\View->render('laporan', [], true)
 5 APPPATH\Controllers\Home.php(600): view('laporan', [...])
 6 SYSTEMPATH\CodeIgniter.php(915): App\Controllers\Home->pdf()
 7 SYSTEMPATH\CodeIgniter.php(492): CodeIgniter\CodeIgniter->runController(Object(App\Controllers\Home))
 8 SYSTEMPATH\CodeIgniter.php(353): CodeIgniter\CodeIgniter->handleRequest(null, Object(Config\Cache), false)
 9 FCPATH\index.php(79): CodeIgniter\CodeIgniter->run()
10 SYSTEMPATH\Commands\Server\rewrite.php(47): require_once('E:\\frede\\public\\index.php')
CRITICAL - 2023-12-06 05:35:54 --> Invalid argument supplied for foreach()
in APPPATH\Views\laporan.php on line 49.
 1 APPPATH\Views\laporan.php(49): CodeIgniter\Debug\Exceptions->errorHandler(2, 'Invalid argument supplied for foreach()', 'E:\\frede\\app\\Views\\laporan.php', 49, [...])
 2 SYSTEMPATH\View\View.php(226): include('E:\\frede\\app\\Views\\laporan.php')
 3 SYSTEMPATH\View\View.php(229): CodeIgniter\View\View->CodeIgniter\View\{closure}()
 4 SYSTEMPATH\Common.php(1178): CodeIgniter\View\View->render('laporan', [], true)
 5 APPPATH\Controllers\Home.php(600): view('laporan', [...])
 6 SYSTEMPATH\CodeIgniter.php(915): App\Controllers\Home->pdf()
 7 SYSTEMPATH\CodeIgniter.php(492): CodeIgniter\CodeIgniter->runController(Object(App\Controllers\Home))
 8 SYSTEMPATH\CodeIgniter.php(353): CodeIgniter\CodeIgniter->handleRequest(null, Object(Config\Cache), false)
 9 FCPATH\index.php(79): CodeIgniter\CodeIgniter->run()
10 SYSTEMPATH\Commands\Server\rewrite.php(47): require_once('E:\\frede\\public\\index.php')
CRITICAL - 2023-12-06 05:38:48 --> syntax error, unexpected ';', expecting ')'
in APPPATH\Controllers\Home.php on line 623.
 1 SYSTEMPATH\Autoloader\Autoloader.php(285): CodeIgniter\Autoloader\Autoloader->includeFile('E:\\frede\\app\\Controllers\\Home.php')
 2 SYSTEMPATH\Autoloader\Autoloader.php(263): CodeIgniter\Autoloader\Autoloader->loadInNamespace('App\\Controllers\\Home')
 3 [internal function]: CodeIgniter\Autoloader\Autoloader->loadClass('App\\Controllers\\Home')
 4 [internal function]: spl_autoload_call('App\\Controllers\\Home')
 5 SYSTEMPATH\CodeIgniter.php(873): class_exists('\\App\\Controllers\\Home', true)
 6 SYSTEMPATH\CodeIgniter.php(479): CodeIgniter\CodeIgniter->startController()
 7 SYSTEMPATH\CodeIgniter.php(353): CodeIgniter\CodeIgniter->handleRequest(null, Object(Config\Cache), false)
 8 FCPATH\index.php(79): CodeIgniter\CodeIgniter->run()
 9 SYSTEMPATH\Commands\Server\rewrite.php(47): require_once('E:\\frede\\public\\index.php')
