CRITICAL - 2023-11-14 00:30:29 --> syntax error, unexpected 'else' (T_ELSE), expecting function (T_FUNCTION) or const (T_CONST)
in APPPATH\Controllers\Home.php on line 43.
 1 SYSTEMPATH\Autoloader\Autoloader.php(285): CodeIgniter\Autoloader\Autoloader->includeFile('E:\\frede\\app\\Controllers\\Home.php')
 2 SYSTEMPATH\Autoloader\Autoloader.php(263): CodeIgniter\Autoloader\Autoloader->loadInNamespace('App\\Controllers\\Home')
 3 [internal function]: CodeIgniter\Autoloader\Autoloader->loadClass('App\\Controllers\\Home')
 4 [internal function]: spl_autoload_call('App\\Controllers\\Home')
 5 SYSTEMPATH\CodeIgniter.php(873): class_exists('\\App\\Controllers\\Home', true)
 6 SYSTEMPATH\CodeIgniter.php(479): CodeIgniter\CodeIgniter->startController()
 7 SYSTEMPATH\CodeIgniter.php(353): CodeIgniter\CodeIgniter->handleRequest(null, Object(Config\Cache), false)
 8 FCPATH\index.php(79): CodeIgniter\CodeIgniter->run()
 9 SYSTEMPATH\Commands\Server\rewrite.php(47): require_once('E:\\frede\\public\\index.php')
CRITICAL - 2023-11-14 00:32:29 --> Class 'App\Controllers\M_gudang' not found
in APPPATH\Controllers\Home.php on line 38.
 1 SYSTEMPATH\CodeIgniter.php(915): App\Controllers\Home->edit_barang('3')
 2 SYSTEMPATH\CodeIgniter.php(492): CodeIgniter\CodeIgniter->runController(Object(App\Controllers\Home))
 3 SYSTEMPATH\CodeIgniter.php(353): CodeIgniter\CodeIgniter->handleRequest(null, Object(Config\Cache), false)
 4 FCPATH\index.php(79): CodeIgniter\CodeIgniter->run()
 5 SYSTEMPATH\Commands\Server\rewrite.php(47): require_once('E:\\frede\\public\\index.php')
CRITICAL - 2023-11-14 00:32:47 --> Class 'App\Controllers\M_gudang' not found
in APPPATH\Controllers\Home.php on line 38.
 1 SYSTEMPATH\CodeIgniter.php(915): App\Controllers\Home->edit_barang('3')
 2 SYSTEMPATH\CodeIgniter.php(492): CodeIgniter\CodeIgniter->runController(Object(App\Controllers\Home))
 3 SYSTEMPATH\CodeIgniter.php(353): CodeIgniter\CodeIgniter->handleRequest(null, Object(Config\Cache), false)
 4 FCPATH\index.php(79): CodeIgniter\CodeIgniter->run()
 5 SYSTEMPATH\Commands\Server\rewrite.php(47): require_once('E:\\frede\\public\\index.php')
CRITICAL - 2023-11-14 00:33:04 --> Argument 2 passed to view() must be of the type array, null given, called in E:\frede\app\Controllers\Home.php on line 41
in SYSTEMPATH\Common.php on line 1166.
 1 APPPATH\Controllers\Home.php(41): view('e_barang', null)
 2 SYSTEMPATH\CodeIgniter.php(915): App\Controllers\Home->edit_barang('3')
 3 SYSTEMPATH\CodeIgniter.php(492): CodeIgniter\CodeIgniter->runController(Object(App\Controllers\Home))
 4 SYSTEMPATH\CodeIgniter.php(353): CodeIgniter\CodeIgniter->handleRequest(null, Object(Config\Cache), false)
 5 FCPATH\index.php(79): CodeIgniter\CodeIgniter->run()
 6 SYSTEMPATH\Commands\Server\rewrite.php(47): require_once('E:\\frede\\public\\index.php')
ERROR - 2023-11-14 00:33:33 --> mysqli_sql_exception: Duplicate entry '0' for key 'PRIMARY' in E:\frede\system\Database\MySQLi\Connection.php:306
Stack trace:
#0 E:\frede\system\Database\MySQLi\Connection.php(306): mysqli->query('INSERT INTO `tb...', 0)
#1 E:\frede\system\Database\BaseConnection.php(692): CodeIgniter\Database\MySQLi\Connection->execute('INSERT INTO `tb...')
#2 E:\frede\system\Database\BaseConnection.php(606): CodeIgniter\Database\BaseConnection->simpleQuery('INSERT INTO `tb...')
#3 E:\frede\system\Database\BaseBuilder.php(2309): CodeIgniter\Database\BaseConnection->query('INSERT INTO `tb...', Array, false)
#4 E:\frede\app\Models\M_tiff.php(32): CodeIgniter\Database\BaseBuilder->insert(Array)
#5 E:\frede\app\Controllers\Home.php(64): App\Models\M_tiff->tambah('tb_barang', Array)
#6 E:\frede\system\CodeIgniter.php(915): App\Controllers\Home->aksi_t_barang()
#7 E:\frede\system\CodeIgniter.php(492): CodeIgniter\CodeIgniter->runController(Object(App\Controllers\Home))
#8 E:\frede\system\CodeIgniter.php(353): CodeIgniter\CodeIgniter->handleRequest(NULL, Object(Config\Cache), false)
#9 E:\frede\public\index.php(79): CodeIgniter\CodeIgniter->run()
#10 E:\frede\system\Commands\Server\rewrite.php(47): require_once('E:\\frede\\public...')
#11 {main}
CRITICAL - 2023-11-14 00:33:33 --> Duplicate entry '0' for key 'PRIMARY'
in SYSTEMPATH\Database\BaseConnection.php on line 646.
 1 SYSTEMPATH\Database\BaseBuilder.php(2309): CodeIgniter\Database\BaseConnection->query('INSERT INTO `tb_barang` (`nama_barang`, `tanggal`, `harga_awal`, `deskripsi_barang`) VALUES (:nama_barang:, :tanggal:, :harga_awal:, :deskripsi_barang:)', [...], false)
 2 APPPATH\Models\M_tiff.php(32): CodeIgniter\Database\BaseBuilder->insert([...])
 3 APPPATH\Controllers\Home.php(64): App\Models\M_tiff->tambah('tb_barang', [...])
 4 SYSTEMPATH\CodeIgniter.php(915): App\Controllers\Home->aksi_t_barang()
 5 SYSTEMPATH\CodeIgniter.php(492): CodeIgniter\CodeIgniter->runController(Object(App\Controllers\Home))
 6 SYSTEMPATH\CodeIgniter.php(353): CodeIgniter\CodeIgniter->handleRequest(null, Object(Config\Cache), false)
 7 FCPATH\index.php(79): CodeIgniter\CodeIgniter->run()
 8 SYSTEMPATH\Commands\Server\rewrite.php(47): require_once('E:\\frede\\public\\index.php')
ERROR - 2023-11-14 00:36:50 --> mysqli_sql_exception: Table 'lelangonline.barang' doesn't exist in E:\frede\system\Database\MySQLi\Connection.php:306
Stack trace:
#0 E:\frede\system\Database\MySQLi\Connection.php(306): mysqli->query('DELETE FROM `ba...', 0)
#1 E:\frede\system\Database\BaseConnection.php(692): CodeIgniter\Database\MySQLi\Connection->execute('DELETE FROM `ba...')
#2 E:\frede\system\Database\BaseConnection.php(606): CodeIgniter\Database\BaseConnection->simpleQuery('DELETE FROM `ba...')
#3 E:\frede\system\Database\BaseBuilder.php(2791): CodeIgniter\Database\BaseConnection->query('DELETE FROM `ba...', Array, false)
#4 E:\frede\app\Models\M_tiff.php(43): CodeIgniter\Database\BaseBuilder->delete(Array)
#5 E:\frede\app\Controllers\Home.php(50): App\Models\M_tiff->hapus('barang', Array)
#6 E:\frede\system\CodeIgniter.php(915): App\Controllers\Home->hapus_barang('3')
#7 E:\frede\system\CodeIgniter.php(492): CodeIgniter\CodeIgniter->runController(Object(App\Controllers\Home))
#8 E:\frede\system\CodeIgniter.php(353): CodeIgniter\CodeIgniter->handleRequest(NULL, Object(Config\Cache), false)
#9 E:\frede\public\index.php(79): CodeIgniter\CodeIgniter->run()
#10 E:\frede\system\Commands\Server\rewrite.php(47): require_once('E:\\frede\\public...')
#11 {main}
CRITICAL - 2023-11-14 00:36:50 --> Table 'lelangonline.barang' doesn't exist
in SYSTEMPATH\Database\BaseConnection.php on line 646.
 1 SYSTEMPATH\Database\BaseBuilder.php(2791): CodeIgniter\Database\BaseConnection->query('DELETE FROM `barang`
WHERE `id_barang` = :id_barang:', [...], false)
 2 APPPATH\Models\M_tiff.php(43): CodeIgniter\Database\BaseBuilder->delete([...])
 3 APPPATH\Controllers\Home.php(50): App\Models\M_tiff->hapus('barang', [...])
 4 SYSTEMPATH\CodeIgniter.php(915): App\Controllers\Home->hapus_barang('3')
 5 SYSTEMPATH\CodeIgniter.php(492): CodeIgniter\CodeIgniter->runController(Object(App\Controllers\Home))
 6 SYSTEMPATH\CodeIgniter.php(353): CodeIgniter\CodeIgniter->handleRequest(null, Object(Config\Cache), false)
 7 FCPATH\index.php(79): CodeIgniter\CodeIgniter->run()
 8 SYSTEMPATH\Commands\Server\rewrite.php(47): require_once('E:\\frede\\public\\index.php')
ERROR - 2023-11-14 00:37:42 --> mysqli_sql_exception: Duplicate entry '0' for key 'PRIMARY' in E:\frede\system\Database\MySQLi\Connection.php:306
Stack trace:
#0 E:\frede\system\Database\MySQLi\Connection.php(306): mysqli->query('INSERT INTO `tb...', 0)
#1 E:\frede\system\Database\BaseConnection.php(692): CodeIgniter\Database\MySQLi\Connection->execute('INSERT INTO `tb...')
#2 E:\frede\system\Database\BaseConnection.php(606): CodeIgniter\Database\BaseConnection->simpleQuery('INSERT INTO `tb...')
#3 E:\frede\system\Database\BaseBuilder.php(2309): CodeIgniter\Database\BaseConnection->query('INSERT INTO `tb...', Array, false)
#4 E:\frede\app\Models\M_tiff.php(32): CodeIgniter\Database\BaseBuilder->insert(Array)
#5 E:\frede\app\Controllers\Home.php(72): App\Models\M_tiff->tambah('tb_barang', Array)
#6 E:\frede\system\CodeIgniter.php(915): App\Controllers\Home->aksi_t_barang()
#7 E:\frede\system\CodeIgniter.php(492): CodeIgniter\CodeIgniter->runController(Object(App\Controllers\Home))
#8 E:\frede\system\CodeIgniter.php(353): CodeIgniter\CodeIgniter->handleRequest(NULL, Object(Config\Cache), false)
#9 E:\frede\public\index.php(79): CodeIgniter\CodeIgniter->run()
#10 E:\frede\system\Commands\Server\rewrite.php(47): require_once('E:\\frede\\public...')
#11 {main}
CRITICAL - 2023-11-14 00:37:42 --> Duplicate entry '0' for key 'PRIMARY'
in SYSTEMPATH\Database\BaseConnection.php on line 646.
 1 SYSTEMPATH\Database\BaseBuilder.php(2309): CodeIgniter\Database\BaseConnection->query('INSERT INTO `tb_barang` (`nama_barang`, `tanggal`, `harga_awal`, `deskripsi_barang`) VALUES (:nama_barang:, :tanggal:, :harga_awal:, :deskripsi_barang:)', [...], false)
 2 APPPATH\Models\M_tiff.php(32): CodeIgniter\Database\BaseBuilder->insert([...])
 3 APPPATH\Controllers\Home.php(72): App\Models\M_tiff->tambah('tb_barang', [...])
 4 SYSTEMPATH\CodeIgniter.php(915): App\Controllers\Home->aksi_t_barang()
 5 SYSTEMPATH\CodeIgniter.php(492): CodeIgniter\CodeIgniter->runController(Object(App\Controllers\Home))
 6 SYSTEMPATH\CodeIgniter.php(353): CodeIgniter\CodeIgniter->handleRequest(null, Object(Config\Cache), false)
 7 FCPATH\index.php(79): CodeIgniter\CodeIgniter->run()
 8 SYSTEMPATH\Commands\Server\rewrite.php(47): require_once('E:\\frede\\public\\index.php')
CRITICAL - 2023-11-14 00:40:07 --> Too few arguments to function App\Models\M_tiff::tambah(), 1 passed in E:\frede\app\Controllers\Home.php on line 72 and exactly 2 expected
in APPPATH\Models\M_tiff.php on line 30.
 1 APPPATH\Controllers\Home.php(72): App\Models\M_tiff->tambah('tb_barang')
 2 SYSTEMPATH\CodeIgniter.php(915): App\Controllers\Home->aksi_t_barang()
 3 SYSTEMPATH\CodeIgniter.php(492): CodeIgniter\CodeIgniter->runController(Object(App\Controllers\Home))
 4 SYSTEMPATH\CodeIgniter.php(353): CodeIgniter\CodeIgniter->handleRequest(null, Object(Config\Cache), false)
 5 FCPATH\index.php(79): CodeIgniter\CodeIgniter->run()
 6 SYSTEMPATH\Commands\Server\rewrite.php(47): require_once('E:\\frede\\public\\index.php')
ERROR - 2023-11-14 00:40:50 --> mysqli_sql_exception: Duplicate entry '0' for key 'PRIMARY' in E:\frede\system\Database\MySQLi\Connection.php:306
Stack trace:
#0 E:\frede\system\Database\MySQLi\Connection.php(306): mysqli->query('INSERT INTO `tb...', 0)
#1 E:\frede\system\Database\BaseConnection.php(692): CodeIgniter\Database\MySQLi\Connection->execute('INSERT INTO `tb...')
#2 E:\frede\system\Database\BaseConnection.php(606): CodeIgniter\Database\BaseConnection->simpleQuery('INSERT INTO `tb...')
#3 E:\frede\system\Database\BaseBuilder.php(2309): CodeIgniter\Database\BaseConnection->query('INSERT INTO `tb...', Array, false)
#4 E:\frede\app\Models\M_tiff.php(32): CodeIgniter\Database\BaseBuilder->insert(Array)
#5 E:\frede\app\Controllers\Home.php(72): App\Models\M_tiff->tambah('tb_barang', Array)
#6 E:\frede\system\CodeIgniter.php(915): App\Controllers\Home->aksi_t_barang()
#7 E:\frede\system\CodeIgniter.php(492): CodeIgniter\CodeIgniter->runController(Object(App\Controllers\Home))
#8 E:\frede\system\CodeIgniter.php(353): CodeIgniter\CodeIgniter->handleRequest(NULL, Object(Config\Cache), false)
#9 E:\frede\public\index.php(79): CodeIgniter\CodeIgniter->run()
#10 E:\frede\system\Commands\Server\rewrite.php(47): require_once('E:\\frede\\public...')
#11 {main}
CRITICAL - 2023-11-14 00:40:50 --> Duplicate entry '0' for key 'PRIMARY'
in SYSTEMPATH\Database\BaseConnection.php on line 646.
 1 SYSTEMPATH\Database\BaseBuilder.php(2309): CodeIgniter\Database\BaseConnection->query('INSERT INTO `tb_barang` (`nama_barang`, `tanggal`, `harga_awal`, `deskripsi_barang`) VALUES (:nama_barang:, :tanggal:, :harga_awal:, :deskripsi_barang:)', [...], false)
 2 APPPATH\Models\M_tiff.php(32): CodeIgniter\Database\BaseBuilder->insert([...])
 3 APPPATH\Controllers\Home.php(72): App\Models\M_tiff->tambah('tb_barang', [...])
 4 SYSTEMPATH\CodeIgniter.php(915): App\Controllers\Home->aksi_t_barang()
 5 SYSTEMPATH\CodeIgniter.php(492): CodeIgniter\CodeIgniter->runController(Object(App\Controllers\Home))
 6 SYSTEMPATH\CodeIgniter.php(353): CodeIgniter\CodeIgniter->handleRequest(null, Object(Config\Cache), false)
 7 FCPATH\index.php(79): CodeIgniter\CodeIgniter->run()
 8 SYSTEMPATH\Commands\Server\rewrite.php(47): require_once('E:\\frede\\public\\index.php')
ERROR - 2023-11-14 00:42:33 --> mysqli_sql_exception: Duplicate entry '0' for key 'PRIMARY' in E:\frede\system\Database\MySQLi\Connection.php:306
Stack trace:
#0 E:\frede\system\Database\MySQLi\Connection.php(306): mysqli->query('INSERT INTO `tb...', 0)
#1 E:\frede\system\Database\BaseConnection.php(692): CodeIgniter\Database\MySQLi\Connection->execute('INSERT INTO `tb...')
#2 E:\frede\system\Database\BaseConnection.php(606): CodeIgniter\Database\BaseConnection->simpleQuery('INSERT INTO `tb...')
#3 E:\frede\system\Database\BaseBuilder.php(2309): CodeIgniter\Database\BaseConnection->query('INSERT INTO `tb...', Array, false)
#4 E:\frede\app\Models\M_tiff.php(32): CodeIgniter\Database\BaseBuilder->insert(Array)
#5 E:\frede\app\Controllers\Home.php(72): App\Models\M_tiff->tambah('tb_barang', Array)
#6 E:\frede\system\CodeIgniter.php(915): App\Controllers\Home->aksi_t_barang()
#7 E:\frede\system\CodeIgniter.php(492): CodeIgniter\CodeIgniter->runController(Object(App\Controllers\Home))
#8 E:\frede\system\CodeIgniter.php(353): CodeIgniter\CodeIgniter->handleRequest(NULL, Object(Config\Cache), false)
#9 E:\frede\public\index.php(79): CodeIgniter\CodeIgniter->run()
#10 E:\frede\system\Commands\Server\rewrite.php(47): require_once('E:\\frede\\public...')
#11 {main}
CRITICAL - 2023-11-14 00:42:33 --> Duplicate entry '0' for key 'PRIMARY'
in SYSTEMPATH\Database\BaseConnection.php on line 646.
 1 SYSTEMPATH\Database\BaseBuilder.php(2309): CodeIgniter\Database\BaseConnection->query('INSERT INTO `tb_barang` (`nama_barang`, `tanggal`, `harga_awal`, `deskripsi_barang`) VALUES (:nama_barang:, :tanggal:, :harga_awal:, :deskripsi_barang:)', [...], false)
 2 APPPATH\Models\M_tiff.php(32): CodeIgniter\Database\BaseBuilder->insert([...])
 3 APPPATH\Controllers\Home.php(72): App\Models\M_tiff->tambah('tb_barang', [...])
 4 SYSTEMPATH\CodeIgniter.php(915): App\Controllers\Home->aksi_t_barang()
 5 SYSTEMPATH\CodeIgniter.php(492): CodeIgniter\CodeIgniter->runController(Object(App\Controllers\Home))
 6 SYSTEMPATH\CodeIgniter.php(353): CodeIgniter\CodeIgniter->handleRequest(null, Object(Config\Cache), false)
 7 FCPATH\index.php(79): CodeIgniter\CodeIgniter->run()
 8 SYSTEMPATH\Commands\Server\rewrite.php(47): require_once('E:\\frede\\public\\index.php')
ERROR - 2023-11-14 00:46:22 --> mysqli_sql_exception: Duplicate entry '0' for key 'PRIMARY' in E:\frede\system\Database\MySQLi\Connection.php:306
Stack trace:
#0 E:\frede\system\Database\MySQLi\Connection.php(306): mysqli->query('INSERT INTO `tb...', 0)
#1 E:\frede\system\Database\BaseConnection.php(692): CodeIgniter\Database\MySQLi\Connection->execute('INSERT INTO `tb...')
#2 E:\frede\system\Database\BaseConnection.php(606): CodeIgniter\Database\BaseConnection->simpleQuery('INSERT INTO `tb...')
#3 E:\frede\system\Database\BaseBuilder.php(2309): CodeIgniter\Database\BaseConnection->query('INSERT INTO `tb...', Array, false)
#4 E:\frede\app\Models\M_tiff.php(32): CodeIgniter\Database\BaseBuilder->insert(Array)
#5 E:\frede\app\Controllers\Home.php(72): App\Models\M_tiff->tambah('tb_barang', Array)
#6 E:\frede\system\CodeIgniter.php(915): App\Controllers\Home->aksi_t_barang()
#7 E:\frede\system\CodeIgniter.php(492): CodeIgniter\CodeIgniter->runController(Object(App\Controllers\Home))
#8 E:\frede\system\CodeIgniter.php(353): CodeIgniter\CodeIgniter->handleRequest(NULL, Object(Config\Cache), false)
#9 E:\frede\public\index.php(79): CodeIgniter\CodeIgniter->run()
#10 E:\frede\system\Commands\Server\rewrite.php(47): require_once('E:\\frede\\public...')
#11 {main}
CRITICAL - 2023-11-14 00:46:22 --> Duplicate entry '0' for key 'PRIMARY'
in SYSTEMPATH\Database\BaseConnection.php on line 646.
 1 SYSTEMPATH\Database\BaseBuilder.php(2309): CodeIgniter\Database\BaseConnection->query('INSERT INTO `tb_barang` (`nama_barang`, `tanggal`, `harga_awal`, `deskripsi_barang`) VALUES (:nama_barang:, :tanggal:, :harga_awal:, :deskripsi_barang:)', [...], false)
 2 APPPATH\Models\M_tiff.php(32): CodeIgniter\Database\BaseBuilder->insert([...])
 3 APPPATH\Controllers\Home.php(72): App\Models\M_tiff->tambah('tb_barang', [...])
 4 SYSTEMPATH\CodeIgniter.php(915): App\Controllers\Home->aksi_t_barang()
 5 SYSTEMPATH\CodeIgniter.php(492): CodeIgniter\CodeIgniter->runController(Object(App\Controllers\Home))
 6 SYSTEMPATH\CodeIgniter.php(353): CodeIgniter\CodeIgniter->handleRequest(null, Object(Config\Cache), false)
 7 FCPATH\index.php(79): CodeIgniter\CodeIgniter->run()
 8 SYSTEMPATH\Commands\Server\rewrite.php(47): require_once('E:\\frede\\public\\index.php')
ERROR - 2023-11-14 00:47:31 --> mysqli_sql_exception: Duplicate entry '0' for key 'PRIMARY' in E:\frede\system\Database\MySQLi\Connection.php:306
Stack trace:
#0 E:\frede\system\Database\MySQLi\Connection.php(306): mysqli->query('INSERT INTO `tb...', 0)
#1 E:\frede\system\Database\BaseConnection.php(692): CodeIgniter\Database\MySQLi\Connection->execute('INSERT INTO `tb...')
#2 E:\frede\system\Database\BaseConnection.php(606): CodeIgniter\Database\BaseConnection->simpleQuery('INSERT INTO `tb...')
#3 E:\frede\system\Database\BaseBuilder.php(2309): CodeIgniter\Database\BaseConnection->query('INSERT INTO `tb...', Array, false)
#4 E:\frede\app\Models\M_tiff.php(32): CodeIgniter\Database\BaseBuilder->insert(Array)
#5 E:\frede\app\Controllers\Home.php(72): App\Models\M_tiff->tambah('tb_barang', Array)
#6 E:\frede\system\CodeIgniter.php(915): App\Controllers\Home->aksi_t_barang()
#7 E:\frede\system\CodeIgniter.php(492): CodeIgniter\CodeIgniter->runController(Object(App\Controllers\Home))
#8 E:\frede\system\CodeIgniter.php(353): CodeIgniter\CodeIgniter->handleRequest(NULL, Object(Config\Cache), false)
#9 E:\frede\public\index.php(79): CodeIgniter\CodeIgniter->run()
#10 E:\frede\system\Commands\Server\rewrite.php(47): require_once('E:\\frede\\public...')
#11 {main}
CRITICAL - 2023-11-14 00:47:31 --> Duplicate entry '0' for key 'PRIMARY'
in SYSTEMPATH\Database\BaseConnection.php on line 646.
 1 SYSTEMPATH\Database\BaseBuilder.php(2309): CodeIgniter\Database\BaseConnection->query('INSERT INTO `tb_barang` (`nama_barang`, `tanggal`, `harga_awal`, `deskripsi_barang`) VALUES (:nama_barang:, :tanggal:, :harga_awal:, :deskripsi_barang:)', [...], false)
 2 APPPATH\Models\M_tiff.php(32): CodeIgniter\Database\BaseBuilder->insert([...])
 3 APPPATH\Controllers\Home.php(72): App\Models\M_tiff->tambah('tb_barang', [...])
 4 SYSTEMPATH\CodeIgniter.php(915): App\Controllers\Home->aksi_t_barang()
 5 SYSTEMPATH\CodeIgniter.php(492): CodeIgniter\CodeIgniter->runController(Object(App\Controllers\Home))
 6 SYSTEMPATH\CodeIgniter.php(353): CodeIgniter\CodeIgniter->handleRequest(null, Object(Config\Cache), false)
 7 FCPATH\index.php(79): CodeIgniter\CodeIgniter->run()
 8 SYSTEMPATH\Commands\Server\rewrite.php(47): require_once('E:\\frede\\public\\index.php')
ERROR - 2023-11-14 00:50:32 --> mysqli_sql_exception: Duplicate entry '0' for key 'PRIMARY' in E:\frede\system\Database\MySQLi\Connection.php:306
Stack trace:
#0 E:\frede\system\Database\MySQLi\Connection.php(306): mysqli->query('INSERT INTO `tb...', 0)
#1 E:\frede\system\Database\BaseConnection.php(692): CodeIgniter\Database\MySQLi\Connection->execute('INSERT INTO `tb...')
#2 E:\frede\system\Database\BaseConnection.php(606): CodeIgniter\Database\BaseConnection->simpleQuery('INSERT INTO `tb...')
#3 E:\frede\system\Database\BaseBuilder.php(2309): CodeIgniter\Database\BaseConnection->query('INSERT INTO `tb...', Array, false)
#4 E:\frede\app\Models\M_tiff.php(32): CodeIgniter\Database\BaseBuilder->insert(Array)
#5 E:\frede\app\Controllers\Home.php(72): App\Models\M_tiff->tambah('tb_barang', Array)
#6 E:\frede\system\CodeIgniter.php(915): App\Controllers\Home->aksi_t_barang()
#7 E:\frede\system\CodeIgniter.php(492): CodeIgniter\CodeIgniter->runController(Object(App\Controllers\Home))
#8 E:\frede\system\CodeIgniter.php(353): CodeIgniter\CodeIgniter->handleRequest(NULL, Object(Config\Cache), false)
#9 E:\frede\public\index.php(79): CodeIgniter\CodeIgniter->run()
#10 E:\frede\system\Commands\Server\rewrite.php(47): require_once('E:\\frede\\public...')
#11 {main}
CRITICAL - 2023-11-14 00:50:32 --> Duplicate entry '0' for key 'PRIMARY'
in SYSTEMPATH\Database\BaseConnection.php on line 646.
 1 SYSTEMPATH\Database\BaseBuilder.php(2309): CodeIgniter\Database\BaseConnection->query('INSERT INTO `tb_barang` (`nama_barang`, `tanggal`, `harga_awal`, `deskripsi_barang`) VALUES (:nama_barang:, :tanggal:, :harga_awal:, :deskripsi_barang:)', [...], false)
 2 APPPATH\Models\M_tiff.php(32): CodeIgniter\Database\BaseBuilder->insert([...])
 3 APPPATH\Controllers\Home.php(72): App\Models\M_tiff->tambah('tb_barang', [...])
 4 SYSTEMPATH\CodeIgniter.php(915): App\Controllers\Home->aksi_t_barang()
 5 SYSTEMPATH\CodeIgniter.php(492): CodeIgniter\CodeIgniter->runController(Object(App\Controllers\Home))
 6 SYSTEMPATH\CodeIgniter.php(353): CodeIgniter\CodeIgniter->handleRequest(null, Object(Config\Cache), false)
 7 FCPATH\index.php(79): CodeIgniter\CodeIgniter->run()
 8 SYSTEMPATH\Commands\Server\rewrite.php(47): require_once('E:\\frede\\public\\index.php')
ERROR - 2023-11-14 00:54:14 --> mysqli_sql_exception: Duplicate entry '0' for key 'PRIMARY' in E:\frede\system\Database\MySQLi\Connection.php:306
Stack trace:
#0 E:\frede\system\Database\MySQLi\Connection.php(306): mysqli->query('INSERT INTO `tb...', 0)
#1 E:\frede\system\Database\BaseConnection.php(692): CodeIgniter\Database\MySQLi\Connection->execute('INSERT INTO `tb...')
#2 E:\frede\system\Database\BaseConnection.php(606): CodeIgniter\Database\BaseConnection->simpleQuery('INSERT INTO `tb...')
#3 E:\frede\system\Database\BaseBuilder.php(2309): CodeIgniter\Database\BaseConnection->query('INSERT INTO `tb...', Array, false)
#4 E:\frede\app\Models\M_tiff.php(32): CodeIgniter\Database\BaseBuilder->insert(Array)
#5 E:\frede\app\Controllers\Home.php(72): App\Models\M_tiff->tambah('tb_barang', Array)
#6 E:\frede\system\CodeIgniter.php(915): App\Controllers\Home->aksi_t_barang()
#7 E:\frede\system\CodeIgniter.php(492): CodeIgniter\CodeIgniter->runController(Object(App\Controllers\Home))
#8 E:\frede\system\CodeIgniter.php(353): CodeIgniter\CodeIgniter->handleRequest(NULL, Object(Config\Cache), false)
#9 E:\frede\public\index.php(79): CodeIgniter\CodeIgniter->run()
#10 E:\frede\system\Commands\Server\rewrite.php(47): require_once('E:\\frede\\public...')
#11 {main}
CRITICAL - 2023-11-14 00:54:14 --> Duplicate entry '0' for key 'PRIMARY'
in SYSTEMPATH\Database\BaseConnection.php on line 646.
 1 SYSTEMPATH\Database\BaseBuilder.php(2309): CodeIgniter\Database\BaseConnection->query('INSERT INTO `tb_barang` (`nama_barang`, `tanggal`, `harga_awal`, `deskripsi_barang`) VALUES (:nama_barang:, :tanggal:, :harga_awal:, :deskripsi_barang:)', [...], false)
 2 APPPATH\Models\M_tiff.php(32): CodeIgniter\Database\BaseBuilder->insert([...])
 3 APPPATH\Controllers\Home.php(72): App\Models\M_tiff->tambah('tb_barang', [...])
 4 SYSTEMPATH\CodeIgniter.php(915): App\Controllers\Home->aksi_t_barang()
 5 SYSTEMPATH\CodeIgniter.php(492): CodeIgniter\CodeIgniter->runController(Object(App\Controllers\Home))
 6 SYSTEMPATH\CodeIgniter.php(353): CodeIgniter\CodeIgniter->handleRequest(null, Object(Config\Cache), false)
 7 FCPATH\index.php(79): CodeIgniter\CodeIgniter->run()
 8 SYSTEMPATH\Commands\Server\rewrite.php(47): require_once('E:\\frede\\public\\index.php')
CRITICAL - 2023-11-14 01:03:03 --> syntax error, unexpected 'public' (T_PUBLIC), expecting end of file
in APPPATH\Controllers\Home.php on line 77.
 1 SYSTEMPATH\Autoloader\Autoloader.php(285): CodeIgniter\Autoloader\Autoloader->includeFile('E:\\frede\\app\\Controllers\\Home.php')
 2 SYSTEMPATH\Autoloader\Autoloader.php(263): CodeIgniter\Autoloader\Autoloader->loadInNamespace('App\\Controllers\\Home')
 3 [internal function]: CodeIgniter\Autoloader\Autoloader->loadClass('App\\Controllers\\Home')
 4 [internal function]: spl_autoload_call('App\\Controllers\\Home')
 5 SYSTEMPATH\CodeIgniter.php(873): class_exists('\\App\\Controllers\\Home', true)
 6 SYSTEMPATH\CodeIgniter.php(479): CodeIgniter\CodeIgniter->startController()
 7 SYSTEMPATH\CodeIgniter.php(353): CodeIgniter\CodeIgniter->handleRequest(null, Object(Config\Cache), false)
 8 FCPATH\index.php(79): CodeIgniter\CodeIgniter->run()
 9 SYSTEMPATH\Commands\Server\rewrite.php(47): require_once('E:\\frede\\public\\index.php')
CRITICAL - 2023-11-14 01:03:25 --> syntax error, unexpected '}', expecting end of file
in APPPATH\Controllers\Home.php on line 76.
 1 SYSTEMPATH\Autoloader\Autoloader.php(285): CodeIgniter\Autoloader\Autoloader->includeFile('E:\\frede\\app\\Controllers\\Home.php')
 2 SYSTEMPATH\Autoloader\Autoloader.php(263): CodeIgniter\Autoloader\Autoloader->loadInNamespace('App\\Controllers\\Home')
 3 [internal function]: CodeIgniter\Autoloader\Autoloader->loadClass('App\\Controllers\\Home')
 4 [internal function]: spl_autoload_call('App\\Controllers\\Home')
 5 SYSTEMPATH\CodeIgniter.php(873): class_exists('\\App\\Controllers\\Home', true)
 6 SYSTEMPATH\CodeIgniter.php(479): CodeIgniter\CodeIgniter->startController()
 7 SYSTEMPATH\CodeIgniter.php(353): CodeIgniter\CodeIgniter->handleRequest(null, Object(Config\Cache), false)
 8 FCPATH\index.php(79): CodeIgniter\CodeIgniter->run()
 9 SYSTEMPATH\Commands\Server\rewrite.php(47): require_once('E:\\frede\\public\\index.php')
CRITICAL - 2023-11-14 01:03:47 --> syntax error, unexpected 'public' (T_PUBLIC), expecting end of file
in APPPATH\Controllers\Home.php on line 77.
 1 SYSTEMPATH\Autoloader\Autoloader.php(285): CodeIgniter\Autoloader\Autoloader->includeFile('E:\\frede\\app\\Controllers\\Home.php')
 2 SYSTEMPATH\Autoloader\Autoloader.php(263): CodeIgniter\Autoloader\Autoloader->loadInNamespace('App\\Controllers\\Home')
 3 [internal function]: CodeIgniter\Autoloader\Autoloader->loadClass('App\\Controllers\\Home')
 4 [internal function]: spl_autoload_call('App\\Controllers\\Home')
 5 SYSTEMPATH\CodeIgniter.php(873): class_exists('\\App\\Controllers\\Home', true)
 6 SYSTEMPATH\CodeIgniter.php(479): CodeIgniter\CodeIgniter->startController()
 7 SYSTEMPATH\CodeIgniter.php(353): CodeIgniter\CodeIgniter->handleRequest(null, Object(Config\Cache), false)
 8 FCPATH\index.php(79): CodeIgniter\CodeIgniter->run()
 9 SYSTEMPATH\Commands\Server\rewrite.php(47): require_once('E:\\frede\\public\\index.php')
CRITICAL - 2023-11-14 01:11:02 --> syntax error, unexpected 'public' (T_PUBLIC), expecting end of file
in APPPATH\Controllers\Home.php on line 77.
 1 SYSTEMPATH\Autoloader\Autoloader.php(285): CodeIgniter\Autoloader\Autoloader->includeFile('E:\\frede\\app\\Controllers\\Home.php')
 2 SYSTEMPATH\Autoloader\Autoloader.php(263): CodeIgniter\Autoloader\Autoloader->loadInNamespace('App\\Controllers\\Home')
 3 [internal function]: CodeIgniter\Autoloader\Autoloader->loadClass('App\\Controllers\\Home')
 4 [internal function]: spl_autoload_call('App\\Controllers\\Home')
 5 SYSTEMPATH\CodeIgniter.php(873): class_exists('\\App\\Controllers\\Home', true)
 6 SYSTEMPATH\CodeIgniter.php(479): CodeIgniter\CodeIgniter->startController()
 7 SYSTEMPATH\CodeIgniter.php(353): CodeIgniter\CodeIgniter->handleRequest(null, Object(Config\Cache), false)
 8 FCPATH\index.php(79): CodeIgniter\CodeIgniter->run()
 9 SYSTEMPATH\Commands\Server\rewrite.php(47): require_once('E:\\frede\\public\\index.php')
CRITICAL - 2023-11-14 01:11:04 --> syntax error, unexpected 'public' (T_PUBLIC), expecting end of file
in APPPATH\Controllers\Home.php on line 77.
 1 SYSTEMPATH\Autoloader\Autoloader.php(285): CodeIgniter\Autoloader\Autoloader->includeFile('E:\\frede\\app\\Controllers\\Home.php')
 2 SYSTEMPATH\Autoloader\Autoloader.php(263): CodeIgniter\Autoloader\Autoloader->loadInNamespace('App\\Controllers\\Home')
 3 [internal function]: CodeIgniter\Autoloader\Autoloader->loadClass('App\\Controllers\\Home')
 4 [internal function]: spl_autoload_call('App\\Controllers\\Home')
 5 SYSTEMPATH\CodeIgniter.php(873): class_exists('\\App\\Controllers\\Home', true)
 6 SYSTEMPATH\CodeIgniter.php(479): CodeIgniter\CodeIgniter->startController()
 7 SYSTEMPATH\CodeIgniter.php(353): CodeIgniter\CodeIgniter->handleRequest(null, Object(Config\Cache), false)
 8 FCPATH\index.php(79): CodeIgniter\CodeIgniter->run()
 9 SYSTEMPATH\Commands\Server\rewrite.php(47): require_once('E:\\frede\\public\\index.php')
CRITICAL - 2023-11-14 01:11:04 --> syntax error, unexpected 'public' (T_PUBLIC), expecting end of file
in APPPATH\Controllers\Home.php on line 77.
 1 SYSTEMPATH\Autoloader\Autoloader.php(285): CodeIgniter\Autoloader\Autoloader->includeFile('E:\\frede\\app\\Controllers\\Home.php')
 2 SYSTEMPATH\Autoloader\Autoloader.php(263): CodeIgniter\Autoloader\Autoloader->loadInNamespace('App\\Controllers\\Home')
 3 [internal function]: CodeIgniter\Autoloader\Autoloader->loadClass('App\\Controllers\\Home')
 4 [internal function]: spl_autoload_call('App\\Controllers\\Home')
 5 SYSTEMPATH\CodeIgniter.php(873): class_exists('\\App\\Controllers\\Home', true)
 6 SYSTEMPATH\CodeIgniter.php(479): CodeIgniter\CodeIgniter->startController()
 7 SYSTEMPATH\CodeIgniter.php(353): CodeIgniter\CodeIgniter->handleRequest(null, Object(Config\Cache), false)
 8 FCPATH\index.php(79): CodeIgniter\CodeIgniter->run()
 9 SYSTEMPATH\Commands\Server\rewrite.php(47): require_once('E:\\frede\\public\\index.php')
CRITICAL - 2023-11-14 01:11:04 --> syntax error, unexpected 'public' (T_PUBLIC), expecting end of file
in APPPATH\Controllers\Home.php on line 77.
 1 SYSTEMPATH\Autoloader\Autoloader.php(285): CodeIgniter\Autoloader\Autoloader->includeFile('E:\\frede\\app\\Controllers\\Home.php')
 2 SYSTEMPATH\Autoloader\Autoloader.php(263): CodeIgniter\Autoloader\Autoloader->loadInNamespace('App\\Controllers\\Home')
 3 [internal function]: CodeIgniter\Autoloader\Autoloader->loadClass('App\\Controllers\\Home')
 4 [internal function]: spl_autoload_call('App\\Controllers\\Home')
 5 SYSTEMPATH\CodeIgniter.php(873): class_exists('\\App\\Controllers\\Home', true)
 6 SYSTEMPATH\CodeIgniter.php(479): CodeIgniter\CodeIgniter->startController()
 7 SYSTEMPATH\CodeIgniter.php(353): CodeIgniter\CodeIgniter->handleRequest(null, Object(Config\Cache), false)
 8 FCPATH\index.php(79): CodeIgniter\CodeIgniter->run()
 9 SYSTEMPATH\Commands\Server\rewrite.php(47): require_once('E:\\frede\\public\\index.php')
CRITICAL - 2023-11-14 01:11:06 --> syntax error, unexpected 'public' (T_PUBLIC), expecting end of file
in APPPATH\Controllers\Home.php on line 77.
 1 SYSTEMPATH\Autoloader\Autoloader.php(285): CodeIgniter\Autoloader\Autoloader->includeFile('E:\\frede\\app\\Controllers\\Home.php')
 2 SYSTEMPATH\Autoloader\Autoloader.php(263): CodeIgniter\Autoloader\Autoloader->loadInNamespace('App\\Controllers\\Home')
 3 [internal function]: CodeIgniter\Autoloader\Autoloader->loadClass('App\\Controllers\\Home')
 4 [internal function]: spl_autoload_call('App\\Controllers\\Home')
 5 SYSTEMPATH\CodeIgniter.php(873): class_exists('\\App\\Controllers\\Home', true)
 6 SYSTEMPATH\CodeIgniter.php(479): CodeIgniter\CodeIgniter->startController()
 7 SYSTEMPATH\CodeIgniter.php(353): CodeIgniter\CodeIgniter->handleRequest(null, Object(Config\Cache), false)
 8 FCPATH\index.php(79): CodeIgniter\CodeIgniter->run()
 9 SYSTEMPATH\Commands\Server\rewrite.php(47): require_once('E:\\frede\\public\\index.php')
CRITICAL - 2023-11-14 01:12:18 --> syntax error, unexpected 'public' (T_PUBLIC), expecting end of file
in APPPATH\Controllers\Home.php on line 77.
 1 SYSTEMPATH\Autoloader\Autoloader.php(285): CodeIgniter\Autoloader\Autoloader->includeFile('E:\\frede\\app\\Controllers\\Home.php')
 2 SYSTEMPATH\Autoloader\Autoloader.php(263): CodeIgniter\Autoloader\Autoloader->loadInNamespace('App\\Controllers\\Home')
 3 [internal function]: CodeIgniter\Autoloader\Autoloader->loadClass('App\\Controllers\\Home')
 4 [internal function]: spl_autoload_call('App\\Controllers\\Home')
 5 SYSTEMPATH\CodeIgniter.php(873): class_exists('\\App\\Controllers\\Home', true)
 6 SYSTEMPATH\CodeIgniter.php(479): CodeIgniter\CodeIgniter->startController()
 7 SYSTEMPATH\CodeIgniter.php(353): CodeIgniter\CodeIgniter->handleRequest(null, Object(Config\Cache), false)
 8 FCPATH\index.php(79): CodeIgniter\CodeIgniter->run()
 9 SYSTEMPATH\Commands\Server\rewrite.php(47): require_once('E:\\frede\\public\\index.php')
CRITICAL - 2023-11-14 01:12:35 --> syntax error, unexpected 'public' (T_PUBLIC), expecting end of file
in APPPATH\Controllers\Home.php on line 77.
 1 SYSTEMPATH\Autoloader\Autoloader.php(285): CodeIgniter\Autoloader\Autoloader->includeFile('E:\\frede\\app\\Controllers\\Home.php')
 2 SYSTEMPATH\Autoloader\Autoloader.php(263): CodeIgniter\Autoloader\Autoloader->loadInNamespace('App\\Controllers\\Home')
 3 [internal function]: CodeIgniter\Autoloader\Autoloader->loadClass('App\\Controllers\\Home')
 4 [internal function]: spl_autoload_call('App\\Controllers\\Home')
 5 SYSTEMPATH\CodeIgniter.php(873): class_exists('\\App\\Controllers\\Home', true)
 6 SYSTEMPATH\CodeIgniter.php(479): CodeIgniter\CodeIgniter->startController()
 7 SYSTEMPATH\CodeIgniter.php(353): CodeIgniter\CodeIgniter->handleRequest(null, Object(Config\Cache), false)
 8 FCPATH\index.php(79): CodeIgniter\CodeIgniter->run()
 9 SYSTEMPATH\Commands\Server\rewrite.php(47): require_once('E:\\frede\\public\\index.php')
CRITICAL - 2023-11-14 01:12:37 --> syntax error, unexpected 'public' (T_PUBLIC), expecting end of file
in APPPATH\Controllers\Home.php on line 77.
 1 SYSTEMPATH\Autoloader\Autoloader.php(285): CodeIgniter\Autoloader\Autoloader->includeFile('E:\\frede\\app\\Controllers\\Home.php')
 2 SYSTEMPATH\Autoloader\Autoloader.php(263): CodeIgniter\Autoloader\Autoloader->loadInNamespace('App\\Controllers\\Home')
 3 [internal function]: CodeIgniter\Autoloader\Autoloader->loadClass('App\\Controllers\\Home')
 4 [internal function]: spl_autoload_call('App\\Controllers\\Home')
 5 SYSTEMPATH\CodeIgniter.php(873): class_exists('\\App\\Controllers\\Home', true)
 6 SYSTEMPATH\CodeIgniter.php(479): CodeIgniter\CodeIgniter->startController()
 7 SYSTEMPATH\CodeIgniter.php(353): CodeIgniter\CodeIgniter->handleRequest(null, Object(Config\Cache), false)
 8 FCPATH\index.php(79): CodeIgniter\CodeIgniter->run()
 9 SYSTEMPATH\Commands\Server\rewrite.php(47): require_once('E:\\frede\\public\\index.php')
CRITICAL - 2023-11-14 01:12:38 --> syntax error, unexpected 'public' (T_PUBLIC), expecting end of file
in APPPATH\Controllers\Home.php on line 77.
 1 SYSTEMPATH\Autoloader\Autoloader.php(285): CodeIgniter\Autoloader\Autoloader->includeFile('E:\\frede\\app\\Controllers\\Home.php')
 2 SYSTEMPATH\Autoloader\Autoloader.php(263): CodeIgniter\Autoloader\Autoloader->loadInNamespace('App\\Controllers\\Home')
 3 [internal function]: CodeIgniter\Autoloader\Autoloader->loadClass('App\\Controllers\\Home')
 4 [internal function]: spl_autoload_call('App\\Controllers\\Home')
 5 SYSTEMPATH\CodeIgniter.php(873): class_exists('\\App\\Controllers\\Home', true)
 6 SYSTEMPATH\CodeIgniter.php(479): CodeIgniter\CodeIgniter->startController()
 7 SYSTEMPATH\CodeIgniter.php(353): CodeIgniter\CodeIgniter->handleRequest(null, Object(Config\Cache), false)
 8 FCPATH\index.php(79): CodeIgniter\CodeIgniter->run()
 9 SYSTEMPATH\Commands\Server\rewrite.php(47): require_once('E:\\frede\\public\\index.php')
CRITICAL - 2023-11-14 01:12:38 --> syntax error, unexpected 'public' (T_PUBLIC), expecting end of file
in APPPATH\Controllers\Home.php on line 77.
 1 SYSTEMPATH\Autoloader\Autoloader.php(285): CodeIgniter\Autoloader\Autoloader->includeFile('E:\\frede\\app\\Controllers\\Home.php')
 2 SYSTEMPATH\Autoloader\Autoloader.php(263): CodeIgniter\Autoloader\Autoloader->loadInNamespace('App\\Controllers\\Home')
 3 [internal function]: CodeIgniter\Autoloader\Autoloader->loadClass('App\\Controllers\\Home')
 4 [internal function]: spl_autoload_call('App\\Controllers\\Home')
 5 SYSTEMPATH\CodeIgniter.php(873): class_exists('\\App\\Controllers\\Home', true)
 6 SYSTEMPATH\CodeIgniter.php(479): CodeIgniter\CodeIgniter->startController()
 7 SYSTEMPATH\CodeIgniter.php(353): CodeIgniter\CodeIgniter->handleRequest(null, Object(Config\Cache), false)
 8 FCPATH\index.php(79): CodeIgniter\CodeIgniter->run()
 9 SYSTEMPATH\Commands\Server\rewrite.php(47): require_once('E:\\frede\\public\\index.php')
CRITICAL - 2023-11-14 01:12:38 --> syntax error, unexpected 'public' (T_PUBLIC), expecting end of file
in APPPATH\Controllers\Home.php on line 77.
 1 SYSTEMPATH\Autoloader\Autoloader.php(285): CodeIgniter\Autoloader\Autoloader->includeFile('E:\\frede\\app\\Controllers\\Home.php')
 2 SYSTEMPATH\Autoloader\Autoloader.php(263): CodeIgniter\Autoloader\Autoloader->loadInNamespace('App\\Controllers\\Home')
 3 [internal function]: CodeIgniter\Autoloader\Autoloader->loadClass('App\\Controllers\\Home')
 4 [internal function]: spl_autoload_call('App\\Controllers\\Home')
 5 SYSTEMPATH\CodeIgniter.php(873): class_exists('\\App\\Controllers\\Home', true)
 6 SYSTEMPATH\CodeIgniter.php(479): CodeIgniter\CodeIgniter->startController()
 7 SYSTEMPATH\CodeIgniter.php(353): CodeIgniter\CodeIgniter->handleRequest(null, Object(Config\Cache), false)
 8 FCPATH\index.php(79): CodeIgniter\CodeIgniter->run()
 9 SYSTEMPATH\Commands\Server\rewrite.php(47): require_once('E:\\frede\\public\\index.php')
CRITICAL - 2023-11-14 01:12:38 --> syntax error, unexpected 'public' (T_PUBLIC), expecting end of file
in APPPATH\Controllers\Home.php on line 77.
 1 SYSTEMPATH\Autoloader\Autoloader.php(285): CodeIgniter\Autoloader\Autoloader->includeFile('E:\\frede\\app\\Controllers\\Home.php')
 2 SYSTEMPATH\Autoloader\Autoloader.php(263): CodeIgniter\Autoloader\Autoloader->loadInNamespace('App\\Controllers\\Home')
 3 [internal function]: CodeIgniter\Autoloader\Autoloader->loadClass('App\\Controllers\\Home')
 4 [internal function]: spl_autoload_call('App\\Controllers\\Home')
 5 SYSTEMPATH\CodeIgniter.php(873): class_exists('\\App\\Controllers\\Home', true)
 6 SYSTEMPATH\CodeIgniter.php(479): CodeIgniter\CodeIgniter->startController()
 7 SYSTEMPATH\CodeIgniter.php(353): CodeIgniter\CodeIgniter->handleRequest(null, Object(Config\Cache), false)
 8 FCPATH\index.php(79): CodeIgniter\CodeIgniter->run()
 9 SYSTEMPATH\Commands\Server\rewrite.php(47): require_once('E:\\frede\\public\\index.php')
CRITICAL - 2023-11-14 01:12:39 --> syntax error, unexpected 'public' (T_PUBLIC), expecting end of file
in APPPATH\Controllers\Home.php on line 77.
 1 SYSTEMPATH\Autoloader\Autoloader.php(285): CodeIgniter\Autoloader\Autoloader->includeFile('E:\\frede\\app\\Controllers\\Home.php')
 2 SYSTEMPATH\Autoloader\Autoloader.php(263): CodeIgniter\Autoloader\Autoloader->loadInNamespace('App\\Controllers\\Home')
 3 [internal function]: CodeIgniter\Autoloader\Autoloader->loadClass('App\\Controllers\\Home')
 4 [internal function]: spl_autoload_call('App\\Controllers\\Home')
 5 SYSTEMPATH\CodeIgniter.php(873): class_exists('\\App\\Controllers\\Home', true)
 6 SYSTEMPATH\CodeIgniter.php(479): CodeIgniter\CodeIgniter->startController()
 7 SYSTEMPATH\CodeIgniter.php(353): CodeIgniter\CodeIgniter->handleRequest(null, Object(Config\Cache), false)
 8 FCPATH\index.php(79): CodeIgniter\CodeIgniter->run()
 9 SYSTEMPATH\Commands\Server\rewrite.php(47): require_once('E:\\frede\\public\\index.php')
CRITICAL - 2023-11-14 01:13:09 --> syntax error, unexpected 'public' (T_PUBLIC), expecting end of file
in APPPATH\Controllers\Home.php on line 77.
 1 SYSTEMPATH\Autoloader\Autoloader.php(285): CodeIgniter\Autoloader\Autoloader->includeFile('E:\\frede\\app\\Controllers\\Home.php')
 2 SYSTEMPATH\Autoloader\Autoloader.php(263): CodeIgniter\Autoloader\Autoloader->loadInNamespace('App\\Controllers\\Home')
 3 [internal function]: CodeIgniter\Autoloader\Autoloader->loadClass('App\\Controllers\\Home')
 4 [internal function]: spl_autoload_call('App\\Controllers\\Home')
 5 SYSTEMPATH\CodeIgniter.php(873): class_exists('\\App\\Controllers\\Home', true)
 6 SYSTEMPATH\CodeIgniter.php(479): CodeIgniter\CodeIgniter->startController()
 7 SYSTEMPATH\CodeIgniter.php(353): CodeIgniter\CodeIgniter->handleRequest(null, Object(Config\Cache), false)
 8 FCPATH\index.php(79): CodeIgniter\CodeIgniter->run()
 9 SYSTEMPATH\Commands\Server\rewrite.php(47): require_once('E:\\frede\\public\\index.php')
CRITICAL - 2023-11-14 01:14:21 --> syntax error, unexpected 'public' (T_PUBLIC), expecting end of file
in APPPATH\Controllers\Home.php on line 77.
 1 SYSTEMPATH\Autoloader\Autoloader.php(285): CodeIgniter\Autoloader\Autoloader->includeFile('E:\\frede\\app\\Controllers\\Home.php')
 2 SYSTEMPATH\Autoloader\Autoloader.php(263): CodeIgniter\Autoloader\Autoloader->loadInNamespace('App\\Controllers\\Home')
 3 [internal function]: CodeIgniter\Autoloader\Autoloader->loadClass('App\\Controllers\\Home')
 4 [internal function]: spl_autoload_call('App\\Controllers\\Home')
 5 SYSTEMPATH\CodeIgniter.php(873): class_exists('\\App\\Controllers\\Home', true)
 6 SYSTEMPATH\CodeIgniter.php(479): CodeIgniter\CodeIgniter->startController()
 7 SYSTEMPATH\CodeIgniter.php(353): CodeIgniter\CodeIgniter->handleRequest(null, Object(Config\Cache), false)
 8 FCPATH\index.php(79): CodeIgniter\CodeIgniter->run()
 9 SYSTEMPATH\Commands\Server\rewrite.php(47): require_once('E:\\frede\\public\\index.php')
CRITICAL - 2023-11-14 01:14:22 --> syntax error, unexpected 'public' (T_PUBLIC), expecting end of file
in APPPATH\Controllers\Home.php on line 77.
 1 SYSTEMPATH\Autoloader\Autoloader.php(285): CodeIgniter\Autoloader\Autoloader->includeFile('E:\\frede\\app\\Controllers\\Home.php')
 2 SYSTEMPATH\Autoloader\Autoloader.php(263): CodeIgniter\Autoloader\Autoloader->loadInNamespace('App\\Controllers\\Home')
 3 [internal function]: CodeIgniter\Autoloader\Autoloader->loadClass('App\\Controllers\\Home')
 4 [internal function]: spl_autoload_call('App\\Controllers\\Home')
 5 SYSTEMPATH\CodeIgniter.php(873): class_exists('\\App\\Controllers\\Home', true)
 6 SYSTEMPATH\CodeIgniter.php(479): CodeIgniter\CodeIgniter->startController()
 7 SYSTEMPATH\CodeIgniter.php(353): CodeIgniter\CodeIgniter->handleRequest(null, Object(Config\Cache), false)
 8 FCPATH\index.php(79): CodeIgniter\CodeIgniter->run()
 9 SYSTEMPATH\Commands\Server\rewrite.php(47): require_once('E:\\frede\\public\\index.php')
CRITICAL - 2023-11-14 01:14:22 --> syntax error, unexpected 'public' (T_PUBLIC), expecting end of file
in APPPATH\Controllers\Home.php on line 77.
 1 SYSTEMPATH\Autoloader\Autoloader.php(285): CodeIgniter\Autoloader\Autoloader->includeFile('E:\\frede\\app\\Controllers\\Home.php')
 2 SYSTEMPATH\Autoloader\Autoloader.php(263): CodeIgniter\Autoloader\Autoloader->loadInNamespace('App\\Controllers\\Home')
 3 [internal function]: CodeIgniter\Autoloader\Autoloader->loadClass('App\\Controllers\\Home')
 4 [internal function]: spl_autoload_call('App\\Controllers\\Home')
 5 SYSTEMPATH\CodeIgniter.php(873): class_exists('\\App\\Controllers\\Home', true)
 6 SYSTEMPATH\CodeIgniter.php(479): CodeIgniter\CodeIgniter->startController()
 7 SYSTEMPATH\CodeIgniter.php(353): CodeIgniter\CodeIgniter->handleRequest(null, Object(Config\Cache), false)
 8 FCPATH\index.php(79): CodeIgniter\CodeIgniter->run()
 9 SYSTEMPATH\Commands\Server\rewrite.php(47): require_once('E:\\frede\\public\\index.php')
CRITICAL - 2023-11-14 01:46:03 --> syntax error, unexpected 'public' (T_PUBLIC), expecting end of file
in APPPATH\Controllers\Home.php on line 77.
 1 SYSTEMPATH\Autoloader\Autoloader.php(285): CodeIgniter\Autoloader\Autoloader->includeFile('E:\\frede\\app\\Controllers\\Home.php')
 2 SYSTEMPATH\Autoloader\Autoloader.php(263): CodeIgniter\Autoloader\Autoloader->loadInNamespace('App\\Controllers\\Home')
 3 [internal function]: CodeIgniter\Autoloader\Autoloader->loadClass('App\\Controllers\\Home')
 4 [internal function]: spl_autoload_call('App\\Controllers\\Home')
 5 SYSTEMPATH\CodeIgniter.php(873): class_exists('\\App\\Controllers\\Home', true)
 6 SYSTEMPATH\CodeIgniter.php(479): CodeIgniter\CodeIgniter->startController()
 7 SYSTEMPATH\CodeIgniter.php(353): CodeIgniter\CodeIgniter->handleRequest(null, Object(Config\Cache), false)
 8 FCPATH\index.php(79): CodeIgniter\CodeIgniter->run()
 9 SYSTEMPATH\Commands\Server\rewrite.php(47): require_once('E:\\frede\\public\\index.php')
CRITICAL - 2023-11-14 01:46:20 --> syntax error, unexpected ''id_petugas'' (T_CONSTANT_ENCAPSED_STRING), expecting ')'
in APPPATH\Controllers\Home.php on line 92.
 1 SYSTEMPATH\Autoloader\Autoloader.php(285): CodeIgniter\Autoloader\Autoloader->includeFile('E:\\frede\\app\\Controllers\\Home.php')
 2 SYSTEMPATH\Autoloader\Autoloader.php(263): CodeIgniter\Autoloader\Autoloader->loadInNamespace('App\\Controllers\\Home')
 3 [internal function]: CodeIgniter\Autoloader\Autoloader->loadClass('App\\Controllers\\Home')
 4 [internal function]: spl_autoload_call('App\\Controllers\\Home')
 5 SYSTEMPATH\CodeIgniter.php(873): class_exists('\\App\\Controllers\\Home', true)
 6 SYSTEMPATH\CodeIgniter.php(479): CodeIgniter\CodeIgniter->startController()
 7 SYSTEMPATH\CodeIgniter.php(353): CodeIgniter\CodeIgniter->handleRequest(null, Object(Config\Cache), false)
 8 FCPATH\index.php(79): CodeIgniter\CodeIgniter->run()
 9 SYSTEMPATH\Commands\Server\rewrite.php(47): require_once('E:\\frede\\public\\index.php')
CRITICAL - 2023-11-14 01:46:21 --> syntax error, unexpected ''id_petugas'' (T_CONSTANT_ENCAPSED_STRING), expecting ')'
in APPPATH\Controllers\Home.php on line 92.
 1 SYSTEMPATH\Autoloader\Autoloader.php(285): CodeIgniter\Autoloader\Autoloader->includeFile('E:\\frede\\app\\Controllers\\Home.php')
 2 SYSTEMPATH\Autoloader\Autoloader.php(263): CodeIgniter\Autoloader\Autoloader->loadInNamespace('App\\Controllers\\Home')
 3 [internal function]: CodeIgniter\Autoloader\Autoloader->loadClass('App\\Controllers\\Home')
 4 [internal function]: spl_autoload_call('App\\Controllers\\Home')
 5 SYSTEMPATH\CodeIgniter.php(873): class_exists('\\App\\Controllers\\Home', true)
 6 SYSTEMPATH\CodeIgniter.php(479): CodeIgniter\CodeIgniter->startController()
 7 SYSTEMPATH\CodeIgniter.php(353): CodeIgniter\CodeIgniter->handleRequest(null, Object(Config\Cache), false)
 8 FCPATH\index.php(79): CodeIgniter\CodeIgniter->run()
 9 SYSTEMPATH\Commands\Server\rewrite.php(47): require_once('E:\\frede\\public\\index.php')
CRITICAL - 2023-11-14 01:46:21 --> syntax error, unexpected ''id_petugas'' (T_CONSTANT_ENCAPSED_STRING), expecting ')'
in APPPATH\Controllers\Home.php on line 92.
 1 SYSTEMPATH\Autoloader\Autoloader.php(285): CodeIgniter\Autoloader\Autoloader->includeFile('E:\\frede\\app\\Controllers\\Home.php')
 2 SYSTEMPATH\Autoloader\Autoloader.php(263): CodeIgniter\Autoloader\Autoloader->loadInNamespace('App\\Controllers\\Home')
 3 [internal function]: CodeIgniter\Autoloader\Autoloader->loadClass('App\\Controllers\\Home')
 4 [internal function]: spl_autoload_call('App\\Controllers\\Home')
 5 SYSTEMPATH\CodeIgniter.php(873): class_exists('\\App\\Controllers\\Home', true)
 6 SYSTEMPATH\CodeIgniter.php(479): CodeIgniter\CodeIgniter->startController()
 7 SYSTEMPATH\CodeIgniter.php(353): CodeIgniter\CodeIgniter->handleRequest(null, Object(Config\Cache), false)
 8 FCPATH\index.php(79): CodeIgniter\CodeIgniter->run()
 9 SYSTEMPATH\Commands\Server\rewrite.php(47): require_once('E:\\frede\\public\\index.php')
ERROR - 2023-11-14 01:56:32 --> mysqli_sql_exception: Column 'id_barang' cannot be null in E:\frede\system\Database\MySQLi\Connection.php:306
Stack trace:
#0 E:\frede\system\Database\MySQLi\Connection.php(306): mysqli->query('INSERT INTO `tb...', 0)
#1 E:\frede\system\Database\BaseConnection.php(692): CodeIgniter\Database\MySQLi\Connection->execute('INSERT INTO `tb...')
#2 E:\frede\system\Database\BaseConnection.php(606): CodeIgniter\Database\BaseConnection->simpleQuery('INSERT INTO `tb...')
#3 E:\frede\system\Database\BaseBuilder.php(2309): CodeIgniter\Database\BaseConnection->query('INSERT INTO `tb...', Array, false)
#4 E:\frede\app\Models\M_tiff.php(32): CodeIgniter\Database\BaseBuilder->insert(Array)
#5 E:\frede\app\Controllers\Home.php(134): App\Models\M_tiff->tambah('tb_lelang', Array)
#6 E:\frede\system\CodeIgniter.php(915): App\Controllers\Home->aksi_t_lelang()
#7 E:\frede\system\CodeIgniter.php(492): CodeIgniter\CodeIgniter->runController(Object(App\Controllers\Home))
#8 E:\frede\system\CodeIgniter.php(353): CodeIgniter\CodeIgniter->handleRequest(NULL, Object(Config\Cache), false)
#9 E:\frede\public\index.php(79): CodeIgniter\CodeIgniter->run()
#10 E:\frede\system\Commands\Server\rewrite.php(47): require_once('E:\\frede\\public...')
#11 {main}
CRITICAL - 2023-11-14 01:56:32 --> Column 'id_barang' cannot be null
in SYSTEMPATH\Database\BaseConnection.php on line 646.
 1 SYSTEMPATH\Database\BaseBuilder.php(2309): CodeIgniter\Database\BaseConnection->query('INSERT INTO `tb_lelang` (`id_barang`, `tgl_lelang`, `harga_akhir`, `id_user`, `id_petugas`, `status`) VALUES (:id_barang:, :tgl_lelang:, :harga_akhir:, :id_user:, :id_petugas:, :status:)', [...], false)
 2 APPPATH\Models\M_tiff.php(32): CodeIgniter\Database\BaseBuilder->insert([...])
 3 APPPATH\Controllers\Home.php(134): App\Models\M_tiff->tambah('tb_lelang', [...])
 4 SYSTEMPATH\CodeIgniter.php(915): App\Controllers\Home->aksi_t_lelang()
 5 SYSTEMPATH\CodeIgniter.php(492): CodeIgniter\CodeIgniter->runController(Object(App\Controllers\Home))
 6 SYSTEMPATH\CodeIgniter.php(353): CodeIgniter\CodeIgniter->handleRequest(null, Object(Config\Cache), false)
 7 FCPATH\index.php(79): CodeIgniter\CodeIgniter->run()
 8 SYSTEMPATH\Commands\Server\rewrite.php(47): require_once('E:\\frede\\public\\index.php')
ERROR - 2023-11-14 01:56:55 --> mysqli_sql_exception: Column 'id_barang' cannot be null in E:\frede\system\Database\MySQLi\Connection.php:306
Stack trace:
#0 E:\frede\system\Database\MySQLi\Connection.php(306): mysqli->query('INSERT INTO `tb...', 0)
#1 E:\frede\system\Database\BaseConnection.php(692): CodeIgniter\Database\MySQLi\Connection->execute('INSERT INTO `tb...')
#2 E:\frede\system\Database\BaseConnection.php(606): CodeIgniter\Database\BaseConnection->simpleQuery('INSERT INTO `tb...')
#3 E:\frede\system\Database\BaseBuilder.php(2309): CodeIgniter\Database\BaseConnection->query('INSERT INTO `tb...', Array, false)
#4 E:\frede\app\Models\M_tiff.php(32): CodeIgniter\Database\BaseBuilder->insert(Array)
#5 E:\frede\app\Controllers\Home.php(134): App\Models\M_tiff->tambah('tb_lelang', Array)
#6 E:\frede\system\CodeIgniter.php(915): App\Controllers\Home->aksi_t_lelang()
#7 E:\frede\system\CodeIgniter.php(492): CodeIgniter\CodeIgniter->runController(Object(App\Controllers\Home))
#8 E:\frede\system\CodeIgniter.php(353): CodeIgniter\CodeIgniter->handleRequest(NULL, Object(Config\Cache), false)
#9 E:\frede\public\index.php(79): CodeIgniter\CodeIgniter->run()
#10 E:\frede\system\Commands\Server\rewrite.php(47): require_once('E:\\frede\\public...')
#11 {main}
CRITICAL - 2023-11-14 01:56:55 --> Column 'id_barang' cannot be null
in SYSTEMPATH\Database\BaseConnection.php on line 646.
 1 SYSTEMPATH\Database\BaseBuilder.php(2309): CodeIgniter\Database\BaseConnection->query('INSERT INTO `tb_lelang` (`id_barang`, `tgl_lelang`, `harga_akhir`, `id_user`, `id_petugas`, `status`) VALUES (:id_barang:, :tgl_lelang:, :harga_akhir:, :id_user:, :id_petugas:, :status:)', [...], false)
 2 APPPATH\Models\M_tiff.php(32): CodeIgniter\Database\BaseBuilder->insert([...])
 3 APPPATH\Controllers\Home.php(134): App\Models\M_tiff->tambah('tb_lelang', [...])
 4 SYSTEMPATH\CodeIgniter.php(915): App\Controllers\Home->aksi_t_lelang()
 5 SYSTEMPATH\CodeIgniter.php(492): CodeIgniter\CodeIgniter->runController(Object(App\Controllers\Home))
 6 SYSTEMPATH\CodeIgniter.php(353): CodeIgniter\CodeIgniter->handleRequest(null, Object(Config\Cache), false)
 7 FCPATH\index.php(79): CodeIgniter\CodeIgniter->run()
 8 SYSTEMPATH\Commands\Server\rewrite.php(47): require_once('E:\\frede\\public\\index.php')
ERROR - 2023-11-14 01:57:32 --> mysqli_sql_exception: Column 'id_barang' cannot be null in E:\frede\system\Database\MySQLi\Connection.php:306
Stack trace:
#0 E:\frede\system\Database\MySQLi\Connection.php(306): mysqli->query('INSERT INTO `tb...', 0)
#1 E:\frede\system\Database\BaseConnection.php(692): CodeIgniter\Database\MySQLi\Connection->execute('INSERT INTO `tb...')
#2 E:\frede\system\Database\BaseConnection.php(606): CodeIgniter\Database\BaseConnection->simpleQuery('INSERT INTO `tb...')
#3 E:\frede\system\Database\BaseBuilder.php(2309): CodeIgniter\Database\BaseConnection->query('INSERT INTO `tb...', Array, false)
#4 E:\frede\app\Models\M_tiff.php(32): CodeIgniter\Database\BaseBuilder->insert(Array)
#5 E:\frede\app\Controllers\Home.php(134): App\Models\M_tiff->tambah('tb_lelang', Array)
#6 E:\frede\system\CodeIgniter.php(915): App\Controllers\Home->aksi_t_lelang()
#7 E:\frede\system\CodeIgniter.php(492): CodeIgniter\CodeIgniter->runController(Object(App\Controllers\Home))
#8 E:\frede\system\CodeIgniter.php(353): CodeIgniter\CodeIgniter->handleRequest(NULL, Object(Config\Cache), false)
#9 E:\frede\public\index.php(79): CodeIgniter\CodeIgniter->run()
#10 E:\frede\system\Commands\Server\rewrite.php(47): require_once('E:\\frede\\public...')
#11 {main}
CRITICAL - 2023-11-14 01:57:32 --> Column 'id_barang' cannot be null
in SYSTEMPATH\Database\BaseConnection.php on line 646.
 1 SYSTEMPATH\Database\BaseBuilder.php(2309): CodeIgniter\Database\BaseConnection->query('INSERT INTO `tb_lelang` (`id_barang`, `tgl_lelang`, `harga_akhir`, `id_user`, `id_petugas`, `status`) VALUES (:id_barang:, :tgl_lelang:, :harga_akhir:, :id_user:, :id_petugas:, :status:)', [...], false)
 2 APPPATH\Models\M_tiff.php(32): CodeIgniter\Database\BaseBuilder->insert([...])
 3 APPPATH\Controllers\Home.php(134): App\Models\M_tiff->tambah('tb_lelang', [...])
 4 SYSTEMPATH\CodeIgniter.php(915): App\Controllers\Home->aksi_t_lelang()
 5 SYSTEMPATH\CodeIgniter.php(492): CodeIgniter\CodeIgniter->runController(Object(App\Controllers\Home))
 6 SYSTEMPATH\CodeIgniter.php(353): CodeIgniter\CodeIgniter->handleRequest(null, Object(Config\Cache), false)
 7 FCPATH\index.php(79): CodeIgniter\CodeIgniter->run()
 8 SYSTEMPATH\Commands\Server\rewrite.php(47): require_once('E:\\frede\\public\\index.php')
ERROR - 2023-11-14 01:59:03 --> mysqli_sql_exception: Column 'id_barang' cannot be null in E:\frede\system\Database\MySQLi\Connection.php:306
Stack trace:
#0 E:\frede\system\Database\MySQLi\Connection.php(306): mysqli->query('INSERT INTO `tb...', 0)
#1 E:\frede\system\Database\BaseConnection.php(692): CodeIgniter\Database\MySQLi\Connection->execute('INSERT INTO `tb...')
#2 E:\frede\system\Database\BaseConnection.php(606): CodeIgniter\Database\BaseConnection->simpleQuery('INSERT INTO `tb...')
#3 E:\frede\system\Database\BaseBuilder.php(2309): CodeIgniter\Database\BaseConnection->query('INSERT INTO `tb...', Array, false)
#4 E:\frede\app\Models\M_tiff.php(32): CodeIgniter\Database\BaseBuilder->insert(Array)
#5 E:\frede\app\Controllers\Home.php(134): App\Models\M_tiff->tambah('tb_lelang', Array)
#6 E:\frede\system\CodeIgniter.php(915): App\Controllers\Home->aksi_t_lelang()
#7 E:\frede\system\CodeIgniter.php(492): CodeIgniter\CodeIgniter->runController(Object(App\Controllers\Home))
#8 E:\frede\system\CodeIgniter.php(353): CodeIgniter\CodeIgniter->handleRequest(NULL, Object(Config\Cache), false)
#9 E:\frede\public\index.php(79): CodeIgniter\CodeIgniter->run()
#10 E:\frede\system\Commands\Server\rewrite.php(47): require_once('E:\\frede\\public...')
#11 {main}
CRITICAL - 2023-11-14 01:59:03 --> Column 'id_barang' cannot be null
in SYSTEMPATH\Database\BaseConnection.php on line 646.
 1 SYSTEMPATH\Database\BaseBuilder.php(2309): CodeIgniter\Database\BaseConnection->query('INSERT INTO `tb_lelang` (`id_barang`, `tgl_lelang`, `harga_akhir`, `id_user`, `id_petugas`, `status`) VALUES (:id_barang:, :tgl_lelang:, :harga_akhir:, :id_user:, :id_petugas:, :status:)', [...], false)
 2 APPPATH\Models\M_tiff.php(32): CodeIgniter\Database\BaseBuilder->insert([...])
 3 APPPATH\Controllers\Home.php(134): App\Models\M_tiff->tambah('tb_lelang', [...])
 4 SYSTEMPATH\CodeIgniter.php(915): App\Controllers\Home->aksi_t_lelang()
 5 SYSTEMPATH\CodeIgniter.php(492): CodeIgniter\CodeIgniter->runController(Object(App\Controllers\Home))
 6 SYSTEMPATH\CodeIgniter.php(353): CodeIgniter\CodeIgniter->handleRequest(null, Object(Config\Cache), false)
 7 FCPATH\index.php(79): CodeIgniter\CodeIgniter->run()
 8 SYSTEMPATH\Commands\Server\rewrite.php(47): require_once('E:\\frede\\public\\index.php')
