CRITICAL - 2023-12-21 10:21:50 --> Cannot redeclare App\Models\M_tiff::$table
in APPPATH\Models\M_tiff.php on line 69.
 1 [internal function]: CodeIgniter\Debug\Exceptions->shutdownHandler()
CRITICAL - 2023-12-21 10:46:17 --> Unclosed '{' on line 8
in APPPATH\Controllers\Home.php on line 657.
 1 SYSTEMPATH\Autoloader\Autoloader.php(285): CodeIgniter\Autoloader\Autoloader->includeFile('E:\\frede\\app\\Controllers\\Home.php')
 2 SYSTEMPATH\Autoloader\Autoloader.php(263): CodeIgniter\Autoloader\Autoloader->loadInNamespace('App\\Controllers\\Home')
 3 [internal function]: CodeIgniter\Autoloader\Autoloader->loadClass('App\\Controllers\\Home')
 4 SYSTEMPATH\CodeIgniter.php(873): class_exists('\\App\\Controllers\\Home', true)
 5 SYSTEMPATH\CodeIgniter.php(479): CodeIgniter\CodeIgniter->startController()
 6 SYSTEMPATH\CodeIgniter.php(353): CodeIgniter\CodeIgniter->handleRequest(null, Object(Config\Cache), false)
 7 FCPATH\index.php(79): CodeIgniter\CodeIgniter->run()
 8 SYSTEMPATH\Commands\Server\rewrite.php(47): require_once('E:\\frede\\public\\index.php')
CRITICAL - 2023-12-21 10:49:34 --> syntax error, unexpected token "}", expecting ";"
in APPPATH\Models\M_tiff.php on line 43.
 1 SYSTEMPATH\Autoloader\Autoloader.php(285): CodeIgniter\Autoloader\Autoloader->includeFile('E:\\frede\\app\\Models\\M_tiff.php')
 2 SYSTEMPATH\Autoloader\Autoloader.php(263): CodeIgniter\Autoloader\Autoloader->loadInNamespace('App\\Models\\M_tiff')
 3 APPPATH\Controllers\Home.php(13): CodeIgniter\Autoloader\Autoloader->loadClass('App\\Models\\M_tiff')
 4 SYSTEMPATH\CodeIgniter.php(887): App\Controllers\Home->__construct()
 5 SYSTEMPATH\CodeIgniter.php(483): CodeIgniter\CodeIgniter->createController()
 6 SYSTEMPATH\CodeIgniter.php(353): CodeIgniter\CodeIgniter->handleRequest(null, Object(Config\Cache), false)
 7 FCPATH\index.php(79): CodeIgniter\CodeIgniter->run()
 8 SYSTEMPATH\Commands\Server\rewrite.php(47): require_once('E:\\frede\\public\\index.php')
CRITICAL - 2023-12-21 10:51:54 --> Cannot redeclare App\Models\M_tiff::$table
in APPPATH\Models\M_tiff.php on line 65.
 1 [internal function]: CodeIgniter\Debug\Exceptions->shutdownHandler()
CRITICAL - 2023-12-21 10:53:43 --> Cannot redeclare App\Models\M_tiff::$table
in APPPATH\Models\M_tiff.php on line 65.
 1 [internal function]: CodeIgniter\Debug\Exceptions->shutdownHandler()
CRITICAL - 2023-12-21 10:53:44 --> Cannot redeclare App\Models\M_tiff::$table
in APPPATH\Models\M_tiff.php on line 65.
 1 [internal function]: CodeIgniter\Debug\Exceptions->shutdownHandler()
CRITICAL - 2023-12-21 10:53:45 --> Cannot redeclare App\Models\M_tiff::$table
in APPPATH\Models\M_tiff.php on line 65.
 1 [internal function]: CodeIgniter\Debug\Exceptions->shutdownHandler()
CRITICAL - 2023-12-21 10:53:46 --> Cannot redeclare App\Models\M_tiff::$table
in APPPATH\Models\M_tiff.php on line 65.
 1 [internal function]: CodeIgniter\Debug\Exceptions->shutdownHandler()
CRITICAL - 2023-12-21 10:55:01 --> Cannot redeclare App\Models\M_tiff::$table
in APPPATH\Models\M_tiff.php on line 65.
 1 [internal function]: CodeIgniter\Debug\Exceptions->shutdownHandler()
CRITICAL - 2023-12-21 10:56:04 --> Cannot redeclare App\Models\M_tiff::$table
in APPPATH\Models\M_tiff.php on line 65.
 1 [internal function]: CodeIgniter\Debug\Exceptions->shutdownHandler()
CRITICAL - 2023-12-21 10:56:04 --> Cannot redeclare App\Models\M_tiff::$table
in APPPATH\Models\M_tiff.php on line 65.
 1 [internal function]: CodeIgniter\Debug\Exceptions->shutdownHandler()
CRITICAL - 2023-12-21 10:56:47 --> Cannot redeclare App\Models\M_tiff::$table
in APPPATH\Models\M_tiff.php on line 65.
 1 [internal function]: CodeIgniter\Debug\Exceptions->shutdownHandler()
CRITICAL - 2023-12-21 10:56:47 --> Cannot redeclare App\Models\M_tiff::$table
in APPPATH\Models\M_tiff.php on line 65.
 1 [internal function]: CodeIgniter\Debug\Exceptions->shutdownHandler()
CRITICAL - 2023-12-21 10:56:48 --> Cannot redeclare App\Models\M_tiff::$table
in APPPATH\Models\M_tiff.php on line 65.
 1 [internal function]: CodeIgniter\Debug\Exceptions->shutdownHandler()
CRITICAL - 2023-12-21 12:01:17 --> Unclosed '{' on line 24
in APPPATH\Views\barang.php on line 85.
 1 SYSTEMPATH\View\View.php(229): CodeIgniter\View\View->CodeIgniter\View\{closure}()
 2 SYSTEMPATH\Common.php(1178): CodeIgniter\View\View->render('barang', [], true)
 3 APPPATH\Controllers\Home.php(100): view('barang', [...])
 4 SYSTEMPATH\CodeIgniter.php(915): App\Controllers\Home->barang()
 5 SYSTEMPATH\CodeIgniter.php(492): CodeIgniter\CodeIgniter->runController(Object(App\Controllers\Home))
 6 SYSTEMPATH\CodeIgniter.php(353): CodeIgniter\CodeIgniter->handleRequest(null, Object(Config\Cache), false)
 7 FCPATH\index.php(79): CodeIgniter\CodeIgniter->run()
 8 SYSTEMPATH\Commands\Server\rewrite.php(47): require_once('E:\\frede\\public\\index.php')
CRITICAL - 2023-12-21 12:11:29 --> Attempt to read property "id_admin" on null
in APPPATH\Controllers\Home.php on line 529.
 1 APPPATH\Controllers\Home.php(529): CodeIgniter\Debug\Exceptions->errorHandler(2, 'Attempt to read property "id_admin" on null', 'E:\\frede\\app\\Controllers\\Home.php', 529)
 2 SYSTEMPATH\CodeIgniter.php(915): App\Controllers\Home->aksilogin()
 3 SYSTEMPATH\CodeIgniter.php(492): CodeIgniter\CodeIgniter->runController(Object(App\Controllers\Home))
 4 SYSTEMPATH\CodeIgniter.php(353): CodeIgniter\CodeIgniter->handleRequest(null, Object(Config\Cache), false)
 5 FCPATH\index.php(79): CodeIgniter\CodeIgniter->run()
 6 SYSTEMPATH\Commands\Server\rewrite.php(47): require_once('E:\\frede\\public\\index.php')
CRITICAL - 2023-12-21 12:12:19 --> Attempt to read property "id_admin" on null
in APPPATH\Controllers\Home.php on line 529.
 1 APPPATH\Controllers\Home.php(529): CodeIgniter\Debug\Exceptions->errorHandler(2, 'Attempt to read property "id_admin" on null', 'E:\\frede\\app\\Controllers\\Home.php', 529)
 2 SYSTEMPATH\CodeIgniter.php(915): App\Controllers\Home->aksilogin()
 3 SYSTEMPATH\CodeIgniter.php(492): CodeIgniter\CodeIgniter->runController(Object(App\Controllers\Home))
 4 SYSTEMPATH\CodeIgniter.php(353): CodeIgniter\CodeIgniter->handleRequest(null, Object(Config\Cache), false)
 5 FCPATH\index.php(79): CodeIgniter\CodeIgniter->run()
 6 SYSTEMPATH\Commands\Server\rewrite.php(47): require_once('E:\\frede\\public\\index.php')
CRITICAL - 2023-12-21 12:12:23 --> Attempt to read property "id_admin" on null
in APPPATH\Controllers\Home.php on line 529.
 1 APPPATH\Controllers\Home.php(529): CodeIgniter\Debug\Exceptions->errorHandler(2, 'Attempt to read property "id_admin" on null', 'E:\\frede\\app\\Controllers\\Home.php', 529)
 2 SYSTEMPATH\CodeIgniter.php(915): App\Controllers\Home->aksilogin()
 3 SYSTEMPATH\CodeIgniter.php(492): CodeIgniter\CodeIgniter->runController(Object(App\Controllers\Home))
 4 SYSTEMPATH\CodeIgniter.php(353): CodeIgniter\CodeIgniter->handleRequest(null, Object(Config\Cache), false)
 5 FCPATH\index.php(79): CodeIgniter\CodeIgniter->run()
 6 SYSTEMPATH\Commands\Server\rewrite.php(47): require_once('E:\\frede\\public\\index.php')
CRITICAL - 2023-12-21 12:13:15 --> Attempt to read property "id_admin" on null
in APPPATH\Controllers\Home.php on line 529.
 1 APPPATH\Controllers\Home.php(529): CodeIgniter\Debug\Exceptions->errorHandler(2, 'Attempt to read property "id_admin" on null', 'E:\\frede\\app\\Controllers\\Home.php', 529)
 2 SYSTEMPATH\CodeIgniter.php(915): App\Controllers\Home->aksilogin()
 3 SYSTEMPATH\CodeIgniter.php(492): CodeIgniter\CodeIgniter->runController(Object(App\Controllers\Home))
 4 SYSTEMPATH\CodeIgniter.php(353): CodeIgniter\CodeIgniter->handleRequest(null, Object(Config\Cache), false)
 5 FCPATH\index.php(79): CodeIgniter\CodeIgniter->run()
 6 SYSTEMPATH\Commands\Server\rewrite.php(47): require_once('E:\\frede\\public\\index.php')
CRITICAL - 2023-12-21 12:14:33 --> Attempt to read property "id_admin" on null
in APPPATH\Controllers\Home.php on line 529.
 1 APPPATH\Controllers\Home.php(529): CodeIgniter\Debug\Exceptions->errorHandler(2, 'Attempt to read property "id_admin" on null', 'E:\\frede\\app\\Controllers\\Home.php', 529)
 2 SYSTEMPATH\CodeIgniter.php(915): App\Controllers\Home->aksilogin()
 3 SYSTEMPATH\CodeIgniter.php(492): CodeIgniter\CodeIgniter->runController(Object(App\Controllers\Home))
 4 SYSTEMPATH\CodeIgniter.php(353): CodeIgniter\CodeIgniter->handleRequest(null, Object(Config\Cache), false)
 5 FCPATH\index.php(79): CodeIgniter\CodeIgniter->run()
 6 SYSTEMPATH\Commands\Server\rewrite.php(47): require_once('E:\\frede\\public\\index.php')
