CRITICAL - 2023-12-17 09:08:05 --> Class "Locale" not found
in SYSTEMPATH\CodeIgniter.php on line 214.
 1 ROOTPATH\spark(88): CodeIgniter\CodeIgniter->initialize()
CRITICAL - 2023-12-17 09:08:08 --> Uncaught Error: Class "Locale" not found in E:\frede\system\I18n\TimeTrait.php:74
Stack trace:
#0 E:\frede\system\I18n\TimeTrait.php(115): CodeIgniter\I18n\Time->__construct(NULL, NULL, NULL)
#1 E:\frede\system\HTTP\ResponseTrait.php(468): CodeIgniter\I18n\Time::now()
#2 E:\frede\system\HTTP\ResponseTrait.php(446): CodeIgniter\HTTP\Response->sendHeaders()
#3 E:\frede\system\Debug\ExceptionHandler.php(78): CodeIgniter\HTTP\Response->send()
#4 E:\frede\system\Debug\Exceptions.php(147): CodeIgniter\Debug\ExceptionHandler->handle(Object(Error), Object(CodeIgniter\HTTP\IncomingRequest), Object(CodeIgniter\HTTP\Response), 500, 1)
#5 [internal function]: CodeIgniter\Debug\Exceptions->exceptionHandler(Object(Error))
#6 {main}
  thrown
【Previous Exception】
Error
Class "Locale" not found
#0 E:\frede\spark(88): CodeIgniter\CodeIgniter->initialize()
#1 {main}
in SYSTEMPATH\I18n\TimeTrait.php on line 74.
 1 [internal function]: CodeIgniter\Debug\Exceptions->shutdownHandler()
ERROR - 2023-12-17 08:12:31 --> Error connecting to the database: mysqli_sql_exception: Unknown database 'lelangonline' in E:\frede\system\Database\MySQLi\Connection.php:185
Stack trace:
#0 E:\frede\system\Database\MySQLi\Connection.php(185): mysqli->real_connect('localhost', 'root', '', 'lelangonline', 3306, '', 0)
#1 E:\frede\system\Database\BaseConnection.php(391): CodeIgniter\Database\MySQLi\Connection->connect(false)
#2 E:\frede\system\Database\BaseConnection.php(574): CodeIgniter\Database\BaseConnection->initialize()
#3 E:\frede\system\Database\BaseBuilder.php(1749): CodeIgniter\Database\BaseConnection->query('SELECT *\nFROM `...', Array, false)
#4 E:\frede\app\Models\M_tiff.php(30): CodeIgniter\Database\BaseBuilder->getWhere(Array)
#5 E:\frede\app\Controllers\Home.php(515): App\Models\M_tiff->getwhere('tb_petugas', Array)
#6 E:\frede\system\CodeIgniter.php(915): App\Controllers\Home->aksilogin()
#7 E:\frede\system\CodeIgniter.php(492): CodeIgniter\CodeIgniter->runController(Object(App\Controllers\Home))
#8 E:\frede\system\CodeIgniter.php(353): CodeIgniter\CodeIgniter->handleRequest(NULL, Object(Config\Cache), false)
#9 E:\frede\public\index.php(79): CodeIgniter\CodeIgniter->run()
#10 E:\frede\system\Commands\Server\rewrite.php(47): require_once('E:\\frede\\public...')
#11 {main}

Next CodeIgniter\Database\Exceptions\DatabaseException: Unknown database 'lelangonline' in E:\frede\system\Database\MySQLi\Connection.php:229
Stack trace:
#0 E:\frede\system\Database\BaseConnection.php(391): CodeIgniter\Database\MySQLi\Connection->connect(false)
#1 E:\frede\system\Database\BaseConnection.php(574): CodeIgniter\Database\BaseConnection->initialize()
#2 E:\frede\system\Database\BaseBuilder.php(1749): CodeIgniter\Database\BaseConnection->query('SELECT *\nFROM `...', Array, false)
#3 E:\frede\app\Models\M_tiff.php(30): CodeIgniter\Database\BaseBuilder->getWhere(Array)
#4 E:\frede\app\Controllers\Home.php(515): App\Models\M_tiff->getwhere('tb_petugas', Array)
#5 E:\frede\system\CodeIgniter.php(915): App\Controllers\Home->aksilogin()
#6 E:\frede\system\CodeIgniter.php(492): CodeIgniter\CodeIgniter->runController(Object(App\Controllers\Home))
#7 E:\frede\system\CodeIgniter.php(353): CodeIgniter\CodeIgniter->handleRequest(NULL, Object(Config\Cache), false)
#8 E:\frede\public\index.php(79): CodeIgniter\CodeIgniter->run()
#9 E:\frede\system\Commands\Server\rewrite.php(47): require_once('E:\\frede\\public...')
#10 {main}
CRITICAL - 2023-12-17 08:12:31 --> Unable to connect to the database.
Main connection [MySQLi]: Unknown database 'lelangonline'
in SYSTEMPATH\Database\BaseConnection.php on line 427.
 1 SYSTEMPATH\Database\BaseConnection.php(574): CodeIgniter\Database\BaseConnection->initialize()
 2 SYSTEMPATH\Database\BaseBuilder.php(1749): CodeIgniter\Database\BaseConnection->query('SELECT *
FROM `tb_petugas`
WHERE `username` = :username:
AND `password` = :password:', [...], false)
 3 APPPATH\Models\M_tiff.php(30): CodeIgniter\Database\BaseBuilder->getWhere([...])
 4 APPPATH\Controllers\Home.php(515): App\Models\M_tiff->getwhere('tb_petugas', [...])
 5 SYSTEMPATH\CodeIgniter.php(915): App\Controllers\Home->aksilogin()
 6 SYSTEMPATH\CodeIgniter.php(492): CodeIgniter\CodeIgniter->runController(Object(App\Controllers\Home))
 7 SYSTEMPATH\CodeIgniter.php(353): CodeIgniter\CodeIgniter->handleRequest(null, Object(Config\Cache), false)
 8 FCPATH\index.php(79): CodeIgniter\CodeIgniter->run()
 9 SYSTEMPATH\Commands\Server\rewrite.php(47): require_once('E:\\frede\\public\\index.php')
ERROR - 2023-12-17 08:22:42 --> mysqli_sql_exception: Table 'lelangonline.tb_petugas' doesn't exist in engine in E:\frede\system\Database\MySQLi\Connection.php:306
Stack trace:
#0 E:\frede\system\Database\MySQLi\Connection.php(306): mysqli->query('SELECT *\nFROM `...', 0)
#1 E:\frede\system\Database\BaseConnection.php(692): CodeIgniter\Database\MySQLi\Connection->execute('SELECT *\nFROM `...')
#2 E:\frede\system\Database\BaseConnection.php(606): CodeIgniter\Database\BaseConnection->simpleQuery('SELECT *\nFROM `...')
#3 E:\frede\system\Database\BaseBuilder.php(1749): CodeIgniter\Database\BaseConnection->query('SELECT *\nFROM `...', Array, false)
#4 E:\frede\app\Models\M_tiff.php(30): CodeIgniter\Database\BaseBuilder->getWhere(Array)
#5 E:\frede\app\Controllers\Home.php(515): App\Models\M_tiff->getwhere('tb_petugas', Array)
#6 E:\frede\system\CodeIgniter.php(915): App\Controllers\Home->aksilogin()
#7 E:\frede\system\CodeIgniter.php(492): CodeIgniter\CodeIgniter->runController(Object(App\Controllers\Home))
#8 E:\frede\system\CodeIgniter.php(353): CodeIgniter\CodeIgniter->handleRequest(NULL, Object(Config\Cache), false)
#9 E:\frede\public\index.php(79): CodeIgniter\CodeIgniter->run()
#10 E:\frede\system\Commands\Server\rewrite.php(47): require_once('E:\\frede\\public...')
#11 {main}
CRITICAL - 2023-12-17 08:22:42 --> Table 'lelangonline.tb_petugas' doesn't exist in engine
in SYSTEMPATH\Database\BaseConnection.php on line 646.
 1 SYSTEMPATH\Database\BaseBuilder.php(1749): CodeIgniter\Database\BaseConnection->query('SELECT *
FROM `tb_petugas`
WHERE `username` = :username:
AND `password` = :password:', [...], false)
 2 APPPATH\Models\M_tiff.php(30): CodeIgniter\Database\BaseBuilder->getWhere([...])
 3 APPPATH\Controllers\Home.php(515): App\Models\M_tiff->getwhere('tb_petugas', [...])
 4 SYSTEMPATH\CodeIgniter.php(915): App\Controllers\Home->aksilogin()
 5 SYSTEMPATH\CodeIgniter.php(492): CodeIgniter\CodeIgniter->runController(Object(App\Controllers\Home))
 6 SYSTEMPATH\CodeIgniter.php(353): CodeIgniter\CodeIgniter->handleRequest(null, Object(Config\Cache), false)
 7 FCPATH\index.php(79): CodeIgniter\CodeIgniter->run()
 8 SYSTEMPATH\Commands\Server\rewrite.php(47): require_once('E:\\frede\\public\\index.php')
ERROR - 2023-12-17 08:22:57 --> mysqli_sql_exception: Table 'lelangonline.tb_petugas' doesn't exist in engine in E:\frede\system\Database\MySQLi\Connection.php:306
Stack trace:
#0 E:\frede\system\Database\MySQLi\Connection.php(306): mysqli->query('SELECT *\nFROM `...', 0)
#1 E:\frede\system\Database\BaseConnection.php(692): CodeIgniter\Database\MySQLi\Connection->execute('SELECT *\nFROM `...')
#2 E:\frede\system\Database\BaseConnection.php(606): CodeIgniter\Database\BaseConnection->simpleQuery('SELECT *\nFROM `...')
#3 E:\frede\system\Database\BaseBuilder.php(1749): CodeIgniter\Database\BaseConnection->query('SELECT *\nFROM `...', Array, false)
#4 E:\frede\app\Models\M_tiff.php(30): CodeIgniter\Database\BaseBuilder->getWhere(Array)
#5 E:\frede\app\Controllers\Home.php(515): App\Models\M_tiff->getwhere('tb_petugas', Array)
#6 E:\frede\system\CodeIgniter.php(915): App\Controllers\Home->aksilogin()
#7 E:\frede\system\CodeIgniter.php(492): CodeIgniter\CodeIgniter->runController(Object(App\Controllers\Home))
#8 E:\frede\system\CodeIgniter.php(353): CodeIgniter\CodeIgniter->handleRequest(NULL, Object(Config\Cache), false)
#9 E:\frede\public\index.php(79): CodeIgniter\CodeIgniter->run()
#10 E:\frede\system\Commands\Server\rewrite.php(47): require_once('E:\\frede\\public...')
#11 {main}
CRITICAL - 2023-12-17 08:22:57 --> Table 'lelangonline.tb_petugas' doesn't exist in engine
in SYSTEMPATH\Database\BaseConnection.php on line 646.
 1 SYSTEMPATH\Database\BaseBuilder.php(1749): CodeIgniter\Database\BaseConnection->query('SELECT *
FROM `tb_petugas`
WHERE `username` = :username:
AND `password` = :password:', [...], false)
 2 APPPATH\Models\M_tiff.php(30): CodeIgniter\Database\BaseBuilder->getWhere([...])
 3 APPPATH\Controllers\Home.php(515): App\Models\M_tiff->getwhere('tb_petugas', [...])
 4 SYSTEMPATH\CodeIgniter.php(915): App\Controllers\Home->aksilogin()
 5 SYSTEMPATH\CodeIgniter.php(492): CodeIgniter\CodeIgniter->runController(Object(App\Controllers\Home))
 6 SYSTEMPATH\CodeIgniter.php(353): CodeIgniter\CodeIgniter->handleRequest(null, Object(Config\Cache), false)
 7 FCPATH\index.php(79): CodeIgniter\CodeIgniter->run()
 8 SYSTEMPATH\Commands\Server\rewrite.php(47): require_once('E:\\frede\\public\\index.php')
