CRITICAL - 2023-12-26 07:22:02 --> syntax error, unexpected token "use"
in APPPATH\Controllers\Home.php on line 710.
 1 SYSTEMPATH\Autoloader\Autoloader.php(285): CodeIgniter\Autoloader\Autoloader->includeFile('E:\\frede\\app\\Controllers\\Home.php')
 2 SYSTEMPATH\Autoloader\Autoloader.php(263): CodeIgniter\Autoloader\Autoloader->loadInNamespace('App\\Controllers\\Home')
 3 [internal function]: CodeIgniter\Autoloader\Autoloader->loadClass('App\\Controllers\\Home')
 4 SYSTEMPATH\CodeIgniter.php(873): class_exists('\\App\\Controllers\\Home', true)
 5 SYSTEMPATH\CodeIgniter.php(479): CodeIgniter\CodeIgniter->startController()
 6 SYSTEMPATH\CodeIgniter.php(353): CodeIgniter\CodeIgniter->handleRequest(null, Object(Config\Cache), false)
 7 FCPATH\index.php(79): CodeIgniter\CodeIgniter->run()
 8 SYSTEMPATH\Commands\Server\rewrite.php(47): require_once('E:\\frede\\public\\index.php')
CRITICAL - 2023-12-26 07:23:51 --> Unclosed '{' on line 8
in APPPATH\Controllers\Home.php on line 718.
 1 SYSTEMPATH\Autoloader\Autoloader.php(285): CodeIgniter\Autoloader\Autoloader->includeFile('E:\\frede\\app\\Controllers\\Home.php')
 2 SYSTEMPATH\Autoloader\Autoloader.php(263): CodeIgniter\Autoloader\Autoloader->loadInNamespace('App\\Controllers\\Home')
 3 [internal function]: CodeIgniter\Autoloader\Autoloader->loadClass('App\\Controllers\\Home')
 4 SYSTEMPATH\CodeIgniter.php(873): class_exists('\\App\\Controllers\\Home', true)
 5 SYSTEMPATH\CodeIgniter.php(479): CodeIgniter\CodeIgniter->startController()
 6 SYSTEMPATH\CodeIgniter.php(353): CodeIgniter\CodeIgniter->handleRequest(null, Object(Config\Cache), false)
 7 FCPATH\index.php(79): CodeIgniter\CodeIgniter->run()
 8 SYSTEMPATH\Commands\Server\rewrite.php(47): require_once('E:\\frede\\public\\index.php')
CRITICAL - 2023-12-26 07:24:15 --> require_once(E:\frede\public\vendor/autoload.php): Failed to open stream: No such file or directory
in APPPATH\Controllers\Home.php on line 709.
 1 APPPATH\Controllers\Home.php(709): CodeIgniter\Debug\Exceptions->errorHandler(2, 'require_once(E:\\frede\\public\\vendor/autoload.php): Failed to open stream: No such file or directory', 'E:\\frede\\app\\Controllers\\Home.php', 709)
 2 APPPATH\Controllers\Home.php(709): require_once()
 3 SYSTEMPATH\CodeIgniter.php(915): App\Controllers\Home->excel()
 4 SYSTEMPATH\CodeIgniter.php(492): CodeIgniter\CodeIgniter->runController(Object(App\Controllers\Home))
 5 SYSTEMPATH\CodeIgniter.php(353): CodeIgniter\CodeIgniter->handleRequest(null, Object(Config\Cache), false)
 6 FCPATH\index.php(79): CodeIgniter\CodeIgniter->run()
 7 SYSTEMPATH\Commands\Server\rewrite.php(47): require_once('E:\\frede\\public\\index.php')
CRITICAL - 2023-12-26 07:33:27 --> require_once(E:\frede\public\vendor/autoload.php): Failed to open stream: No such file or directory
in APPPATH\Controllers\Home.php on line 709.
 1 APPPATH\Controllers\Home.php(709): CodeIgniter\Debug\Exceptions->errorHandler(2, 'require_once(E:\\frede\\public\\vendor/autoload.php): Failed to open stream: No such file or directory', 'E:\\frede\\app\\Controllers\\Home.php', 709)
 2 APPPATH\Controllers\Home.php(709): require_once()
 3 SYSTEMPATH\CodeIgniter.php(915): App\Controllers\Home->excel()
 4 SYSTEMPATH\CodeIgniter.php(492): CodeIgniter\CodeIgniter->runController(Object(App\Controllers\Home))
 5 SYSTEMPATH\CodeIgniter.php(353): CodeIgniter\CodeIgniter->handleRequest(null, Object(Config\Cache), false)
 6 FCPATH\index.php(79): CodeIgniter\CodeIgniter->run()
 7 SYSTEMPATH\Commands\Server\rewrite.php(47): require_once('E:\\frede\\public\\index.php')
CRITICAL - 2023-12-26 07:40:44 --> require_once(E:\frede\public\vendor/autoload.php): Failed to open stream: No such file or directory
in APPPATH\Controllers\Home.php on line 710.
 1 APPPATH\Controllers\Home.php(710): CodeIgniter\Debug\Exceptions->errorHandler(2, 'require_once(E:\\frede\\public\\vendor/autoload.php): Failed to open stream: No such file or directory', 'E:\\frede\\app\\Controllers\\Home.php', 710)
 2 APPPATH\Controllers\Home.php(710): require_once()
 3 SYSTEMPATH\CodeIgniter.php(915): App\Controllers\Home->excel()
 4 SYSTEMPATH\CodeIgniter.php(492): CodeIgniter\CodeIgniter->runController(Object(App\Controllers\Home))
 5 SYSTEMPATH\CodeIgniter.php(353): CodeIgniter\CodeIgniter->handleRequest(null, Object(Config\Cache), false)
 6 FCPATH\index.php(79): CodeIgniter\CodeIgniter->run()
 7 SYSTEMPATH\Commands\Server\rewrite.php(47): require_once('E:\\frede\\public\\index.php')
CRITICAL - 2023-12-26 11:37:02 --> Unclosed '{' on line 8
in APPPATH\Controllers\Home.php on line 723.
 1 SYSTEMPATH\Autoloader\Autoloader.php(285): CodeIgniter\Autoloader\Autoloader->includeFile('E:\\frede\\app\\Controllers\\Home.php')
 2 SYSTEMPATH\Autoloader\Autoloader.php(263): CodeIgniter\Autoloader\Autoloader->loadInNamespace('App\\Controllers\\Home')
 3 [internal function]: CodeIgniter\Autoloader\Autoloader->loadClass('App\\Controllers\\Home')
 4 SYSTEMPATH\CodeIgniter.php(873): class_exists('\\App\\Controllers\\Home', true)
 5 SYSTEMPATH\CodeIgniter.php(479): CodeIgniter\CodeIgniter->startController()
 6 SYSTEMPATH\CodeIgniter.php(353): CodeIgniter\CodeIgniter->handleRequest(null, Object(Config\Cache), false)
 7 FCPATH\index.php(79): CodeIgniter\CodeIgniter->run()
 8 SYSTEMPATH\Commands\Server\rewrite.php(47): require_once('E:\\frede\\public\\index.php')
CRITICAL - 2023-12-26 11:37:07 --> Unclosed '{' on line 8
in APPPATH\Controllers\Home.php on line 723.
 1 SYSTEMPATH\Autoloader\Autoloader.php(285): CodeIgniter\Autoloader\Autoloader->includeFile('E:\\frede\\app\\Controllers\\Home.php')
 2 SYSTEMPATH\Autoloader\Autoloader.php(263): CodeIgniter\Autoloader\Autoloader->loadInNamespace('App\\Controllers\\Home')
 3 [internal function]: CodeIgniter\Autoloader\Autoloader->loadClass('App\\Controllers\\Home')
 4 SYSTEMPATH\CodeIgniter.php(873): class_exists('\\App\\Controllers\\Home', true)
 5 SYSTEMPATH\CodeIgniter.php(479): CodeIgniter\CodeIgniter->startController()
 6 SYSTEMPATH\CodeIgniter.php(353): CodeIgniter\CodeIgniter->handleRequest(null, Object(Config\Cache), false)
 7 FCPATH\index.php(79): CodeIgniter\CodeIgniter->run()
 8 SYSTEMPATH\Commands\Server\rewrite.php(47): require_once('E:\\frede\\public\\index.php')
CRITICAL - 2023-12-26 11:38:26 --> require_once(E:\frede\public\vendor/autoload.php): Failed to open stream: No such file or directory
in APPPATH\Controllers\Home.php on line 708.
 1 APPPATH\Controllers\Home.php(708): CodeIgniter\Debug\Exceptions->errorHandler(2, 'require_once(E:\\frede\\public\\vendor/autoload.php): Failed to open stream: No such file or directory', 'E:\\frede\\app\\Controllers\\Home.php', 708)
 2 APPPATH\Controllers\Home.php(708): require_once()
 3 SYSTEMPATH\CodeIgniter.php(915): App\Controllers\Home->excel()
 4 SYSTEMPATH\CodeIgniter.php(492): CodeIgniter\CodeIgniter->runController(Object(App\Controllers\Home))
 5 SYSTEMPATH\CodeIgniter.php(353): CodeIgniter\CodeIgniter->handleRequest(null, Object(Config\Cache), false)
 6 FCPATH\index.php(79): CodeIgniter\CodeIgniter->run()
 7 SYSTEMPATH\Commands\Server\rewrite.php(47): require_once('E:\\frede\\public\\index.php')
CRITICAL - 2023-12-26 11:46:25 --> Class "PhpOffice\PhpSpreadsheet\Spreadsheet" not found
in APPPATH\Controllers\Home.php on line 710.
 1 SYSTEMPATH\CodeIgniter.php(915): App\Controllers\Home->excel()
 2 SYSTEMPATH\CodeIgniter.php(492): CodeIgniter\CodeIgniter->runController(Object(App\Controllers\Home))
 3 SYSTEMPATH\CodeIgniter.php(353): CodeIgniter\CodeIgniter->handleRequest(null, Object(Config\Cache), false)
 4 FCPATH\index.php(79): CodeIgniter\CodeIgniter->run()
 5 SYSTEMPATH\Commands\Server\rewrite.php(47): require_once('E:\\frede\\public\\index.php')
CRITICAL - 2023-12-26 11:48:41 --> Class "PhpOffice\PhpSpreadsheet\Spreadsheet" not found
in APPPATH\Controllers\Home.php on line 10.
 1 SYSTEMPATH\Autoloader\Autoloader.php(306): include_once()
 2 SYSTEMPATH\Autoloader\Autoloader.php(285): CodeIgniter\Autoloader\Autoloader->includeFile('E:\\frede\\app\\Controllers\\Home.php')
 3 SYSTEMPATH\Autoloader\Autoloader.php(263): CodeIgniter\Autoloader\Autoloader->loadInNamespace('App\\Controllers\\Home')
 4 [internal function]: CodeIgniter\Autoloader\Autoloader->loadClass('App\\Controllers\\Home')
 5 SYSTEMPATH\CodeIgniter.php(873): class_exists('\\App\\Controllers\\Home', true)
 6 SYSTEMPATH\CodeIgniter.php(479): CodeIgniter\CodeIgniter->startController()
 7 SYSTEMPATH\CodeIgniter.php(353): CodeIgniter\CodeIgniter->handleRequest(null, Object(Config\Cache), false)
 8 FCPATH\index.php(79): CodeIgniter\CodeIgniter->run()
 9 SYSTEMPATH\Commands\Server\rewrite.php(47): require_once('E:\\frede\\public\\index.php')
CRITICAL - 2023-12-26 11:48:45 --> Class "PhpOffice\PhpSpreadsheet\Spreadsheet" not found
in APPPATH\Controllers\Home.php on line 10.
 1 SYSTEMPATH\Autoloader\Autoloader.php(306): include_once()
 2 SYSTEMPATH\Autoloader\Autoloader.php(285): CodeIgniter\Autoloader\Autoloader->includeFile('E:\\frede\\app\\Controllers\\Home.php')
 3 SYSTEMPATH\Autoloader\Autoloader.php(263): CodeIgniter\Autoloader\Autoloader->loadInNamespace('App\\Controllers\\Home')
 4 [internal function]: CodeIgniter\Autoloader\Autoloader->loadClass('App\\Controllers\\Home')
 5 SYSTEMPATH\CodeIgniter.php(873): class_exists('\\App\\Controllers\\Home', true)
 6 SYSTEMPATH\CodeIgniter.php(479): CodeIgniter\CodeIgniter->startController()
 7 SYSTEMPATH\CodeIgniter.php(353): CodeIgniter\CodeIgniter->handleRequest(null, Object(Config\Cache), false)
 8 FCPATH\index.php(79): CodeIgniter\CodeIgniter->run()
 9 SYSTEMPATH\Commands\Server\rewrite.php(47): require_once('E:\\frede\\public\\index.php')
CRITICAL - 2023-12-26 11:48:46 --> Class "PhpOffice\PhpSpreadsheet\Spreadsheet" not found
in APPPATH\Controllers\Home.php on line 10.
 1 SYSTEMPATH\Autoloader\Autoloader.php(306): include_once()
 2 SYSTEMPATH\Autoloader\Autoloader.php(285): CodeIgniter\Autoloader\Autoloader->includeFile('E:\\frede\\app\\Controllers\\Home.php')
 3 SYSTEMPATH\Autoloader\Autoloader.php(263): CodeIgniter\Autoloader\Autoloader->loadInNamespace('App\\Controllers\\Home')
 4 [internal function]: CodeIgniter\Autoloader\Autoloader->loadClass('App\\Controllers\\Home')
 5 SYSTEMPATH\CodeIgniter.php(873): class_exists('\\App\\Controllers\\Home', true)
 6 SYSTEMPATH\CodeIgniter.php(479): CodeIgniter\CodeIgniter->startController()
 7 SYSTEMPATH\CodeIgniter.php(353): CodeIgniter\CodeIgniter->handleRequest(null, Object(Config\Cache), false)
 8 FCPATH\index.php(79): CodeIgniter\CodeIgniter->run()
 9 SYSTEMPATH\Commands\Server\rewrite.php(47): require_once('E:\\frede\\public\\index.php')
CRITICAL - 2023-12-26 11:56:47 --> syntax error, unexpected token "public", expecting end of file
in APPPATH\Models\M_tiff.php on line 20.
 1 SYSTEMPATH\Autoloader\Autoloader.php(285): CodeIgniter\Autoloader\Autoloader->includeFile('E:\\frede\\app\\Models\\M_tiff.php')
 2 SYSTEMPATH\Autoloader\Autoloader.php(263): CodeIgniter\Autoloader\Autoloader->loadInNamespace('App\\Models\\M_tiff')
 3 APPPATH\Controllers\Home.php(13): CodeIgniter\Autoloader\Autoloader->loadClass('App\\Models\\M_tiff')
 4 SYSTEMPATH\CodeIgniter.php(887): App\Controllers\Home->__construct()
 5 SYSTEMPATH\CodeIgniter.php(483): CodeIgniter\CodeIgniter->createController()
 6 SYSTEMPATH\CodeIgniter.php(353): CodeIgniter\CodeIgniter->handleRequest(null, Object(Config\Cache), false)
 7 FCPATH\index.php(79): CodeIgniter\CodeIgniter->run()
 8 SYSTEMPATH\Commands\Server\rewrite.php(47): require_once('E:\\frede\\public\\index.php')
CRITICAL - 2023-12-26 11:56:48 --> syntax error, unexpected token "public", expecting end of file
in APPPATH\Models\M_tiff.php on line 20.
 1 SYSTEMPATH\Autoloader\Autoloader.php(285): CodeIgniter\Autoloader\Autoloader->includeFile('E:\\frede\\app\\Models\\M_tiff.php')
 2 SYSTEMPATH\Autoloader\Autoloader.php(263): CodeIgniter\Autoloader\Autoloader->loadInNamespace('App\\Models\\M_tiff')
 3 APPPATH\Controllers\Home.php(13): CodeIgniter\Autoloader\Autoloader->loadClass('App\\Models\\M_tiff')
 4 SYSTEMPATH\CodeIgniter.php(887): App\Controllers\Home->__construct()
 5 SYSTEMPATH\CodeIgniter.php(483): CodeIgniter\CodeIgniter->createController()
 6 SYSTEMPATH\CodeIgniter.php(353): CodeIgniter\CodeIgniter->handleRequest(null, Object(Config\Cache), false)
 7 FCPATH\index.php(79): CodeIgniter\CodeIgniter->run()
 8 SYSTEMPATH\Commands\Server\rewrite.php(47): require_once('E:\\frede\\public\\index.php')
CRITICAL - 2023-12-26 11:56:49 --> syntax error, unexpected token "public", expecting end of file
in APPPATH\Models\M_tiff.php on line 20.
 1 SYSTEMPATH\Autoloader\Autoloader.php(285): CodeIgniter\Autoloader\Autoloader->includeFile('E:\\frede\\app\\Models\\M_tiff.php')
 2 SYSTEMPATH\Autoloader\Autoloader.php(263): CodeIgniter\Autoloader\Autoloader->loadInNamespace('App\\Models\\M_tiff')
 3 APPPATH\Controllers\Home.php(13): CodeIgniter\Autoloader\Autoloader->loadClass('App\\Models\\M_tiff')
 4 SYSTEMPATH\CodeIgniter.php(887): App\Controllers\Home->__construct()
 5 SYSTEMPATH\CodeIgniter.php(483): CodeIgniter\CodeIgniter->createController()
 6 SYSTEMPATH\CodeIgniter.php(353): CodeIgniter\CodeIgniter->handleRequest(null, Object(Config\Cache), false)
 7 FCPATH\index.php(79): CodeIgniter\CodeIgniter->run()
 8 SYSTEMPATH\Commands\Server\rewrite.php(47): require_once('E:\\frede\\public\\index.php')
CRITICAL - 2023-12-26 11:56:50 --> syntax error, unexpected token "public", expecting end of file
in APPPATH\Models\M_tiff.php on line 20.
 1 SYSTEMPATH\Autoloader\Autoloader.php(285): CodeIgniter\Autoloader\Autoloader->includeFile('E:\\frede\\app\\Models\\M_tiff.php')
 2 SYSTEMPATH\Autoloader\Autoloader.php(263): CodeIgniter\Autoloader\Autoloader->loadInNamespace('App\\Models\\M_tiff')
 3 APPPATH\Controllers\Home.php(13): CodeIgniter\Autoloader\Autoloader->loadClass('App\\Models\\M_tiff')
 4 SYSTEMPATH\CodeIgniter.php(887): App\Controllers\Home->__construct()
 5 SYSTEMPATH\CodeIgniter.php(483): CodeIgniter\CodeIgniter->createController()
 6 SYSTEMPATH\CodeIgniter.php(353): CodeIgniter\CodeIgniter->handleRequest(null, Object(Config\Cache), false)
 7 FCPATH\index.php(79): CodeIgniter\CodeIgniter->run()
 8 SYSTEMPATH\Commands\Server\rewrite.php(47): require_once('E:\\frede\\public\\index.php')
CRITICAL - 2023-12-26 12:00:36 --> Class "PhpOffice\PhpSpreadsheet\Spreadsheet" not found
in APPPATH\Controllers\Home.php on line 713.
 1 SYSTEMPATH\CodeIgniter.php(915): App\Controllers\Home->excel()
 2 SYSTEMPATH\CodeIgniter.php(492): CodeIgniter\CodeIgniter->runController(Object(App\Controllers\Home))
 3 SYSTEMPATH\CodeIgniter.php(353): CodeIgniter\CodeIgniter->handleRequest(null, Object(Config\Cache), false)
 4 FCPATH\index.php(79): CodeIgniter\CodeIgniter->run()
 5 SYSTEMPATH\Commands\Server\rewrite.php(47): require_once('E:\\frede\\public\\index.php')
CRITICAL - 2023-12-26 12:36:40 --> fopen(E:\frede\public\writable/my_excel_file.xlsx): Failed to open stream: No such file or directory
in VENDORPATH\phpoffice\phpspreadsheet\src\PhpSpreadsheet\Writer\BaseWriter.php on line 128.
 1 [internal function]: CodeIgniter\Debug\Exceptions->errorHandler(2, 'fopen(E:\\frede\\public\\writable/my_excel_file.xlsx): Failed to open stream: No such file or directory', 'E:\\frede\\vendor\\phpoffice\\phpspreadsheet\\src\\PhpSpreadsheet\\Writer\\BaseWriter.php', 128)
 2 VENDORPATH\phpoffice\phpspreadsheet\src\PhpSpreadsheet\Writer\BaseWriter.php(128): fopen('E:\\frede\\public\\writable/my_excel_file.xlsx', 'wb')
 3 VENDORPATH\phpoffice\phpspreadsheet\src\PhpSpreadsheet\Writer\Xlsx.php(546): PhpOffice\PhpSpreadsheet\Writer\BaseWriter->openFileHandle('E:\\frede\\public\\writable/my_excel_file.xlsx')
 4 APPPATH\Controllers\Home.php(718): PhpOffice\PhpSpreadsheet\Writer\Xlsx->save('E:\\frede\\public\\writable/my_excel_file.xlsx')
 5 SYSTEMPATH\CodeIgniter.php(915): App\Controllers\Home->excel()
 6 SYSTEMPATH\CodeIgniter.php(492): CodeIgniter\CodeIgniter->runController(Object(App\Controllers\Home))
 7 SYSTEMPATH\CodeIgniter.php(353): CodeIgniter\CodeIgniter->handleRequest(null, Object(Config\Cache), false)
 8 FCPATH\index.php(79): CodeIgniter\CodeIgniter->run()
 9 SYSTEMPATH\Commands\Server\rewrite.php(47): require_once('E:\\frede\\public\\index.php')
CRITICAL - 2023-12-26 12:36:45 --> fopen(E:\frede\public\writable/my_excel_file.xlsx): Failed to open stream: No such file or directory
in VENDORPATH\phpoffice\phpspreadsheet\src\PhpSpreadsheet\Writer\BaseWriter.php on line 128.
 1 [internal function]: CodeIgniter\Debug\Exceptions->errorHandler(2, 'fopen(E:\\frede\\public\\writable/my_excel_file.xlsx): Failed to open stream: No such file or directory', 'E:\\frede\\vendor\\phpoffice\\phpspreadsheet\\src\\PhpSpreadsheet\\Writer\\BaseWriter.php', 128)
 2 VENDORPATH\phpoffice\phpspreadsheet\src\PhpSpreadsheet\Writer\BaseWriter.php(128): fopen('E:\\frede\\public\\writable/my_excel_file.xlsx', 'wb')
 3 VENDORPATH\phpoffice\phpspreadsheet\src\PhpSpreadsheet\Writer\Xlsx.php(546): PhpOffice\PhpSpreadsheet\Writer\BaseWriter->openFileHandle('E:\\frede\\public\\writable/my_excel_file.xlsx')
 4 APPPATH\Controllers\Home.php(718): PhpOffice\PhpSpreadsheet\Writer\Xlsx->save('E:\\frede\\public\\writable/my_excel_file.xlsx')
 5 SYSTEMPATH\CodeIgniter.php(915): App\Controllers\Home->excel()
 6 SYSTEMPATH\CodeIgniter.php(492): CodeIgniter\CodeIgniter->runController(Object(App\Controllers\Home))
 7 SYSTEMPATH\CodeIgniter.php(353): CodeIgniter\CodeIgniter->handleRequest(null, Object(Config\Cache), false)
 8 FCPATH\index.php(79): CodeIgniter\CodeIgniter->run()
 9 SYSTEMPATH\Commands\Server\rewrite.php(47): require_once('E:\\frede\\public\\index.php')
CRITICAL - 2023-12-26 12:36:52 --> fopen(E:\frede\public\writable/my_excel_file.xlsx): Failed to open stream: No such file or directory
in VENDORPATH\phpoffice\phpspreadsheet\src\PhpSpreadsheet\Writer\BaseWriter.php on line 128.
 1 [internal function]: CodeIgniter\Debug\Exceptions->errorHandler(2, 'fopen(E:\\frede\\public\\writable/my_excel_file.xlsx): Failed to open stream: No such file or directory', 'E:\\frede\\vendor\\phpoffice\\phpspreadsheet\\src\\PhpSpreadsheet\\Writer\\BaseWriter.php', 128)
 2 VENDORPATH\phpoffice\phpspreadsheet\src\PhpSpreadsheet\Writer\BaseWriter.php(128): fopen('E:\\frede\\public\\writable/my_excel_file.xlsx', 'wb')
 3 VENDORPATH\phpoffice\phpspreadsheet\src\PhpSpreadsheet\Writer\Xlsx.php(546): PhpOffice\PhpSpreadsheet\Writer\BaseWriter->openFileHandle('E:\\frede\\public\\writable/my_excel_file.xlsx')
 4 APPPATH\Controllers\Home.php(718): PhpOffice\PhpSpreadsheet\Writer\Xlsx->save('E:\\frede\\public\\writable/my_excel_file.xlsx')
 5 SYSTEMPATH\CodeIgniter.php(915): App\Controllers\Home->excel()
 6 SYSTEMPATH\CodeIgniter.php(492): CodeIgniter\CodeIgniter->runController(Object(App\Controllers\Home))
 7 SYSTEMPATH\CodeIgniter.php(353): CodeIgniter\CodeIgniter->handleRequest(null, Object(Config\Cache), false)
 8 FCPATH\index.php(79): CodeIgniter\CodeIgniter->run()
 9 SYSTEMPATH\Commands\Server\rewrite.php(47): require_once('E:\\frede\\public\\index.php')
CRITICAL - 2023-12-26 12:46:19 --> fopen(E:\frede\public\writable/my_excel_file.xlsx): Failed to open stream: No such file or directory
in VENDORPATH\phpoffice\phpspreadsheet\src\PhpSpreadsheet\Writer\BaseWriter.php on line 128.
 1 [internal function]: CodeIgniter\Debug\Exceptions->errorHandler(2, 'fopen(E:\\frede\\public\\writable/my_excel_file.xlsx): Failed to open stream: No such file or directory', 'E:\\frede\\vendor\\phpoffice\\phpspreadsheet\\src\\PhpSpreadsheet\\Writer\\BaseWriter.php', 128)
 2 VENDORPATH\phpoffice\phpspreadsheet\src\PhpSpreadsheet\Writer\BaseWriter.php(128): fopen('E:\\frede\\public\\writable/my_excel_file.xlsx', 'wb')
 3 VENDORPATH\phpoffice\phpspreadsheet\src\PhpSpreadsheet\Writer\Xlsx.php(546): PhpOffice\PhpSpreadsheet\Writer\BaseWriter->openFileHandle('E:\\frede\\public\\writable/my_excel_file.xlsx')
 4 APPPATH\Controllers\Home.php(718): PhpOffice\PhpSpreadsheet\Writer\Xlsx->save('E:\\frede\\public\\writable/my_excel_file.xlsx')
 5 SYSTEMPATH\CodeIgniter.php(915): App\Controllers\Home->excel()
 6 SYSTEMPATH\CodeIgniter.php(492): CodeIgniter\CodeIgniter->runController(Object(App\Controllers\Home))
 7 SYSTEMPATH\CodeIgniter.php(353): CodeIgniter\CodeIgniter->handleRequest(null, Object(Config\Cache), false)
 8 FCPATH\index.php(79): CodeIgniter\CodeIgniter->run()
 9 SYSTEMPATH\Commands\Server\rewrite.php(47): require_once('E:\\frede\\public\\index.php')
CRITICAL - 2023-12-26 12:49:44 --> fopen(E:\frede\public\writable/my_excel_file.xlsx): Failed to open stream: No such file or directory
in VENDORPATH\phpoffice\phpspreadsheet\src\PhpSpreadsheet\Writer\BaseWriter.php on line 128.
 1 [internal function]: CodeIgniter\Debug\Exceptions->errorHandler(2, 'fopen(E:\\frede\\public\\writable/my_excel_file.xlsx): Failed to open stream: No such file or directory', 'E:\\frede\\vendor\\phpoffice\\phpspreadsheet\\src\\PhpSpreadsheet\\Writer\\BaseWriter.php', 128)
 2 VENDORPATH\phpoffice\phpspreadsheet\src\PhpSpreadsheet\Writer\BaseWriter.php(128): fopen('E:\\frede\\public\\writable/my_excel_file.xlsx', 'wb')
 3 VENDORPATH\phpoffice\phpspreadsheet\src\PhpSpreadsheet\Writer\Xlsx.php(546): PhpOffice\PhpSpreadsheet\Writer\BaseWriter->openFileHandle('E:\\frede\\public\\writable/my_excel_file.xlsx')
 4 APPPATH\Controllers\Home.php(718): PhpOffice\PhpSpreadsheet\Writer\Xlsx->save('E:\\frede\\public\\writable/my_excel_file.xlsx')
 5 SYSTEMPATH\CodeIgniter.php(915): App\Controllers\Home->excel()
 6 SYSTEMPATH\CodeIgniter.php(492): CodeIgniter\CodeIgniter->runController(Object(App\Controllers\Home))
 7 SYSTEMPATH\CodeIgniter.php(353): CodeIgniter\CodeIgniter->handleRequest(null, Object(Config\Cache), false)
 8 FCPATH\index.php(79): CodeIgniter\CodeIgniter->run()
 9 SYSTEMPATH\Commands\Server\rewrite.php(47): require_once('E:\\frede\\public\\index.php')
CRITICAL - 2023-12-26 12:57:09 --> fopen(E:\frede\public\writable/my_excel_file.xlsx): Failed to open stream: No such file or directory
in VENDORPATH\phpoffice\phpspreadsheet\src\PhpSpreadsheet\Writer\BaseWriter.php on line 128.
 1 [internal function]: CodeIgniter\Debug\Exceptions->errorHandler(2, 'fopen(E:\\frede\\public\\writable/my_excel_file.xlsx): Failed to open stream: No such file or directory', 'E:\\frede\\vendor\\phpoffice\\phpspreadsheet\\src\\PhpSpreadsheet\\Writer\\BaseWriter.php', 128)
 2 VENDORPATH\phpoffice\phpspreadsheet\src\PhpSpreadsheet\Writer\BaseWriter.php(128): fopen('E:\\frede\\public\\writable/my_excel_file.xlsx', 'wb')
 3 VENDORPATH\phpoffice\phpspreadsheet\src\PhpSpreadsheet\Writer\Xlsx.php(546): PhpOffice\PhpSpreadsheet\Writer\BaseWriter->openFileHandle('E:\\frede\\public\\writable/my_excel_file.xlsx')
 4 APPPATH\Controllers\Home.php(718): PhpOffice\PhpSpreadsheet\Writer\Xlsx->save('E:\\frede\\public\\writable/my_excel_file.xlsx')
 5 SYSTEMPATH\CodeIgniter.php(915): App\Controllers\Home->excel()
 6 SYSTEMPATH\CodeIgniter.php(492): CodeIgniter\CodeIgniter->runController(Object(App\Controllers\Home))
 7 SYSTEMPATH\CodeIgniter.php(353): CodeIgniter\CodeIgniter->handleRequest(null, Object(Config\Cache), false)
 8 FCPATH\index.php(79): CodeIgniter\CodeIgniter->run()
 9 SYSTEMPATH\Commands\Server\rewrite.php(47): require_once('E:\\frede\\public\\index.php')
CRITICAL - 2023-12-26 13:02:28 --> fopen(E:\frede\public\writable/my_excel_file.xlsx): Failed to open stream: No such file or directory
in VENDORPATH\phpoffice\phpspreadsheet\src\PhpSpreadsheet\Writer\BaseWriter.php on line 128.
 1 [internal function]: CodeIgniter\Debug\Exceptions->errorHandler(2, 'fopen(E:\\frede\\public\\writable/my_excel_file.xlsx): Failed to open stream: No such file or directory', 'E:\\frede\\vendor\\phpoffice\\phpspreadsheet\\src\\PhpSpreadsheet\\Writer\\BaseWriter.php', 128)
 2 VENDORPATH\phpoffice\phpspreadsheet\src\PhpSpreadsheet\Writer\BaseWriter.php(128): fopen('E:\\frede\\public\\writable/my_excel_file.xlsx', 'wb')
 3 VENDORPATH\phpoffice\phpspreadsheet\src\PhpSpreadsheet\Writer\Xlsx.php(546): PhpOffice\PhpSpreadsheet\Writer\BaseWriter->openFileHandle('E:\\frede\\public\\writable/my_excel_file.xlsx')
 4 APPPATH\Controllers\Home.php(718): PhpOffice\PhpSpreadsheet\Writer\Xlsx->save('E:\\frede\\public\\writable/my_excel_file.xlsx')
 5 SYSTEMPATH\CodeIgniter.php(915): App\Controllers\Home->excel()
 6 SYSTEMPATH\CodeIgniter.php(492): CodeIgniter\CodeIgniter->runController(Object(App\Controllers\Home))
 7 SYSTEMPATH\CodeIgniter.php(353): CodeIgniter\CodeIgniter->handleRequest(null, Object(Config\Cache), false)
 8 FCPATH\index.php(79): CodeIgniter\CodeIgniter->run()
 9 SYSTEMPATH\Commands\Server\rewrite.php(47): require_once('E:\\frede\\public\\index.php')
CRITICAL - 2023-12-26 13:08:08 --> fopen(E:\frede\public\E:\frede\writable\excel_file.xlsx): Failed to open stream: No such file or directory
in VENDORPATH\phpoffice\phpspreadsheet\src\PhpSpreadsheet\Writer\BaseWriter.php on line 128.
 1 [internal function]: CodeIgniter\Debug\Exceptions->errorHandler(2, 'fopen(E:\\frede\\public\\E:\\frede\\writable\\excel_file.xlsx): Failed to open stream: No such file or directory', 'E:\\frede\\vendor\\phpoffice\\phpspreadsheet\\src\\PhpSpreadsheet\\Writer\\BaseWriter.php', 128)
 2 VENDORPATH\phpoffice\phpspreadsheet\src\PhpSpreadsheet\Writer\BaseWriter.php(128): fopen('E:\\frede\\public\\E:\\frede\\writable\\excel_file.xlsx', 'wb')
 3 VENDORPATH\phpoffice\phpspreadsheet\src\PhpSpreadsheet\Writer\Xlsx.php(546): PhpOffice\PhpSpreadsheet\Writer\BaseWriter->openFileHandle('E:\\frede\\public\\E:\\frede\\writable\\excel_file.xlsx')
 4 APPPATH\Controllers\Home.php(718): PhpOffice\PhpSpreadsheet\Writer\Xlsx->save('E:\\frede\\public\\E:\\frede\\writable\\excel_file.xlsx')
 5 SYSTEMPATH\CodeIgniter.php(915): App\Controllers\Home->excel()
 6 SYSTEMPATH\CodeIgniter.php(492): CodeIgniter\CodeIgniter->runController(Object(App\Controllers\Home))
 7 SYSTEMPATH\CodeIgniter.php(353): CodeIgniter\CodeIgniter->handleRequest(null, Object(Config\Cache), false)
 8 FCPATH\index.php(79): CodeIgniter\CodeIgniter->run()
 9 SYSTEMPATH\Commands\Server\rewrite.php(47): require_once('E:\\frede\\public\\index.php')
CRITICAL - 2023-12-26 13:11:19 --> fopen(E:\frede\public\writable/excel_file.xlsx): Failed to open stream: No such file or directory
in VENDORPATH\phpoffice\phpspreadsheet\src\PhpSpreadsheet\Writer\BaseWriter.php on line 128.
 1 [internal function]: CodeIgniter\Debug\Exceptions->errorHandler(2, 'fopen(E:\\frede\\public\\writable/excel_file.xlsx): Failed to open stream: No such file or directory', 'E:\\frede\\vendor\\phpoffice\\phpspreadsheet\\src\\PhpSpreadsheet\\Writer\\BaseWriter.php', 128)
 2 VENDORPATH\phpoffice\phpspreadsheet\src\PhpSpreadsheet\Writer\BaseWriter.php(128): fopen('E:\\frede\\public\\writable/excel_file.xlsx', 'wb')
 3 VENDORPATH\phpoffice\phpspreadsheet\src\PhpSpreadsheet\Writer\Xlsx.php(546): PhpOffice\PhpSpreadsheet\Writer\BaseWriter->openFileHandle('E:\\frede\\public\\writable/excel_file.xlsx')
 4 APPPATH\Controllers\Home.php(718): PhpOffice\PhpSpreadsheet\Writer\Xlsx->save('E:\\frede\\public\\writable/excel_file.xlsx')
 5 SYSTEMPATH\CodeIgniter.php(915): App\Controllers\Home->excel()
 6 SYSTEMPATH\CodeIgniter.php(492): CodeIgniter\CodeIgniter->runController(Object(App\Controllers\Home))
 7 SYSTEMPATH\CodeIgniter.php(353): CodeIgniter\CodeIgniter->handleRequest(null, Object(Config\Cache), false)
 8 FCPATH\index.php(79): CodeIgniter\CodeIgniter->run()
 9 SYSTEMPATH\Commands\Server\rewrite.php(47): require_once('E:\\frede\\public\\index.php')
CRITICAL - 2023-12-26 13:11:21 --> fopen(E:\frede\public\writable/excel_file.xlsx): Failed to open stream: No such file or directory
in VENDORPATH\phpoffice\phpspreadsheet\src\PhpSpreadsheet\Writer\BaseWriter.php on line 128.
 1 [internal function]: CodeIgniter\Debug\Exceptions->errorHandler(2, 'fopen(E:\\frede\\public\\writable/excel_file.xlsx): Failed to open stream: No such file or directory', 'E:\\frede\\vendor\\phpoffice\\phpspreadsheet\\src\\PhpSpreadsheet\\Writer\\BaseWriter.php', 128)
 2 VENDORPATH\phpoffice\phpspreadsheet\src\PhpSpreadsheet\Writer\BaseWriter.php(128): fopen('E:\\frede\\public\\writable/excel_file.xlsx', 'wb')
 3 VENDORPATH\phpoffice\phpspreadsheet\src\PhpSpreadsheet\Writer\Xlsx.php(546): PhpOffice\PhpSpreadsheet\Writer\BaseWriter->openFileHandle('E:\\frede\\public\\writable/excel_file.xlsx')
 4 APPPATH\Controllers\Home.php(718): PhpOffice\PhpSpreadsheet\Writer\Xlsx->save('E:\\frede\\public\\writable/excel_file.xlsx')
 5 SYSTEMPATH\CodeIgniter.php(915): App\Controllers\Home->excel()
 6 SYSTEMPATH\CodeIgniter.php(492): CodeIgniter\CodeIgniter->runController(Object(App\Controllers\Home))
 7 SYSTEMPATH\CodeIgniter.php(353): CodeIgniter\CodeIgniter->handleRequest(null, Object(Config\Cache), false)
 8 FCPATH\index.php(79): CodeIgniter\CodeIgniter->run()
 9 SYSTEMPATH\Commands\Server\rewrite.php(47): require_once('E:\\frede\\public\\index.php')
