CRITICAL - 2023-11-30 13:41:18 --> syntax error, unexpected 'public' (T_PUBLIC), expecting end of file
in APPPATH\Controllers\Home.php on line 574.
 1 SYSTEMPATH\Autoloader\Autoloader.php(285): CodeIgniter\Autoloader\Autoloader->includeFile('E:\\frede\\app\\Controllers\\Home.php')
 2 SYSTEMPATH\Autoloader\Autoloader.php(263): CodeIgniter\Autoloader\Autoloader->loadInNamespace('App\\Controllers\\Home')
 3 [internal function]: CodeIgniter\Autoloader\Autoloader->loadClass('App\\Controllers\\Home')
 4 [internal function]: spl_autoload_call('App\\Controllers\\Home')
 5 SYSTEMPATH\CodeIgniter.php(873): class_exists('\\App\\Controllers\\Home', true)
 6 SYSTEMPATH\CodeIgniter.php(479): CodeIgniter\CodeIgniter->startController()
 7 SYSTEMPATH\CodeIgniter.php(353): CodeIgniter\CodeIgniter->handleRequest(null, Object(Config\Cache), false)
 8 FCPATH\index.php(79): CodeIgniter\CodeIgniter->run()
 9 SYSTEMPATH\Commands\Server\rewrite.php(47): require_once('E:\\frede\\public\\index.php')
CRITICAL - 2023-11-30 13:41:19 --> syntax error, unexpected 'public' (T_PUBLIC), expecting end of file
in APPPATH\Controllers\Home.php on line 574.
 1 SYSTEMPATH\Autoloader\Autoloader.php(285): CodeIgniter\Autoloader\Autoloader->includeFile('E:\\frede\\app\\Controllers\\Home.php')
 2 SYSTEMPATH\Autoloader\Autoloader.php(263): CodeIgniter\Autoloader\Autoloader->loadInNamespace('App\\Controllers\\Home')
 3 [internal function]: CodeIgniter\Autoloader\Autoloader->loadClass('App\\Controllers\\Home')
 4 [internal function]: spl_autoload_call('App\\Controllers\\Home')
 5 SYSTEMPATH\CodeIgniter.php(873): class_exists('\\App\\Controllers\\Home', true)
 6 SYSTEMPATH\CodeIgniter.php(479): CodeIgniter\CodeIgniter->startController()
 7 SYSTEMPATH\CodeIgniter.php(353): CodeIgniter\CodeIgniter->handleRequest(null, Object(Config\Cache), false)
 8 FCPATH\index.php(79): CodeIgniter\CodeIgniter->run()
 9 SYSTEMPATH\Commands\Server\rewrite.php(47): require_once('E:\\frede\\public\\index.php')
CRITICAL - 2023-11-30 13:41:32 --> syntax error, unexpected '$a' (T_VARIABLE), expecting ';' or '{'
in APPPATH\Controllers\Home.php on line 580.
 1 SYSTEMPATH\Autoloader\Autoloader.php(285): CodeIgniter\Autoloader\Autoloader->includeFile('E:\\frede\\app\\Controllers\\Home.php')
 2 SYSTEMPATH\Autoloader\Autoloader.php(263): CodeIgniter\Autoloader\Autoloader->loadInNamespace('App\\Controllers\\Home')
 3 [internal function]: CodeIgniter\Autoloader\Autoloader->loadClass('App\\Controllers\\Home')
 4 [internal function]: spl_autoload_call('App\\Controllers\\Home')
 5 SYSTEMPATH\CodeIgniter.php(873): class_exists('\\App\\Controllers\\Home', true)
 6 SYSTEMPATH\CodeIgniter.php(479): CodeIgniter\CodeIgniter->startController()
 7 SYSTEMPATH\CodeIgniter.php(353): CodeIgniter\CodeIgniter->handleRequest(null, Object(Config\Cache), false)
 8 FCPATH\index.php(79): CodeIgniter\CodeIgniter->run()
 9 SYSTEMPATH\Commands\Server\rewrite.php(47): require_once('E:\\frede\\public\\index.php')
CRITICAL - 2023-11-30 13:44:25 --> syntax error, unexpected '$a' (T_VARIABLE), expecting ';' or '{'
in APPPATH\Controllers\Home.php on line 580.
 1 SYSTEMPATH\Autoloader\Autoloader.php(285): CodeIgniter\Autoloader\Autoloader->includeFile('E:\\frede\\app\\Controllers\\Home.php')
 2 SYSTEMPATH\Autoloader\Autoloader.php(263): CodeIgniter\Autoloader\Autoloader->loadInNamespace('App\\Controllers\\Home')
 3 [internal function]: CodeIgniter\Autoloader\Autoloader->loadClass('App\\Controllers\\Home')
 4 [internal function]: spl_autoload_call('App\\Controllers\\Home')
 5 SYSTEMPATH\CodeIgniter.php(873): class_exists('\\App\\Controllers\\Home', true)
 6 SYSTEMPATH\CodeIgniter.php(479): CodeIgniter\CodeIgniter->startController()
 7 SYSTEMPATH\CodeIgniter.php(353): CodeIgniter\CodeIgniter->handleRequest(null, Object(Config\Cache), false)
 8 FCPATH\index.php(79): CodeIgniter\CodeIgniter->run()
 9 SYSTEMPATH\Commands\Server\rewrite.php(47): require_once('E:\\frede\\public\\index.php')
CRITICAL - 2023-11-30 13:44:25 --> syntax error, unexpected '$a' (T_VARIABLE), expecting ';' or '{'
in APPPATH\Controllers\Home.php on line 580.
 1 SYSTEMPATH\Autoloader\Autoloader.php(285): CodeIgniter\Autoloader\Autoloader->includeFile('E:\\frede\\app\\Controllers\\Home.php')
 2 SYSTEMPATH\Autoloader\Autoloader.php(263): CodeIgniter\Autoloader\Autoloader->loadInNamespace('App\\Controllers\\Home')
 3 [internal function]: CodeIgniter\Autoloader\Autoloader->loadClass('App\\Controllers\\Home')
 4 [internal function]: spl_autoload_call('App\\Controllers\\Home')
 5 SYSTEMPATH\CodeIgniter.php(873): class_exists('\\App\\Controllers\\Home', true)
 6 SYSTEMPATH\CodeIgniter.php(479): CodeIgniter\CodeIgniter->startController()
 7 SYSTEMPATH\CodeIgniter.php(353): CodeIgniter\CodeIgniter->handleRequest(null, Object(Config\Cache), false)
 8 FCPATH\index.php(79): CodeIgniter\CodeIgniter->run()
 9 SYSTEMPATH\Commands\Server\rewrite.php(47): require_once('E:\\frede\\public\\index.php')
CRITICAL - 2023-11-30 13:44:26 --> syntax error, unexpected '$a' (T_VARIABLE), expecting ';' or '{'
in APPPATH\Controllers\Home.php on line 580.
 1 SYSTEMPATH\Autoloader\Autoloader.php(285): CodeIgniter\Autoloader\Autoloader->includeFile('E:\\frede\\app\\Controllers\\Home.php')
 2 SYSTEMPATH\Autoloader\Autoloader.php(263): CodeIgniter\Autoloader\Autoloader->loadInNamespace('App\\Controllers\\Home')
 3 [internal function]: CodeIgniter\Autoloader\Autoloader->loadClass('App\\Controllers\\Home')
 4 [internal function]: spl_autoload_call('App\\Controllers\\Home')
 5 SYSTEMPATH\CodeIgniter.php(873): class_exists('\\App\\Controllers\\Home', true)
 6 SYSTEMPATH\CodeIgniter.php(479): CodeIgniter\CodeIgniter->startController()
 7 SYSTEMPATH\CodeIgniter.php(353): CodeIgniter\CodeIgniter->handleRequest(null, Object(Config\Cache), false)
 8 FCPATH\index.php(79): CodeIgniter\CodeIgniter->run()
 9 SYSTEMPATH\Commands\Server\rewrite.php(47): require_once('E:\\frede\\public\\index.php')
CRITICAL - 2023-11-30 13:44:27 --> syntax error, unexpected '$a' (T_VARIABLE), expecting ';' or '{'
in APPPATH\Controllers\Home.php on line 580.
 1 SYSTEMPATH\Autoloader\Autoloader.php(285): CodeIgniter\Autoloader\Autoloader->includeFile('E:\\frede\\app\\Controllers\\Home.php')
 2 SYSTEMPATH\Autoloader\Autoloader.php(263): CodeIgniter\Autoloader\Autoloader->loadInNamespace('App\\Controllers\\Home')
 3 [internal function]: CodeIgniter\Autoloader\Autoloader->loadClass('App\\Controllers\\Home')
 4 [internal function]: spl_autoload_call('App\\Controllers\\Home')
 5 SYSTEMPATH\CodeIgniter.php(873): class_exists('\\App\\Controllers\\Home', true)
 6 SYSTEMPATH\CodeIgniter.php(479): CodeIgniter\CodeIgniter->startController()
 7 SYSTEMPATH\CodeIgniter.php(353): CodeIgniter\CodeIgniter->handleRequest(null, Object(Config\Cache), false)
 8 FCPATH\index.php(79): CodeIgniter\CodeIgniter->run()
 9 SYSTEMPATH\Commands\Server\rewrite.php(47): require_once('E:\\frede\\public\\index.php')
CRITICAL - 2023-11-30 13:44:27 --> syntax error, unexpected '$a' (T_VARIABLE), expecting ';' or '{'
in APPPATH\Controllers\Home.php on line 580.
 1 SYSTEMPATH\Autoloader\Autoloader.php(285): CodeIgniter\Autoloader\Autoloader->includeFile('E:\\frede\\app\\Controllers\\Home.php')
 2 SYSTEMPATH\Autoloader\Autoloader.php(263): CodeIgniter\Autoloader\Autoloader->loadInNamespace('App\\Controllers\\Home')
 3 [internal function]: CodeIgniter\Autoloader\Autoloader->loadClass('App\\Controllers\\Home')
 4 [internal function]: spl_autoload_call('App\\Controllers\\Home')
 5 SYSTEMPATH\CodeIgniter.php(873): class_exists('\\App\\Controllers\\Home', true)
 6 SYSTEMPATH\CodeIgniter.php(479): CodeIgniter\CodeIgniter->startController()
 7 SYSTEMPATH\CodeIgniter.php(353): CodeIgniter\CodeIgniter->handleRequest(null, Object(Config\Cache), false)
 8 FCPATH\index.php(79): CodeIgniter\CodeIgniter->run()
 9 SYSTEMPATH\Commands\Server\rewrite.php(47): require_once('E:\\frede\\public\\index.php')
CRITICAL - 2023-11-30 13:44:28 --> syntax error, unexpected '$a' (T_VARIABLE), expecting ';' or '{'
in APPPATH\Controllers\Home.php on line 580.
 1 SYSTEMPATH\Autoloader\Autoloader.php(285): CodeIgniter\Autoloader\Autoloader->includeFile('E:\\frede\\app\\Controllers\\Home.php')
 2 SYSTEMPATH\Autoloader\Autoloader.php(263): CodeIgniter\Autoloader\Autoloader->loadInNamespace('App\\Controllers\\Home')
 3 [internal function]: CodeIgniter\Autoloader\Autoloader->loadClass('App\\Controllers\\Home')
 4 [internal function]: spl_autoload_call('App\\Controllers\\Home')
 5 SYSTEMPATH\CodeIgniter.php(873): class_exists('\\App\\Controllers\\Home', true)
 6 SYSTEMPATH\CodeIgniter.php(479): CodeIgniter\CodeIgniter->startController()
 7 SYSTEMPATH\CodeIgniter.php(353): CodeIgniter\CodeIgniter->handleRequest(null, Object(Config\Cache), false)
 8 FCPATH\index.php(79): CodeIgniter\CodeIgniter->run()
 9 SYSTEMPATH\Commands\Server\rewrite.php(47): require_once('E:\\frede\\public\\index.php')
CRITICAL - 2023-11-30 13:44:28 --> syntax error, unexpected '$a' (T_VARIABLE), expecting ';' or '{'
in APPPATH\Controllers\Home.php on line 580.
 1 SYSTEMPATH\Autoloader\Autoloader.php(285): CodeIgniter\Autoloader\Autoloader->includeFile('E:\\frede\\app\\Controllers\\Home.php')
 2 SYSTEMPATH\Autoloader\Autoloader.php(263): CodeIgniter\Autoloader\Autoloader->loadInNamespace('App\\Controllers\\Home')
 3 [internal function]: CodeIgniter\Autoloader\Autoloader->loadClass('App\\Controllers\\Home')
 4 [internal function]: spl_autoload_call('App\\Controllers\\Home')
 5 SYSTEMPATH\CodeIgniter.php(873): class_exists('\\App\\Controllers\\Home', true)
 6 SYSTEMPATH\CodeIgniter.php(479): CodeIgniter\CodeIgniter->startController()
 7 SYSTEMPATH\CodeIgniter.php(353): CodeIgniter\CodeIgniter->handleRequest(null, Object(Config\Cache), false)
 8 FCPATH\index.php(79): CodeIgniter\CodeIgniter->run()
 9 SYSTEMPATH\Commands\Server\rewrite.php(47): require_once('E:\\frede\\public\\index.php')
CRITICAL - 2023-11-30 13:44:34 --> syntax error, unexpected end of file, expecting function (T_FUNCTION) or const (T_CONST)
in APPPATH\Controllers\Home.php on line 607.
 1 SYSTEMPATH\Autoloader\Autoloader.php(285): CodeIgniter\Autoloader\Autoloader->includeFile('E:\\frede\\app\\Controllers\\Home.php')
 2 SYSTEMPATH\Autoloader\Autoloader.php(263): CodeIgniter\Autoloader\Autoloader->loadInNamespace('App\\Controllers\\Home')
 3 [internal function]: CodeIgniter\Autoloader\Autoloader->loadClass('App\\Controllers\\Home')
 4 [internal function]: spl_autoload_call('App\\Controllers\\Home')
 5 SYSTEMPATH\CodeIgniter.php(873): class_exists('\\App\\Controllers\\Home', true)
 6 SYSTEMPATH\CodeIgniter.php(479): CodeIgniter\CodeIgniter->startController()
 7 SYSTEMPATH\CodeIgniter.php(353): CodeIgniter\CodeIgniter->handleRequest(null, Object(Config\Cache), false)
 8 FCPATH\index.php(79): CodeIgniter\CodeIgniter->run()
 9 SYSTEMPATH\Commands\Server\rewrite.php(47): require_once('E:\\frede\\public\\index.php')
CRITICAL - 2023-11-30 13:44:35 --> syntax error, unexpected end of file, expecting function (T_FUNCTION) or const (T_CONST)
in APPPATH\Controllers\Home.php on line 607.
 1 SYSTEMPATH\Autoloader\Autoloader.php(285): CodeIgniter\Autoloader\Autoloader->includeFile('E:\\frede\\app\\Controllers\\Home.php')
 2 SYSTEMPATH\Autoloader\Autoloader.php(263): CodeIgniter\Autoloader\Autoloader->loadInNamespace('App\\Controllers\\Home')
 3 [internal function]: CodeIgniter\Autoloader\Autoloader->loadClass('App\\Controllers\\Home')
 4 [internal function]: spl_autoload_call('App\\Controllers\\Home')
 5 SYSTEMPATH\CodeIgniter.php(873): class_exists('\\App\\Controllers\\Home', true)
 6 SYSTEMPATH\CodeIgniter.php(479): CodeIgniter\CodeIgniter->startController()
 7 SYSTEMPATH\CodeIgniter.php(353): CodeIgniter\CodeIgniter->handleRequest(null, Object(Config\Cache), false)
 8 FCPATH\index.php(79): CodeIgniter\CodeIgniter->run()
 9 SYSTEMPATH\Commands\Server\rewrite.php(47): require_once('E:\\frede\\public\\index.php')
CRITICAL - 2023-11-30 13:44:46 --> syntax error, unexpected '}', expecting end of file
in APPPATH\Controllers\Home.php on line 607.
 1 SYSTEMPATH\Autoloader\Autoloader.php(285): CodeIgniter\Autoloader\Autoloader->includeFile('E:\\frede\\app\\Controllers\\Home.php')
 2 SYSTEMPATH\Autoloader\Autoloader.php(263): CodeIgniter\Autoloader\Autoloader->loadInNamespace('App\\Controllers\\Home')
 3 [internal function]: CodeIgniter\Autoloader\Autoloader->loadClass('App\\Controllers\\Home')
 4 [internal function]: spl_autoload_call('App\\Controllers\\Home')
 5 SYSTEMPATH\CodeIgniter.php(873): class_exists('\\App\\Controllers\\Home', true)
 6 SYSTEMPATH\CodeIgniter.php(479): CodeIgniter\CodeIgniter->startController()
 7 SYSTEMPATH\CodeIgniter.php(353): CodeIgniter\CodeIgniter->handleRequest(null, Object(Config\Cache), false)
 8 FCPATH\index.php(79): CodeIgniter\CodeIgniter->run()
 9 SYSTEMPATH\Commands\Server\rewrite.php(47): require_once('E:\\frede\\public\\index.php')
CRITICAL - 2023-11-30 13:44:47 --> syntax error, unexpected '}', expecting end of file
in APPPATH\Controllers\Home.php on line 607.
 1 SYSTEMPATH\Autoloader\Autoloader.php(285): CodeIgniter\Autoloader\Autoloader->includeFile('E:\\frede\\app\\Controllers\\Home.php')
 2 SYSTEMPATH\Autoloader\Autoloader.php(263): CodeIgniter\Autoloader\Autoloader->loadInNamespace('App\\Controllers\\Home')
 3 [internal function]: CodeIgniter\Autoloader\Autoloader->loadClass('App\\Controllers\\Home')
 4 [internal function]: spl_autoload_call('App\\Controllers\\Home')
 5 SYSTEMPATH\CodeIgniter.php(873): class_exists('\\App\\Controllers\\Home', true)
 6 SYSTEMPATH\CodeIgniter.php(479): CodeIgniter\CodeIgniter->startController()
 7 SYSTEMPATH\CodeIgniter.php(353): CodeIgniter\CodeIgniter->handleRequest(null, Object(Config\Cache), false)
 8 FCPATH\index.php(79): CodeIgniter\CodeIgniter->run()
 9 SYSTEMPATH\Commands\Server\rewrite.php(47): require_once('E:\\frede\\public\\index.php')
CRITICAL - 2023-11-30 13:44:47 --> syntax error, unexpected '}', expecting end of file
in APPPATH\Controllers\Home.php on line 607.
 1 SYSTEMPATH\Autoloader\Autoloader.php(285): CodeIgniter\Autoloader\Autoloader->includeFile('E:\\frede\\app\\Controllers\\Home.php')
 2 SYSTEMPATH\Autoloader\Autoloader.php(263): CodeIgniter\Autoloader\Autoloader->loadInNamespace('App\\Controllers\\Home')
 3 [internal function]: CodeIgniter\Autoloader\Autoloader->loadClass('App\\Controllers\\Home')
 4 [internal function]: spl_autoload_call('App\\Controllers\\Home')
 5 SYSTEMPATH\CodeIgniter.php(873): class_exists('\\App\\Controllers\\Home', true)
 6 SYSTEMPATH\CodeIgniter.php(479): CodeIgniter\CodeIgniter->startController()
 7 SYSTEMPATH\CodeIgniter.php(353): CodeIgniter\CodeIgniter->handleRequest(null, Object(Config\Cache), false)
 8 FCPATH\index.php(79): CodeIgniter\CodeIgniter->run()
 9 SYSTEMPATH\Commands\Server\rewrite.php(47): require_once('E:\\frede\\public\\index.php')
CRITICAL - 2023-11-30 13:45:15 --> You must set the database table to be used with your query.
in SYSTEMPATH\Database\BaseConnection.php on line 883.
 1 SYSTEMPATH\Model.php(635): CodeIgniter\Database\BaseConnection->table(null)
 2 SYSTEMPATH\Model.php(863): CodeIgniter\Model->builder()
 3 APPPATH\Controllers\Home.php(147): CodeIgniter\Model->__call('join', [...])
 4 SYSTEMPATH\CodeIgniter.php(915): App\Controllers\Home->petugas()
 5 SYSTEMPATH\CodeIgniter.php(492): CodeIgniter\CodeIgniter->runController(Object(App\Controllers\Home))
 6 SYSTEMPATH\CodeIgniter.php(353): CodeIgniter\CodeIgniter->handleRequest(null, Object(Config\Cache), false)
 7 FCPATH\index.php(79): CodeIgniter\CodeIgniter->run()
 8 SYSTEMPATH\Commands\Server\rewrite.php(47): require_once('E:\\frede\\public\\index.php')
CRITICAL - 2023-11-30 13:45:20 --> You must set the database table to be used with your query.
in SYSTEMPATH\Database\BaseConnection.php on line 883.
 1 SYSTEMPATH\Model.php(635): CodeIgniter\Database\BaseConnection->table(null)
 2 SYSTEMPATH\Model.php(863): CodeIgniter\Model->builder()
 3 APPPATH\Controllers\Home.php(147): CodeIgniter\Model->__call('join', [...])
 4 SYSTEMPATH\CodeIgniter.php(915): App\Controllers\Home->petugas()
 5 SYSTEMPATH\CodeIgniter.php(492): CodeIgniter\CodeIgniter->runController(Object(App\Controllers\Home))
 6 SYSTEMPATH\CodeIgniter.php(353): CodeIgniter\CodeIgniter->handleRequest(null, Object(Config\Cache), false)
 7 FCPATH\index.php(79): CodeIgniter\CodeIgniter->run()
 8 SYSTEMPATH\Commands\Server\rewrite.php(47): require_once('E:\\frede\\public\\index.php')
CRITICAL - 2023-11-30 13:46:34 --> You must set the database table to be used with your query.
in SYSTEMPATH\Database\BaseConnection.php on line 883.
 1 SYSTEMPATH\Model.php(635): CodeIgniter\Database\BaseConnection->table(null)
 2 SYSTEMPATH\Model.php(863): CodeIgniter\Model->builder()
 3 APPPATH\Controllers\Home.php(147): CodeIgniter\Model->__call('join', [...])
 4 SYSTEMPATH\CodeIgniter.php(915): App\Controllers\Home->petugas()
 5 SYSTEMPATH\CodeIgniter.php(492): CodeIgniter\CodeIgniter->runController(Object(App\Controllers\Home))
 6 SYSTEMPATH\CodeIgniter.php(353): CodeIgniter\CodeIgniter->handleRequest(null, Object(Config\Cache), false)
 7 FCPATH\index.php(79): CodeIgniter\CodeIgniter->run()
 8 SYSTEMPATH\Commands\Server\rewrite.php(47): require_once('E:\\frede\\public\\index.php')
CRITICAL - 2023-11-30 13:46:35 --> You must set the database table to be used with your query.
in SYSTEMPATH\Database\BaseConnection.php on line 883.
 1 SYSTEMPATH\Model.php(635): CodeIgniter\Database\BaseConnection->table(null)
 2 SYSTEMPATH\Model.php(863): CodeIgniter\Model->builder()
 3 APPPATH\Controllers\Home.php(147): CodeIgniter\Model->__call('join', [...])
 4 SYSTEMPATH\CodeIgniter.php(915): App\Controllers\Home->petugas()
 5 SYSTEMPATH\CodeIgniter.php(492): CodeIgniter\CodeIgniter->runController(Object(App\Controllers\Home))
 6 SYSTEMPATH\CodeIgniter.php(353): CodeIgniter\CodeIgniter->handleRequest(null, Object(Config\Cache), false)
 7 FCPATH\index.php(79): CodeIgniter\CodeIgniter->run()
 8 SYSTEMPATH\Commands\Server\rewrite.php(47): require_once('E:\\frede\\public\\index.php')
CRITICAL - 2023-11-30 13:46:35 --> You must set the database table to be used with your query.
in SYSTEMPATH\Database\BaseConnection.php on line 883.
 1 SYSTEMPATH\Model.php(635): CodeIgniter\Database\BaseConnection->table(null)
 2 SYSTEMPATH\Model.php(863): CodeIgniter\Model->builder()
 3 APPPATH\Controllers\Home.php(147): CodeIgniter\Model->__call('join', [...])
 4 SYSTEMPATH\CodeIgniter.php(915): App\Controllers\Home->petugas()
 5 SYSTEMPATH\CodeIgniter.php(492): CodeIgniter\CodeIgniter->runController(Object(App\Controllers\Home))
 6 SYSTEMPATH\CodeIgniter.php(353): CodeIgniter\CodeIgniter->handleRequest(null, Object(Config\Cache), false)
 7 FCPATH\index.php(79): CodeIgniter\CodeIgniter->run()
 8 SYSTEMPATH\Commands\Server\rewrite.php(47): require_once('E:\\frede\\public\\index.php')
CRITICAL - 2023-11-30 13:46:36 --> You must set the database table to be used with your query.
in SYSTEMPATH\Database\BaseConnection.php on line 883.
 1 SYSTEMPATH\Model.php(635): CodeIgniter\Database\BaseConnection->table(null)
 2 SYSTEMPATH\Model.php(863): CodeIgniter\Model->builder()
 3 APPPATH\Controllers\Home.php(147): CodeIgniter\Model->__call('join', [...])
 4 SYSTEMPATH\CodeIgniter.php(915): App\Controllers\Home->petugas()
 5 SYSTEMPATH\CodeIgniter.php(492): CodeIgniter\CodeIgniter->runController(Object(App\Controllers\Home))
 6 SYSTEMPATH\CodeIgniter.php(353): CodeIgniter\CodeIgniter->handleRequest(null, Object(Config\Cache), false)
 7 FCPATH\index.php(79): CodeIgniter\CodeIgniter->run()
 8 SYSTEMPATH\Commands\Server\rewrite.php(47): require_once('E:\\frede\\public\\index.php')
CRITICAL - 2023-11-30 13:46:36 --> You must set the database table to be used with your query.
in SYSTEMPATH\Database\BaseConnection.php on line 883.
 1 SYSTEMPATH\Model.php(635): CodeIgniter\Database\BaseConnection->table(null)
 2 SYSTEMPATH\Model.php(863): CodeIgniter\Model->builder()
 3 APPPATH\Controllers\Home.php(147): CodeIgniter\Model->__call('join', [...])
 4 SYSTEMPATH\CodeIgniter.php(915): App\Controllers\Home->petugas()
 5 SYSTEMPATH\CodeIgniter.php(492): CodeIgniter\CodeIgniter->runController(Object(App\Controllers\Home))
 6 SYSTEMPATH\CodeIgniter.php(353): CodeIgniter\CodeIgniter->handleRequest(null, Object(Config\Cache), false)
 7 FCPATH\index.php(79): CodeIgniter\CodeIgniter->run()
 8 SYSTEMPATH\Commands\Server\rewrite.php(47): require_once('E:\\frede\\public\\index.php')
CRITICAL - 2023-11-30 13:46:36 --> You must set the database table to be used with your query.
in SYSTEMPATH\Database\BaseConnection.php on line 883.
 1 SYSTEMPATH\Model.php(635): CodeIgniter\Database\BaseConnection->table(null)
 2 SYSTEMPATH\Model.php(863): CodeIgniter\Model->builder()
 3 APPPATH\Controllers\Home.php(147): CodeIgniter\Model->__call('join', [...])
 4 SYSTEMPATH\CodeIgniter.php(915): App\Controllers\Home->petugas()
 5 SYSTEMPATH\CodeIgniter.php(492): CodeIgniter\CodeIgniter->runController(Object(App\Controllers\Home))
 6 SYSTEMPATH\CodeIgniter.php(353): CodeIgniter\CodeIgniter->handleRequest(null, Object(Config\Cache), false)
 7 FCPATH\index.php(79): CodeIgniter\CodeIgniter->run()
 8 SYSTEMPATH\Commands\Server\rewrite.php(47): require_once('E:\\frede\\public\\index.php')
CRITICAL - 2023-11-30 13:46:47 --> You must set the database table to be used with your query.
in SYSTEMPATH\Database\BaseConnection.php on line 883.
 1 SYSTEMPATH\Model.php(635): CodeIgniter\Database\BaseConnection->table(null)
 2 SYSTEMPATH\Model.php(863): CodeIgniter\Model->builder()
 3 APPPATH\Controllers\Home.php(147): CodeIgniter\Model->__call('join', [...])
 4 SYSTEMPATH\CodeIgniter.php(915): App\Controllers\Home->petugas()
 5 SYSTEMPATH\CodeIgniter.php(492): CodeIgniter\CodeIgniter->runController(Object(App\Controllers\Home))
 6 SYSTEMPATH\CodeIgniter.php(353): CodeIgniter\CodeIgniter->handleRequest(null, Object(Config\Cache), false)
 7 FCPATH\index.php(79): CodeIgniter\CodeIgniter->run()
 8 SYSTEMPATH\Commands\Server\rewrite.php(47): require_once('E:\\frede\\public\\index.php')
CRITICAL - 2023-11-30 13:47:24 --> You must set the database table to be used with your query.
in SYSTEMPATH\Database\BaseConnection.php on line 883.
 1 SYSTEMPATH\Model.php(635): CodeIgniter\Database\BaseConnection->table(null)
 2 SYSTEMPATH\Model.php(863): CodeIgniter\Model->builder()
 3 APPPATH\Controllers\Home.php(147): CodeIgniter\Model->__call('join', [...])
 4 SYSTEMPATH\CodeIgniter.php(915): App\Controllers\Home->petugas()
 5 SYSTEMPATH\CodeIgniter.php(492): CodeIgniter\CodeIgniter->runController(Object(App\Controllers\Home))
 6 SYSTEMPATH\CodeIgniter.php(353): CodeIgniter\CodeIgniter->handleRequest(null, Object(Config\Cache), false)
 7 FCPATH\index.php(79): CodeIgniter\CodeIgniter->run()
 8 SYSTEMPATH\Commands\Server\rewrite.php(47): require_once('E:\\frede\\public\\index.php')
CRITICAL - 2023-11-30 13:47:46 --> You must set the database table to be used with your query.
in SYSTEMPATH\Database\BaseConnection.php on line 883.
 1 SYSTEMPATH\Model.php(635): CodeIgniter\Database\BaseConnection->table(null)
 2 SYSTEMPATH\Model.php(863): CodeIgniter\Model->builder()
 3 APPPATH\Controllers\Home.php(147): CodeIgniter\Model->__call('join', [...])
 4 SYSTEMPATH\CodeIgniter.php(915): App\Controllers\Home->petugas()
 5 SYSTEMPATH\CodeIgniter.php(492): CodeIgniter\CodeIgniter->runController(Object(App\Controllers\Home))
 6 SYSTEMPATH\CodeIgniter.php(353): CodeIgniter\CodeIgniter->handleRequest(null, Object(Config\Cache), false)
 7 FCPATH\index.php(79): CodeIgniter\CodeIgniter->run()
 8 SYSTEMPATH\Commands\Server\rewrite.php(47): require_once('E:\\frede\\public\\index.php')
CRITICAL - 2023-11-30 13:47:47 --> You must set the database table to be used with your query.
in SYSTEMPATH\Database\BaseConnection.php on line 883.
 1 SYSTEMPATH\Model.php(635): CodeIgniter\Database\BaseConnection->table(null)
 2 SYSTEMPATH\Model.php(863): CodeIgniter\Model->builder()
 3 APPPATH\Controllers\Home.php(147): CodeIgniter\Model->__call('join', [...])
 4 SYSTEMPATH\CodeIgniter.php(915): App\Controllers\Home->petugas()
 5 SYSTEMPATH\CodeIgniter.php(492): CodeIgniter\CodeIgniter->runController(Object(App\Controllers\Home))
 6 SYSTEMPATH\CodeIgniter.php(353): CodeIgniter\CodeIgniter->handleRequest(null, Object(Config\Cache), false)
 7 FCPATH\index.php(79): CodeIgniter\CodeIgniter->run()
 8 SYSTEMPATH\Commands\Server\rewrite.php(47): require_once('E:\\frede\\public\\index.php')
CRITICAL - 2023-11-30 13:47:47 --> You must set the database table to be used with your query.
in SYSTEMPATH\Database\BaseConnection.php on line 883.
 1 SYSTEMPATH\Model.php(635): CodeIgniter\Database\BaseConnection->table(null)
 2 SYSTEMPATH\Model.php(863): CodeIgniter\Model->builder()
 3 APPPATH\Controllers\Home.php(147): CodeIgniter\Model->__call('join', [...])
 4 SYSTEMPATH\CodeIgniter.php(915): App\Controllers\Home->petugas()
 5 SYSTEMPATH\CodeIgniter.php(492): CodeIgniter\CodeIgniter->runController(Object(App\Controllers\Home))
 6 SYSTEMPATH\CodeIgniter.php(353): CodeIgniter\CodeIgniter->handleRequest(null, Object(Config\Cache), false)
 7 FCPATH\index.php(79): CodeIgniter\CodeIgniter->run()
 8 SYSTEMPATH\Commands\Server\rewrite.php(47): require_once('E:\\frede\\public\\index.php')
CRITICAL - 2023-11-30 13:47:47 --> You must set the database table to be used with your query.
in SYSTEMPATH\Database\BaseConnection.php on line 883.
 1 SYSTEMPATH\Model.php(635): CodeIgniter\Database\BaseConnection->table(null)
 2 SYSTEMPATH\Model.php(863): CodeIgniter\Model->builder()
 3 APPPATH\Controllers\Home.php(147): CodeIgniter\Model->__call('join', [...])
 4 SYSTEMPATH\CodeIgniter.php(915): App\Controllers\Home->petugas()
 5 SYSTEMPATH\CodeIgniter.php(492): CodeIgniter\CodeIgniter->runController(Object(App\Controllers\Home))
 6 SYSTEMPATH\CodeIgniter.php(353): CodeIgniter\CodeIgniter->handleRequest(null, Object(Config\Cache), false)
 7 FCPATH\index.php(79): CodeIgniter\CodeIgniter->run()
 8 SYSTEMPATH\Commands\Server\rewrite.php(47): require_once('E:\\frede\\public\\index.php')
CRITICAL - 2023-11-30 13:47:47 --> You must set the database table to be used with your query.
in SYSTEMPATH\Database\BaseConnection.php on line 883.
 1 SYSTEMPATH\Model.php(635): CodeIgniter\Database\BaseConnection->table(null)
 2 SYSTEMPATH\Model.php(863): CodeIgniter\Model->builder()
 3 APPPATH\Controllers\Home.php(147): CodeIgniter\Model->__call('join', [...])
 4 SYSTEMPATH\CodeIgniter.php(915): App\Controllers\Home->petugas()
 5 SYSTEMPATH\CodeIgniter.php(492): CodeIgniter\CodeIgniter->runController(Object(App\Controllers\Home))
 6 SYSTEMPATH\CodeIgniter.php(353): CodeIgniter\CodeIgniter->handleRequest(null, Object(Config\Cache), false)
 7 FCPATH\index.php(79): CodeIgniter\CodeIgniter->run()
 8 SYSTEMPATH\Commands\Server\rewrite.php(47): require_once('E:\\frede\\public\\index.php')
CRITICAL - 2023-11-30 13:47:48 --> You must set the database table to be used with your query.
in SYSTEMPATH\Database\BaseConnection.php on line 883.
 1 SYSTEMPATH\Model.php(635): CodeIgniter\Database\BaseConnection->table(null)
 2 SYSTEMPATH\Model.php(863): CodeIgniter\Model->builder()
 3 APPPATH\Controllers\Home.php(147): CodeIgniter\Model->__call('join', [...])
 4 SYSTEMPATH\CodeIgniter.php(915): App\Controllers\Home->petugas()
 5 SYSTEMPATH\CodeIgniter.php(492): CodeIgniter\CodeIgniter->runController(Object(App\Controllers\Home))
 6 SYSTEMPATH\CodeIgniter.php(353): CodeIgniter\CodeIgniter->handleRequest(null, Object(Config\Cache), false)
 7 FCPATH\index.php(79): CodeIgniter\CodeIgniter->run()
 8 SYSTEMPATH\Commands\Server\rewrite.php(47): require_once('E:\\frede\\public\\index.php')
CRITICAL - 2023-11-30 13:47:48 --> You must set the database table to be used with your query.
in SYSTEMPATH\Database\BaseConnection.php on line 883.
 1 SYSTEMPATH\Model.php(635): CodeIgniter\Database\BaseConnection->table(null)
 2 SYSTEMPATH\Model.php(863): CodeIgniter\Model->builder()
 3 APPPATH\Controllers\Home.php(147): CodeIgniter\Model->__call('join', [...])
 4 SYSTEMPATH\CodeIgniter.php(915): App\Controllers\Home->petugas()
 5 SYSTEMPATH\CodeIgniter.php(492): CodeIgniter\CodeIgniter->runController(Object(App\Controllers\Home))
 6 SYSTEMPATH\CodeIgniter.php(353): CodeIgniter\CodeIgniter->handleRequest(null, Object(Config\Cache), false)
 7 FCPATH\index.php(79): CodeIgniter\CodeIgniter->run()
 8 SYSTEMPATH\Commands\Server\rewrite.php(47): require_once('E:\\frede\\public\\index.php')
CRITICAL - 2023-11-30 13:48:50 --> Too few arguments to function App\Models\M_tiff::join(), 3 passed in E:\frede\app\Controllers\Home.php on line 147 and exactly 8 expected
in APPPATH\Models\M_tiff.php on line 45.
 1 APPPATH\Controllers\Home.php(147): App\Models\M_tiff->join('tb_level', 'tb_petugas', 'tb_level.id_level=tb_petugas.id_petugas')
 2 SYSTEMPATH\CodeIgniter.php(915): App\Controllers\Home->petugas()
 3 SYSTEMPATH\CodeIgniter.php(492): CodeIgniter\CodeIgniter->runController(Object(App\Controllers\Home))
 4 SYSTEMPATH\CodeIgniter.php(353): CodeIgniter\CodeIgniter->handleRequest(null, Object(Config\Cache), false)
 5 FCPATH\index.php(79): CodeIgniter\CodeIgniter->run()
 6 SYSTEMPATH\Commands\Server\rewrite.php(47): require_once('E:\\frede\\public\\index.php')
CRITICAL - 2023-11-30 13:48:51 --> Too few arguments to function App\Models\M_tiff::join(), 3 passed in E:\frede\app\Controllers\Home.php on line 147 and exactly 8 expected
in APPPATH\Models\M_tiff.php on line 45.
 1 APPPATH\Controllers\Home.php(147): App\Models\M_tiff->join('tb_level', 'tb_petugas', 'tb_level.id_level=tb_petugas.id_petugas')
 2 SYSTEMPATH\CodeIgniter.php(915): App\Controllers\Home->petugas()
 3 SYSTEMPATH\CodeIgniter.php(492): CodeIgniter\CodeIgniter->runController(Object(App\Controllers\Home))
 4 SYSTEMPATH\CodeIgniter.php(353): CodeIgniter\CodeIgniter->handleRequest(null, Object(Config\Cache), false)
 5 FCPATH\index.php(79): CodeIgniter\CodeIgniter->run()
 6 SYSTEMPATH\Commands\Server\rewrite.php(47): require_once('E:\\frede\\public\\index.php')
CRITICAL - 2023-11-30 13:48:52 --> Too few arguments to function App\Models\M_tiff::join(), 3 passed in E:\frede\app\Controllers\Home.php on line 147 and exactly 8 expected
in APPPATH\Models\M_tiff.php on line 45.
 1 APPPATH\Controllers\Home.php(147): App\Models\M_tiff->join('tb_level', 'tb_petugas', 'tb_level.id_level=tb_petugas.id_petugas')
 2 SYSTEMPATH\CodeIgniter.php(915): App\Controllers\Home->petugas()
 3 SYSTEMPATH\CodeIgniter.php(492): CodeIgniter\CodeIgniter->runController(Object(App\Controllers\Home))
 4 SYSTEMPATH\CodeIgniter.php(353): CodeIgniter\CodeIgniter->handleRequest(null, Object(Config\Cache), false)
 5 FCPATH\index.php(79): CodeIgniter\CodeIgniter->run()
 6 SYSTEMPATH\Commands\Server\rewrite.php(47): require_once('E:\\frede\\public\\index.php')
CRITICAL - 2023-11-30 13:48:52 --> Too few arguments to function App\Models\M_tiff::join(), 3 passed in E:\frede\app\Controllers\Home.php on line 147 and exactly 8 expected
in APPPATH\Models\M_tiff.php on line 45.
 1 APPPATH\Controllers\Home.php(147): App\Models\M_tiff->join('tb_level', 'tb_petugas', 'tb_level.id_level=tb_petugas.id_petugas')
 2 SYSTEMPATH\CodeIgniter.php(915): App\Controllers\Home->petugas()
 3 SYSTEMPATH\CodeIgniter.php(492): CodeIgniter\CodeIgniter->runController(Object(App\Controllers\Home))
 4 SYSTEMPATH\CodeIgniter.php(353): CodeIgniter\CodeIgniter->handleRequest(null, Object(Config\Cache), false)
 5 FCPATH\index.php(79): CodeIgniter\CodeIgniter->run()
 6 SYSTEMPATH\Commands\Server\rewrite.php(47): require_once('E:\\frede\\public\\index.php')
CRITICAL - 2023-11-30 13:49:19 --> Too few arguments to function App\Models\M_tiff::joinnelson(), 3 passed in E:\frede\app\Controllers\Home.php on line 147 and exactly 8 expected
in APPPATH\Models\M_tiff.php on line 45.
 1 APPPATH\Controllers\Home.php(147): App\Models\M_tiff->joinnelson('tb_level', 'tb_petugas', 'tb_level.id_level=tb_petugas.id_petugas')
 2 SYSTEMPATH\CodeIgniter.php(915): App\Controllers\Home->petugas()
 3 SYSTEMPATH\CodeIgniter.php(492): CodeIgniter\CodeIgniter->runController(Object(App\Controllers\Home))
 4 SYSTEMPATH\CodeIgniter.php(353): CodeIgniter\CodeIgniter->handleRequest(null, Object(Config\Cache), false)
 5 FCPATH\index.php(79): CodeIgniter\CodeIgniter->run()
 6 SYSTEMPATH\Commands\Server\rewrite.php(47): require_once('E:\\frede\\public\\index.php')
CRITICAL - 2023-11-30 13:49:20 --> Too few arguments to function App\Models\M_tiff::joinnelson(), 3 passed in E:\frede\app\Controllers\Home.php on line 147 and exactly 8 expected
in APPPATH\Models\M_tiff.php on line 45.
 1 APPPATH\Controllers\Home.php(147): App\Models\M_tiff->joinnelson('tb_level', 'tb_petugas', 'tb_level.id_level=tb_petugas.id_petugas')
 2 SYSTEMPATH\CodeIgniter.php(915): App\Controllers\Home->petugas()
 3 SYSTEMPATH\CodeIgniter.php(492): CodeIgniter\CodeIgniter->runController(Object(App\Controllers\Home))
 4 SYSTEMPATH\CodeIgniter.php(353): CodeIgniter\CodeIgniter->handleRequest(null, Object(Config\Cache), false)
 5 FCPATH\index.php(79): CodeIgniter\CodeIgniter->run()
 6 SYSTEMPATH\Commands\Server\rewrite.php(47): require_once('E:\\frede\\public\\index.php')
CRITICAL - 2023-11-30 13:49:20 --> Too few arguments to function App\Models\M_tiff::joinnelson(), 3 passed in E:\frede\app\Controllers\Home.php on line 147 and exactly 8 expected
in APPPATH\Models\M_tiff.php on line 45.
 1 APPPATH\Controllers\Home.php(147): App\Models\M_tiff->joinnelson('tb_level', 'tb_petugas', 'tb_level.id_level=tb_petugas.id_petugas')
 2 SYSTEMPATH\CodeIgniter.php(915): App\Controllers\Home->petugas()
 3 SYSTEMPATH\CodeIgniter.php(492): CodeIgniter\CodeIgniter->runController(Object(App\Controllers\Home))
 4 SYSTEMPATH\CodeIgniter.php(353): CodeIgniter\CodeIgniter->handleRequest(null, Object(Config\Cache), false)
 5 FCPATH\index.php(79): CodeIgniter\CodeIgniter->run()
 6 SYSTEMPATH\Commands\Server\rewrite.php(47): require_once('E:\\frede\\public\\index.php')
CRITICAL - 2023-11-30 13:49:21 --> Too few arguments to function App\Models\M_tiff::joinnelson(), 3 passed in E:\frede\app\Controllers\Home.php on line 147 and exactly 8 expected
in APPPATH\Models\M_tiff.php on line 45.
 1 APPPATH\Controllers\Home.php(147): App\Models\M_tiff->joinnelson('tb_level', 'tb_petugas', 'tb_level.id_level=tb_petugas.id_petugas')
 2 SYSTEMPATH\CodeIgniter.php(915): App\Controllers\Home->petugas()
 3 SYSTEMPATH\CodeIgniter.php(492): CodeIgniter\CodeIgniter->runController(Object(App\Controllers\Home))
 4 SYSTEMPATH\CodeIgniter.php(353): CodeIgniter\CodeIgniter->handleRequest(null, Object(Config\Cache), false)
 5 FCPATH\index.php(79): CodeIgniter\CodeIgniter->run()
 6 SYSTEMPATH\Commands\Server\rewrite.php(47): require_once('E:\\frede\\public\\index.php')
CRITICAL - 2023-11-30 13:49:22 --> Too few arguments to function App\Models\M_tiff::joinnelson(), 3 passed in E:\frede\app\Controllers\Home.php on line 147 and exactly 8 expected
in APPPATH\Models\M_tiff.php on line 45.
 1 APPPATH\Controllers\Home.php(147): App\Models\M_tiff->joinnelson('tb_level', 'tb_petugas', 'tb_level.id_level=tb_petugas.id_petugas')
 2 SYSTEMPATH\CodeIgniter.php(915): App\Controllers\Home->petugas()
 3 SYSTEMPATH\CodeIgniter.php(492): CodeIgniter\CodeIgniter->runController(Object(App\Controllers\Home))
 4 SYSTEMPATH\CodeIgniter.php(353): CodeIgniter\CodeIgniter->handleRequest(null, Object(Config\Cache), false)
 5 FCPATH\index.php(79): CodeIgniter\CodeIgniter->run()
 6 SYSTEMPATH\Commands\Server\rewrite.php(47): require_once('E:\\frede\\public\\index.php')
CRITICAL - 2023-11-30 13:49:22 --> Too few arguments to function App\Models\M_tiff::joinnelson(), 3 passed in E:\frede\app\Controllers\Home.php on line 147 and exactly 8 expected
in APPPATH\Models\M_tiff.php on line 45.
 1 APPPATH\Controllers\Home.php(147): App\Models\M_tiff->joinnelson('tb_level', 'tb_petugas', 'tb_level.id_level=tb_petugas.id_petugas')
 2 SYSTEMPATH\CodeIgniter.php(915): App\Controllers\Home->petugas()
 3 SYSTEMPATH\CodeIgniter.php(492): CodeIgniter\CodeIgniter->runController(Object(App\Controllers\Home))
 4 SYSTEMPATH\CodeIgniter.php(353): CodeIgniter\CodeIgniter->handleRequest(null, Object(Config\Cache), false)
 5 FCPATH\index.php(79): CodeIgniter\CodeIgniter->run()
 6 SYSTEMPATH\Commands\Server\rewrite.php(47): require_once('E:\\frede\\public\\index.php')
CRITICAL - 2023-11-30 13:49:23 --> Too few arguments to function App\Models\M_tiff::joinnelson(), 3 passed in E:\frede\app\Controllers\Home.php on line 147 and exactly 8 expected
in APPPATH\Models\M_tiff.php on line 45.
 1 APPPATH\Controllers\Home.php(147): App\Models\M_tiff->joinnelson('tb_level', 'tb_petugas', 'tb_level.id_level=tb_petugas.id_petugas')
 2 SYSTEMPATH\CodeIgniter.php(915): App\Controllers\Home->petugas()
 3 SYSTEMPATH\CodeIgniter.php(492): CodeIgniter\CodeIgniter->runController(Object(App\Controllers\Home))
 4 SYSTEMPATH\CodeIgniter.php(353): CodeIgniter\CodeIgniter->handleRequest(null, Object(Config\Cache), false)
 5 FCPATH\index.php(79): CodeIgniter\CodeIgniter->run()
 6 SYSTEMPATH\Commands\Server\rewrite.php(47): require_once('E:\\frede\\public\\index.php')
CRITICAL - 2023-11-30 13:49:39 --> Too few arguments to function App\Models\M_tiff::joinnelson(), 3 passed in E:\frede\app\Controllers\Home.php on line 147 and exactly 8 expected
in APPPATH\Models\M_tiff.php on line 45.
 1 APPPATH\Controllers\Home.php(147): App\Models\M_tiff->joinnelson('tb_level', 'tb_petugas', 'tb_level.id_level=tb_petugas.id_petugas')
 2 SYSTEMPATH\CodeIgniter.php(915): App\Controllers\Home->petugas()
 3 SYSTEMPATH\CodeIgniter.php(492): CodeIgniter\CodeIgniter->runController(Object(App\Controllers\Home))
 4 SYSTEMPATH\CodeIgniter.php(353): CodeIgniter\CodeIgniter->handleRequest(null, Object(Config\Cache), false)
 5 FCPATH\index.php(79): CodeIgniter\CodeIgniter->run()
 6 SYSTEMPATH\Commands\Server\rewrite.php(47): require_once('E:\\frede\\public\\index.php')
CRITICAL - 2023-11-30 13:50:00 --> Too few arguments to function App\Models\M_tiff::join(), 3 passed in E:\frede\app\Controllers\Home.php on line 147 and exactly 8 expected
in APPPATH\Models\M_tiff.php on line 45.
 1 APPPATH\Controllers\Home.php(147): App\Models\M_tiff->join('tb_level', 'tb_petugas', 'tb_level.id_level=tb_petugas.id_petugas')
 2 SYSTEMPATH\CodeIgniter.php(915): App\Controllers\Home->petugas()
 3 SYSTEMPATH\CodeIgniter.php(492): CodeIgniter\CodeIgniter->runController(Object(App\Controllers\Home))
 4 SYSTEMPATH\CodeIgniter.php(353): CodeIgniter\CodeIgniter->handleRequest(null, Object(Config\Cache), false)
 5 FCPATH\index.php(79): CodeIgniter\CodeIgniter->run()
 6 SYSTEMPATH\Commands\Server\rewrite.php(47): require_once('E:\\frede\\public\\index.php')
CRITICAL - 2023-11-30 13:50:01 --> Too few arguments to function App\Models\M_tiff::join(), 3 passed in E:\frede\app\Controllers\Home.php on line 147 and exactly 8 expected
in APPPATH\Models\M_tiff.php on line 45.
 1 APPPATH\Controllers\Home.php(147): App\Models\M_tiff->join('tb_level', 'tb_petugas', 'tb_level.id_level=tb_petugas.id_petugas')
 2 SYSTEMPATH\CodeIgniter.php(915): App\Controllers\Home->petugas()
 3 SYSTEMPATH\CodeIgniter.php(492): CodeIgniter\CodeIgniter->runController(Object(App\Controllers\Home))
 4 SYSTEMPATH\CodeIgniter.php(353): CodeIgniter\CodeIgniter->handleRequest(null, Object(Config\Cache), false)
 5 FCPATH\index.php(79): CodeIgniter\CodeIgniter->run()
 6 SYSTEMPATH\Commands\Server\rewrite.php(47): require_once('E:\\frede\\public\\index.php')
CRITICAL - 2023-11-30 13:50:01 --> Too few arguments to function App\Models\M_tiff::join(), 3 passed in E:\frede\app\Controllers\Home.php on line 147 and exactly 8 expected
in APPPATH\Models\M_tiff.php on line 45.
 1 APPPATH\Controllers\Home.php(147): App\Models\M_tiff->join('tb_level', 'tb_petugas', 'tb_level.id_level=tb_petugas.id_petugas')
 2 SYSTEMPATH\CodeIgniter.php(915): App\Controllers\Home->petugas()
 3 SYSTEMPATH\CodeIgniter.php(492): CodeIgniter\CodeIgniter->runController(Object(App\Controllers\Home))
 4 SYSTEMPATH\CodeIgniter.php(353): CodeIgniter\CodeIgniter->handleRequest(null, Object(Config\Cache), false)
 5 FCPATH\index.php(79): CodeIgniter\CodeIgniter->run()
 6 SYSTEMPATH\Commands\Server\rewrite.php(47): require_once('E:\\frede\\public\\index.php')
CRITICAL - 2023-11-30 13:50:02 --> Too few arguments to function App\Models\M_tiff::join(), 3 passed in E:\frede\app\Controllers\Home.php on line 147 and exactly 8 expected
in APPPATH\Models\M_tiff.php on line 45.
 1 APPPATH\Controllers\Home.php(147): App\Models\M_tiff->join('tb_level', 'tb_petugas', 'tb_level.id_level=tb_petugas.id_petugas')
 2 SYSTEMPATH\CodeIgniter.php(915): App\Controllers\Home->petugas()
 3 SYSTEMPATH\CodeIgniter.php(492): CodeIgniter\CodeIgniter->runController(Object(App\Controllers\Home))
 4 SYSTEMPATH\CodeIgniter.php(353): CodeIgniter\CodeIgniter->handleRequest(null, Object(Config\Cache), false)
 5 FCPATH\index.php(79): CodeIgniter\CodeIgniter->run()
 6 SYSTEMPATH\Commands\Server\rewrite.php(47): require_once('E:\\frede\\public\\index.php')
CRITICAL - 2023-11-30 13:50:45 --> syntax error, unexpected '->' (T_OBJECT_OPERATOR)
in APPPATH\Models\M_tiff.php on line 50.
 1 SYSTEMPATH\Autoloader\Autoloader.php(285): CodeIgniter\Autoloader\Autoloader->includeFile('E:\\frede\\app\\models\\M_tiff.php')
 2 SYSTEMPATH\Autoloader\Autoloader.php(263): CodeIgniter\Autoloader\Autoloader->loadInNamespace('App\\models\\M_tiff')
 3 [internal function]: CodeIgniter\Autoloader\Autoloader->loadClass('App\\models\\M_tiff')
 4 APPPATH\Controllers\Home.php(146): spl_autoload_call('App\\models\\M_tiff')
 5 SYSTEMPATH\CodeIgniter.php(915): App\Controllers\Home->petugas()
 6 SYSTEMPATH\CodeIgniter.php(492): CodeIgniter\CodeIgniter->runController(Object(App\Controllers\Home))
 7 SYSTEMPATH\CodeIgniter.php(353): CodeIgniter\CodeIgniter->handleRequest(null, Object(Config\Cache), false)
 8 FCPATH\index.php(79): CodeIgniter\CodeIgniter->run()
 9 SYSTEMPATH\Commands\Server\rewrite.php(47): require_once('E:\\frede\\public\\index.php')
CRITICAL - 2023-11-30 13:50:46 --> syntax error, unexpected '->' (T_OBJECT_OPERATOR)
in APPPATH\Models\M_tiff.php on line 50.
 1 SYSTEMPATH\Autoloader\Autoloader.php(285): CodeIgniter\Autoloader\Autoloader->includeFile('E:\\frede\\app\\models\\M_tiff.php')
 2 SYSTEMPATH\Autoloader\Autoloader.php(263): CodeIgniter\Autoloader\Autoloader->loadInNamespace('App\\models\\M_tiff')
 3 [internal function]: CodeIgniter\Autoloader\Autoloader->loadClass('App\\models\\M_tiff')
 4 APPPATH\Controllers\Home.php(146): spl_autoload_call('App\\models\\M_tiff')
 5 SYSTEMPATH\CodeIgniter.php(915): App\Controllers\Home->petugas()
 6 SYSTEMPATH\CodeIgniter.php(492): CodeIgniter\CodeIgniter->runController(Object(App\Controllers\Home))
 7 SYSTEMPATH\CodeIgniter.php(353): CodeIgniter\CodeIgniter->handleRequest(null, Object(Config\Cache), false)
 8 FCPATH\index.php(79): CodeIgniter\CodeIgniter->run()
 9 SYSTEMPATH\Commands\Server\rewrite.php(47): require_once('E:\\frede\\public\\index.php')
CRITICAL - 2023-11-30 13:50:55 --> Too few arguments to function App\Models\M_tiff::join(), 3 passed in E:\frede\app\Controllers\Home.php on line 147 and exactly 4 expected
in APPPATH\Models\M_tiff.php on line 45.
 1 APPPATH\Controllers\Home.php(147): App\Models\M_tiff->join('tb_level', 'tb_petugas', 'tb_level.id_level=tb_petugas.id_petugas')
 2 SYSTEMPATH\CodeIgniter.php(915): App\Controllers\Home->petugas()
 3 SYSTEMPATH\CodeIgniter.php(492): CodeIgniter\CodeIgniter->runController(Object(App\Controllers\Home))
 4 SYSTEMPATH\CodeIgniter.php(353): CodeIgniter\CodeIgniter->handleRequest(null, Object(Config\Cache), false)
 5 FCPATH\index.php(79): CodeIgniter\CodeIgniter->run()
 6 SYSTEMPATH\Commands\Server\rewrite.php(47): require_once('E:\\frede\\public\\index.php')
CRITICAL - 2023-11-30 13:50:56 --> Too few arguments to function App\Models\M_tiff::join(), 3 passed in E:\frede\app\Controllers\Home.php on line 147 and exactly 4 expected
in APPPATH\Models\M_tiff.php on line 45.
 1 APPPATH\Controllers\Home.php(147): App\Models\M_tiff->join('tb_level', 'tb_petugas', 'tb_level.id_level=tb_petugas.id_petugas')
 2 SYSTEMPATH\CodeIgniter.php(915): App\Controllers\Home->petugas()
 3 SYSTEMPATH\CodeIgniter.php(492): CodeIgniter\CodeIgniter->runController(Object(App\Controllers\Home))
 4 SYSTEMPATH\CodeIgniter.php(353): CodeIgniter\CodeIgniter->handleRequest(null, Object(Config\Cache), false)
 5 FCPATH\index.php(79): CodeIgniter\CodeIgniter->run()
 6 SYSTEMPATH\Commands\Server\rewrite.php(47): require_once('E:\\frede\\public\\index.php')
CRITICAL - 2023-11-30 13:50:57 --> Too few arguments to function App\Models\M_tiff::join(), 3 passed in E:\frede\app\Controllers\Home.php on line 147 and exactly 4 expected
in APPPATH\Models\M_tiff.php on line 45.
 1 APPPATH\Controllers\Home.php(147): App\Models\M_tiff->join('tb_level', 'tb_petugas', 'tb_level.id_level=tb_petugas.id_petugas')
 2 SYSTEMPATH\CodeIgniter.php(915): App\Controllers\Home->petugas()
 3 SYSTEMPATH\CodeIgniter.php(492): CodeIgniter\CodeIgniter->runController(Object(App\Controllers\Home))
 4 SYSTEMPATH\CodeIgniter.php(353): CodeIgniter\CodeIgniter->handleRequest(null, Object(Config\Cache), false)
 5 FCPATH\index.php(79): CodeIgniter\CodeIgniter->run()
 6 SYSTEMPATH\Commands\Server\rewrite.php(47): require_once('E:\\frede\\public\\index.php')
CRITICAL - 2023-11-30 13:51:02 --> syntax error, unexpected '->' (T_OBJECT_OPERATOR)
in APPPATH\Models\M_tiff.php on line 50.
 1 SYSTEMPATH\Autoloader\Autoloader.php(285): CodeIgniter\Autoloader\Autoloader->includeFile('E:\\frede\\app\\models\\M_tiff.php')
 2 SYSTEMPATH\Autoloader\Autoloader.php(263): CodeIgniter\Autoloader\Autoloader->loadInNamespace('App\\models\\M_tiff')
 3 [internal function]: CodeIgniter\Autoloader\Autoloader->loadClass('App\\models\\M_tiff')
 4 APPPATH\Controllers\Home.php(146): spl_autoload_call('App\\models\\M_tiff')
 5 SYSTEMPATH\CodeIgniter.php(915): App\Controllers\Home->petugas()
 6 SYSTEMPATH\CodeIgniter.php(492): CodeIgniter\CodeIgniter->runController(Object(App\Controllers\Home))
 7 SYSTEMPATH\CodeIgniter.php(353): CodeIgniter\CodeIgniter->handleRequest(null, Object(Config\Cache), false)
 8 FCPATH\index.php(79): CodeIgniter\CodeIgniter->run()
 9 SYSTEMPATH\Commands\Server\rewrite.php(47): require_once('E:\\frede\\public\\index.php')
CRITICAL - 2023-11-30 13:51:11 --> You must set the database table to be used with your query.
in SYSTEMPATH\Database\BaseConnection.php on line 883.
 1 SYSTEMPATH\Model.php(635): CodeIgniter\Database\BaseConnection->table(null)
 2 SYSTEMPATH\Model.php(863): CodeIgniter\Model->builder()
 3 APPPATH\Controllers\Home.php(147): CodeIgniter\Model->__call('join', [...])
 4 SYSTEMPATH\CodeIgniter.php(915): App\Controllers\Home->petugas()
 5 SYSTEMPATH\CodeIgniter.php(492): CodeIgniter\CodeIgniter->runController(Object(App\Controllers\Home))
 6 SYSTEMPATH\CodeIgniter.php(353): CodeIgniter\CodeIgniter->handleRequest(null, Object(Config\Cache), false)
 7 FCPATH\index.php(79): CodeIgniter\CodeIgniter->run()
 8 SYSTEMPATH\Commands\Server\rewrite.php(47): require_once('E:\\frede\\public\\index.php')
CRITICAL - 2023-11-30 13:52:07 --> You must set the database table to be used with your query.
in SYSTEMPATH\Database\BaseConnection.php on line 883.
 1 SYSTEMPATH\Model.php(635): CodeIgniter\Database\BaseConnection->table(null)
 2 SYSTEMPATH\Model.php(863): CodeIgniter\Model->builder()
 3 APPPATH\Controllers\Home.php(132): CodeIgniter\Model->__call('join', [...])
 4 SYSTEMPATH\CodeIgniter.php(915): App\Controllers\Home->masyarakat()
 5 SYSTEMPATH\CodeIgniter.php(492): CodeIgniter\CodeIgniter->runController(Object(App\Controllers\Home))
 6 SYSTEMPATH\CodeIgniter.php(353): CodeIgniter\CodeIgniter->handleRequest(null, Object(Config\Cache), false)
 7 FCPATH\index.php(79): CodeIgniter\CodeIgniter->run()
 8 SYSTEMPATH\Commands\Server\rewrite.php(47): require_once('E:\\frede\\public\\index.php')
CRITICAL - 2023-11-30 13:52:43 --> You must set the database table to be used with your query.
in SYSTEMPATH\Database\BaseConnection.php on line 883.
 1 SYSTEMPATH\Model.php(635): CodeIgniter\Database\BaseConnection->table(null)
 2 SYSTEMPATH\Model.php(863): CodeIgniter\Model->builder()
 3 APPPATH\Controllers\Home.php(147): CodeIgniter\Model->__call('join', [...])
 4 SYSTEMPATH\CodeIgniter.php(915): App\Controllers\Home->petugas()
 5 SYSTEMPATH\CodeIgniter.php(492): CodeIgniter\CodeIgniter->runController(Object(App\Controllers\Home))
 6 SYSTEMPATH\CodeIgniter.php(353): CodeIgniter\CodeIgniter->handleRequest(null, Object(Config\Cache), false)
 7 FCPATH\index.php(79): CodeIgniter\CodeIgniter->run()
 8 SYSTEMPATH\Commands\Server\rewrite.php(47): require_once('E:\\frede\\public\\index.php')
CRITICAL - 2023-11-30 13:52:43 --> You must set the database table to be used with your query.
in SYSTEMPATH\Database\BaseConnection.php on line 883.
 1 SYSTEMPATH\Model.php(635): CodeIgniter\Database\BaseConnection->table(null)
 2 SYSTEMPATH\Model.php(863): CodeIgniter\Model->builder()
 3 APPPATH\Controllers\Home.php(147): CodeIgniter\Model->__call('join', [...])
 4 SYSTEMPATH\CodeIgniter.php(915): App\Controllers\Home->petugas()
 5 SYSTEMPATH\CodeIgniter.php(492): CodeIgniter\CodeIgniter->runController(Object(App\Controllers\Home))
 6 SYSTEMPATH\CodeIgniter.php(353): CodeIgniter\CodeIgniter->handleRequest(null, Object(Config\Cache), false)
 7 FCPATH\index.php(79): CodeIgniter\CodeIgniter->run()
 8 SYSTEMPATH\Commands\Server\rewrite.php(47): require_once('E:\\frede\\public\\index.php')
CRITICAL - 2023-11-30 13:52:43 --> You must set the database table to be used with your query.
in SYSTEMPATH\Database\BaseConnection.php on line 883.
 1 SYSTEMPATH\Model.php(635): CodeIgniter\Database\BaseConnection->table(null)
 2 SYSTEMPATH\Model.php(863): CodeIgniter\Model->builder()
 3 APPPATH\Controllers\Home.php(147): CodeIgniter\Model->__call('join', [...])
 4 SYSTEMPATH\CodeIgniter.php(915): App\Controllers\Home->petugas()
 5 SYSTEMPATH\CodeIgniter.php(492): CodeIgniter\CodeIgniter->runController(Object(App\Controllers\Home))
 6 SYSTEMPATH\CodeIgniter.php(353): CodeIgniter\CodeIgniter->handleRequest(null, Object(Config\Cache), false)
 7 FCPATH\index.php(79): CodeIgniter\CodeIgniter->run()
 8 SYSTEMPATH\Commands\Server\rewrite.php(47): require_once('E:\\frede\\public\\index.php')
CRITICAL - 2023-11-30 13:52:47 --> You must set the database table to be used with your query.
in SYSTEMPATH\Database\BaseConnection.php on line 883.
 1 SYSTEMPATH\Model.php(635): CodeIgniter\Database\BaseConnection->table(null)
 2 SYSTEMPATH\Model.php(863): CodeIgniter\Model->builder()
 3 APPPATH\Controllers\Home.php(132): CodeIgniter\Model->__call('join', [...])
 4 SYSTEMPATH\CodeIgniter.php(915): App\Controllers\Home->masyarakat()
 5 SYSTEMPATH\CodeIgniter.php(492): CodeIgniter\CodeIgniter->runController(Object(App\Controllers\Home))
 6 SYSTEMPATH\CodeIgniter.php(353): CodeIgniter\CodeIgniter->handleRequest(null, Object(Config\Cache), false)
 7 FCPATH\index.php(79): CodeIgniter\CodeIgniter->run()
 8 SYSTEMPATH\Commands\Server\rewrite.php(47): require_once('E:\\frede\\public\\index.php')
CRITICAL - 2023-11-30 13:52:50 --> You must set the database table to be used with your query.
in SYSTEMPATH\Database\BaseConnection.php on line 883.
 1 SYSTEMPATH\Model.php(635): CodeIgniter\Database\BaseConnection->table(null)
 2 SYSTEMPATH\Model.php(863): CodeIgniter\Model->builder()
 3 APPPATH\Controllers\Home.php(147): CodeIgniter\Model->__call('join', [...])
 4 SYSTEMPATH\CodeIgniter.php(915): App\Controllers\Home->petugas()
 5 SYSTEMPATH\CodeIgniter.php(492): CodeIgniter\CodeIgniter->runController(Object(App\Controllers\Home))
 6 SYSTEMPATH\CodeIgniter.php(353): CodeIgniter\CodeIgniter->handleRequest(null, Object(Config\Cache), false)
 7 FCPATH\index.php(79): CodeIgniter\CodeIgniter->run()
 8 SYSTEMPATH\Commands\Server\rewrite.php(47): require_once('E:\\frede\\public\\index.php')
CRITICAL - 2023-11-30 13:53:08 --> You must set the database table to be used with your query.
in SYSTEMPATH\Database\BaseConnection.php on line 883.
 1 SYSTEMPATH\Model.php(635): CodeIgniter\Database\BaseConnection->table(null)
 2 SYSTEMPATH\Model.php(863): CodeIgniter\Model->builder()
 3 APPPATH\Controllers\Home.php(147): CodeIgniter\Model->__call('join', [...])
 4 SYSTEMPATH\CodeIgniter.php(915): App\Controllers\Home->petugas()
 5 SYSTEMPATH\CodeIgniter.php(492): CodeIgniter\CodeIgniter->runController(Object(App\Controllers\Home))
 6 SYSTEMPATH\CodeIgniter.php(353): CodeIgniter\CodeIgniter->handleRequest(null, Object(Config\Cache), false)
 7 FCPATH\index.php(79): CodeIgniter\CodeIgniter->run()
 8 SYSTEMPATH\Commands\Server\rewrite.php(47): require_once('E:\\frede\\public\\index.php')
