CRITICAL - 2024-03-12 11:43:21 --> syntax error, unexpected token "public", expecting end of file
in APPPATH\Controllers\Home.php on line 57.
 1 SYSTEMPATH\Autoloader\Autoloader.php(250): CodeIgniter\Autoloader\Autoloader->includeFile('E:\\jadwalsis\\vendor\\composer/../../app/Controllers/Home.php')
 2 [internal function]: CodeIgniter\Autoloader\Autoloader->loadClassmap('App\\Controllers\\Home')
 3 SYSTEMPATH\CodeIgniter.php(873): class_exists('\\App\\Controllers\\Home', true)
 4 SYSTEMPATH\CodeIgniter.php(479): CodeIgniter\CodeIgniter->startController()
 5 SYSTEMPATH\CodeIgniter.php(353): CodeIgniter\CodeIgniter->handleRequest(null, Object(Config\Cache), false)
 6 FCPATH\index.php(79): CodeIgniter\CodeIgniter->run()
 7 SYSTEMPATH\Commands\Server\rewrite.php(47): require_once('E:\\jadwalsis\\public\\index.php')
CRITICAL - 2024-03-12 11:43:39 --> syntax error, unexpected token "\", expecting "function" or "const"
in APPPATH\Controllers\Home.php on line 107.
 1 SYSTEMPATH\Autoloader\Autoloader.php(250): CodeIgniter\Autoloader\Autoloader->includeFile('E:\\jadwalsis\\vendor\\composer/../../app/Controllers/Home.php')
 2 [internal function]: CodeIgniter\Autoloader\Autoloader->loadClassmap('App\\Controllers\\Home')
 3 SYSTEMPATH\CodeIgniter.php(873): class_exists('\\App\\Controllers\\Home', true)
 4 SYSTEMPATH\CodeIgniter.php(479): CodeIgniter\CodeIgniter->startController()
 5 SYSTEMPATH\CodeIgniter.php(353): CodeIgniter\CodeIgniter->handleRequest(null, Object(Config\Cache), false)
 6 FCPATH\index.php(79): CodeIgniter\CodeIgniter->run()
 7 SYSTEMPATH\Commands\Server\rewrite.php(47): require_once('E:\\jadwalsis\\public\\index.php')
CRITICAL - 2024-03-12 11:43:50 --> Unmatched '}'
in APPPATH\Controllers\Home.php on line 108.
 1 SYSTEMPATH\Autoloader\Autoloader.php(250): CodeIgniter\Autoloader\Autoloader->includeFile('E:\\jadwalsis\\vendor\\composer/../../app/Controllers/Home.php')
 2 [internal function]: CodeIgniter\Autoloader\Autoloader->loadClassmap('App\\Controllers\\Home')
 3 SYSTEMPATH\CodeIgniter.php(873): class_exists('\\App\\Controllers\\Home', true)
 4 SYSTEMPATH\CodeIgniter.php(479): CodeIgniter\CodeIgniter->startController()
 5 SYSTEMPATH\CodeIgniter.php(353): CodeIgniter\CodeIgniter->handleRequest(null, Object(Config\Cache), false)
 6 FCPATH\index.php(79): CodeIgniter\CodeIgniter->run()
 7 SYSTEMPATH\Commands\Server\rewrite.php(47): require_once('E:\\jadwalsis\\public\\index.php')
CRITICAL - 2024-03-12 11:52:49 --> Cannot declare class App\Models\M_tiff, because the name is already in use
in APPPATH\Models\M_jadwal.php on line 9.
 1 [internal function]: CodeIgniter\Debug\Exceptions->shutdownHandler()
CRITICAL - 2024-03-12 11:53:38 --> Too few arguments to function App\Models\M_jadwal::getwhere(), 0 passed in E:\jadwalsis\app\Controllers\Home.php on line 26 and exactly 2 expected
in APPPATH\Models\M_jadwal.php on line 26.
 1 APPPATH\Controllers\Home.php(26): App\Models\M_jadwal->getwhere()
 2 SYSTEMPATH\CodeIgniter.php(915): App\Controllers\Home->jadwal()
 3 SYSTEMPATH\CodeIgniter.php(492): CodeIgniter\CodeIgniter->runController(Object(App\Controllers\Home))
 4 SYSTEMPATH\CodeIgniter.php(353): CodeIgniter\CodeIgniter->handleRequest(null, Object(Config\Cache), false)
 5 FCPATH\index.php(79): CodeIgniter\CodeIgniter->run()
 6 SYSTEMPATH\Commands\Server\rewrite.php(47): require_once('E:\\jadwalsis\\public\\index.php')
CRITICAL - 2024-03-12 11:56:33 --> Undefined variable $id
in APPPATH\Controllers\Home.php on line 26.
 1 APPPATH\Controllers\Home.php(26): CodeIgniter\Debug\Exceptions->errorHandler(2, 'Undefined variable $id', 'E:\\jadwalsis\\app\\Controllers\\Home.php', 26)
 2 SYSTEMPATH\CodeIgniter.php(915): App\Controllers\Home->jadwal()
 3 SYSTEMPATH\CodeIgniter.php(492): CodeIgniter\CodeIgniter->runController(Object(App\Controllers\Home))
 4 SYSTEMPATH\CodeIgniter.php(353): CodeIgniter\CodeIgniter->handleRequest(null, Object(Config\Cache), false)
 5 FCPATH\index.php(79): CodeIgniter\CodeIgniter->run()
 6 SYSTEMPATH\Commands\Server\rewrite.php(47): require_once('E:\\jadwalsis\\public\\index.php')
CRITICAL - 2024-03-12 11:56:55 --> Undefined variable $where
in APPPATH\Controllers\Home.php on line 26.
 1 APPPATH\Controllers\Home.php(26): CodeIgniter\Debug\Exceptions->errorHandler(2, 'Undefined variable $where', 'E:\\jadwalsis\\app\\Controllers\\Home.php', 26)
 2 SYSTEMPATH\CodeIgniter.php(915): App\Controllers\Home->jadwal()
 3 SYSTEMPATH\CodeIgniter.php(492): CodeIgniter\CodeIgniter->runController(Object(App\Controllers\Home))
 4 SYSTEMPATH\CodeIgniter.php(353): CodeIgniter\CodeIgniter->handleRequest(null, Object(Config\Cache), false)
 5 FCPATH\index.php(79): CodeIgniter\CodeIgniter->run()
 6 SYSTEMPATH\Commands\Server\rewrite.php(47): require_once('E:\\jadwalsis\\public\\index.php')
CRITICAL - 2024-03-12 11:57:09 --> Too few arguments to function App\Models\M_jadwal::getwhere(), 1 passed in E:\jadwalsis\app\Controllers\Home.php on line 26 and exactly 2 expected
in APPPATH\Models\M_jadwal.php on line 26.
 1 APPPATH\Controllers\Home.php(26): App\Models\M_jadwal->getwhere('jadwalmapel')
 2 SYSTEMPATH\CodeIgniter.php(915): App\Controllers\Home->jadwal()
 3 SYSTEMPATH\CodeIgniter.php(492): CodeIgniter\CodeIgniter->runController(Object(App\Controllers\Home))
 4 SYSTEMPATH\CodeIgniter.php(353): CodeIgniter\CodeIgniter->handleRequest(null, Object(Config\Cache), false)
 5 FCPATH\index.php(79): CodeIgniter\CodeIgniter->run()
 6 SYSTEMPATH\Commands\Server\rewrite.php(47): require_once('E:\\jadwalsis\\public\\index.php')
ERROR - 2024-03-12 11:57:53 --> mysqli_sql_exception: Table 'lelangonline.jadwalmapel' doesn't exist in E:\jadwalsis\system\Database\MySQLi\Connection.php:306
Stack trace:
#0 E:\jadwalsis\system\Database\MySQLi\Connection.php(306): mysqli->query('SELECT *\nFROM `...', 0)
#1 E:\jadwalsis\system\Database\BaseConnection.php(692): CodeIgniter\Database\MySQLi\Connection->execute('SELECT *\nFROM `...')
#2 E:\jadwalsis\system\Database\BaseConnection.php(606): CodeIgniter\Database\BaseConnection->simpleQuery('SELECT *\nFROM `...')
#3 E:\jadwalsis\system\Database\BaseBuilder.php(1616): CodeIgniter\Database\BaseConnection->query('SELECT *\nFROM `...', Array, false)
#4 E:\jadwalsis\app\Models\M_jadwal.php(17): CodeIgniter\Database\BaseBuilder->get()
#5 E:\jadwalsis\app\Controllers\Home.php(26): App\Models\M_jadwal->tampil('jadwalmapel', 'id_jadwal')
#6 E:\jadwalsis\system\CodeIgniter.php(915): App\Controllers\Home->jadwal()
#7 E:\jadwalsis\system\CodeIgniter.php(492): CodeIgniter\CodeIgniter->runController(Object(App\Controllers\Home))
#8 E:\jadwalsis\system\CodeIgniter.php(353): CodeIgniter\CodeIgniter->handleRequest(NULL, Object(Config\Cache), false)
#9 E:\jadwalsis\public\index.php(79): CodeIgniter\CodeIgniter->run()
#10 E:\jadwalsis\system\Commands\Server\rewrite.php(47): require_once('E:\\jadwalsis\\pu...')
#11 {main}
CRITICAL - 2024-03-12 11:57:53 --> Table 'lelangonline.jadwalmapel' doesn't exist
in SYSTEMPATH\Database\BaseConnection.php on line 646.
 1 SYSTEMPATH\Database\BaseBuilder.php(1616): CodeIgniter\Database\BaseConnection->query('SELECT *
FROM `jadwalmapel`', [], false)
 2 APPPATH\Models\M_jadwal.php(17): CodeIgniter\Database\BaseBuilder->get()
 3 APPPATH\Controllers\Home.php(26): App\Models\M_jadwal->tampil('jadwalmapel', 'id_jadwal')
 4 SYSTEMPATH\CodeIgniter.php(915): App\Controllers\Home->jadwal()
 5 SYSTEMPATH\CodeIgniter.php(492): CodeIgniter\CodeIgniter->runController(Object(App\Controllers\Home))
 6 SYSTEMPATH\CodeIgniter.php(353): CodeIgniter\CodeIgniter->handleRequest(null, Object(Config\Cache), false)
 7 FCPATH\index.php(79): CodeIgniter\CodeIgniter->run()
 8 SYSTEMPATH\Commands\Server\rewrite.php(47): require_once('E:\\jadwalsis\\public\\index.php')
CRITICAL - 2024-03-12 12:44:11 --> Undefined variable $d
in APPPATH\Controllers\Home.php on line 90.
 1 APPPATH\Controllers\Home.php(90): CodeIgniter\Debug\Exceptions->errorHandler(2, 'Undefined variable $d', 'E:\\jadwalsis\\app\\Controllers\\Home.php', 90)
 2 SYSTEMPATH\CodeIgniter.php(915): App\Controllers\Home->aksi_e_jadwal()
 3 SYSTEMPATH\CodeIgniter.php(492): CodeIgniter\CodeIgniter->runController(Object(App\Controllers\Home))
 4 SYSTEMPATH\CodeIgniter.php(353): CodeIgniter\CodeIgniter->handleRequest(null, Object(Config\Cache), false)
 5 FCPATH\index.php(79): CodeIgniter\CodeIgniter->run()
 6 SYSTEMPATH\Commands\Server\rewrite.php(47): require_once('E:\\jadwalsis\\public\\index.php')
CRITICAL - 2024-03-12 12:44:12 --> Undefined variable $d
in APPPATH\Controllers\Home.php on line 90.
 1 APPPATH\Controllers\Home.php(90): CodeIgniter\Debug\Exceptions->errorHandler(2, 'Undefined variable $d', 'E:\\jadwalsis\\app\\Controllers\\Home.php', 90)
 2 SYSTEMPATH\CodeIgniter.php(915): App\Controllers\Home->aksi_e_jadwal()
 3 SYSTEMPATH\CodeIgniter.php(492): CodeIgniter\CodeIgniter->runController(Object(App\Controllers\Home))
 4 SYSTEMPATH\CodeIgniter.php(353): CodeIgniter\CodeIgniter->handleRequest(null, Object(Config\Cache), false)
 5 FCPATH\index.php(79): CodeIgniter\CodeIgniter->run()
 6 SYSTEMPATH\Commands\Server\rewrite.php(47): require_once('E:\\jadwalsis\\public\\index.php')
CRITICAL - 2024-03-12 12:44:19 --> Undefined variable $d
in APPPATH\Controllers\Home.php on line 90.
 1 APPPATH\Controllers\Home.php(90): CodeIgniter\Debug\Exceptions->errorHandler(2, 'Undefined variable $d', 'E:\\jadwalsis\\app\\Controllers\\Home.php', 90)
 2 SYSTEMPATH\CodeIgniter.php(915): App\Controllers\Home->aksi_e_jadwal()
 3 SYSTEMPATH\CodeIgniter.php(492): CodeIgniter\CodeIgniter->runController(Object(App\Controllers\Home))
 4 SYSTEMPATH\CodeIgniter.php(353): CodeIgniter\CodeIgniter->handleRequest(null, Object(Config\Cache), false)
 5 FCPATH\index.php(79): CodeIgniter\CodeIgniter->run()
 6 SYSTEMPATH\Commands\Server\rewrite.php(47): require_once('E:\\jadwalsis\\public\\index.php')
