CRITICAL - 2023-12-29 12:19:57 --> Undefined variable $id
in APPPATH\Models\M_tiff.php on line 89.
 1 APPPATH\Models\M_tiff.php(89): CodeIgniter\Debug\Exceptions->errorHandler(2, 'Undefined variable $id', 'E:\\frede\\app\\Models\\M_tiff.php', 89)
 2 APPPATH\Controllers\Home.php(705): App\Models\M_tiff->getPreviousHarga('1')
 3 SYSTEMPATH\CodeIgniter.php(915): App\Controllers\Home->aksi_penawaran()
 4 SYSTEMPATH\CodeIgniter.php(492): CodeIgniter\CodeIgniter->runController(Object(App\Controllers\Home))
 5 SYSTEMPATH\CodeIgniter.php(353): CodeIgniter\CodeIgniter->handleRequest(null, Object(Config\Cache), false)
 6 FCPATH\index.php(79): CodeIgniter\CodeIgniter->run()
 7 SYSTEMPATH\Commands\Server\rewrite.php(47): require_once('E:\\frede\\public\\index.php')
CRITICAL - 2023-12-29 12:33:29 --> syntax error, unexpected token "=>"
in APPPATH\Controllers\Home.php on line 727.
 1 SYSTEMPATH\Autoloader\Autoloader.php(250): CodeIgniter\Autoloader\Autoloader->includeFile('E:\\frede\\vendor\\composer/../../app/Controllers/Home.php')
 2 [internal function]: CodeIgniter\Autoloader\Autoloader->loadClassmap('App\\Controllers\\Home')
 3 SYSTEMPATH\CodeIgniter.php(873): class_exists('\\App\\Controllers\\Home', true)
 4 SYSTEMPATH\CodeIgniter.php(479): CodeIgniter\CodeIgniter->startController()
 5 SYSTEMPATH\CodeIgniter.php(353): CodeIgniter\CodeIgniter->handleRequest(null, Object(Config\Cache), false)
 6 FCPATH\index.php(79): CodeIgniter\CodeIgniter->run()
 7 SYSTEMPATH\Commands\Server\rewrite.php(47): require_once('E:\\frede\\public\\index.php')
CRITICAL - 2023-12-29 12:33:55 --> syntax error, unexpected token "=>"
in APPPATH\Controllers\Home.php on line 727.
 1 SYSTEMPATH\Autoloader\Autoloader.php(250): CodeIgniter\Autoloader\Autoloader->includeFile('E:\\frede\\vendor\\composer/../../app/Controllers/Home.php')
 2 [internal function]: CodeIgniter\Autoloader\Autoloader->loadClassmap('App\\Controllers\\Home')
 3 SYSTEMPATH\CodeIgniter.php(873): class_exists('\\App\\Controllers\\Home', true)
 4 SYSTEMPATH\CodeIgniter.php(479): CodeIgniter\CodeIgniter->startController()
 5 SYSTEMPATH\CodeIgniter.php(353): CodeIgniter\CodeIgniter->handleRequest(null, Object(Config\Cache), false)
 6 FCPATH\index.php(79): CodeIgniter\CodeIgniter->run()
 7 SYSTEMPATH\Commands\Server\rewrite.php(47): require_once('E:\\frede\\public\\index.php')
CRITICAL - 2023-12-29 12:35:38 --> Unmatched '}'
in APPPATH\Controllers\Home.php on line 734.
 1 SYSTEMPATH\Autoloader\Autoloader.php(250): CodeIgniter\Autoloader\Autoloader->includeFile('E:\\frede\\vendor\\composer/../../app/Controllers/Home.php')
 2 [internal function]: CodeIgniter\Autoloader\Autoloader->loadClassmap('App\\Controllers\\Home')
 3 SYSTEMPATH\CodeIgniter.php(873): class_exists('\\App\\Controllers\\Home', true)
 4 SYSTEMPATH\CodeIgniter.php(479): CodeIgniter\CodeIgniter->startController()
 5 SYSTEMPATH\CodeIgniter.php(353): CodeIgniter\CodeIgniter->handleRequest(null, Object(Config\Cache), false)
 6 FCPATH\index.php(79): CodeIgniter\CodeIgniter->run()
 7 SYSTEMPATH\Commands\Server\rewrite.php(47): require_once('E:\\frede\\public\\index.php')
CRITICAL - 2023-12-29 12:39:08 --> syntax error, unexpected token "else", expecting "function" or "const"
in APPPATH\Controllers\Home.php on line 694.
 1 SYSTEMPATH\Autoloader\Autoloader.php(250): CodeIgniter\Autoloader\Autoloader->includeFile('E:\\frede\\vendor\\composer/../../app/Controllers/Home.php')
 2 [internal function]: CodeIgniter\Autoloader\Autoloader->loadClassmap('App\\Controllers\\Home')
 3 SYSTEMPATH\CodeIgniter.php(873): class_exists('\\App\\Controllers\\Home', true)
 4 SYSTEMPATH\CodeIgniter.php(479): CodeIgniter\CodeIgniter->startController()
 5 SYSTEMPATH\CodeIgniter.php(353): CodeIgniter\CodeIgniter->handleRequest(null, Object(Config\Cache), false)
 6 FCPATH\index.php(79): CodeIgniter\CodeIgniter->run()
 7 SYSTEMPATH\Commands\Server\rewrite.php(47): require_once('E:\\frede\\public\\index.php')
CRITICAL - 2023-12-29 12:39:21 --> syntax error, unexpected token "public", expecting end of file
in APPPATH\Controllers\Home.php on line 699.
 1 SYSTEMPATH\Autoloader\Autoloader.php(250): CodeIgniter\Autoloader\Autoloader->includeFile('E:\\frede\\vendor\\composer/../../app/Controllers/Home.php')
 2 [internal function]: CodeIgniter\Autoloader\Autoloader->loadClassmap('App\\Controllers\\Home')
 3 SYSTEMPATH\CodeIgniter.php(873): class_exists('\\App\\Controllers\\Home', true)
 4 SYSTEMPATH\CodeIgniter.php(479): CodeIgniter\CodeIgniter->startController()
 5 SYSTEMPATH\CodeIgniter.php(353): CodeIgniter\CodeIgniter->handleRequest(null, Object(Config\Cache), false)
 6 FCPATH\index.php(79): CodeIgniter\CodeIgniter->run()
 7 SYSTEMPATH\Commands\Server\rewrite.php(47): require_once('E:\\frede\\public\\index.php')
