CRITICAL - 2023-12-30 08:41:11 --> Unclosed '{' on line 10
in APPPATH\Controllers\Home.php on line 737.
 1 SYSTEMPATH\Autoloader\Autoloader.php(250): CodeIgniter\Autoloader\Autoloader->includeFile('E:\\frede\\vendor\\composer/../../app/Controllers/Home.php')
 2 [internal function]: CodeIgniter\Autoloader\Autoloader->loadClassmap('App\\Controllers\\Home')
 3 SYSTEMPATH\CodeIgniter.php(873): class_exists('\\App\\Controllers\\Home', true)
 4 SYSTEMPATH\CodeIgniter.php(479): CodeIgniter\CodeIgniter->startController()
 5 SYSTEMPATH\CodeIgniter.php(353): CodeIgniter\CodeIgniter->handleRequest(null, Object(Config\Cache), false)
 6 FCPATH\index.php(79): CodeIgniter\CodeIgniter->run()
 7 SYSTEMPATH\Commands\Server\rewrite.php(47): require_once('E:\\frede\\public\\index.php')
CRITICAL - 2023-12-30 08:45:15 --> Unmatched '}'
in APPPATH\Controllers\Home.php on line 740.
 1 SYSTEMPATH\Autoloader\Autoloader.php(250): CodeIgniter\Autoloader\Autoloader->includeFile('E:\\frede\\vendor\\composer/../../app/Controllers/Home.php')
 2 [internal function]: CodeIgniter\Autoloader\Autoloader->loadClassmap('App\\Controllers\\Home')
 3 SYSTEMPATH\CodeIgniter.php(873): class_exists('\\App\\Controllers\\Home', true)
 4 SYSTEMPATH\CodeIgniter.php(479): CodeIgniter\CodeIgniter->startController()
 5 SYSTEMPATH\CodeIgniter.php(353): CodeIgniter\CodeIgniter->handleRequest(null, Object(Config\Cache), false)
 6 FCPATH\index.php(79): CodeIgniter\CodeIgniter->run()
 7 SYSTEMPATH\Commands\Server\rewrite.php(47): require_once('E:\\frede\\public\\index.php')
CRITICAL - 2023-12-30 08:55:11 --> syntax error, unexpected token "public", expecting end of file
in APPPATH\Models\M_tiff.php on line 111.
 1 SYSTEMPATH\Autoloader\Autoloader.php(250): CodeIgniter\Autoloader\Autoloader->includeFile('E:\\frede\\vendor\\composer/../../app/Models/M_tiff.php')
 2 APPPATH\Controllers\Home.php(144): CodeIgniter\Autoloader\Autoloader->loadClassmap('App\\Models\\M_tiff')
 3 SYSTEMPATH\CodeIgniter.php(915): App\Controllers\Home->lelang()
 4 SYSTEMPATH\CodeIgniter.php(492): CodeIgniter\CodeIgniter->runController(Object(App\Controllers\Home))
 5 SYSTEMPATH\CodeIgniter.php(353): CodeIgniter\CodeIgniter->handleRequest(null, Object(Config\Cache), false)
 6 FCPATH\index.php(79): CodeIgniter\CodeIgniter->run()
 7 SYSTEMPATH\Commands\Server\rewrite.php(47): require_once('E:\\frede\\public\\index.php')
CRITICAL - 2023-12-30 12:30:18 --> syntax error, unexpected token "public", expecting end of file
in APPPATH\Models\M_tiff.php on line 112.
 1 SYSTEMPATH\Autoloader\Autoloader.php(250): CodeIgniter\Autoloader\Autoloader->includeFile('E:\\frede\\vendor\\composer/../../app/Models/M_tiff.php')
 2 APPPATH\Controllers\Home.php(545): CodeIgniter\Autoloader\Autoloader->loadClassmap('App\\Models\\M_tiff')
 3 SYSTEMPATH\CodeIgniter.php(915): App\Controllers\Home->aksilogin()
 4 SYSTEMPATH\CodeIgniter.php(492): CodeIgniter\CodeIgniter->runController(Object(App\Controllers\Home))
 5 SYSTEMPATH\CodeIgniter.php(353): CodeIgniter\CodeIgniter->handleRequest(null, Object(Config\Cache), false)
 6 FCPATH\index.php(79): CodeIgniter\CodeIgniter->run()
 7 SYSTEMPATH\Commands\Server\rewrite.php(47): require_once('E:\\frede\\public\\index.php')
CRITICAL - 2023-12-30 12:34:38 --> Undefined property: stdClass::$nama_barang
in APPPATH\Views\lelang.php on line 34.
 1 APPPATH\Views\lelang.php(34): CodeIgniter\Debug\Exceptions->errorHandler(2, 'Undefined property: stdClass::$nama_barang', 'E:\\frede\\app\\Views\\lelang.php', 34)
 2 SYSTEMPATH\View\View.php(226): include('E:\\frede\\app\\Views\\lelang.php')
 3 SYSTEMPATH\View\View.php(229): CodeIgniter\View\View->CodeIgniter\View\{closure}()
 4 SYSTEMPATH\Common.php(1178): CodeIgniter\View\View->render('lelang', [], true)
 5 APPPATH\Controllers\Home.php(152): view('lelang', [...])
 6 SYSTEMPATH\CodeIgniter.php(915): App\Controllers\Home->lelang()
 7 SYSTEMPATH\CodeIgniter.php(492): CodeIgniter\CodeIgniter->runController(Object(App\Controllers\Home))
 8 SYSTEMPATH\CodeIgniter.php(353): CodeIgniter\CodeIgniter->handleRequest(null, Object(Config\Cache), false)
 9 FCPATH\index.php(79): CodeIgniter\CodeIgniter->run()
10 SYSTEMPATH\Commands\Server\rewrite.php(47): require_once('E:\\frede\\public\\index.php')
CRITICAL - 2023-12-30 12:35:19 --> Undefined variable $mas
in APPPATH\Views\lelang.php on line 61.
 1 APPPATH\Views\lelang.php(61): CodeIgniter\Debug\Exceptions->errorHandler(2, 'Undefined variable $mas', 'E:\\frede\\app\\Views\\lelang.php', 61)
 2 SYSTEMPATH\View\View.php(226): include('E:\\frede\\app\\Views\\lelang.php')
 3 SYSTEMPATH\View\View.php(229): CodeIgniter\View\View->CodeIgniter\View\{closure}()
 4 SYSTEMPATH\Common.php(1178): CodeIgniter\View\View->render('lelang', [], true)
 5 APPPATH\Controllers\Home.php(152): view('lelang', [...])
 6 SYSTEMPATH\CodeIgniter.php(915): App\Controllers\Home->lelang()
 7 SYSTEMPATH\CodeIgniter.php(492): CodeIgniter\CodeIgniter->runController(Object(App\Controllers\Home))
 8 SYSTEMPATH\CodeIgniter.php(353): CodeIgniter\CodeIgniter->handleRequest(null, Object(Config\Cache), false)
 9 FCPATH\index.php(79): CodeIgniter\CodeIgniter->run()
10 SYSTEMPATH\Commands\Server\rewrite.php(47): require_once('E:\\frede\\public\\index.php')
CRITICAL - 2023-12-30 12:35:41 --> Undefined property: stdClass::$nama_lengkap
in APPPATH\Views\lelang.php on line 64.
 1 APPPATH\Views\lelang.php(64): CodeIgniter\Debug\Exceptions->errorHandler(2, 'Undefined property: stdClass::$nama_lengkap', 'E:\\frede\\app\\Views\\lelang.php', 64)
 2 SYSTEMPATH\View\View.php(226): include('E:\\frede\\app\\Views\\lelang.php')
 3 SYSTEMPATH\View\View.php(229): CodeIgniter\View\View->CodeIgniter\View\{closure}()
 4 SYSTEMPATH\Common.php(1178): CodeIgniter\View\View->render('lelang', [], true)
 5 APPPATH\Controllers\Home.php(152): view('lelang', [...])
 6 SYSTEMPATH\CodeIgniter.php(915): App\Controllers\Home->lelang()
 7 SYSTEMPATH\CodeIgniter.php(492): CodeIgniter\CodeIgniter->runController(Object(App\Controllers\Home))
 8 SYSTEMPATH\CodeIgniter.php(353): CodeIgniter\CodeIgniter->handleRequest(null, Object(Config\Cache), false)
 9 FCPATH\index.php(79): CodeIgniter\CodeIgniter->run()
10 SYSTEMPATH\Commands\Server\rewrite.php(47): require_once('E:\\frede\\public\\index.php')
CRITICAL - 2023-12-30 12:38:00 --> Undefined property: stdClass::$nama_lengkap
in APPPATH\Views\lelang.php on line 64.
 1 APPPATH\Views\lelang.php(64): CodeIgniter\Debug\Exceptions->errorHandler(2, 'Undefined property: stdClass::$nama_lengkap', 'E:\\frede\\app\\Views\\lelang.php', 64)
 2 SYSTEMPATH\View\View.php(226): include('E:\\frede\\app\\Views\\lelang.php')
 3 SYSTEMPATH\View\View.php(229): CodeIgniter\View\View->CodeIgniter\View\{closure}()
 4 SYSTEMPATH\Common.php(1178): CodeIgniter\View\View->render('lelang', [], true)
 5 APPPATH\Controllers\Home.php(152): view('lelang', [...])
 6 SYSTEMPATH\CodeIgniter.php(915): App\Controllers\Home->lelang()
 7 SYSTEMPATH\CodeIgniter.php(492): CodeIgniter\CodeIgniter->runController(Object(App\Controllers\Home))
 8 SYSTEMPATH\CodeIgniter.php(353): CodeIgniter\CodeIgniter->handleRequest(null, Object(Config\Cache), false)
 9 FCPATH\index.php(79): CodeIgniter\CodeIgniter->run()
10 SYSTEMPATH\Commands\Server\rewrite.php(47): require_once('E:\\frede\\public\\index.php')
CRITICAL - 2023-12-30 12:38:02 --> Undefined property: stdClass::$nama_lengkap
in APPPATH\Views\lelang.php on line 64.
 1 APPPATH\Views\lelang.php(64): CodeIgniter\Debug\Exceptions->errorHandler(2, 'Undefined property: stdClass::$nama_lengkap', 'E:\\frede\\app\\Views\\lelang.php', 64)
 2 SYSTEMPATH\View\View.php(226): include('E:\\frede\\app\\Views\\lelang.php')
 3 SYSTEMPATH\View\View.php(229): CodeIgniter\View\View->CodeIgniter\View\{closure}()
 4 SYSTEMPATH\Common.php(1178): CodeIgniter\View\View->render('lelang', [], true)
 5 APPPATH\Controllers\Home.php(152): view('lelang', [...])
 6 SYSTEMPATH\CodeIgniter.php(915): App\Controllers\Home->lelang()
 7 SYSTEMPATH\CodeIgniter.php(492): CodeIgniter\CodeIgniter->runController(Object(App\Controllers\Home))
 8 SYSTEMPATH\CodeIgniter.php(353): CodeIgniter\CodeIgniter->handleRequest(null, Object(Config\Cache), false)
 9 FCPATH\index.php(79): CodeIgniter\CodeIgniter->run()
10 SYSTEMPATH\Commands\Server\rewrite.php(47): require_once('E:\\frede\\public\\index.php')
CRITICAL - 2023-12-30 12:38:48 --> Undefined variable $satu
in APPPATH\Views\lelang.php on line 76.
 1 APPPATH\Views\lelang.php(76): CodeIgniter\Debug\Exceptions->errorHandler(2, 'Undefined variable $satu', 'E:\\frede\\app\\Views\\lelang.php', 76)
 2 SYSTEMPATH\View\View.php(226): include('E:\\frede\\app\\Views\\lelang.php')
 3 SYSTEMPATH\View\View.php(229): CodeIgniter\View\View->CodeIgniter\View\{closure}()
 4 SYSTEMPATH\Common.php(1178): CodeIgniter\View\View->render('lelang', [], true)
 5 APPPATH\Controllers\Home.php(152): view('lelang', [...])
 6 SYSTEMPATH\CodeIgniter.php(915): App\Controllers\Home->lelang()
 7 SYSTEMPATH\CodeIgniter.php(492): CodeIgniter\CodeIgniter->runController(Object(App\Controllers\Home))
 8 SYSTEMPATH\CodeIgniter.php(353): CodeIgniter\CodeIgniter->handleRequest(null, Object(Config\Cache), false)
 9 FCPATH\index.php(79): CodeIgniter\CodeIgniter->run()
10 SYSTEMPATH\Commands\Server\rewrite.php(47): require_once('E:\\frede\\public\\index.php')
CRITICAL - 2023-12-30 12:39:12 --> Undefined property: stdClass::$nama_petugas
in APPPATH\Views\lelang.php on line 79.
 1 APPPATH\Views\lelang.php(79): CodeIgniter\Debug\Exceptions->errorHandler(2, 'Undefined property: stdClass::$nama_petugas', 'E:\\frede\\app\\Views\\lelang.php', 79)
 2 SYSTEMPATH\View\View.php(226): include('E:\\frede\\app\\Views\\lelang.php')
 3 SYSTEMPATH\View\View.php(229): CodeIgniter\View\View->CodeIgniter\View\{closure}()
 4 SYSTEMPATH\Common.php(1178): CodeIgniter\View\View->render('lelang', [], true)
 5 APPPATH\Controllers\Home.php(152): view('lelang', [...])
 6 SYSTEMPATH\CodeIgniter.php(915): App\Controllers\Home->lelang()
 7 SYSTEMPATH\CodeIgniter.php(492): CodeIgniter\CodeIgniter->runController(Object(App\Controllers\Home))
 8 SYSTEMPATH\CodeIgniter.php(353): CodeIgniter\CodeIgniter->handleRequest(null, Object(Config\Cache), false)
 9 FCPATH\index.php(79): CodeIgniter\CodeIgniter->run()
10 SYSTEMPATH\Commands\Server\rewrite.php(47): require_once('E:\\frede\\public\\index.php')
CRITICAL - 2023-12-30 12:41:56 --> Undefined property: stdClass::$nama_barang
in APPPATH\Views\lelang.php on line 34.
 1 APPPATH\Views\lelang.php(34): CodeIgniter\Debug\Exceptions->errorHandler(2, 'Undefined property: stdClass::$nama_barang', 'E:\\frede\\app\\Views\\lelang.php', 34)
 2 SYSTEMPATH\View\View.php(226): include('E:\\frede\\app\\Views\\lelang.php')
 3 SYSTEMPATH\View\View.php(229): CodeIgniter\View\View->CodeIgniter\View\{closure}()
 4 SYSTEMPATH\Common.php(1178): CodeIgniter\View\View->render('lelang', [], true)
 5 APPPATH\Controllers\Home.php(152): view('lelang', [...])
 6 SYSTEMPATH\CodeIgniter.php(915): App\Controllers\Home->lelang()
 7 SYSTEMPATH\CodeIgniter.php(492): CodeIgniter\CodeIgniter->runController(Object(App\Controllers\Home))
 8 SYSTEMPATH\CodeIgniter.php(353): CodeIgniter\CodeIgniter->handleRequest(null, Object(Config\Cache), false)
 9 FCPATH\index.php(79): CodeIgniter\CodeIgniter->run()
10 SYSTEMPATH\Commands\Server\rewrite.php(47): require_once('E:\\frede\\public\\index.php')
CRITICAL - 2023-12-30 12:44:18 --> Undefined property: stdClass::$nama_barang
in APPPATH\Views\lelang.php on line 31.
 1 APPPATH\Views\lelang.php(31): CodeIgniter\Debug\Exceptions->errorHandler(2, 'Undefined property: stdClass::$nama_barang', 'E:\\frede\\app\\Views\\lelang.php', 31)
 2 SYSTEMPATH\View\View.php(226): include('E:\\frede\\app\\Views\\lelang.php')
 3 SYSTEMPATH\View\View.php(229): CodeIgniter\View\View->CodeIgniter\View\{closure}()
 4 SYSTEMPATH\Common.php(1178): CodeIgniter\View\View->render('lelang', [], true)
 5 APPPATH\Controllers\Home.php(152): view('lelang', [...])
 6 SYSTEMPATH\CodeIgniter.php(915): App\Controllers\Home->lelang()
 7 SYSTEMPATH\CodeIgniter.php(492): CodeIgniter\CodeIgniter->runController(Object(App\Controllers\Home))
 8 SYSTEMPATH\CodeIgniter.php(353): CodeIgniter\CodeIgniter->handleRequest(null, Object(Config\Cache), false)
 9 FCPATH\index.php(79): CodeIgniter\CodeIgniter->run()
10 SYSTEMPATH\Commands\Server\rewrite.php(47): require_once('E:\\frede\\public\\index.php')
CRITICAL - 2023-12-30 12:47:06 --> Undefined property: stdClass::$nama_barang
in APPPATH\Views\lelang.php on line 33.
 1 APPPATH\Views\lelang.php(33): CodeIgniter\Debug\Exceptions->errorHandler(2, 'Undefined property: stdClass::$nama_barang', 'E:\\frede\\app\\Views\\lelang.php', 33)
 2 SYSTEMPATH\View\View.php(226): include('E:\\frede\\app\\Views\\lelang.php')
 3 SYSTEMPATH\View\View.php(229): CodeIgniter\View\View->CodeIgniter\View\{closure}()
 4 SYSTEMPATH\Common.php(1178): CodeIgniter\View\View->render('lelang', [], true)
 5 APPPATH\Controllers\Home.php(152): view('lelang', [...])
 6 SYSTEMPATH\CodeIgniter.php(915): App\Controllers\Home->lelang()
 7 SYSTEMPATH\CodeIgniter.php(492): CodeIgniter\CodeIgniter->runController(Object(App\Controllers\Home))
 8 SYSTEMPATH\CodeIgniter.php(353): CodeIgniter\CodeIgniter->handleRequest(null, Object(Config\Cache), false)
 9 FCPATH\index.php(79): CodeIgniter\CodeIgniter->run()
10 SYSTEMPATH\Commands\Server\rewrite.php(47): require_once('E:\\frede\\public\\index.php')
CRITICAL - 2023-12-30 12:51:32 --> Undefined property: stdClass::$nama_barang
in APPPATH\Views\lelang.php on line 34.
 1 APPPATH\Views\lelang.php(34): CodeIgniter\Debug\Exceptions->errorHandler(2, 'Undefined property: stdClass::$nama_barang', 'E:\\frede\\app\\Views\\lelang.php', 34)
 2 SYSTEMPATH\View\View.php(226): include('E:\\frede\\app\\Views\\lelang.php')
 3 SYSTEMPATH\View\View.php(229): CodeIgniter\View\View->CodeIgniter\View\{closure}()
 4 SYSTEMPATH\Common.php(1178): CodeIgniter\View\View->render('lelang', [], true)
 5 APPPATH\Controllers\Home.php(152): view('lelang', [...])
 6 SYSTEMPATH\CodeIgniter.php(915): App\Controllers\Home->lelang()
 7 SYSTEMPATH\CodeIgniter.php(492): CodeIgniter\CodeIgniter->runController(Object(App\Controllers\Home))
 8 SYSTEMPATH\CodeIgniter.php(353): CodeIgniter\CodeIgniter->handleRequest(null, Object(Config\Cache), false)
 9 FCPATH\index.php(79): CodeIgniter\CodeIgniter->run()
10 SYSTEMPATH\Commands\Server\rewrite.php(47): require_once('E:\\frede\\public\\index.php')
CRITICAL - 2023-12-30 13:00:05 --> Undefined property: stdClass::$nama_barang
in APPPATH\Views\lelang.php on line 34.
 1 APPPATH\Views\lelang.php(34): CodeIgniter\Debug\Exceptions->errorHandler(2, 'Undefined property: stdClass::$nama_barang', 'E:\\frede\\app\\Views\\lelang.php', 34)
 2 SYSTEMPATH\View\View.php(226): include('E:\\frede\\app\\Views\\lelang.php')
 3 SYSTEMPATH\View\View.php(229): CodeIgniter\View\View->CodeIgniter\View\{closure}()
 4 SYSTEMPATH\Common.php(1178): CodeIgniter\View\View->render('lelang', [], true)
 5 APPPATH\Controllers\Home.php(152): view('lelang', [...])
 6 SYSTEMPATH\CodeIgniter.php(915): App\Controllers\Home->lelang()
 7 SYSTEMPATH\CodeIgniter.php(492): CodeIgniter\CodeIgniter->runController(Object(App\Controllers\Home))
 8 SYSTEMPATH\CodeIgniter.php(353): CodeIgniter\CodeIgniter->handleRequest(null, Object(Config\Cache), false)
 9 FCPATH\index.php(79): CodeIgniter\CodeIgniter->run()
10 SYSTEMPATH\Commands\Server\rewrite.php(47): require_once('E:\\frede\\public\\index.php')
CRITICAL - 2023-12-30 13:00:13 --> Unmatched '}'
in APPPATH\Views\barang.php on line 92.
 1 SYSTEMPATH\View\View.php(229): CodeIgniter\View\View->CodeIgniter\View\{closure}()
 2 SYSTEMPATH\Common.php(1178): CodeIgniter\View\View->render('barang', [], true)
 3 APPPATH\Controllers\Home.php(137): view('barang', [...])
 4 SYSTEMPATH\CodeIgniter.php(915): App\Controllers\Home->barang()
 5 SYSTEMPATH\CodeIgniter.php(492): CodeIgniter\CodeIgniter->runController(Object(App\Controllers\Home))
 6 SYSTEMPATH\CodeIgniter.php(353): CodeIgniter\CodeIgniter->handleRequest(null, Object(Config\Cache), false)
 7 FCPATH\index.php(79): CodeIgniter\CodeIgniter->run()
 8 SYSTEMPATH\Commands\Server\rewrite.php(47): require_once('E:\\frede\\public\\index.php')
CRITICAL - 2023-12-30 13:00:34 --> Undefined variable $no
in APPPATH\Views\barang.php on line 78.
 1 APPPATH\Views\barang.php(78): CodeIgniter\Debug\Exceptions->errorHandler(2, 'Undefined variable $no', 'E:\\frede\\app\\Views\\barang.php', 78)
 2 SYSTEMPATH\View\View.php(226): include('E:\\frede\\app\\Views\\barang.php')
 3 SYSTEMPATH\View\View.php(229): CodeIgniter\View\View->CodeIgniter\View\{closure}()
 4 SYSTEMPATH\Common.php(1178): CodeIgniter\View\View->render('barang', [], true)
 5 APPPATH\Controllers\Home.php(137): view('barang', [...])
 6 SYSTEMPATH\CodeIgniter.php(915): App\Controllers\Home->barang()
 7 SYSTEMPATH\CodeIgniter.php(492): CodeIgniter\CodeIgniter->runController(Object(App\Controllers\Home))
 8 SYSTEMPATH\CodeIgniter.php(353): CodeIgniter\CodeIgniter->handleRequest(null, Object(Config\Cache), false)
 9 FCPATH\index.php(79): CodeIgniter\CodeIgniter->run()
10 SYSTEMPATH\Commands\Server\rewrite.php(47): require_once('E:\\frede\\public\\index.php')
CRITICAL - 2023-12-30 13:00:55 --> Unmatched '}'
in APPPATH\Views\barang.php on line 93.
 1 SYSTEMPATH\View\View.php(229): CodeIgniter\View\View->CodeIgniter\View\{closure}()
 2 SYSTEMPATH\Common.php(1178): CodeIgniter\View\View->render('barang', [], true)
 3 APPPATH\Controllers\Home.php(137): view('barang', [...])
 4 SYSTEMPATH\CodeIgniter.php(915): App\Controllers\Home->barang()
 5 SYSTEMPATH\CodeIgniter.php(492): CodeIgniter\CodeIgniter->runController(Object(App\Controllers\Home))
 6 SYSTEMPATH\CodeIgniter.php(353): CodeIgniter\CodeIgniter->handleRequest(null, Object(Config\Cache), false)
 7 FCPATH\index.php(79): CodeIgniter\CodeIgniter->run()
 8 SYSTEMPATH\Commands\Server\rewrite.php(47): require_once('E:\\frede\\public\\index.php')
CRITICAL - 2023-12-30 13:03:26 --> Undefined property: stdClass::$nama_barang
in APPPATH\Views\lelang.php on line 34.
 1 APPPATH\Views\lelang.php(34): CodeIgniter\Debug\Exceptions->errorHandler(2, 'Undefined property: stdClass::$nama_barang', 'E:\\frede\\app\\Views\\lelang.php', 34)
 2 SYSTEMPATH\View\View.php(226): include('E:\\frede\\app\\Views\\lelang.php')
 3 SYSTEMPATH\View\View.php(229): CodeIgniter\View\View->CodeIgniter\View\{closure}()
 4 SYSTEMPATH\Common.php(1178): CodeIgniter\View\View->render('lelang', [], true)
 5 APPPATH\Controllers\Home.php(152): view('lelang', [...])
 6 SYSTEMPATH\CodeIgniter.php(915): App\Controllers\Home->lelang()
 7 SYSTEMPATH\CodeIgniter.php(492): CodeIgniter\CodeIgniter->runController(Object(App\Controllers\Home))
 8 SYSTEMPATH\CodeIgniter.php(353): CodeIgniter\CodeIgniter->handleRequest(null, Object(Config\Cache), false)
 9 FCPATH\index.php(79): CodeIgniter\CodeIgniter->run()
10 SYSTEMPATH\Commands\Server\rewrite.php(47): require_once('E:\\frede\\public\\index.php')
CRITICAL - 2023-12-30 13:08:54 --> Undefined property: stdClass::$id_barang
in APPPATH\Views\tambahlelang.php on line 33.
 1 APPPATH\Views\tambahlelang.php(33): CodeIgniter\Debug\Exceptions->errorHandler(2, 'Undefined property: stdClass::$id_barang', 'E:\\frede\\app\\Views\\tambahlelang.php', 33)
 2 SYSTEMPATH\View\View.php(226): include('E:\\frede\\app\\Views\\tambahlelang.php')
 3 SYSTEMPATH\View\View.php(229): CodeIgniter\View\View->CodeIgniter\View\{closure}()
 4 SYSTEMPATH\Common.php(1178): CodeIgniter\View\View->render('tambahlelang', [], true)
 5 APPPATH\Controllers\Home.php(86): view('tambahlelang', [...])
 6 SYSTEMPATH\CodeIgniter.php(915): App\Controllers\Home->tambahlelang()
 7 SYSTEMPATH\CodeIgniter.php(492): CodeIgniter\CodeIgniter->runController(Object(App\Controllers\Home))
 8 SYSTEMPATH\CodeIgniter.php(353): CodeIgniter\CodeIgniter->handleRequest(null, Object(Config\Cache), false)
 9 FCPATH\index.php(79): CodeIgniter\CodeIgniter->run()
10 SYSTEMPATH\Commands\Server\rewrite.php(47): require_once('E:\\frede\\public\\index.php')
CRITICAL - 2023-12-30 13:17:43 --> Undefined property: stdClass::$nama_barang
in APPPATH\Views\tambahlelang.php on line 33.
 1 APPPATH\Views\tambahlelang.php(33): CodeIgniter\Debug\Exceptions->errorHandler(2, 'Undefined property: stdClass::$nama_barang', 'E:\\frede\\app\\Views\\tambahlelang.php', 33)
 2 SYSTEMPATH\View\View.php(226): include('E:\\frede\\app\\Views\\tambahlelang.php')
 3 SYSTEMPATH\View\View.php(229): CodeIgniter\View\View->CodeIgniter\View\{closure}()
 4 SYSTEMPATH\Common.php(1178): CodeIgniter\View\View->render('tambahlelang', [], true)
 5 APPPATH\Controllers\Home.php(86): view('tambahlelang', [...])
 6 SYSTEMPATH\CodeIgniter.php(915): App\Controllers\Home->tambahlelang()
 7 SYSTEMPATH\CodeIgniter.php(492): CodeIgniter\CodeIgniter->runController(Object(App\Controllers\Home))
 8 SYSTEMPATH\CodeIgniter.php(353): CodeIgniter\CodeIgniter->handleRequest(null, Object(Config\Cache), false)
 9 FCPATH\index.php(79): CodeIgniter\CodeIgniter->run()
10 SYSTEMPATH\Commands\Server\rewrite.php(47): require_once('E:\\frede\\public\\index.php')
CRITICAL - 2023-12-30 13:26:40 --> Undefined variable $id_lelang
in APPPATH\Models\M_tiff.php on line 89.
 1 APPPATH\Models\M_tiff.php(89): CodeIgniter\Debug\Exceptions->errorHandler(2, 'Undefined variable $id_lelang', 'E:\\frede\\app\\Models\\M_tiff.php', 89)
 2 APPPATH\Controllers\Home.php(709): App\Models\M_tiff->getPreviousHarga('39')
 3 SYSTEMPATH\CodeIgniter.php(915): App\Controllers\Home->aksi_penawaran()
 4 SYSTEMPATH\CodeIgniter.php(492): CodeIgniter\CodeIgniter->runController(Object(App\Controllers\Home))
 5 SYSTEMPATH\CodeIgniter.php(353): CodeIgniter\CodeIgniter->handleRequest(null, Object(Config\Cache), false)
 6 FCPATH\index.php(79): CodeIgniter\CodeIgniter->run()
 7 SYSTEMPATH\Commands\Server\rewrite.php(47): require_once('E:\\frede\\public\\index.php')
ERROR - 2023-12-30 13:36:06 --> mysqli_sql_exception: Unknown column 'hak' in 'field list' in E:\frede\system\Database\MySQLi\Connection.php:306
Stack trace:
#0 E:\frede\system\Database\MySQLi\Connection.php(306): mysqli->query('SELECT `hak`\nFR...', 0)
#1 E:\frede\system\Database\BaseConnection.php(692): CodeIgniter\Database\MySQLi\Connection->execute('SELECT `hak`\nFR...')
#2 E:\frede\system\Database\BaseConnection.php(606): CodeIgniter\Database\BaseConnection->simpleQuery('SELECT `hak`\nFR...')
#3 E:\frede\system\Database\BaseBuilder.php(1616): CodeIgniter\Database\BaseConnection->query('SELECT `hak`\nFR...', Array, false)
#4 E:\frede\app\Models\M_tiff.php(90): CodeIgniter\Database\BaseBuilder->get()
#5 E:\frede\app\Controllers\Home.php(709): App\Models\M_tiff->getPreviousHarga('39')
#6 E:\frede\system\CodeIgniter.php(915): App\Controllers\Home->aksi_penawaran()
#7 E:\frede\system\CodeIgniter.php(492): CodeIgniter\CodeIgniter->runController(Object(App\Controllers\Home))
#8 E:\frede\system\CodeIgniter.php(353): CodeIgniter\CodeIgniter->handleRequest(NULL, Object(Config\Cache), false)
#9 E:\frede\public\index.php(79): CodeIgniter\CodeIgniter->run()
#10 E:\frede\system\Commands\Server\rewrite.php(47): require_once('E:\\frede\\public...')
#11 {main}
CRITICAL - 2023-12-30 13:36:06 --> Unknown column 'hak' in 'field list'
in SYSTEMPATH\Database\BaseConnection.php on line 646.
 1 SYSTEMPATH\Database\BaseBuilder.php(1616): CodeIgniter\Database\BaseConnection->query('SELECT `hak`
FROM `tb_lelang`
WHERE `id_lelang` = :id_lelang:', [...], false)
 2 APPPATH\Models\M_tiff.php(90): CodeIgniter\Database\BaseBuilder->get()
 3 APPPATH\Controllers\Home.php(709): App\Models\M_tiff->getPreviousHarga('39')
 4 SYSTEMPATH\CodeIgniter.php(915): App\Controllers\Home->aksi_penawaran()
 5 SYSTEMPATH\CodeIgniter.php(492): CodeIgniter\CodeIgniter->runController(Object(App\Controllers\Home))
 6 SYSTEMPATH\CodeIgniter.php(353): CodeIgniter\CodeIgniter->handleRequest(null, Object(Config\Cache), false)
 7 FCPATH\index.php(79): CodeIgniter\CodeIgniter->run()
 8 SYSTEMPATH\Commands\Server\rewrite.php(47): require_once('E:\\frede\\public\\index.php')
CRITICAL - 2023-12-30 13:51:40 --> Cannot redeclare App\Models\M_tiff::$primaryKey
in APPPATH\Models\M_tiff.php on line 80.
 1 [internal function]: CodeIgniter\Debug\Exceptions->shutdownHandler()
CRITICAL - 2023-12-30 13:52:19 --> Cannot redeclare App\Models\M_tiff::$primaryKey
in APPPATH\Models\M_tiff.php on line 80.
 1 [internal function]: CodeIgniter\Debug\Exceptions->shutdownHandler()
CRITICAL - 2023-12-30 13:56:43 --> Unclosed '{' on line 10
in APPPATH\Controllers\Home.php on line 745.
 1 SYSTEMPATH\Autoloader\Autoloader.php(250): CodeIgniter\Autoloader\Autoloader->includeFile('E:\\frede\\vendor\\composer/../../app/Controllers/Home.php')
 2 [internal function]: CodeIgniter\Autoloader\Autoloader->loadClassmap('App\\Controllers\\Home')
 3 SYSTEMPATH\CodeIgniter.php(873): class_exists('\\App\\Controllers\\Home', true)
 4 SYSTEMPATH\CodeIgniter.php(479): CodeIgniter\CodeIgniter->startController()
 5 SYSTEMPATH\CodeIgniter.php(353): CodeIgniter\CodeIgniter->handleRequest(null, Object(Config\Cache), false)
 6 FCPATH\index.php(79): CodeIgniter\CodeIgniter->run()
 7 SYSTEMPATH\Commands\Server\rewrite.php(47): require_once('E:\\frede\\public\\index.php')
CRITICAL - 2023-12-30 13:58:32 --> Call to undefined method CodeIgniter\Database\MySQLi\Builder::getPost()
in APPPATH\Models\M_tiff.php on line 88.
 1 APPPATH\Controllers\Home.php(708): App\Models\M_tiff->getPreviousHarga('39')
 2 SYSTEMPATH\CodeIgniter.php(915): App\Controllers\Home->aksi_penawaran()
 3 SYSTEMPATH\CodeIgniter.php(492): CodeIgniter\CodeIgniter->runController(Object(App\Controllers\Home))
 4 SYSTEMPATH\CodeIgniter.php(353): CodeIgniter\CodeIgniter->handleRequest(null, Object(Config\Cache), false)
 5 FCPATH\index.php(79): CodeIgniter\CodeIgniter->run()
 6 SYSTEMPATH\Commands\Server\rewrite.php(47): require_once('E:\\frede\\public\\index.php')
CRITICAL - 2023-12-30 13:58:42 --> Call to undefined method CodeIgniter\Database\MySQLi\Builder::getPost()
in APPPATH\Models\M_tiff.php on line 88.
 1 APPPATH\Controllers\Home.php(708): App\Models\M_tiff->getPreviousHarga('39')
 2 SYSTEMPATH\CodeIgniter.php(915): App\Controllers\Home->aksi_penawaran()
 3 SYSTEMPATH\CodeIgniter.php(492): CodeIgniter\CodeIgniter->runController(Object(App\Controllers\Home))
 4 SYSTEMPATH\CodeIgniter.php(353): CodeIgniter\CodeIgniter->handleRequest(null, Object(Config\Cache), false)
 5 FCPATH\index.php(79): CodeIgniter\CodeIgniter->run()
 6 SYSTEMPATH\Commands\Server\rewrite.php(47): require_once('E:\\frede\\public\\index.php')
CRITICAL - 2023-12-30 14:16:29 --> syntax error, unexpected token ";", expecting ")"
in APPPATH\Controllers\Home.php on line 735.
 1 SYSTEMPATH\Autoloader\Autoloader.php(250): CodeIgniter\Autoloader\Autoloader->includeFile('E:\\frede\\vendor\\composer/../../app/Controllers/Home.php')
 2 [internal function]: CodeIgniter\Autoloader\Autoloader->loadClassmap('App\\Controllers\\Home')
 3 SYSTEMPATH\CodeIgniter.php(873): class_exists('\\App\\Controllers\\Home', true)
 4 SYSTEMPATH\CodeIgniter.php(479): CodeIgniter\CodeIgniter->startController()
 5 SYSTEMPATH\CodeIgniter.php(353): CodeIgniter\CodeIgniter->handleRequest(null, Object(Config\Cache), false)
 6 FCPATH\index.php(79): CodeIgniter\CodeIgniter->run()
 7 SYSTEMPATH\Commands\Server\rewrite.php(47): require_once('E:\\frede\\public\\index.php')
CRITICAL - 2023-12-30 14:17:41 --> Undefined variable $a
in APPPATH\Controllers\Home.php on line 737.
 1 APPPATH\Controllers\Home.php(737): CodeIgniter\Debug\Exceptions->errorHandler(2, 'Undefined variable $a', 'E:\\frede\\app\\Controllers\\Home.php', 737)
 2 SYSTEMPATH\CodeIgniter.php(915): App\Controllers\Home->aksi_penawaran()
 3 SYSTEMPATH\CodeIgniter.php(492): CodeIgniter\CodeIgniter->runController(Object(App\Controllers\Home))
 4 SYSTEMPATH\CodeIgniter.php(353): CodeIgniter\CodeIgniter->handleRequest(null, Object(Config\Cache), false)
 5 FCPATH\index.php(79): CodeIgniter\CodeIgniter->run()
 6 SYSTEMPATH\Commands\Server\rewrite.php(47): require_once('E:\\frede\\public\\index.php')
CRITICAL - 2023-12-30 14:18:02 --> Undefined variable $isi
in APPPATH\Controllers\Home.php on line 739.
 1 APPPATH\Controllers\Home.php(739): CodeIgniter\Debug\Exceptions->errorHandler(2, 'Undefined variable $isi', 'E:\\frede\\app\\Controllers\\Home.php', 739)
 2 SYSTEMPATH\CodeIgniter.php(915): App\Controllers\Home->aksi_penawaran()
 3 SYSTEMPATH\CodeIgniter.php(492): CodeIgniter\CodeIgniter->runController(Object(App\Controllers\Home))
 4 SYSTEMPATH\CodeIgniter.php(353): CodeIgniter\CodeIgniter->handleRequest(null, Object(Config\Cache), false)
 5 FCPATH\index.php(79): CodeIgniter\CodeIgniter->run()
 6 SYSTEMPATH\Commands\Server\rewrite.php(47): require_once('E:\\frede\\public\\index.php')
CRITICAL - 2023-12-30 14:22:28 --> syntax error, unexpected token "=>"
in APPPATH\Controllers\Home.php on line 721.
 1 SYSTEMPATH\Autoloader\Autoloader.php(250): CodeIgniter\Autoloader\Autoloader->includeFile('E:\\frede\\vendor\\composer/../../app/Controllers/Home.php')
 2 [internal function]: CodeIgniter\Autoloader\Autoloader->loadClassmap('App\\Controllers\\Home')
 3 SYSTEMPATH\CodeIgniter.php(873): class_exists('\\App\\Controllers\\Home', true)
 4 SYSTEMPATH\CodeIgniter.php(479): CodeIgniter\CodeIgniter->startController()
 5 SYSTEMPATH\CodeIgniter.php(353): CodeIgniter\CodeIgniter->handleRequest(null, Object(Config\Cache), false)
 6 FCPATH\index.php(79): CodeIgniter\CodeIgniter->run()
 7 SYSTEMPATH\Commands\Server\rewrite.php(47): require_once('E:\\frede\\public\\index.php')
CRITICAL - 2023-12-30 15:33:39 --> syntax error, unexpected token "public", expecting end of file
in APPPATH\Models\M_tiff.php on line 19.
 1 SYSTEMPATH\Autoloader\Autoloader.php(250): CodeIgniter\Autoloader\Autoloader->includeFile('E:\\frede\\vendor\\composer/../../app/Models/M_tiff.php')
 2 APPPATH\Controllers\Home.php(132): CodeIgniter\Autoloader\Autoloader->loadClassmap('App\\Models\\M_tiff')
 3 SYSTEMPATH\CodeIgniter.php(915): App\Controllers\Home->barang()
 4 SYSTEMPATH\CodeIgniter.php(492): CodeIgniter\CodeIgniter->runController(Object(App\Controllers\Home))
 5 SYSTEMPATH\CodeIgniter.php(353): CodeIgniter\CodeIgniter->handleRequest(null, Object(Config\Cache), false)
 6 FCPATH\index.php(79): CodeIgniter\CodeIgniter->run()
 7 SYSTEMPATH\Commands\Server\rewrite.php(47): require_once('E:\\frede\\public\\index.php')
CRITICAL - 2023-12-30 15:34:11 --> syntax error, unexpected token "public", expecting ";" or "{"
in APPPATH\Models\M_tiff.php on line 19.
 1 SYSTEMPATH\Autoloader\Autoloader.php(250): CodeIgniter\Autoloader\Autoloader->includeFile('E:\\frede\\vendor\\composer/../../app/Models/M_tiff.php')
 2 APPPATH\Controllers\Home.php(132): CodeIgniter\Autoloader\Autoloader->loadClassmap('App\\Models\\M_tiff')
 3 SYSTEMPATH\CodeIgniter.php(915): App\Controllers\Home->barang()
 4 SYSTEMPATH\CodeIgniter.php(492): CodeIgniter\CodeIgniter->runController(Object(App\Controllers\Home))
 5 SYSTEMPATH\CodeIgniter.php(353): CodeIgniter\CodeIgniter->handleRequest(null, Object(Config\Cache), false)
 6 FCPATH\index.php(79): CodeIgniter\CodeIgniter->run()
 7 SYSTEMPATH\Commands\Server\rewrite.php(47): require_once('E:\\frede\\public\\index.php')
CRITICAL - 2023-12-30 15:34:28 --> Call to a member function table() on null
in APPPATH\Models\M_tiff.php on line 30.
 1 APPPATH\Controllers\Home.php(134): App\Models\M_tiff->tampil('tb_barang', 'id_barang')
 2 SYSTEMPATH\CodeIgniter.php(915): App\Controllers\Home->barang()
 3 SYSTEMPATH\CodeIgniter.php(492): CodeIgniter\CodeIgniter->runController(Object(App\Controllers\Home))
 4 SYSTEMPATH\CodeIgniter.php(353): CodeIgniter\CodeIgniter->handleRequest(null, Object(Config\Cache), false)
 5 FCPATH\index.php(79): CodeIgniter\CodeIgniter->run()
 6 SYSTEMPATH\Commands\Server\rewrite.php(47): require_once('E:\\frede\\public\\index.php')
CRITICAL - 2023-12-30 15:37:22 --> syntax error, unexpected token "public", expecting end of file
in APPPATH\Models\M_tiff.php on line 15.
 1 SYSTEMPATH\Autoloader\Autoloader.php(250): CodeIgniter\Autoloader\Autoloader->includeFile('E:\\frede\\vendor\\composer/../../app/Models/M_tiff.php')
 2 APPPATH\Controllers\Home.php(132): CodeIgniter\Autoloader\Autoloader->loadClassmap('App\\Models\\M_tiff')
 3 SYSTEMPATH\CodeIgniter.php(915): App\Controllers\Home->barang()
 4 SYSTEMPATH\CodeIgniter.php(492): CodeIgniter\CodeIgniter->runController(Object(App\Controllers\Home))
 5 SYSTEMPATH\CodeIgniter.php(353): CodeIgniter\CodeIgniter->handleRequest(null, Object(Config\Cache), false)
 6 FCPATH\index.php(79): CodeIgniter\CodeIgniter->run()
 7 SYSTEMPATH\Commands\Server\rewrite.php(47): require_once('E:\\frede\\public\\index.php')
CRITICAL - 2023-12-30 15:37:35 --> Cannot redeclare App\Models\M_tiff::$table
in APPPATH\Models\M_tiff.php on line 74.
 1 [internal function]: CodeIgniter\Debug\Exceptions->shutdownHandler()
CRITICAL - 2023-12-30 15:37:44 --> Unmatched '}'
in APPPATH\Models\M_tiff.php on line 14.
 1 SYSTEMPATH\Autoloader\Autoloader.php(250): CodeIgniter\Autoloader\Autoloader->includeFile('E:\\frede\\vendor\\composer/../../app/Models/M_tiff.php')
 2 APPPATH\Controllers\Home.php(132): CodeIgniter\Autoloader\Autoloader->loadClassmap('App\\Models\\M_tiff')
 3 SYSTEMPATH\CodeIgniter.php(915): App\Controllers\Home->barang()
 4 SYSTEMPATH\CodeIgniter.php(492): CodeIgniter\CodeIgniter->runController(Object(App\Controllers\Home))
 5 SYSTEMPATH\CodeIgniter.php(353): CodeIgniter\CodeIgniter->handleRequest(null, Object(Config\Cache), false)
 6 FCPATH\index.php(79): CodeIgniter\CodeIgniter->run()
 7 SYSTEMPATH\Commands\Server\rewrite.php(47): require_once('E:\\frede\\public\\index.php')
CRITICAL - 2023-12-30 15:37:57 --> syntax error, unexpected token "[", expecting "," or ";"
in APPPATH\Models\M_tiff.php on line 11.
 1 SYSTEMPATH\Autoloader\Autoloader.php(250): CodeIgniter\Autoloader\Autoloader->includeFile('E:\\frede\\vendor\\composer/../../app/Models/M_tiff.php')
 2 APPPATH\Controllers\Home.php(132): CodeIgniter\Autoloader\Autoloader->loadClassmap('App\\Models\\M_tiff')
 3 SYSTEMPATH\CodeIgniter.php(915): App\Controllers\Home->barang()
 4 SYSTEMPATH\CodeIgniter.php(492): CodeIgniter\CodeIgniter->runController(Object(App\Controllers\Home))
 5 SYSTEMPATH\CodeIgniter.php(353): CodeIgniter\CodeIgniter->handleRequest(null, Object(Config\Cache), false)
 6 FCPATH\index.php(79): CodeIgniter\CodeIgniter->run()
 7 SYSTEMPATH\Commands\Server\rewrite.php(47): require_once('E:\\frede\\public\\index.php')
CRITICAL - 2023-12-30 15:46:47 --> Cannot redeclare App\Models\M_tiff::$table
in APPPATH\Models\M_tiff.php on line 12.
 1 [internal function]: CodeIgniter\Debug\Exceptions->shutdownHandler()
CRITICAL - 2023-12-30 15:46:56 --> Cannot redeclare App\Models\M_tiff::$table
in APPPATH\Models\M_tiff.php on line 12.
 1 [internal function]: CodeIgniter\Debug\Exceptions->shutdownHandler()
CRITICAL - 2023-12-30 15:47:25 --> Cannot redeclare App\Models\M_tiff::$table
in APPPATH\Models\M_tiff.php on line 12.
 1 [internal function]: CodeIgniter\Debug\Exceptions->shutdownHandler()
CRITICAL - 2023-12-30 15:47:34 --> Cannot redeclare App\Models\M_tiff::$table
in APPPATH\Models\M_tiff.php on line 12.
 1 [internal function]: CodeIgniter\Debug\Exceptions->shutdownHandler()
CRITICAL - 2023-12-30 15:47:48 --> Cannot redeclare App\Models\M_tiff::$table
in APPPATH\Models\M_tiff.php on line 12.
 1 [internal function]: CodeIgniter\Debug\Exceptions->shutdownHandler()
CRITICAL - 2023-12-30 15:47:56 --> syntax error, unexpected token "protected", expecting end of file
in APPPATH\Models\M_tiff.php on line 14.
 1 SYSTEMPATH\Autoloader\Autoloader.php(250): CodeIgniter\Autoloader\Autoloader->includeFile('E:\\frede\\vendor\\composer/../../app/Models/M_tiff.php')
 2 APPPATH\Controllers\Home.php(132): CodeIgniter\Autoloader\Autoloader->loadClassmap('App\\Models\\M_tiff')
 3 SYSTEMPATH\CodeIgniter.php(915): App\Controllers\Home->barang()
 4 SYSTEMPATH\CodeIgniter.php(492): CodeIgniter\CodeIgniter->runController(Object(App\Controllers\Home))
 5 SYSTEMPATH\CodeIgniter.php(353): CodeIgniter\CodeIgniter->handleRequest(null, Object(Config\Cache), false)
 6 FCPATH\index.php(79): CodeIgniter\CodeIgniter->run()
 7 SYSTEMPATH\Commands\Server\rewrite.php(47): require_once('E:\\frede\\public\\index.php')
CRITICAL - 2023-12-30 15:48:33 --> syntax error, unexpected token "public", expecting end of file
in APPPATH\Models\M_tiff.php on line 21.
 1 SYSTEMPATH\Autoloader\Autoloader.php(250): CodeIgniter\Autoloader\Autoloader->includeFile('E:\\frede\\vendor\\composer/../../app/Models/M_tiff.php')
 2 APPPATH\Controllers\Home.php(132): CodeIgniter\Autoloader\Autoloader->loadClassmap('App\\Models\\M_tiff')
 3 SYSTEMPATH\CodeIgniter.php(915): App\Controllers\Home->barang()
 4 SYSTEMPATH\CodeIgniter.php(492): CodeIgniter\CodeIgniter->runController(Object(App\Controllers\Home))
 5 SYSTEMPATH\CodeIgniter.php(353): CodeIgniter\CodeIgniter->handleRequest(null, Object(Config\Cache), false)
 6 FCPATH\index.php(79): CodeIgniter\CodeIgniter->run()
 7 SYSTEMPATH\Commands\Server\rewrite.php(47): require_once('E:\\frede\\public\\index.php')
