CRITICAL - 2024-03-25 04:23:55 --> Attempt to read property "waktu" on null
in APPPATH\Views\e_jadwalvii.php on line 15.
 1 APPPATH\Views\e_jadwalvii.php(15): CodeIgniter\Debug\Exceptions->errorHandler(2, 'Attempt to read property "waktu" on null', 'E:\\jadwalsis\\app\\Views\\e_jadwalvii.php', 15)
 2 SYSTEMPATH\View\View.php(226): include('E:\\jadwalsis\\app\\Views\\e_jadwalvii.php')
 3 SYSTEMPATH\View\View.php(229): CodeIgniter\View\View->CodeIgniter\View\{closure}()
 4 SYSTEMPATH\Common.php(1178): CodeIgniter\View\View->render('e_jadwalvii', [], true)
 5 APPPATH\Controllers\Home.php(82): view('e_jadwalvii', [...])
 6 SYSTEMPATH\CodeIgniter.php(915): App\Controllers\Home->edit_jadwalvii('1')
 7 SYSTEMPATH\CodeIgniter.php(492): CodeIgniter\CodeIgniter->runController(Object(App\Controllers\Home))
 8 SYSTEMPATH\CodeIgniter.php(353): CodeIgniter\CodeIgniter->handleRequest(null, Object(Config\Cache), false)
 9 FCPATH\index.php(79): CodeIgniter\CodeIgniter->run()
10 SYSTEMPATH\Commands\Server\rewrite.php(47): require_once('E:\\jadwalsis\\public\\index.php')
CRITICAL - 2024-03-25 04:24:05 --> Attempt to read property "waktu" on null
in APPPATH\Views\e_jadwalvii.php on line 15.
 1 APPPATH\Views\e_jadwalvii.php(15): CodeIgniter\Debug\Exceptions->errorHandler(2, 'Attempt to read property "waktu" on null', 'E:\\jadwalsis\\app\\Views\\e_jadwalvii.php', 15)
 2 SYSTEMPATH\View\View.php(226): include('E:\\jadwalsis\\app\\Views\\e_jadwalvii.php')
 3 SYSTEMPATH\View\View.php(229): CodeIgniter\View\View->CodeIgniter\View\{closure}()
 4 SYSTEMPATH\Common.php(1178): CodeIgniter\View\View->render('e_jadwalvii', [], true)
 5 APPPATH\Controllers\Home.php(82): view('e_jadwalvii', [...])
 6 SYSTEMPATH\CodeIgniter.php(915): App\Controllers\Home->edit_jadwalvii('1')
 7 SYSTEMPATH\CodeIgniter.php(492): CodeIgniter\CodeIgniter->runController(Object(App\Controllers\Home))
 8 SYSTEMPATH\CodeIgniter.php(353): CodeIgniter\CodeIgniter->handleRequest(null, Object(Config\Cache), false)
 9 FCPATH\index.php(79): CodeIgniter\CodeIgniter->run()
10 SYSTEMPATH\Commands\Server\rewrite.php(47): require_once('E:\\jadwalsis\\public\\index.php')
ERROR - 2024-03-25 07:20:32 --> mysqli_sql_exception: Table 'perancanganaplikasi.xi' doesn't exist in E:\jadwalsis\system\Database\MySQLi\Connection.php:306
Stack trace:
#0 E:\jadwalsis\system\Database\MySQLi\Connection.php(306): mysqli->query('SELECT *\nFROM `...', 0)
#1 E:\jadwalsis\system\Database\BaseConnection.php(692): CodeIgniter\Database\MySQLi\Connection->execute('SELECT *\nFROM `...')
#2 E:\jadwalsis\system\Database\BaseConnection.php(606): CodeIgniter\Database\BaseConnection->simpleQuery('SELECT *\nFROM `...')
#3 E:\jadwalsis\system\Database\BaseBuilder.php(1616): CodeIgniter\Database\BaseConnection->query('SELECT *\nFROM `...', Array, false)
#4 E:\jadwalsis\app\Models\M_jadwal.php(17): CodeIgniter\Database\BaseBuilder->get()
#5 E:\jadwalsis\app\Controllers\Home.php(62): App\Models\M_jadwal->tampil('xi', 'id_xi')
#6 E:\jadwalsis\system\CodeIgniter.php(915): App\Controllers\Home->jadwalxi()
#7 E:\jadwalsis\system\CodeIgniter.php(492): CodeIgniter\CodeIgniter->runController(Object(App\Controllers\Home))
#8 E:\jadwalsis\system\CodeIgniter.php(353): CodeIgniter\CodeIgniter->handleRequest(NULL, Object(Config\Cache), false)
#9 E:\jadwalsis\public\index.php(79): CodeIgniter\CodeIgniter->run()
#10 E:\jadwalsis\system\Commands\Server\rewrite.php(47): require_once('E:\\jadwalsis\\pu...')
#11 {main}
CRITICAL - 2024-03-25 07:20:32 --> Table 'perancanganaplikasi.xi' doesn't exist
in SYSTEMPATH\Database\BaseConnection.php on line 646.
 1 SYSTEMPATH\Database\BaseBuilder.php(1616): CodeIgniter\Database\BaseConnection->query('SELECT *
FROM `xi`', [], false)
 2 APPPATH\Models\M_jadwal.php(17): CodeIgniter\Database\BaseBuilder->get()
 3 APPPATH\Controllers\Home.php(62): App\Models\M_jadwal->tampil('xi', 'id_xi')
 4 SYSTEMPATH\CodeIgniter.php(915): App\Controllers\Home->jadwalxi()
 5 SYSTEMPATH\CodeIgniter.php(492): CodeIgniter\CodeIgniter->runController(Object(App\Controllers\Home))
 6 SYSTEMPATH\CodeIgniter.php(353): CodeIgniter\CodeIgniter->handleRequest(null, Object(Config\Cache), false)
 7 FCPATH\index.php(79): CodeIgniter\CodeIgniter->run()
 8 SYSTEMPATH\Commands\Server\rewrite.php(47): require_once('E:\\jadwalsis\\public\\index.php')
